<?xml version="1.0"?>
<testsuites id="2024-04-03T14:25:15.027Z" name="Integration test for Free api" time="700" tests="2225" failures="773" skipped="442">
  <testsuite id="2024-04-03T14:25:15.039Z" name="free/aggregations - /free/aggregations/adjacency_matrix.yml" time="2" tests="2" failures="0" skipped="0">
    <testcase id="2024-04-03T14:25:15.039Z" name="Filters intersections" file="node_v20.12.0: /free/aggregations/adjacency_matrix.yml" time="2"/>
    <testcase id="2024-04-03T14:25:16.605Z" name="Terms lookup" file="node_v20.12.0: /free/aggregations/adjacency_matrix.yml" time="1"/>
  </testsuite>
  <testsuite id="2024-04-03T14:25:17.239Z" name="free/aggregations - /free/aggregations/auto_date_histogram.yml" time="2" tests="4" failures="0" skipped="0">
    <testcase id="2024-04-03T14:25:17.239Z" name="basic" file="node_v20.12.0: /free/aggregations/auto_date_histogram.yml" time="1"/>
    <testcase id="2024-04-03T14:25:17.852Z" name="avg_bucket" file="node_v20.12.0: /free/aggregations/auto_date_histogram.yml" time="1"/>
    <testcase id="2024-04-03T14:25:18.395Z" name="profile at top level" file="node_v20.12.0: /free/aggregations/auto_date_histogram.yml" time="1"/>
    <testcase id="2024-04-03T14:25:18.922Z" name="Auto date histogram on two indices with same field but different date type" file="node_v20.12.0: /free/aggregations/auto_date_histogram.yml" time="1"/>
  </testsuite>
  <testsuite id="2024-04-03T14:25:19.702Z" name="free/aggregations - /free/aggregations/avg_bucket.yml" time="5" tests="9" failures="1" skipped="7">
    <testcase id="2024-04-03T14:25:19.702Z" name="basic" file="node_v20.12.0: /free/aggregations/avg_bucket.yml" time="1">
      <skipped>{
  "features": [
    "close_to"
  ]
}</skipped>
    </testcase>
    <testcase id="2024-04-03T14:25:20.299Z" name="format" file="node_v20.12.0: /free/aggregations/avg_bucket.yml" time="1">
      <skipped>{
  "features": [
    "close_to"
  ]
}</skipped>
    </testcase>
    <testcase id="2024-04-03T14:25:20.900Z" name="gap_policy=skip" file="node_v20.12.0: /free/aggregations/avg_bucket.yml" time="1">
      <skipped>{
  "features": [
    "close_to"
  ]
}</skipped>
    </testcase>
    <testcase id="2024-04-03T14:25:21.484Z" name="gap_policy=insert_zeros" file="node_v20.12.0: /free/aggregations/avg_bucket.yml" time="0">
      <skipped>{
  "features": [
    "close_to"
  ]
}</skipped>
    </testcase>
    <testcase id="2024-04-03T14:25:21.981Z" name="gap_policy=keep_value" file="node_v20.12.0: /free/aggregations/avg_bucket.yml" time="1">
      <skipped>{
  "features": [
    "close_to"
  ]
}</skipped>
    </testcase>
    <testcase id="2024-04-03T14:25:22.577Z" name="dotted name" file="node_v20.12.0: /free/aggregations/avg_bucket.yml" time="1">
      <skipped>{
  "features": [
    "close_to"
  ]
}</skipped>
    </testcase>
    <testcase id="2024-04-03T14:25:23.155Z" name="dotted value" file="node_v20.12.0: /free/aggregations/avg_bucket.yml" time="0">
      <skipped>{
  "features": [
    "close_to"
  ]
}</skipped>
    </testcase>
    <testcase id="2024-04-03T14:25:23.651Z" name="no results" file="node_v20.12.0: /free/aggregations/avg_bucket.yml" time="1"/>
    <testcase id="2024-04-03T14:25:24.245Z" name="bad path" file="node_v20.12.0: /free/aggregations/avg_bucket.yml" time="0">
      <failure message="the error should match: /Validation Failed: 1: No aggregation \[v\] found for path \[@timestamp&gt;v\];/, found undefined: expected false to be truthy">AssertionError: the error should match: /Validation Failed: 1: No aggregation \[v\] found for path \[@timestamp&gt;v\];/, found undefined: expected false to be truthy
    at doAction (/usr/src/app/test/integration/test-runner.js:544:14)
    at process.processTicksAndRejections (node:internal/process/task_queues:95:5)
    at async exec (/usr/src/app/test/integration/test-runner.js:578:9)
    at async Object.run (/usr/src/app/test/integration/test-runner.js:316:5)
    at async start (/usr/src/app/test/integration/index.js:331:11)</failure>
    </testcase>
  </testsuite>
  <testsuite id="2024-04-03T14:25:24.465Z" name="free/aggregations - /free/aggregations/avg_metric.yml" time="3" tests="9" failures="3" skipped="0">
    <testcase id="2024-04-03T14:25:24.465Z" name="Basic test" file="node_v20.12.0: /free/aggregations/avg_metric.yml" time="0"/>
    <testcase id="2024-04-03T14:25:24.949Z" name="Only aggs test" file="node_v20.12.0: /free/aggregations/avg_metric.yml" time="1"/>
    <testcase id="2024-04-03T14:25:25.509Z" name="Filtered test" file="node_v20.12.0: /free/aggregations/avg_metric.yml" time="1"/>
    <testcase id="2024-04-03T14:25:26.070Z" name="Missing field with missing param" file="node_v20.12.0: /free/aggregations/avg_metric.yml" time="1"/>
    <testcase id="2024-04-03T14:25:26.687Z" name="Missing field without missing param" file="node_v20.12.0: /free/aggregations/avg_metric.yml" time="0"/>
    <testcase id="2024-04-03T14:25:27.158Z" name="Metadata test" file="node_v20.12.0: /free/aggregations/avg_metric.yml" time="1"/>
    <testcase id="2024-04-03T14:25:27.707Z" name="Aggregating wrong datatype test" file="node_v20.12.0: /free/aggregations/avg_metric.yml" time="0">
      <failure message="the error should match: bad_request, found undefined: expected false to be truthy">AssertionError: the error should match: bad_request, found undefined: expected false to be truthy
    at doAction (/usr/src/app/test/integration/test-runner.js:544:14)
    at process.processTicksAndRejections (node:internal/process/task_queues:95:5)
    at async exec (/usr/src/app/test/integration/test-runner.js:578:9)
    at async Object.run (/usr/src/app/test/integration/test-runner.js:316:5)
    at async start (/usr/src/app/test/integration/index.js:331:11)</failure>
    </testcase>
    <testcase id="2024-04-03T14:25:27.879Z" name="Partially unmapped" file="node_v20.12.0: /free/aggregations/avg_metric.yml" time="0">
      <failure message="Cannot convert undefined or null to object">TypeError: Cannot convert undefined or null to object
    at Function.entries (&lt;anonymous&gt;)
    at doRedact (/usr/src/app/node_modules/@elastic/transport/lib/security.js:22:16)
    at /usr/src/app/node_modules/@elastic/transport/lib/security.js:30:44
    at Array.map (&lt;anonymous&gt;)
    at /usr/src/app/node_modules/@elastic/transport/lib/security.js:30:35
    at Array.forEach (&lt;anonymous&gt;)
    at doRedact (/usr/src/app/node_modules/@elastic/transport/lib/security.js:22:29)
    at /usr/src/app/node_modules/@elastic/transport/lib/security.js:36:33
    at Array.forEach (&lt;anonymous&gt;)
    at doRedact (/usr/src/app/node_modules/@elastic/transport/lib/security.js:22:29)</failure>
    </testcase>
    <testcase id="2024-04-03T14:25:27.884Z" name="Partially unmapped with missing" file="node_v20.12.0: /free/aggregations/avg_metric.yml" time="0">
      <failure message="Cannot convert undefined or null to object">TypeError: Cannot convert undefined or null to object
    at Function.entries (&lt;anonymous&gt;)
    at doRedact (/usr/src/app/node_modules/@elastic/transport/lib/security.js:22:16)
    at /usr/src/app/node_modules/@elastic/transport/lib/security.js:30:44
    at Array.map (&lt;anonymous&gt;)
    at /usr/src/app/node_modules/@elastic/transport/lib/security.js:30:35
    at Array.forEach (&lt;anonymous&gt;)
    at doRedact (/usr/src/app/node_modules/@elastic/transport/lib/security.js:22:29)
    at /usr/src/app/node_modules/@elastic/transport/lib/security.js:36:33
    at Array.forEach (&lt;anonymous&gt;)
    at doRedact (/usr/src/app/node_modules/@elastic/transport/lib/security.js:22:29)</failure>
    </testcase>
  </testsuite>
  <testsuite id="2024-04-03T14:25:27.890Z" name="free/aggregations - /free/aggregations/bucket_script.yml" time="4" tests="12" failures="2" skipped="1">
    <testcase id="2024-04-03T14:25:27.890Z" name="calculate" file="node_v20.12.0: /free/aggregations/bucket_script.yml" time="1"/>
    <testcase id="2024-04-03T14:25:28.416Z" name="input is unmapped sum" file="node_v20.12.0: /free/aggregations/bucket_script.yml" time="0"/>
    <testcase id="2024-04-03T14:25:28.865Z" name="input is unmapped avg" file="node_v20.12.0: /free/aggregations/bucket_script.yml" time="0"/>
    <testcase id="2024-04-03T14:25:29.298Z" name="params" file="node_v20.12.0: /free/aggregations/bucket_script.yml" time="1"/>
    <testcase id="2024-04-03T14:25:29.853Z" name="default gap_policy is skip" file="node_v20.12.0: /free/aggregations/bucket_script.yml" time="0"/>
    <testcase id="2024-04-03T14:25:30.302Z" name="gap_policy is skip" file="node_v20.12.0: /free/aggregations/bucket_script.yml" time="0"/>
    <testcase id="2024-04-03T14:25:30.794Z" name="gap_policy is insert_zeros" file="node_v20.12.0: /free/aggregations/bucket_script.yml" time="1"/>
    <testcase id="2024-04-03T14:25:31.318Z" name="gap_policy is keep_values" file="node_v20.12.0: /free/aggregations/bucket_script.yml" time="0"/>
    <testcase id="2024-04-03T14:25:31.695Z" name="format" file="node_v20.12.0: /free/aggregations/bucket_script.yml" time="0"/>
    <testcase id="2024-04-03T14:25:32.175Z" name="bad script" file="node_v20.12.0: /free/aggregations/bucket_script.yml" time="0">
      <skipped>This test is in the skip list of the client</skipped>
    </testcase>
    <testcase id="2024-04-03T14:25:32.175Z" name="invalid path" file="node_v20.12.0: /free/aggregations/bucket_script.yml" time="0">
      <failure message="the error should match: /No aggregation found for path \[missing\]/, found undefined: expected false to be truthy">AssertionError: the error should match: /No aggregation found for path \[missing\]/, found undefined: expected false to be truthy
    at doAction (/usr/src/app/test/integration/test-runner.js:544:14)
    at process.processTicksAndRejections (node:internal/process/task_queues:95:5)
    at async exec (/usr/src/app/test/integration/test-runner.js:578:9)
    at async Object.run (/usr/src/app/test/integration/test-runner.js:316:5)
    at async start (/usr/src/app/test/integration/index.js:331:11)</failure>
    </testcase>
    <testcase id="2024-04-03T14:25:32.271Z" name="top level fails" file="node_v20.12.0: /free/aggregations/bucket_script.yml" time="0">
      <failure message="the error should match: /bucket_script aggregation \[d\] must be declared inside of another aggregation/, found undefined: expected false to be truthy">AssertionError: the error should match: /bucket_script aggregation \[d\] must be declared inside of another aggregation/, found undefined: expected false to be truthy
    at doAction (/usr/src/app/test/integration/test-runner.js:544:14)
    at process.processTicksAndRejections (node:internal/process/task_queues:95:5)
    at async exec (/usr/src/app/test/integration/test-runner.js:578:9)
    at async Object.run (/usr/src/app/test/integration/test-runner.js:316:5)
    at async start (/usr/src/app/test/integration/index.js:331:11)</failure>
    </testcase>
  </testsuite>
  <testsuite id="2024-04-03T14:25:32.283Z" name="free/aggregations - /free/aggregations/bucket_selector.yml" time="5" tests="13" failures="2" skipped="1">
    <testcase id="2024-04-03T14:25:32.284Z" name="prune some buckets" file="node_v20.12.0: /free/aggregations/bucket_selector.yml" time="0"/>
    <testcase id="2024-04-03T14:25:32.677Z" name="prune no buckets" file="node_v20.12.0: /free/aggregations/bucket_selector.yml" time="0"/>
    <testcase id="2024-04-03T14:25:33.135Z" name="prune all buckets" file="node_v20.12.0: /free/aggregations/bucket_selector.yml" time="0"/>
    <testcase id="2024-04-03T14:25:33.539Z" name="input is unmapped sum" file="node_v20.12.0: /free/aggregations/bucket_selector.yml" time="1"/>
    <testcase id="2024-04-03T14:25:34.043Z" name="input is unmapped avg" file="node_v20.12.0: /free/aggregations/bucket_selector.yml" time="1"/>
    <testcase id="2024-04-03T14:25:34.642Z" name="params" file="node_v20.12.0: /free/aggregations/bucket_selector.yml" time="0"/>
    <testcase id="2024-04-03T14:25:35.106Z" name="default gap_policy is skip" file="node_v20.12.0: /free/aggregations/bucket_selector.yml" time="0"/>
    <testcase id="2024-04-03T14:25:35.603Z" name="gap_policy is skip" file="node_v20.12.0: /free/aggregations/bucket_selector.yml" time="1"/>
    <testcase id="2024-04-03T14:25:36.172Z" name="gap_policy is insert_zeros" file="node_v20.12.0: /free/aggregations/bucket_selector.yml" time="0"/>
    <testcase id="2024-04-03T14:25:36.617Z" name="gap_policy is keep_values" file="node_v20.12.0: /free/aggregations/bucket_selector.yml" time="0"/>
    <testcase id="2024-04-03T14:25:37.070Z" name="bad script" file="node_v20.12.0: /free/aggregations/bucket_selector.yml" time="0">
      <skipped>This test is in the skip list of the client</skipped>
    </testcase>
    <testcase id="2024-04-03T14:25:37.070Z" name="invalid path" file="node_v20.12.0: /free/aggregations/bucket_selector.yml" time="0">
      <failure message="the error should match: /No aggregation found for path \[missing\]/, found undefined: expected false to be truthy">AssertionError: the error should match: /No aggregation found for path \[missing\]/, found undefined: expected false to be truthy
    at doAction (/usr/src/app/test/integration/test-runner.js:544:14)
    at process.processTicksAndRejections (node:internal/process/task_queues:95:5)
    at async exec (/usr/src/app/test/integration/test-runner.js:578:9)
    at async Object.run (/usr/src/app/test/integration/test-runner.js:316:5)
    at async start (/usr/src/app/test/integration/index.js:331:11)</failure>
    </testcase>
    <testcase id="2024-04-03T14:25:37.151Z" name="top level fails" file="node_v20.12.0: /free/aggregations/bucket_selector.yml" time="0">
      <failure message="the error should match: /bucket_selector aggregation \[selector\] must be declared inside of another aggregation/, found undefined: expected false to be truthy">AssertionError: the error should match: /bucket_selector aggregation \[selector\] must be declared inside of another aggregation/, found undefined: expected false to be truthy
    at doAction (/usr/src/app/test/integration/test-runner.js:544:14)
    at process.processTicksAndRejections (node:internal/process/task_queues:95:5)
    at async exec (/usr/src/app/test/integration/test-runner.js:578:9)
    at async Object.run (/usr/src/app/test/integration/test-runner.js:316:5)
    at async start (/usr/src/app/test/integration/index.js:331:11)</failure>
    </testcase>
  </testsuite>
  <testsuite id="2024-04-03T14:25:37.165Z" name="free/aggregations - /free/aggregations/bucket_sort.yml" time="8" tests="22" failures="3" skipped="0">
    <testcase id="2024-04-03T14:25:37.165Z" name="single sort" file="node_v20.12.0: /free/aggregations/bucket_sort.yml" time="0"/>
    <testcase id="2024-04-03T14:25:37.509Z" name="two sorts" file="node_v20.12.0: /free/aggregations/bucket_sort.yml" time="0"/>
    <testcase id="2024-04-03T14:25:37.953Z" name="sort terms on _key" file="node_v20.12.0: /free/aggregations/bucket_sort.yml" time="0"/>
    <testcase id="2024-04-03T14:25:38.398Z" name="sort terms on _count" file="node_v20.12.0: /free/aggregations/bucket_sort.yml" time="0"/>
    <testcase id="2024-04-03T14:25:38.869Z" name="sort terms on _count with secondary sort" file="node_v20.12.0: /free/aggregations/bucket_sort.yml" time="0"/>
    <testcase id="2024-04-03T14:25:39.341Z" name="sort date_histogram on _key" file="node_v20.12.0: /free/aggregations/bucket_sort.yml" time="0"/>
    <testcase id="2024-04-03T14:25:39.779Z" name="default gap_policy is skip" file="node_v20.12.0: /free/aggregations/bucket_sort.yml" time="0"/>
    <testcase id="2024-04-03T14:25:40.168Z" name="gap_policy=skip" file="node_v20.12.0: /free/aggregations/bucket_sort.yml" time="0"/>
    <testcase id="2024-04-03T14:25:40.640Z" name="gap_policy=skip and size" file="node_v20.12.0: /free/aggregations/bucket_sort.yml" time="0"/>
    <testcase id="2024-04-03T14:25:41.120Z" name="gap_policy=skip and primary has gaps but secondary doesn't" file="node_v20.12.0: /free/aggregations/bucket_sort.yml" time="0"/>
    <testcase id="2024-04-03T14:25:41.610Z" name="gap_policy=skip and secondary has gaps but primary doesn't" file="node_v20.12.0: /free/aggregations/bucket_sort.yml" time="0"/>
    <testcase id="2024-04-03T14:25:42.059Z" name="gap_policy=skip and primary and secondary have gaps" file="node_v20.12.0: /free/aggregations/bucket_sort.yml" time="0"/>
    <testcase id="2024-04-03T14:25:42.447Z" name="gap_policy=insert_zeros" file="node_v20.12.0: /free/aggregations/bucket_sort.yml" time="0"/>
    <testcase id="2024-04-03T14:25:42.846Z" name="gap_policy=keep_values" file="node_v20.12.0: /free/aggregations/bucket_sort.yml" time="0"/>
    <testcase id="2024-04-03T14:25:43.283Z" name="just limit size" file="node_v20.12.0: /free/aggregations/bucket_sort.yml" time="0"/>
    <testcase id="2024-04-03T14:25:43.698Z" name="just offset" file="node_v20.12.0: /free/aggregations/bucket_sort.yml" time="0"/>
    <testcase id="2024-04-03T14:25:44.130Z" name="limit size and offset" file="node_v20.12.0: /free/aggregations/bucket_sort.yml" time="0"/>
    <testcase id="2024-04-03T14:25:44.574Z" name="no matches" file="node_v20.12.0: /free/aggregations/bucket_sort.yml" time="0"/>
    <testcase id="2024-04-03T14:25:45.032Z" name="sort is stable" file="node_v20.12.0: /free/aggregations/bucket_sort.yml" time="0"/>
    <testcase id="2024-04-03T14:25:45.505Z" name="no action fails" file="node_v20.12.0: /free/aggregations/bucket_sort.yml" time="0">
      <failure message="the error should match: /\[bad\] is configured to perform nothing. Please set either of \[sort, size, from\] to use bucket_sort/, found undefined: expected false to be truthy">AssertionError: the error should match: /\[bad\] is configured to perform nothing. Please set either of \[sort, size, from\] to use bucket_sort/, found undefined: expected false to be truthy
    at doAction (/usr/src/app/test/integration/test-runner.js:544:14)
    at process.processTicksAndRejections (node:internal/process/task_queues:95:5)
    at async exec (/usr/src/app/test/integration/test-runner.js:578:9)
    at async Object.run (/usr/src/app/test/integration/test-runner.js:316:5)
    at async start (/usr/src/app/test/integration/index.js:331:11)</failure>
    </testcase>
    <testcase id="2024-04-03T14:25:45.583Z" name="invalid path fails" file="node_v20.12.0: /free/aggregations/bucket_sort.yml" time="0">
      <failure message="the error should match: /No aggregation found for path \[garbage\]/, found undefined: expected false to be truthy">AssertionError: the error should match: /No aggregation found for path \[garbage\]/, found undefined: expected false to be truthy
    at doAction (/usr/src/app/test/integration/test-runner.js:544:14)
    at process.processTicksAndRejections (node:internal/process/task_queues:95:5)
    at async exec (/usr/src/app/test/integration/test-runner.js:578:9)
    at async Object.run (/usr/src/app/test/integration/test-runner.js:316:5)
    at async start (/usr/src/app/test/integration/index.js:331:11)</failure>
    </testcase>
    <testcase id="2024-04-03T14:25:45.602Z" name="top level fails" file="node_v20.12.0: /free/aggregations/bucket_sort.yml" time="0">
      <failure message="the error should match: /bucket_sort aggregation \[bad\] must be declared inside of another aggregation/, found undefined: expected false to be truthy">AssertionError: the error should match: /bucket_sort aggregation \[bad\] must be declared inside of another aggregation/, found undefined: expected false to be truthy
    at doAction (/usr/src/app/test/integration/test-runner.js:544:14)
    at process.processTicksAndRejections (node:internal/process/task_queues:95:5)
    at async exec (/usr/src/app/test/integration/test-runner.js:578:9)
    at async Object.run (/usr/src/app/test/integration/test-runner.js:316:5)
    at async start (/usr/src/app/test/integration/index.js:331:11)</failure>
    </testcase>
  </testsuite>
  <testsuite id="2024-04-03T14:25:45.620Z" name="free/aggregations - /free/aggregations/cardinality_metric.yml" time="3" tests="18" failures="12" skipped="0">
    <testcase id="2024-04-03T14:25:45.620Z" name="Basic test" file="node_v20.12.0: /free/aggregations/cardinality_metric.yml" time="1"/>
    <testcase id="2024-04-03T14:25:46.134Z" name="Only aggs test" file="node_v20.12.0: /free/aggregations/cardinality_metric.yml" time="1"/>
    <testcase id="2024-04-03T14:25:46.644Z" name="Filtered test" file="node_v20.12.0: /free/aggregations/cardinality_metric.yml" time="1"/>
    <testcase id="2024-04-03T14:25:47.170Z" name="Missing field with missing param" file="node_v20.12.0: /free/aggregations/cardinality_metric.yml" time="1"/>
    <testcase id="2024-04-03T14:25:47.746Z" name="Missing field without missing param" file="node_v20.12.0: /free/aggregations/cardinality_metric.yml" time="1"/>
    <testcase id="2024-04-03T14:25:48.253Z" name="Metadata test" file="node_v20.12.0: /free/aggregations/cardinality_metric.yml" time="1"/>
    <testcase id="2024-04-03T14:25:48.770Z" name="Invalid Precision test" file="node_v20.12.0: /free/aggregations/cardinality_metric.yml" time="0">
      <failure message="the error should match: /\[precisionThreshold\] must be greater than or equal to 0. Found \[-1\] in \[distinct_int\]/, found undefined: expected false to be truthy">AssertionError: the error should match: /\[precisionThreshold\] must be greater than or equal to 0. Found \[-1\] in \[distinct_int\]/, found undefined: expected false to be truthy
    at doAction (/usr/src/app/test/integration/test-runner.js:544:14)
    at process.processTicksAndRejections (node:internal/process/task_queues:95:5)
    at async exec (/usr/src/app/test/integration/test-runner.js:578:9)
    at async Object.run (/usr/src/app/test/integration/test-runner.js:316:5)
    at async start (/usr/src/app/test/integration/index.js:331:11)</failure>
    </testcase>
    <testcase id="2024-04-03T14:25:48.903Z" name="profiler int" file="node_v20.12.0: /free/aggregations/cardinality_metric.yml" time="0">
      <failure message="Cannot convert undefined or null to object">TypeError: Cannot convert undefined or null to object
    at Function.entries (&lt;anonymous&gt;)
    at doRedact (/usr/src/app/node_modules/@elastic/transport/lib/security.js:22:16)
    at /usr/src/app/node_modules/@elastic/transport/lib/security.js:30:44
    at Array.map (&lt;anonymous&gt;)
    at /usr/src/app/node_modules/@elastic/transport/lib/security.js:30:35
    at Array.forEach (&lt;anonymous&gt;)
    at doRedact (/usr/src/app/node_modules/@elastic/transport/lib/security.js:22:29)
    at /usr/src/app/node_modules/@elastic/transport/lib/security.js:36:33
    at Array.forEach (&lt;anonymous&gt;)
    at doRedact (/usr/src/app/node_modules/@elastic/transport/lib/security.js:22:29)</failure>
    </testcase>
    <testcase id="2024-04-03T14:25:48.910Z" name="profiler double" file="node_v20.12.0: /free/aggregations/cardinality_metric.yml" time="0">
      <failure message="Cannot convert undefined or null to object">TypeError: Cannot convert undefined or null to object
    at Function.entries (&lt;anonymous&gt;)
    at doRedact (/usr/src/app/node_modules/@elastic/transport/lib/security.js:22:16)
    at /usr/src/app/node_modules/@elastic/transport/lib/security.js:30:44
    at Array.map (&lt;anonymous&gt;)
    at /usr/src/app/node_modules/@elastic/transport/lib/security.js:30:35
    at Array.forEach (&lt;anonymous&gt;)
    at doRedact (/usr/src/app/node_modules/@elastic/transport/lib/security.js:22:29)
    at /usr/src/app/node_modules/@elastic/transport/lib/security.js:36:33
    at Array.forEach (&lt;anonymous&gt;)
    at doRedact (/usr/src/app/node_modules/@elastic/transport/lib/security.js:22:29)</failure>
    </testcase>
    <testcase id="2024-04-03T14:25:48.914Z" name="profiler string" file="node_v20.12.0: /free/aggregations/cardinality_metric.yml" time="0">
      <failure message="Cannot convert undefined or null to object">TypeError: Cannot convert undefined or null to object
    at Function.entries (&lt;anonymous&gt;)
    at doRedact (/usr/src/app/node_modules/@elastic/transport/lib/security.js:22:16)
    at /usr/src/app/node_modules/@elastic/transport/lib/security.js:30:44
    at Array.map (&lt;anonymous&gt;)
    at /usr/src/app/node_modules/@elastic/transport/lib/security.js:30:35
    at Array.forEach (&lt;anonymous&gt;)
    at doRedact (/usr/src/app/node_modules/@elastic/transport/lib/security.js:22:29)
    at /usr/src/app/node_modules/@elastic/transport/lib/security.js:36:33
    at Array.forEach (&lt;anonymous&gt;)
    at doRedact (/usr/src/app/node_modules/@elastic/transport/lib/security.js:22:29)</failure>
    </testcase>
    <testcase id="2024-04-03T14:25:48.918Z" name="profiler string save memory hint" file="node_v20.12.0: /free/aggregations/cardinality_metric.yml" time="0">
      <failure message="Cannot convert undefined or null to object">TypeError: Cannot convert undefined or null to object
    at Function.entries (&lt;anonymous&gt;)
    at doRedact (/usr/src/app/node_modules/@elastic/transport/lib/security.js:22:16)
    at /usr/src/app/node_modules/@elastic/transport/lib/security.js:30:44
    at Array.map (&lt;anonymous&gt;)
    at /usr/src/app/node_modules/@elastic/transport/lib/security.js:30:35
    at Array.forEach (&lt;anonymous&gt;)
    at doRedact (/usr/src/app/node_modules/@elastic/transport/lib/security.js:22:29)
    at /usr/src/app/node_modules/@elastic/transport/lib/security.js:36:33
    at Array.forEach (&lt;anonymous&gt;)
    at doRedact (/usr/src/app/node_modules/@elastic/transport/lib/security.js:22:29)</failure>
    </testcase>
    <testcase id="2024-04-03T14:25:48.922Z" name="profiler string save time hint" file="node_v20.12.0: /free/aggregations/cardinality_metric.yml" time="0">
      <failure message="Cannot convert undefined or null to object">TypeError: Cannot convert undefined or null to object
    at Function.entries (&lt;anonymous&gt;)
    at doRedact (/usr/src/app/node_modules/@elastic/transport/lib/security.js:22:16)
    at /usr/src/app/node_modules/@elastic/transport/lib/security.js:30:44
    at Array.map (&lt;anonymous&gt;)
    at /usr/src/app/node_modules/@elastic/transport/lib/security.js:30:35
    at Array.forEach (&lt;anonymous&gt;)
    at doRedact (/usr/src/app/node_modules/@elastic/transport/lib/security.js:22:29)
    at /usr/src/app/node_modules/@elastic/transport/lib/security.js:36:33
    at Array.forEach (&lt;anonymous&gt;)
    at doRedact (/usr/src/app/node_modules/@elastic/transport/lib/security.js:22:29)</failure>
    </testcase>
    <testcase id="2024-04-03T14:25:48.925Z" name="profiler string global ords hint" file="node_v20.12.0: /free/aggregations/cardinality_metric.yml" time="0">
      <failure message="Cannot convert undefined or null to object">TypeError: Cannot convert undefined or null to object
    at Function.entries (&lt;anonymous&gt;)
    at doRedact (/usr/src/app/node_modules/@elastic/transport/lib/security.js:22:16)
    at /usr/src/app/node_modules/@elastic/transport/lib/security.js:30:44
    at Array.map (&lt;anonymous&gt;)
    at /usr/src/app/node_modules/@elastic/transport/lib/security.js:30:35
    at Array.forEach (&lt;anonymous&gt;)
    at doRedact (/usr/src/app/node_modules/@elastic/transport/lib/security.js:22:29)
    at /usr/src/app/node_modules/@elastic/transport/lib/security.js:36:33
    at Array.forEach (&lt;anonymous&gt;)
    at doRedact (/usr/src/app/node_modules/@elastic/transport/lib/security.js:22:29)</failure>
    </testcase>
    <testcase id="2024-04-03T14:25:48.928Z" name="profiler string segment ords hint" file="node_v20.12.0: /free/aggregations/cardinality_metric.yml" time="0">
      <failure message="Cannot convert undefined or null to object">TypeError: Cannot convert undefined or null to object
    at Function.entries (&lt;anonymous&gt;)
    at doRedact (/usr/src/app/node_modules/@elastic/transport/lib/security.js:22:16)
    at /usr/src/app/node_modules/@elastic/transport/lib/security.js:30:44
    at Array.map (&lt;anonymous&gt;)
    at /usr/src/app/node_modules/@elastic/transport/lib/security.js:30:35
    at Array.forEach (&lt;anonymous&gt;)
    at doRedact (/usr/src/app/node_modules/@elastic/transport/lib/security.js:22:29)
    at /usr/src/app/node_modules/@elastic/transport/lib/security.js:36:33
    at Array.forEach (&lt;anonymous&gt;)
    at doRedact (/usr/src/app/node_modules/@elastic/transport/lib/security.js:22:29)</failure>
    </testcase>
    <testcase id="2024-04-03T14:25:48.931Z" name="profiler string direct hint" file="node_v20.12.0: /free/aggregations/cardinality_metric.yml" time="0">
      <failure message="Cannot convert undefined or null to object">TypeError: Cannot convert undefined or null to object
    at Function.entries (&lt;anonymous&gt;)
    at doRedact (/usr/src/app/node_modules/@elastic/transport/lib/security.js:22:16)
    at /usr/src/app/node_modules/@elastic/transport/lib/security.js:30:44
    at Array.map (&lt;anonymous&gt;)
    at /usr/src/app/node_modules/@elastic/transport/lib/security.js:30:35
    at Array.forEach (&lt;anonymous&gt;)
    at doRedact (/usr/src/app/node_modules/@elastic/transport/lib/security.js:22:29)
    at /usr/src/app/node_modules/@elastic/transport/lib/security.js:36:33
    at Array.forEach (&lt;anonymous&gt;)
    at doRedact (/usr/src/app/node_modules/@elastic/transport/lib/security.js:22:29)</failure>
    </testcase>
    <testcase id="2024-04-03T14:25:48.933Z" name="invalid execution hint throws" file="node_v20.12.0: /free/aggregations/cardinality_metric.yml" time="0">
      <failure message="Cannot convert undefined or null to object">TypeError: Cannot convert undefined or null to object
    at Function.entries (&lt;anonymous&gt;)
    at doRedact (/usr/src/app/node_modules/@elastic/transport/lib/security.js:22:16)
    at /usr/src/app/node_modules/@elastic/transport/lib/security.js:30:44
    at Array.map (&lt;anonymous&gt;)
    at /usr/src/app/node_modules/@elastic/transport/lib/security.js:30:35
    at Array.forEach (&lt;anonymous&gt;)
    at doRedact (/usr/src/app/node_modules/@elastic/transport/lib/security.js:22:29)
    at /usr/src/app/node_modules/@elastic/transport/lib/security.js:36:33
    at Array.forEach (&lt;anonymous&gt;)
    at doRedact (/usr/src/app/node_modules/@elastic/transport/lib/security.js:22:29)</failure>
    </testcase>
    <testcase id="2024-04-03T14:25:48.936Z" name="Partially unmapped" file="node_v20.12.0: /free/aggregations/cardinality_metric.yml" time="0">
      <failure message="Cannot convert undefined or null to object">TypeError: Cannot convert undefined or null to object
    at Function.entries (&lt;anonymous&gt;)
    at doRedact (/usr/src/app/node_modules/@elastic/transport/lib/security.js:22:16)
    at /usr/src/app/node_modules/@elastic/transport/lib/security.js:30:44
    at Array.map (&lt;anonymous&gt;)
    at /usr/src/app/node_modules/@elastic/transport/lib/security.js:30:35
    at Array.forEach (&lt;anonymous&gt;)
    at doRedact (/usr/src/app/node_modules/@elastic/transport/lib/security.js:22:29)
    at /usr/src/app/node_modules/@elastic/transport/lib/security.js:36:33
    at Array.forEach (&lt;anonymous&gt;)
    at doRedact (/usr/src/app/node_modules/@elastic/transport/lib/security.js:22:29)</failure>
    </testcase>
    <testcase id="2024-04-03T14:25:48.938Z" name="Partially unmapped with missing" file="node_v20.12.0: /free/aggregations/cardinality_metric.yml" time="0">
      <failure message="Cannot convert undefined or null to object">TypeError: Cannot convert undefined or null to object
    at Function.entries (&lt;anonymous&gt;)
    at doRedact (/usr/src/app/node_modules/@elastic/transport/lib/security.js:22:16)
    at /usr/src/app/node_modules/@elastic/transport/lib/security.js:30:44
    at Array.map (&lt;anonymous&gt;)
    at /usr/src/app/node_modules/@elastic/transport/lib/security.js:30:35
    at Array.forEach (&lt;anonymous&gt;)
    at doRedact (/usr/src/app/node_modules/@elastic/transport/lib/security.js:22:29)
    at /usr/src/app/node_modules/@elastic/transport/lib/security.js:36:33
    at Array.forEach (&lt;anonymous&gt;)
    at doRedact (/usr/src/app/node_modules/@elastic/transport/lib/security.js:22:29)</failure>
    </testcase>
  </testsuite>
  <testsuite id="2024-04-03T14:25:48.948Z" name="free/aggregations - /free/aggregations/composite.yml" time="6" tests="37" failures="30" skipped="0">
    <testcase id="2024-04-03T14:25:48.948Z" name="Simple Composite aggregation" file="node_v20.12.0: /free/aggregations/composite.yml" time="1"/>
    <testcase id="2024-04-03T14:25:49.857Z" name="Composite aggregation with multiple terms sources" file="node_v20.12.0: /free/aggregations/composite.yml" time="1"/>
    <testcase id="2024-04-03T14:25:50.581Z" name="Basic numeric histogram" file="node_v20.12.0: /free/aggregations/composite.yml" time="1"/>
    <testcase id="2024-04-03T14:25:51.295Z" name="Basic numeric histogram with missing bucket" file="node_v20.12.0: /free/aggregations/composite.yml" time="1"/>
    <testcase id="2024-04-03T14:25:52.169Z" name="Basic numeric histogram with missing bucket order desc" file="node_v20.12.0: /free/aggregations/composite.yml" time="1"/>
    <testcase id="2024-04-03T14:25:52.931Z" name="Aggregate After" file="node_v20.12.0: /free/aggregations/composite.yml" time="1"/>
    <testcase id="2024-04-03T14:25:53.620Z" name="Aggregate After Missing" file="node_v20.12.0: /free/aggregations/composite.yml" time="1"/>
    <testcase id="2024-04-03T14:25:54.411Z" name="Invalid Composite aggregation" file="node_v20.12.0: /free/aggregations/composite.yml" time="0">
      <failure message="the error should match: /\[composite\] aggregation cannot be used with a parent aggregation/, found undefined: expected false to be truthy">AssertionError: the error should match: /\[composite\] aggregation cannot be used with a parent aggregation/, found undefined: expected false to be truthy
    at doAction (/usr/src/app/test/integration/test-runner.js:544:14)
    at process.processTicksAndRejections (node:internal/process/task_queues:95:5)
    at async exec (/usr/src/app/test/integration/test-runner.js:578:9)
    at async Object.run (/usr/src/app/test/integration/test-runner.js:316:5)
    at async start (/usr/src/app/test/integration/index.js:331:11)</failure>
    </testcase>
    <testcase id="2024-04-03T14:25:54.731Z" name="Composite aggregation with format and calendar_interval" file="node_v20.12.0: /free/aggregations/composite.yml" time="0">
      <failure message="Cannot convert undefined or null to object">TypeError: Cannot convert undefined or null to object
    at Function.entries (&lt;anonymous&gt;)
    at doRedact (/usr/src/app/node_modules/@elastic/transport/lib/security.js:22:16)
    at /usr/src/app/node_modules/@elastic/transport/lib/security.js:30:44
    at Array.map (&lt;anonymous&gt;)
    at /usr/src/app/node_modules/@elastic/transport/lib/security.js:30:35
    at Array.forEach (&lt;anonymous&gt;)
    at doRedact (/usr/src/app/node_modules/@elastic/transport/lib/security.js:22:29)
    at /usr/src/app/node_modules/@elastic/transport/lib/security.js:36:33
    at Array.forEach (&lt;anonymous&gt;)
    at doRedact (/usr/src/app/node_modules/@elastic/transport/lib/security.js:22:29)</failure>
    </testcase>
    <testcase id="2024-04-03T14:25:54.734Z" name="Composite aggregation with invalid format" file="node_v20.12.0: /free/aggregations/composite.yml" time="0">
      <failure message="Cannot convert undefined or null to object">TypeError: Cannot convert undefined or null to object
    at Function.entries (&lt;anonymous&gt;)
    at doRedact (/usr/src/app/node_modules/@elastic/transport/lib/security.js:22:16)
    at /usr/src/app/node_modules/@elastic/transport/lib/security.js:30:44
    at Array.map (&lt;anonymous&gt;)
    at /usr/src/app/node_modules/@elastic/transport/lib/security.js:30:35
    at Array.forEach (&lt;anonymous&gt;)
    at doRedact (/usr/src/app/node_modules/@elastic/transport/lib/security.js:22:29)
    at /usr/src/app/node_modules/@elastic/transport/lib/security.js:36:33
    at Array.forEach (&lt;anonymous&gt;)
    at doRedact (/usr/src/app/node_modules/@elastic/transport/lib/security.js:22:29)</failure>
    </testcase>
    <testcase id="2024-04-03T14:25:54.736Z" name="Composite aggregation with lossy format" file="node_v20.12.0: /free/aggregations/composite.yml" time="0">
      <failure message="Cannot convert undefined or null to object">TypeError: Cannot convert undefined or null to object
    at Function.entries (&lt;anonymous&gt;)
    at doRedact (/usr/src/app/node_modules/@elastic/transport/lib/security.js:22:16)
    at /usr/src/app/node_modules/@elastic/transport/lib/security.js:30:44
    at Array.map (&lt;anonymous&gt;)
    at /usr/src/app/node_modules/@elastic/transport/lib/security.js:30:35
    at Array.forEach (&lt;anonymous&gt;)
    at doRedact (/usr/src/app/node_modules/@elastic/transport/lib/security.js:22:29)
    at /usr/src/app/node_modules/@elastic/transport/lib/security.js:36:33
    at Array.forEach (&lt;anonymous&gt;)
    at doRedact (/usr/src/app/node_modules/@elastic/transport/lib/security.js:22:29)</failure>
    </testcase>
    <testcase id="2024-04-03T14:25:54.739Z" name="Composite aggregation with date_histogram offset" file="node_v20.12.0: /free/aggregations/composite.yml" time="0">
      <failure message="Cannot convert undefined or null to object">TypeError: Cannot convert undefined or null to object
    at Function.entries (&lt;anonymous&gt;)
    at doRedact (/usr/src/app/node_modules/@elastic/transport/lib/security.js:22:16)
    at /usr/src/app/node_modules/@elastic/transport/lib/security.js:30:44
    at Array.map (&lt;anonymous&gt;)
    at /usr/src/app/node_modules/@elastic/transport/lib/security.js:30:35
    at Array.forEach (&lt;anonymous&gt;)
    at doRedact (/usr/src/app/node_modules/@elastic/transport/lib/security.js:22:29)
    at /usr/src/app/node_modules/@elastic/transport/lib/security.js:36:33
    at Array.forEach (&lt;anonymous&gt;)
    at doRedact (/usr/src/app/node_modules/@elastic/transport/lib/security.js:22:29)</failure>
    </testcase>
    <testcase id="2024-04-03T14:25:54.741Z" name="Composite aggregation with after_key in the response" file="node_v20.12.0: /free/aggregations/composite.yml" time="0">
      <failure message="Cannot convert undefined or null to object">TypeError: Cannot convert undefined or null to object
    at Function.entries (&lt;anonymous&gt;)
    at doRedact (/usr/src/app/node_modules/@elastic/transport/lib/security.js:22:16)
    at /usr/src/app/node_modules/@elastic/transport/lib/security.js:30:44
    at Array.map (&lt;anonymous&gt;)
    at /usr/src/app/node_modules/@elastic/transport/lib/security.js:30:35
    at Array.forEach (&lt;anonymous&gt;)
    at doRedact (/usr/src/app/node_modules/@elastic/transport/lib/security.js:22:29)
    at /usr/src/app/node_modules/@elastic/transport/lib/security.js:36:33
    at Array.forEach (&lt;anonymous&gt;)
    at doRedact (/usr/src/app/node_modules/@elastic/transport/lib/security.js:22:29)</failure>
    </testcase>
    <testcase id="2024-04-03T14:25:54.743Z" name="Composite aggregation and array size" file="node_v20.12.0: /free/aggregations/composite.yml" time="0">
      <failure message="Cannot convert undefined or null to object">TypeError: Cannot convert undefined or null to object
    at Function.entries (&lt;anonymous&gt;)
    at doRedact (/usr/src/app/node_modules/@elastic/transport/lib/security.js:22:16)
    at /usr/src/app/node_modules/@elastic/transport/lib/security.js:30:44
    at Array.map (&lt;anonymous&gt;)
    at /usr/src/app/node_modules/@elastic/transport/lib/security.js:30:35
    at Array.forEach (&lt;anonymous&gt;)
    at doRedact (/usr/src/app/node_modules/@elastic/transport/lib/security.js:22:29)
    at /usr/src/app/node_modules/@elastic/transport/lib/security.js:36:33
    at Array.forEach (&lt;anonymous&gt;)
    at doRedact (/usr/src/app/node_modules/@elastic/transport/lib/security.js:22:29)</failure>
    </testcase>
    <testcase id="2024-04-03T14:25:54.745Z" name="Composite aggregation with unmapped field" file="node_v20.12.0: /free/aggregations/composite.yml" time="0">
      <failure message="Cannot convert undefined or null to object">TypeError: Cannot convert undefined or null to object
    at Function.entries (&lt;anonymous&gt;)
    at doRedact (/usr/src/app/node_modules/@elastic/transport/lib/security.js:22:16)
    at /usr/src/app/node_modules/@elastic/transport/lib/security.js:30:44
    at Array.map (&lt;anonymous&gt;)
    at /usr/src/app/node_modules/@elastic/transport/lib/security.js:30:35
    at Array.forEach (&lt;anonymous&gt;)
    at doRedact (/usr/src/app/node_modules/@elastic/transport/lib/security.js:22:29)
    at /usr/src/app/node_modules/@elastic/transport/lib/security.js:36:33
    at Array.forEach (&lt;anonymous&gt;)
    at doRedact (/usr/src/app/node_modules/@elastic/transport/lib/security.js:22:29)</failure>
    </testcase>
    <testcase id="2024-04-03T14:25:54.748Z" name="Missing source" file="node_v20.12.0: /free/aggregations/composite.yml" time="0">
      <failure message="Cannot convert undefined or null to object">TypeError: Cannot convert undefined or null to object
    at Function.entries (&lt;anonymous&gt;)
    at doRedact (/usr/src/app/node_modules/@elastic/transport/lib/security.js:22:16)
    at /usr/src/app/node_modules/@elastic/transport/lib/security.js:30:44
    at Array.map (&lt;anonymous&gt;)
    at /usr/src/app/node_modules/@elastic/transport/lib/security.js:30:35
    at Array.forEach (&lt;anonymous&gt;)
    at doRedact (/usr/src/app/node_modules/@elastic/transport/lib/security.js:22:29)
    at /usr/src/app/node_modules/@elastic/transport/lib/security.js:36:33
    at Array.forEach (&lt;anonymous&gt;)
    at doRedact (/usr/src/app/node_modules/@elastic/transport/lib/security.js:22:29)</failure>
    </testcase>
    <testcase id="2024-04-03T14:25:54.750Z" name="Duplicate sources" file="node_v20.12.0: /free/aggregations/composite.yml" time="0">
      <failure message="Cannot convert undefined or null to object">TypeError: Cannot convert undefined or null to object
    at Function.entries (&lt;anonymous&gt;)
    at doRedact (/usr/src/app/node_modules/@elastic/transport/lib/security.js:22:16)
    at /usr/src/app/node_modules/@elastic/transport/lib/security.js:30:44
    at Array.map (&lt;anonymous&gt;)
    at /usr/src/app/node_modules/@elastic/transport/lib/security.js:30:35
    at Array.forEach (&lt;anonymous&gt;)
    at doRedact (/usr/src/app/node_modules/@elastic/transport/lib/security.js:22:29)
    at /usr/src/app/node_modules/@elastic/transport/lib/security.js:36:33
    at Array.forEach (&lt;anonymous&gt;)
    at doRedact (/usr/src/app/node_modules/@elastic/transport/lib/security.js:22:29)</failure>
    </testcase>
    <testcase id="2024-04-03T14:25:54.752Z" name="Simple Composite aggregation with GeoTile grid" file="node_v20.12.0: /free/aggregations/composite.yml" time="0">
      <failure message="Cannot convert undefined or null to object">TypeError: Cannot convert undefined or null to object
    at Function.entries (&lt;anonymous&gt;)
    at doRedact (/usr/src/app/node_modules/@elastic/transport/lib/security.js:22:16)
    at /usr/src/app/node_modules/@elastic/transport/lib/security.js:30:44
    at Array.map (&lt;anonymous&gt;)
    at /usr/src/app/node_modules/@elastic/transport/lib/security.js:30:35
    at Array.forEach (&lt;anonymous&gt;)
    at doRedact (/usr/src/app/node_modules/@elastic/transport/lib/security.js:22:29)
    at /usr/src/app/node_modules/@elastic/transport/lib/security.js:36:33
    at Array.forEach (&lt;anonymous&gt;)
    at doRedact (/usr/src/app/node_modules/@elastic/transport/lib/security.js:22:29)</failure>
    </testcase>
    <testcase id="2024-04-03T14:25:54.754Z" name="Simple Composite aggregation with geotile grid add aggregate after" file="node_v20.12.0: /free/aggregations/composite.yml" time="0">
      <failure message="Cannot convert undefined or null to object">TypeError: Cannot convert undefined or null to object
    at Function.entries (&lt;anonymous&gt;)
    at doRedact (/usr/src/app/node_modules/@elastic/transport/lib/security.js:22:16)
    at /usr/src/app/node_modules/@elastic/transport/lib/security.js:30:44
    at Array.map (&lt;anonymous&gt;)
    at /usr/src/app/node_modules/@elastic/transport/lib/security.js:30:35
    at Array.forEach (&lt;anonymous&gt;)
    at doRedact (/usr/src/app/node_modules/@elastic/transport/lib/security.js:22:29)
    at /usr/src/app/node_modules/@elastic/transport/lib/security.js:36:33
    at Array.forEach (&lt;anonymous&gt;)
    at doRedact (/usr/src/app/node_modules/@elastic/transport/lib/security.js:22:29)</failure>
    </testcase>
    <testcase id="2024-04-03T14:25:54.756Z" name="Mixed ip and unmapped fields" file="node_v20.12.0: /free/aggregations/composite.yml" time="0">
      <failure message="Cannot convert undefined or null to object">TypeError: Cannot convert undefined or null to object
    at Function.entries (&lt;anonymous&gt;)
    at doRedact (/usr/src/app/node_modules/@elastic/transport/lib/security.js:22:16)
    at /usr/src/app/node_modules/@elastic/transport/lib/security.js:30:44
    at Array.map (&lt;anonymous&gt;)
    at /usr/src/app/node_modules/@elastic/transport/lib/security.js:30:35
    at Array.forEach (&lt;anonymous&gt;)
    at doRedact (/usr/src/app/node_modules/@elastic/transport/lib/security.js:22:29)
    at /usr/src/app/node_modules/@elastic/transport/lib/security.js:36:33
    at Array.forEach (&lt;anonymous&gt;)
    at doRedact (/usr/src/app/node_modules/@elastic/transport/lib/security.js:22:29)</failure>
    </testcase>
    <testcase id="2024-04-03T14:25:54.758Z" name="date_histogram with time_zone" file="node_v20.12.0: /free/aggregations/composite.yml" time="0">
      <failure message="Cannot convert undefined or null to object">TypeError: Cannot convert undefined or null to object
    at Function.entries (&lt;anonymous&gt;)
    at doRedact (/usr/src/app/node_modules/@elastic/transport/lib/security.js:22:16)
    at /usr/src/app/node_modules/@elastic/transport/lib/security.js:30:44
    at Array.map (&lt;anonymous&gt;)
    at /usr/src/app/node_modules/@elastic/transport/lib/security.js:30:35
    at Array.forEach (&lt;anonymous&gt;)
    at doRedact (/usr/src/app/node_modules/@elastic/transport/lib/security.js:22:29)
    at /usr/src/app/node_modules/@elastic/transport/lib/security.js:36:33
    at Array.forEach (&lt;anonymous&gt;)
    at doRedact (/usr/src/app/node_modules/@elastic/transport/lib/security.js:22:29)</failure>
    </testcase>
    <testcase id="2024-04-03T14:25:54.760Z" name="date_histogram with time_zone epoch format" file="node_v20.12.0: /free/aggregations/composite.yml" time="0">
      <failure message="Cannot convert undefined or null to object">TypeError: Cannot convert undefined or null to object
    at Function.entries (&lt;anonymous&gt;)
    at doRedact (/usr/src/app/node_modules/@elastic/transport/lib/security.js:22:16)
    at /usr/src/app/node_modules/@elastic/transport/lib/security.js:30:44
    at Array.map (&lt;anonymous&gt;)
    at /usr/src/app/node_modules/@elastic/transport/lib/security.js:30:35
    at Array.forEach (&lt;anonymous&gt;)
    at doRedact (/usr/src/app/node_modules/@elastic/transport/lib/security.js:22:29)
    at /usr/src/app/node_modules/@elastic/transport/lib/security.js:36:33
    at Array.forEach (&lt;anonymous&gt;)
    at doRedact (/usr/src/app/node_modules/@elastic/transport/lib/security.js:22:29)</failure>
    </testcase>
    <testcase id="2024-04-03T14:25:54.762Z" name="date_histogram on date_nanos" file="node_v20.12.0: /free/aggregations/composite.yml" time="0">
      <failure message="Cannot convert undefined or null to object">TypeError: Cannot convert undefined or null to object
    at Function.entries (&lt;anonymous&gt;)
    at doRedact (/usr/src/app/node_modules/@elastic/transport/lib/security.js:22:16)
    at /usr/src/app/node_modules/@elastic/transport/lib/security.js:30:44
    at Array.map (&lt;anonymous&gt;)
    at /usr/src/app/node_modules/@elastic/transport/lib/security.js:30:35
    at Array.forEach (&lt;anonymous&gt;)
    at doRedact (/usr/src/app/node_modules/@elastic/transport/lib/security.js:22:29)
    at /usr/src/app/node_modules/@elastic/transport/lib/security.js:36:33
    at Array.forEach (&lt;anonymous&gt;)
    at doRedact (/usr/src/app/node_modules/@elastic/transport/lib/security.js:22:29)</failure>
    </testcase>
    <testcase id="2024-04-03T14:25:54.765Z" name="Terms source from sorted" file="node_v20.12.0: /free/aggregations/composite.yml" time="0">
      <failure message="Cannot convert undefined or null to object">TypeError: Cannot convert undefined or null to object
    at Function.entries (&lt;anonymous&gt;)
    at doRedact (/usr/src/app/node_modules/@elastic/transport/lib/security.js:22:16)
    at /usr/src/app/node_modules/@elastic/transport/lib/security.js:30:44
    at Array.map (&lt;anonymous&gt;)
    at /usr/src/app/node_modules/@elastic/transport/lib/security.js:30:35
    at Array.forEach (&lt;anonymous&gt;)
    at doRedact (/usr/src/app/node_modules/@elastic/transport/lib/security.js:22:29)
    at /usr/src/app/node_modules/@elastic/transport/lib/security.js:36:33
    at Array.forEach (&lt;anonymous&gt;)
    at doRedact (/usr/src/app/node_modules/@elastic/transport/lib/security.js:22:29)</failure>
    </testcase>
    <testcase id="2024-04-03T14:25:54.767Z" name="Terms source from part of sorted" file="node_v20.12.0: /free/aggregations/composite.yml" time="0">
      <failure message="Cannot convert undefined or null to object">TypeError: Cannot convert undefined or null to object
    at Function.entries (&lt;anonymous&gt;)
    at doRedact (/usr/src/app/node_modules/@elastic/transport/lib/security.js:22:16)
    at /usr/src/app/node_modules/@elastic/transport/lib/security.js:30:44
    at Array.map (&lt;anonymous&gt;)
    at /usr/src/app/node_modules/@elastic/transport/lib/security.js:30:35
    at Array.forEach (&lt;anonymous&gt;)
    at doRedact (/usr/src/app/node_modules/@elastic/transport/lib/security.js:22:29)
    at /usr/src/app/node_modules/@elastic/transport/lib/security.js:36:33
    at Array.forEach (&lt;anonymous&gt;)
    at doRedact (/usr/src/app/node_modules/@elastic/transport/lib/security.js:22:29)</failure>
    </testcase>
    <testcase id="2024-04-03T14:25:54.769Z" name="Nested as parent" file="node_v20.12.0: /free/aggregations/composite.yml" time="0">
      <failure message="Cannot convert undefined or null to object">TypeError: Cannot convert undefined or null to object
    at Function.entries (&lt;anonymous&gt;)
    at doRedact (/usr/src/app/node_modules/@elastic/transport/lib/security.js:22:16)
    at /usr/src/app/node_modules/@elastic/transport/lib/security.js:30:44
    at Array.map (&lt;anonymous&gt;)
    at /usr/src/app/node_modules/@elastic/transport/lib/security.js:30:35
    at Array.forEach (&lt;anonymous&gt;)
    at doRedact (/usr/src/app/node_modules/@elastic/transport/lib/security.js:22:29)
    at /usr/src/app/node_modules/@elastic/transport/lib/security.js:36:33
    at Array.forEach (&lt;anonymous&gt;)
    at doRedact (/usr/src/app/node_modules/@elastic/transport/lib/security.js:22:29)</failure>
    </testcase>
    <testcase id="2024-04-03T14:25:54.772Z" name="Nested parent with compound key" file="node_v20.12.0: /free/aggregations/composite.yml" time="0">
      <failure message="Cannot convert undefined or null to object">TypeError: Cannot convert undefined or null to object
    at Function.entries (&lt;anonymous&gt;)
    at doRedact (/usr/src/app/node_modules/@elastic/transport/lib/security.js:22:16)
    at /usr/src/app/node_modules/@elastic/transport/lib/security.js:30:44
    at Array.map (&lt;anonymous&gt;)
    at /usr/src/app/node_modules/@elastic/transport/lib/security.js:30:35
    at Array.forEach (&lt;anonymous&gt;)
    at doRedact (/usr/src/app/node_modules/@elastic/transport/lib/security.js:22:29)
    at /usr/src/app/node_modules/@elastic/transport/lib/security.js:36:33
    at Array.forEach (&lt;anonymous&gt;)
    at doRedact (/usr/src/app/node_modules/@elastic/transport/lib/security.js:22:29)</failure>
    </testcase>
    <testcase id="2024-04-03T14:25:54.774Z" name="Nested with a nested sub aggregation" file="node_v20.12.0: /free/aggregations/composite.yml" time="0">
      <failure message="Cannot convert undefined or null to object">TypeError: Cannot convert undefined or null to object
    at Function.entries (&lt;anonymous&gt;)
    at doRedact (/usr/src/app/node_modules/@elastic/transport/lib/security.js:22:16)
    at /usr/src/app/node_modules/@elastic/transport/lib/security.js:30:44
    at Array.map (&lt;anonymous&gt;)
    at /usr/src/app/node_modules/@elastic/transport/lib/security.js:30:35
    at Array.forEach (&lt;anonymous&gt;)
    at doRedact (/usr/src/app/node_modules/@elastic/transport/lib/security.js:22:29)
    at /usr/src/app/node_modules/@elastic/transport/lib/security.js:36:33
    at Array.forEach (&lt;anonymous&gt;)
    at doRedact (/usr/src/app/node_modules/@elastic/transport/lib/security.js:22:29)</failure>
    </testcase>
    <testcase id="2024-04-03T14:25:54.777Z" name="Nested then filter then nested then terms" file="node_v20.12.0: /free/aggregations/composite.yml" time="0">
      <failure message="Cannot convert undefined or null to object">TypeError: Cannot convert undefined or null to object
    at Function.entries (&lt;anonymous&gt;)
    at doRedact (/usr/src/app/node_modules/@elastic/transport/lib/security.js:22:16)
    at /usr/src/app/node_modules/@elastic/transport/lib/security.js:30:44
    at Array.map (&lt;anonymous&gt;)
    at /usr/src/app/node_modules/@elastic/transport/lib/security.js:30:35
    at Array.forEach (&lt;anonymous&gt;)
    at doRedact (/usr/src/app/node_modules/@elastic/transport/lib/security.js:22:29)
    at /usr/src/app/node_modules/@elastic/transport/lib/security.js:36:33
    at Array.forEach (&lt;anonymous&gt;)
    at doRedact (/usr/src/app/node_modules/@elastic/transport/lib/security.js:22:29)</failure>
    </testcase>
    <testcase id="2024-04-03T14:25:54.780Z" name="Filter without nesting" file="node_v20.12.0: /free/aggregations/composite.yml" time="0">
      <failure message="Cannot convert undefined or null to object">TypeError: Cannot convert undefined or null to object
    at Function.entries (&lt;anonymous&gt;)
    at doRedact (/usr/src/app/node_modules/@elastic/transport/lib/security.js:22:16)
    at /usr/src/app/node_modules/@elastic/transport/lib/security.js:30:44
    at Array.map (&lt;anonymous&gt;)
    at /usr/src/app/node_modules/@elastic/transport/lib/security.js:30:35
    at Array.forEach (&lt;anonymous&gt;)
    at doRedact (/usr/src/app/node_modules/@elastic/transport/lib/security.js:22:29)
    at /usr/src/app/node_modules/@elastic/transport/lib/security.js:36:33
    at Array.forEach (&lt;anonymous&gt;)
    at doRedact (/usr/src/app/node_modules/@elastic/transport/lib/security.js:22:29)</failure>
    </testcase>
    <testcase id="2024-04-03T14:25:54.782Z" name="Simple Composite aggregation with missing_bucket" file="node_v20.12.0: /free/aggregations/composite.yml" time="0">
      <failure message="Cannot convert undefined or null to object">TypeError: Cannot convert undefined or null to object
    at Function.entries (&lt;anonymous&gt;)
    at doRedact (/usr/src/app/node_modules/@elastic/transport/lib/security.js:22:16)
    at /usr/src/app/node_modules/@elastic/transport/lib/security.js:30:44
    at Array.map (&lt;anonymous&gt;)
    at /usr/src/app/node_modules/@elastic/transport/lib/security.js:30:35
    at Array.forEach (&lt;anonymous&gt;)
    at doRedact (/usr/src/app/node_modules/@elastic/transport/lib/security.js:22:29)
    at /usr/src/app/node_modules/@elastic/transport/lib/security.js:36:33
    at Array.forEach (&lt;anonymous&gt;)
    at doRedact (/usr/src/app/node_modules/@elastic/transport/lib/security.js:22:29)</failure>
    </testcase>
    <testcase id="2024-04-03T14:25:54.784Z" name="Simple Composite aggregation with missing_order" file="node_v20.12.0: /free/aggregations/composite.yml" time="0">
      <failure message="Cannot convert undefined or null to object">TypeError: Cannot convert undefined or null to object
    at Function.entries (&lt;anonymous&gt;)
    at doRedact (/usr/src/app/node_modules/@elastic/transport/lib/security.js:22:16)
    at /usr/src/app/node_modules/@elastic/transport/lib/security.js:30:44
    at Array.map (&lt;anonymous&gt;)
    at /usr/src/app/node_modules/@elastic/transport/lib/security.js:30:35
    at Array.forEach (&lt;anonymous&gt;)
    at doRedact (/usr/src/app/node_modules/@elastic/transport/lib/security.js:22:29)
    at /usr/src/app/node_modules/@elastic/transport/lib/security.js:36:33
    at Array.forEach (&lt;anonymous&gt;)
    at doRedact (/usr/src/app/node_modules/@elastic/transport/lib/security.js:22:29)</failure>
    </testcase>
    <testcase id="2024-04-03T14:25:54.787Z" name="missing_order with missing_bucket = false" file="node_v20.12.0: /free/aggregations/composite.yml" time="0">
      <failure message="Cannot convert undefined or null to object">TypeError: Cannot convert undefined or null to object
    at Function.entries (&lt;anonymous&gt;)
    at doRedact (/usr/src/app/node_modules/@elastic/transport/lib/security.js:22:16)
    at /usr/src/app/node_modules/@elastic/transport/lib/security.js:30:44
    at Array.map (&lt;anonymous&gt;)
    at /usr/src/app/node_modules/@elastic/transport/lib/security.js:30:35
    at Array.forEach (&lt;anonymous&gt;)
    at doRedact (/usr/src/app/node_modules/@elastic/transport/lib/security.js:22:29)
    at /usr/src/app/node_modules/@elastic/transport/lib/security.js:36:33
    at Array.forEach (&lt;anonymous&gt;)
    at doRedact (/usr/src/app/node_modules/@elastic/transport/lib/security.js:22:29)</failure>
    </testcase>
    <testcase id="2024-04-03T14:25:54.789Z" name="missing_order without missing_bucket" file="node_v20.12.0: /free/aggregations/composite.yml" time="0">
      <failure message="Cannot convert undefined or null to object">TypeError: Cannot convert undefined or null to object
    at Function.entries (&lt;anonymous&gt;)
    at doRedact (/usr/src/app/node_modules/@elastic/transport/lib/security.js:22:16)
    at /usr/src/app/node_modules/@elastic/transport/lib/security.js:30:44
    at Array.map (&lt;anonymous&gt;)
    at /usr/src/app/node_modules/@elastic/transport/lib/security.js:30:35
    at Array.forEach (&lt;anonymous&gt;)
    at doRedact (/usr/src/app/node_modules/@elastic/transport/lib/security.js:22:29)
    at /usr/src/app/node_modules/@elastic/transport/lib/security.js:36:33
    at Array.forEach (&lt;anonymous&gt;)
    at doRedact (/usr/src/app/node_modules/@elastic/transport/lib/security.js:22:29)</failure>
    </testcase>
    <testcase id="2024-04-03T14:25:54.791Z" name="Nested Composite aggregation with missing_order" file="node_v20.12.0: /free/aggregations/composite.yml" time="0">
      <failure message="Cannot convert undefined or null to object">TypeError: Cannot convert undefined or null to object
    at Function.entries (&lt;anonymous&gt;)
    at doRedact (/usr/src/app/node_modules/@elastic/transport/lib/security.js:22:16)
    at /usr/src/app/node_modules/@elastic/transport/lib/security.js:30:44
    at Array.map (&lt;anonymous&gt;)
    at /usr/src/app/node_modules/@elastic/transport/lib/security.js:30:35
    at Array.forEach (&lt;anonymous&gt;)
    at doRedact (/usr/src/app/node_modules/@elastic/transport/lib/security.js:22:29)
    at /usr/src/app/node_modules/@elastic/transport/lib/security.js:36:33
    at Array.forEach (&lt;anonymous&gt;)
    at doRedact (/usr/src/app/node_modules/@elastic/transport/lib/security.js:22:29)</failure>
    </testcase>
    <testcase id="2024-04-03T14:25:54.793Z" name="date_histogram and date_histogram_composite timezone" file="node_v20.12.0: /free/aggregations/composite.yml" time="0">
      <failure message="Cannot convert undefined or null to object">TypeError: Cannot convert undefined or null to object
    at Function.entries (&lt;anonymous&gt;)
    at doRedact (/usr/src/app/node_modules/@elastic/transport/lib/security.js:22:16)
    at /usr/src/app/node_modules/@elastic/transport/lib/security.js:30:44
    at Array.map (&lt;anonymous&gt;)
    at /usr/src/app/node_modules/@elastic/transport/lib/security.js:30:35
    at Array.forEach (&lt;anonymous&gt;)
    at doRedact (/usr/src/app/node_modules/@elastic/transport/lib/security.js:22:29)
    at /usr/src/app/node_modules/@elastic/transport/lib/security.js:36:33
    at Array.forEach (&lt;anonymous&gt;)
    at doRedact (/usr/src/app/node_modules/@elastic/transport/lib/security.js:22:29)</failure>
    </testcase>
    <testcase id="2024-04-03T14:25:54.795Z" name="Composite with date histogram on two indices with same field but different date type" file="node_v20.12.0: /free/aggregations/composite.yml" time="0">
      <failure message="Cannot convert undefined or null to object">TypeError: Cannot convert undefined or null to object
    at Function.entries (&lt;anonymous&gt;)
    at doRedact (/usr/src/app/node_modules/@elastic/transport/lib/security.js:22:16)
    at /usr/src/app/node_modules/@elastic/transport/lib/security.js:30:44
    at Array.map (&lt;anonymous&gt;)
    at /usr/src/app/node_modules/@elastic/transport/lib/security.js:30:35
    at Array.forEach (&lt;anonymous&gt;)
    at doRedact (/usr/src/app/node_modules/@elastic/transport/lib/security.js:22:29)
    at /usr/src/app/node_modules/@elastic/transport/lib/security.js:36:33
    at Array.forEach (&lt;anonymous&gt;)
    at doRedact (/usr/src/app/node_modules/@elastic/transport/lib/security.js:22:29)</failure>
    </testcase>
  </testsuite>
  <testsuite id="2024-04-03T14:25:54.799Z" name="free/aggregations - /free/aggregations/composite_sorted.yml" time="2" tests="4" failures="0" skipped="0">
    <testcase id="2024-04-03T14:25:54.799Z" name="one source - first page" file="node_v20.12.0: /free/aggregations/composite_sorted.yml" time="1"/>
    <testcase id="2024-04-03T14:25:55.509Z" name="one source - second page" file="node_v20.12.0: /free/aggregations/composite_sorted.yml" time="1"/>
    <testcase id="2024-04-03T14:25:56.063Z" name="two sources - first page" file="node_v20.12.0: /free/aggregations/composite_sorted.yml" time="1"/>
    <testcase id="2024-04-03T14:25:56.660Z" name="two sources - second page" file="node_v20.12.0: /free/aggregations/composite_sorted.yml" time="0"/>
  </testsuite>
  <testsuite id="2024-04-03T14:25:57.152Z" name="free/aggregations - /free/aggregations/cumulative_sum.yml" time="2" tests="4" failures="1" skipped="0">
    <testcase id="2024-04-03T14:25:57.152Z" name="basic" file="node_v20.12.0: /free/aggregations/cumulative_sum.yml" time="0"/>
    <testcase id="2024-04-03T14:25:57.637Z" name="format" file="node_v20.12.0: /free/aggregations/cumulative_sum.yml" time="0"/>
    <testcase id="2024-04-03T14:25:58.116Z" name="no results" file="node_v20.12.0: /free/aggregations/cumulative_sum.yml" time="1"/>
    <testcase id="2024-04-03T14:25:58.624Z" name="bad path" file="node_v20.12.0: /free/aggregations/cumulative_sum.yml" time="0">
      <failure message="the error should match: /Validation Failed: 1: No aggregation found for path \[missing\];/, found undefined: expected false to be truthy">AssertionError: the error should match: /Validation Failed: 1: No aggregation found for path \[missing\];/, found undefined: expected false to be truthy
    at doAction (/usr/src/app/test/integration/test-runner.js:544:14)
    at process.processTicksAndRejections (node:internal/process/task_queues:95:5)
    at async exec (/usr/src/app/test/integration/test-runner.js:578:9)
    at async Object.run (/usr/src/app/test/integration/test-runner.js:316:5)
    at async start (/usr/src/app/test/integration/index.js:331:11)</failure>
    </testcase>
  </testsuite>
  <testsuite id="2024-04-03T14:25:58.729Z" name="free/aggregations - /free/aggregations/date_agg_per_day_of_week.yml" time="0" tests="1" failures="1" skipped="0">
    <testcase id="2024-04-03T14:25:58.729Z" name="Date aggregartion per day of week" file="node_v20.12.0: /free/aggregations/date_agg_per_day_of_week.yml" time="0">
      <failure message="Cannot convert undefined or null to object">TypeError: Cannot convert undefined or null to object
    at Function.entries (&lt;anonymous&gt;)
    at doRedact (/usr/src/app/node_modules/@elastic/transport/lib/security.js:22:16)
    at /usr/src/app/node_modules/@elastic/transport/lib/security.js:30:44
    at Array.map (&lt;anonymous&gt;)
    at /usr/src/app/node_modules/@elastic/transport/lib/security.js:30:35
    at Array.forEach (&lt;anonymous&gt;)
    at doRedact (/usr/src/app/node_modules/@elastic/transport/lib/security.js:22:29)
    at /usr/src/app/node_modules/@elastic/transport/lib/security.js:36:33
    at Array.forEach (&lt;anonymous&gt;)
    at doRedact (/usr/src/app/node_modules/@elastic/transport/lib/security.js:22:29)</failure>
    </testcase>
  </testsuite>
  <testsuite id="2024-04-03T14:25:58.739Z" name="free/aggregations - /free/aggregations/date_histogram.yml" time="9" tests="12" failures="0" skipped="0">
    <testcase id="2024-04-03T14:25:58.739Z" name="date_histogram on range with hard bounds" file="node_v20.12.0: /free/aggregations/date_histogram.yml" time="1"/>
    <testcase id="2024-04-03T14:25:59.485Z" name="date_histogram on date_nanos without timezone fixed interval" file="node_v20.12.0: /free/aggregations/date_histogram.yml" time="1"/>
    <testcase id="2024-04-03T14:26:00.182Z" name="date_histogram on date_nanos with timezone fixed interval" file="node_v20.12.0: /free/aggregations/date_histogram.yml" time="1"/>
    <testcase id="2024-04-03T14:26:00.883Z" name="date_histogram on date_nanos without timezone calendar interval" file="node_v20.12.0: /free/aggregations/date_histogram.yml" time="1"/>
    <testcase id="2024-04-03T14:26:01.619Z" name="date_histogram on date_nanos with timezone calendar interval" file="node_v20.12.0: /free/aggregations/date_histogram.yml" time="1"/>
    <testcase id="2024-04-03T14:26:02.309Z" name="date_histogram and date_histogram_composite timezone" file="node_v20.12.0: /free/aggregations/date_histogram.yml" time="1"/>
    <testcase id="2024-04-03T14:26:03.101Z" name="Multi-value date histogram" file="node_v20.12.0: /free/aggregations/date_histogram.yml" time="1"/>
    <testcase id="2024-04-03T14:26:03.749Z" name="Multi-value date histogram docvalues only" file="node_v20.12.0: /free/aggregations/date_histogram.yml" time="1"/>
    <testcase id="2024-04-03T14:26:04.438Z" name="Daylight with offset date_histogram test" file="node_v20.12.0: /free/aggregations/date_histogram.yml" time="1"/>
    <testcase id="2024-04-03T14:26:05.123Z" name="Daylight without offset date_histogram test" file="node_v20.12.0: /free/aggregations/date_histogram.yml" time="1"/>
    <testcase id="2024-04-03T14:26:05.848Z" name="Date histogram with contradicting filters" file="node_v20.12.0: /free/aggregations/date_histogram.yml" time="1"/>
    <testcase id="2024-04-03T14:26:06.622Z" name="Date histogram on two indices with same field but different date type" file="node_v20.12.0: /free/aggregations/date_histogram.yml" time="1"/>
  </testsuite>
  <testsuite id="2024-04-03T14:26:07.453Z" name="free/aggregations - /free/aggregations/date_range.yml" time="2" tests="3" failures="0" skipped="0">
    <testcase id="2024-04-03T14:26:07.453Z" name="Date range" file="node_v20.12.0: /free/aggregations/date_range.yml" time="1"/>
    <testcase id="2024-04-03T14:26:07.987Z" name="Date Range Missing" file="node_v20.12.0: /free/aggregations/date_range.yml" time="1"/>
    <testcase id="2024-04-03T14:26:08.503Z" name="Date range unmapped with children" file="node_v20.12.0: /free/aggregations/date_range.yml" time="1"/>
  </testsuite>
  <testsuite id="2024-04-03T14:26:09.177Z" name="free/aggregations - /free/aggregations/derivative.yml" time="6" tests="12" failures="2" skipped="10">
    <testcase id="2024-04-03T14:26:09.177Z" name="in date_histogram" file="node_v20.12.0: /free/aggregations/derivative.yml" time="1">
      <skipped>{
  "features": [
    "close_to"
  ]
}</skipped>
    </testcase>
    <testcase id="2024-04-03T14:26:09.762Z" name="in histogram" file="node_v20.12.0: /free/aggregations/derivative.yml" time="0">
      <skipped>{
  "features": [
    "close_to"
  ]
}</skipped>
    </testcase>
    <testcase id="2024-04-03T14:26:10.261Z" name="partially mapped" file="node_v20.12.0: /free/aggregations/derivative.yml" time="1">
      <skipped>{
  "features": [
    "close_to"
  ]
}</skipped>
    </testcase>
    <testcase id="2024-04-03T14:26:10.841Z" name="format" file="node_v20.12.0: /free/aggregations/derivative.yml" time="1">
      <skipped>{
  "features": [
    "close_to"
  ]
}</skipped>
    </testcase>
    <testcase id="2024-04-03T14:26:11.381Z" name="gap_policy=skip" file="node_v20.12.0: /free/aggregations/derivative.yml" time="1">
      <skipped>{
  "features": [
    "close_to"
  ]
}</skipped>
    </testcase>
    <testcase id="2024-04-03T14:26:11.899Z" name="gap_policy=insert_zeros" file="node_v20.12.0: /free/aggregations/derivative.yml" time="1">
      <skipped>{
  "features": [
    "close_to"
  ]
}</skipped>
    </testcase>
    <testcase id="2024-04-03T14:26:12.464Z" name="gap_policy=keep_values" file="node_v20.12.0: /free/aggregations/derivative.yml" time="1">
      <skipped>{
  "features": [
    "close_to"
  ]
}</skipped>
    </testcase>
    <testcase id="2024-04-03T14:26:13.004Z" name="dotted name" file="node_v20.12.0: /free/aggregations/derivative.yml" time="1">
      <skipped>{
  "features": [
    "close_to"
  ]
}</skipped>
    </testcase>
    <testcase id="2024-04-03T14:26:13.614Z" name="dotted value" file="node_v20.12.0: /free/aggregations/derivative.yml" time="1">
      <skipped>{
  "features": [
    "close_to"
  ]
}</skipped>
    </testcase>
    <testcase id="2024-04-03T14:26:14.162Z" name="no results" file="node_v20.12.0: /free/aggregations/derivative.yml" time="1">
      <skipped>{
  "features": [
    "close_to"
  ]
}</skipped>
    </testcase>
    <testcase id="2024-04-03T14:26:14.683Z" name="bad path" file="node_v20.12.0: /free/aggregations/derivative.yml" time="0">
      <failure message="the error should match: /Validation Failed: 1: No aggregation found for path \[missing\];/, found undefined: expected false to be truthy">AssertionError: the error should match: /Validation Failed: 1: No aggregation found for path \[missing\];/, found undefined: expected false to be truthy
    at doAction (/usr/src/app/test/integration/test-runner.js:544:14)
    at process.processTicksAndRejections (node:internal/process/task_queues:95:5)
    at async exec (/usr/src/app/test/integration/test-runner.js:578:9)
    at async Object.run (/usr/src/app/test/integration/test-runner.js:316:5)
    at async start (/usr/src/app/test/integration/index.js:331:11)</failure>
    </testcase>
    <testcase id="2024-04-03T14:26:14.864Z" name="Not under date_histo" file="node_v20.12.0: /free/aggregations/derivative.yml" time="0">
      <failure message="the error should match: /derivative aggregation \[d\] must have a histogram, date_histogram or auto_date_histogram as parent but doesn't have a parent/, found undefined: expected false to be truthy">AssertionError: the error should match: /derivative aggregation \[d\] must have a histogram, date_histogram or auto_date_histogram as parent but doesn't have a parent/, found undefined: expected false to be truthy
    at doAction (/usr/src/app/test/integration/test-runner.js:544:14)
    at process.processTicksAndRejections (node:internal/process/task_queues:95:5)
    at async exec (/usr/src/app/test/integration/test-runner.js:578:9)
    at async Object.run (/usr/src/app/test/integration/test-runner.js:316:5)
    at async start (/usr/src/app/test/integration/index.js:331:11)</failure>
    </testcase>
  </testsuite>
  <testsuite id="2024-04-03T14:26:14.902Z" name="free/aggregations - /free/aggregations/diversified_sampler.yml" time="3" tests="7" failures="0" skipped="0">
    <testcase id="2024-04-03T14:26:14.902Z" name="small shard_size" file="node_v20.12.0: /free/aggregations/diversified_sampler.yml" time="1"/>
    <testcase id="2024-04-03T14:26:15.413Z" name="defaults" file="node_v20.12.0: /free/aggregations/diversified_sampler.yml" time="1"/>
    <testcase id="2024-04-03T14:26:15.914Z" name="override max_docs_per_value" file="node_v20.12.0: /free/aggregations/diversified_sampler.yml" time="0"/>
    <testcase id="2024-04-03T14:26:16.336Z" name="run on number" file="node_v20.12.0: /free/aggregations/diversified_sampler.yml" time="0"/>
    <testcase id="2024-04-03T14:26:16.800Z" name="force map mode" file="node_v20.12.0: /free/aggregations/diversified_sampler.yml" time="0"/>
    <testcase id="2024-04-03T14:26:17.247Z" name="force global ordinals mode" file="node_v20.12.0: /free/aggregations/diversified_sampler.yml" time="0"/>
    <testcase id="2024-04-03T14:26:17.677Z" name="enable hash mode mode" file="node_v20.12.0: /free/aggregations/diversified_sampler.yml" time="0"/>
  </testsuite>
  <testsuite id="2024-04-03T14:26:18.131Z" name="free/aggregations - /free/aggregations/doc_count_field.yml" time="3" tests="7" failures="0" skipped="2">
    <testcase id="2024-04-03T14:26:18.131Z" name="Test numeric terms agg with doc_count" file="node_v20.12.0: /free/aggregations/doc_count_field.yml" time="0"/>
    <testcase id="2024-04-03T14:26:18.552Z" name="Test keyword terms agg with doc_count" file="node_v20.12.0: /free/aggregations/doc_count_field.yml" time="1"/>
    <testcase id="2024-04-03T14:26:19.063Z" name="Test unmapped string terms agg with doc_count" file="node_v20.12.0: /free/aggregations/doc_count_field.yml" time="1"/>
    <testcase id="2024-04-03T14:26:19.567Z" name="Test composite str_terms agg with doc_count" file="node_v20.12.0: /free/aggregations/doc_count_field.yml" time="0"/>
    <testcase id="2024-04-03T14:26:20.010Z" name="Test composite num_terms agg with doc_count" file="node_v20.12.0: /free/aggregations/doc_count_field.yml" time="0"/>
    <testcase id="2024-04-03T14:26:20.483Z" name="Single bucket filters agg with doc_count" file="node_v20.12.0: /free/aggregations/doc_count_field.yml" time="0">
      <skipped>{
  "version": " - 7.99.99",
  "reason": "implementation change in 8.0",
  "features": [
    "default_shards"
  ]
}</skipped>
    </testcase>
    <testcase id="2024-04-03T14:26:20.897Z" name="Filters agg with doc_count" file="node_v20.12.0: /free/aggregations/doc_count_field.yml" time="0">
      <skipped>{
  "version": " - 8.2.99",
  "reason": "implementation changed when there is more than one bucket 8.3.0",
  "features": [
    "default_shards"
  ]
}</skipped>
    </testcase>
  </testsuite>
  <testsuite id="2024-04-03T14:26:21.301Z" name="free/aggregations - /free/aggregations/extended_stats_bucket.yml" time="3" tests="5" failures="0" skipped="5">
    <testcase id="2024-04-03T14:26:21.301Z" name="basic" file="node_v20.12.0: /free/aggregations/extended_stats_bucket.yml" time="0">
      <skipped>{
  "features": [
    "close_to"
  ]
}</skipped>
    </testcase>
    <testcase id="2024-04-03T14:26:21.796Z" name="format" file="node_v20.12.0: /free/aggregations/extended_stats_bucket.yml" time="0">
      <skipped>{
  "features": [
    "close_to"
  ]
}</skipped>
    </testcase>
    <testcase id="2024-04-03T14:26:22.289Z" name="gap_policy=skip" file="node_v20.12.0: /free/aggregations/extended_stats_bucket.yml" time="0">
      <skipped>{
  "features": [
    "close_to"
  ]
}</skipped>
    </testcase>
    <testcase id="2024-04-03T14:26:22.776Z" name="gap_policy=insert_zeros" file="node_v20.12.0: /free/aggregations/extended_stats_bucket.yml" time="0">
      <skipped>{
  "features": [
    "close_to"
  ]
}</skipped>
    </testcase>
    <testcase id="2024-04-03T14:26:23.247Z" name="gap_policy=keep_value" file="node_v20.12.0: /free/aggregations/extended_stats_bucket.yml" time="1">
      <skipped>{
  "features": [
    "close_to"
  ]
}</skipped>
    </testcase>
  </testsuite>
  <testsuite id="2024-04-03T14:26:23.813Z" name="free/aggregations - /free/aggregations/extended_stats_metric.yml" time="3" tests="8" failures="1" skipped="0">
    <testcase id="2024-04-03T14:26:23.813Z" name="Basic test" file="node_v20.12.0: /free/aggregations/extended_stats_metric.yml" time="0"/>
    <testcase id="2024-04-03T14:26:24.241Z" name="Only aggs test" file="node_v20.12.0: /free/aggregations/extended_stats_metric.yml" time="0"/>
    <testcase id="2024-04-03T14:26:24.693Z" name="Filtered test" file="node_v20.12.0: /free/aggregations/extended_stats_metric.yml" time="0"/>
    <testcase id="2024-04-03T14:26:25.119Z" name="Missing field with missing param" file="node_v20.12.0: /free/aggregations/extended_stats_metric.yml" time="0"/>
    <testcase id="2024-04-03T14:26:25.547Z" name="Missing field without missing param" file="node_v20.12.0: /free/aggregations/extended_stats_metric.yml" time="0"/>
    <testcase id="2024-04-03T14:26:25.929Z" name="Metadata test" file="node_v20.12.0: /free/aggregations/extended_stats_metric.yml" time="0"/>
    <testcase id="2024-04-03T14:26:26.334Z" name="Sigma test" file="node_v20.12.0: /free/aggregations/extended_stats_metric.yml" time="0"/>
    <testcase id="2024-04-03T14:26:26.746Z" name="Bad sigma test" file="node_v20.12.0: /free/aggregations/extended_stats_metric.yml" time="0">
      <failure message="the error should match: /\[sigma\] must be greater than or equal to 0. Found \[-1.0\] in \[the_int_extended_stats\]/, found undefined: expected false to be truthy">AssertionError: the error should match: /\[sigma\] must be greater than or equal to 0. Found \[-1.0\] in \[the_int_extended_stats\]/, found undefined: expected false to be truthy
    at doAction (/usr/src/app/test/integration/test-runner.js:544:14)
    at process.processTicksAndRejections (node:internal/process/task_queues:95:5)
    at async exec (/usr/src/app/test/integration/test-runner.js:578:9)
    at async Object.run (/usr/src/app/test/integration/test-runner.js:316:5)
    at async start (/usr/src/app/test/integration/index.js:331:11)</failure>
    </testcase>
  </testsuite>
  <testsuite id="2024-04-03T14:26:26.840Z" name="free/aggregations - /free/aggregations/filter.yml" time="0" tests="4" failures="4" skipped="0">
    <testcase id="2024-04-03T14:26:26.840Z" name="Terms lookup gets cached" file="node_v20.12.0: /free/aggregations/filter.yml" time="0">
      <failure message="should be equal: 6 - 2, action: {&quot;hits.total&quot;:2}: expected 6 to equal 2">AssertionError: should be equal: 6 - 2, action: {"hits.total":2}: expected 6 to equal 2
    at match (/usr/src/app/test/integration/test-runner.js:746:14)
    at exec (/usr/src/app/test/integration/test-runner.js:594:9)
    at process.processTicksAndRejections (node:internal/process/task_queues:95:5)
    at async Object.run (/usr/src/app/test/integration/test-runner.js:316:5)
    at async start (/usr/src/app/test/integration/index.js:331:11)</failure>
    </testcase>
    <testcase id="2024-04-03T14:26:26.948Z" name="Standard queries get cached" file="node_v20.12.0: /free/aggregations/filter.yml" time="0">
      <failure message="Cannot convert undefined or null to object">TypeError: Cannot convert undefined or null to object
    at Function.entries (&lt;anonymous&gt;)
    at doRedact (/usr/src/app/node_modules/@elastic/transport/lib/security.js:22:16)
    at /usr/src/app/node_modules/@elastic/transport/lib/security.js:30:44
    at Array.map (&lt;anonymous&gt;)
    at /usr/src/app/node_modules/@elastic/transport/lib/security.js:30:35
    at Array.forEach (&lt;anonymous&gt;)
    at doRedact (/usr/src/app/node_modules/@elastic/transport/lib/security.js:22:29)
    at /usr/src/app/node_modules/@elastic/transport/lib/security.js:36:33
    at Array.forEach (&lt;anonymous&gt;)
    at doRedact (/usr/src/app/node_modules/@elastic/transport/lib/security.js:22:29)</failure>
    </testcase>
    <testcase id="2024-04-03T14:26:26.956Z" name="As a child of terms" file="node_v20.12.0: /free/aggregations/filter.yml" time="0">
      <failure message="Cannot convert undefined or null to object">TypeError: Cannot convert undefined or null to object
    at Function.entries (&lt;anonymous&gt;)
    at doRedact (/usr/src/app/node_modules/@elastic/transport/lib/security.js:22:16)
    at /usr/src/app/node_modules/@elastic/transport/lib/security.js:30:44
    at Array.map (&lt;anonymous&gt;)
    at /usr/src/app/node_modules/@elastic/transport/lib/security.js:30:35
    at Array.forEach (&lt;anonymous&gt;)
    at doRedact (/usr/src/app/node_modules/@elastic/transport/lib/security.js:22:29)
    at /usr/src/app/node_modules/@elastic/transport/lib/security.js:36:33
    at Array.forEach (&lt;anonymous&gt;)
    at doRedact (/usr/src/app/node_modules/@elastic/transport/lib/security.js:22:29)</failure>
    </testcase>
    <testcase id="2024-04-03T14:26:26.965Z" name="Sorting terms" file="node_v20.12.0: /free/aggregations/filter.yml" time="0">
      <failure message="Cannot convert undefined or null to object">TypeError: Cannot convert undefined or null to object
    at Function.entries (&lt;anonymous&gt;)
    at doRedact (/usr/src/app/node_modules/@elastic/transport/lib/security.js:22:16)
    at /usr/src/app/node_modules/@elastic/transport/lib/security.js:30:44
    at Array.map (&lt;anonymous&gt;)
    at /usr/src/app/node_modules/@elastic/transport/lib/security.js:30:35
    at Array.forEach (&lt;anonymous&gt;)
    at doRedact (/usr/src/app/node_modules/@elastic/transport/lib/security.js:22:29)
    at /usr/src/app/node_modules/@elastic/transport/lib/security.js:36:33
    at Array.forEach (&lt;anonymous&gt;)
    at doRedact (/usr/src/app/node_modules/@elastic/transport/lib/security.js:22:29)</failure>
    </testcase>
  </testsuite>
  <testsuite id="2024-04-03T14:26:26.973Z" name="free/aggregations - /free/aggregations/filters_bucket.yml" time="0" tests="13" failures="13" skipped="0">
    <testcase id="2024-04-03T14:26:26.973Z" name="Basic test" file="node_v20.12.0: /free/aggregations/filters_bucket.yml" time="0">
      <failure message="Cannot convert undefined or null to object">TypeError: Cannot convert undefined or null to object
    at Function.entries (&lt;anonymous&gt;)
    at doRedact (/usr/src/app/node_modules/@elastic/transport/lib/security.js:22:16)
    at /usr/src/app/node_modules/@elastic/transport/lib/security.js:30:44
    at Array.map (&lt;anonymous&gt;)
    at /usr/src/app/node_modules/@elastic/transport/lib/security.js:30:35
    at Array.forEach (&lt;anonymous&gt;)
    at doRedact (/usr/src/app/node_modules/@elastic/transport/lib/security.js:22:29)
    at /usr/src/app/node_modules/@elastic/transport/lib/security.js:36:33
    at Array.forEach (&lt;anonymous&gt;)
    at doRedact (/usr/src/app/node_modules/@elastic/transport/lib/security.js:22:29)</failure>
    </testcase>
    <testcase id="2024-04-03T14:26:26.979Z" name="Anonymous filters test" file="node_v20.12.0: /free/aggregations/filters_bucket.yml" time="0">
      <failure message="Cannot convert undefined or null to object">TypeError: Cannot convert undefined or null to object
    at Function.entries (&lt;anonymous&gt;)
    at doRedact (/usr/src/app/node_modules/@elastic/transport/lib/security.js:22:16)
    at /usr/src/app/node_modules/@elastic/transport/lib/security.js:30:44
    at Array.map (&lt;anonymous&gt;)
    at /usr/src/app/node_modules/@elastic/transport/lib/security.js:30:35
    at Array.forEach (&lt;anonymous&gt;)
    at doRedact (/usr/src/app/node_modules/@elastic/transport/lib/security.js:22:29)
    at /usr/src/app/node_modules/@elastic/transport/lib/security.js:36:33
    at Array.forEach (&lt;anonymous&gt;)
    at doRedact (/usr/src/app/node_modules/@elastic/transport/lib/security.js:22:29)</failure>
    </testcase>
    <testcase id="2024-04-03T14:26:26.984Z" name="named filters with bucket sort test" file="node_v20.12.0: /free/aggregations/filters_bucket.yml" time="0">
      <failure message="Cannot convert undefined or null to object">TypeError: Cannot convert undefined or null to object
    at Function.entries (&lt;anonymous&gt;)
    at doRedact (/usr/src/app/node_modules/@elastic/transport/lib/security.js:22:16)
    at /usr/src/app/node_modules/@elastic/transport/lib/security.js:30:44
    at Array.map (&lt;anonymous&gt;)
    at /usr/src/app/node_modules/@elastic/transport/lib/security.js:30:35
    at Array.forEach (&lt;anonymous&gt;)
    at doRedact (/usr/src/app/node_modules/@elastic/transport/lib/security.js:22:29)
    at /usr/src/app/node_modules/@elastic/transport/lib/security.js:36:33
    at Array.forEach (&lt;anonymous&gt;)
    at doRedact (/usr/src/app/node_modules/@elastic/transport/lib/security.js:22:29)</failure>
    </testcase>
    <testcase id="2024-04-03T14:26:26.989Z" name="Only aggs test" file="node_v20.12.0: /free/aggregations/filters_bucket.yml" time="0">
      <failure message="Cannot convert undefined or null to object">TypeError: Cannot convert undefined or null to object
    at Function.entries (&lt;anonymous&gt;)
    at doRedact (/usr/src/app/node_modules/@elastic/transport/lib/security.js:22:16)
    at /usr/src/app/node_modules/@elastic/transport/lib/security.js:30:44
    at Array.map (&lt;anonymous&gt;)
    at /usr/src/app/node_modules/@elastic/transport/lib/security.js:30:35
    at Array.forEach (&lt;anonymous&gt;)
    at doRedact (/usr/src/app/node_modules/@elastic/transport/lib/security.js:22:29)
    at /usr/src/app/node_modules/@elastic/transport/lib/security.js:36:33
    at Array.forEach (&lt;anonymous&gt;)
    at doRedact (/usr/src/app/node_modules/@elastic/transport/lib/security.js:22:29)</failure>
    </testcase>
    <testcase id="2024-04-03T14:26:26.993Z" name="Filtered test" file="node_v20.12.0: /free/aggregations/filters_bucket.yml" time="0">
      <failure message="Cannot convert undefined or null to object">TypeError: Cannot convert undefined or null to object
    at Function.entries (&lt;anonymous&gt;)
    at doRedact (/usr/src/app/node_modules/@elastic/transport/lib/security.js:22:16)
    at /usr/src/app/node_modules/@elastic/transport/lib/security.js:30:44
    at Array.map (&lt;anonymous&gt;)
    at /usr/src/app/node_modules/@elastic/transport/lib/security.js:30:35
    at Array.forEach (&lt;anonymous&gt;)
    at doRedact (/usr/src/app/node_modules/@elastic/transport/lib/security.js:22:29)
    at /usr/src/app/node_modules/@elastic/transport/lib/security.js:36:33
    at Array.forEach (&lt;anonymous&gt;)
    at doRedact (/usr/src/app/node_modules/@elastic/transport/lib/security.js:22:29)</failure>
    </testcase>
    <testcase id="2024-04-03T14:26:26.996Z" name="Metadata test" file="node_v20.12.0: /free/aggregations/filters_bucket.yml" time="0">
      <failure message="Cannot convert undefined or null to object">TypeError: Cannot convert undefined or null to object
    at Function.entries (&lt;anonymous&gt;)
    at doRedact (/usr/src/app/node_modules/@elastic/transport/lib/security.js:22:16)
    at /usr/src/app/node_modules/@elastic/transport/lib/security.js:30:44
    at Array.map (&lt;anonymous&gt;)
    at /usr/src/app/node_modules/@elastic/transport/lib/security.js:30:35
    at Array.forEach (&lt;anonymous&gt;)
    at doRedact (/usr/src/app/node_modules/@elastic/transport/lib/security.js:22:29)
    at /usr/src/app/node_modules/@elastic/transport/lib/security.js:36:33
    at Array.forEach (&lt;anonymous&gt;)
    at doRedact (/usr/src/app/node_modules/@elastic/transport/lib/security.js:22:29)</failure>
    </testcase>
    <testcase id="2024-04-03T14:26:26.999Z" name="no meta" file="node_v20.12.0: /free/aggregations/filters_bucket.yml" time="0">
      <failure message="Cannot convert undefined or null to object">TypeError: Cannot convert undefined or null to object
    at Function.entries (&lt;anonymous&gt;)
    at doRedact (/usr/src/app/node_modules/@elastic/transport/lib/security.js:22:16)
    at /usr/src/app/node_modules/@elastic/transport/lib/security.js:30:44
    at Array.map (&lt;anonymous&gt;)
    at /usr/src/app/node_modules/@elastic/transport/lib/security.js:30:35
    at Array.forEach (&lt;anonymous&gt;)
    at doRedact (/usr/src/app/node_modules/@elastic/transport/lib/security.js:22:29)
    at /usr/src/app/node_modules/@elastic/transport/lib/security.js:36:33
    at Array.forEach (&lt;anonymous&gt;)
    at doRedact (/usr/src/app/node_modules/@elastic/transport/lib/security.js:22:29)</failure>
    </testcase>
    <testcase id="2024-04-03T14:26:27.002Z" name="empty meta" file="node_v20.12.0: /free/aggregations/filters_bucket.yml" time="0">
      <failure message="Cannot convert undefined or null to object">TypeError: Cannot convert undefined or null to object
    at Function.entries (&lt;anonymous&gt;)
    at doRedact (/usr/src/app/node_modules/@elastic/transport/lib/security.js:22:16)
    at /usr/src/app/node_modules/@elastic/transport/lib/security.js:30:44
    at Array.map (&lt;anonymous&gt;)
    at /usr/src/app/node_modules/@elastic/transport/lib/security.js:30:35
    at Array.forEach (&lt;anonymous&gt;)
    at doRedact (/usr/src/app/node_modules/@elastic/transport/lib/security.js:22:29)
    at /usr/src/app/node_modules/@elastic/transport/lib/security.js:36:33
    at Array.forEach (&lt;anonymous&gt;)
    at doRedact (/usr/src/app/node_modules/@elastic/transport/lib/security.js:22:29)</failure>
    </testcase>
    <testcase id="2024-04-03T14:26:27.009Z" name="null meta" file="node_v20.12.0: /free/aggregations/filters_bucket.yml" time="0">
      <failure message="Cannot convert undefined or null to object">TypeError: Cannot convert undefined or null to object
    at Function.entries (&lt;anonymous&gt;)
    at doRedact (/usr/src/app/node_modules/@elastic/transport/lib/security.js:22:16)
    at /usr/src/app/node_modules/@elastic/transport/lib/security.js:30:44
    at Array.map (&lt;anonymous&gt;)
    at /usr/src/app/node_modules/@elastic/transport/lib/security.js:30:35
    at Array.forEach (&lt;anonymous&gt;)
    at doRedact (/usr/src/app/node_modules/@elastic/transport/lib/security.js:22:29)
    at /usr/src/app/node_modules/@elastic/transport/lib/security.js:36:33
    at Array.forEach (&lt;anonymous&gt;)
    at doRedact (/usr/src/app/node_modules/@elastic/transport/lib/security.js:22:29)</failure>
    </testcase>
    <testcase id="2024-04-03T14:26:27.013Z" name="Bad params" file="node_v20.12.0: /free/aggregations/filters_bucket.yml" time="0">
      <failure message="Cannot convert undefined or null to object">TypeError: Cannot convert undefined or null to object
    at Function.entries (&lt;anonymous&gt;)
    at doRedact (/usr/src/app/node_modules/@elastic/transport/lib/security.js:22:16)
    at /usr/src/app/node_modules/@elastic/transport/lib/security.js:30:44
    at Array.map (&lt;anonymous&gt;)
    at /usr/src/app/node_modules/@elastic/transport/lib/security.js:30:35
    at Array.forEach (&lt;anonymous&gt;)
    at doRedact (/usr/src/app/node_modules/@elastic/transport/lib/security.js:22:29)
    at /usr/src/app/node_modules/@elastic/transport/lib/security.js:36:33
    at Array.forEach (&lt;anonymous&gt;)
    at doRedact (/usr/src/app/node_modules/@elastic/transport/lib/security.js:22:29)</failure>
    </testcase>
    <testcase id="2024-04-03T14:26:27.019Z" name="cache busting" file="node_v20.12.0: /free/aggregations/filters_bucket.yml" time="0">
      <failure message="Cannot convert undefined or null to object">TypeError: Cannot convert undefined or null to object
    at Function.entries (&lt;anonymous&gt;)
    at doRedact (/usr/src/app/node_modules/@elastic/transport/lib/security.js:22:16)
    at /usr/src/app/node_modules/@elastic/transport/lib/security.js:30:44
    at Array.map (&lt;anonymous&gt;)
    at /usr/src/app/node_modules/@elastic/transport/lib/security.js:30:35
    at Array.forEach (&lt;anonymous&gt;)
    at doRedact (/usr/src/app/node_modules/@elastic/transport/lib/security.js:22:29)
    at /usr/src/app/node_modules/@elastic/transport/lib/security.js:36:33
    at Array.forEach (&lt;anonymous&gt;)
    at doRedact (/usr/src/app/node_modules/@elastic/transport/lib/security.js:22:29)</failure>
    </testcase>
    <testcase id="2024-04-03T14:26:27.026Z" name="nested" file="node_v20.12.0: /free/aggregations/filters_bucket.yml" time="0">
      <failure message="Cannot convert undefined or null to object">TypeError: Cannot convert undefined or null to object
    at Function.entries (&lt;anonymous&gt;)
    at doRedact (/usr/src/app/node_modules/@elastic/transport/lib/security.js:22:16)
    at /usr/src/app/node_modules/@elastic/transport/lib/security.js:30:44
    at Array.map (&lt;anonymous&gt;)
    at /usr/src/app/node_modules/@elastic/transport/lib/security.js:30:35
    at Array.forEach (&lt;anonymous&gt;)
    at doRedact (/usr/src/app/node_modules/@elastic/transport/lib/security.js:22:29)
    at /usr/src/app/node_modules/@elastic/transport/lib/security.js:36:33
    at Array.forEach (&lt;anonymous&gt;)
    at doRedact (/usr/src/app/node_modules/@elastic/transport/lib/security.js:22:29)</failure>
    </testcase>
    <testcase id="2024-04-03T14:26:27.035Z" name="cache hits" file="node_v20.12.0: /free/aggregations/filters_bucket.yml" time="0">
      <failure message="Cannot convert undefined or null to object">TypeError: Cannot convert undefined or null to object
    at Function.entries (&lt;anonymous&gt;)
    at doRedact (/usr/src/app/node_modules/@elastic/transport/lib/security.js:22:16)
    at /usr/src/app/node_modules/@elastic/transport/lib/security.js:30:44
    at Array.map (&lt;anonymous&gt;)
    at /usr/src/app/node_modules/@elastic/transport/lib/security.js:30:35
    at Array.forEach (&lt;anonymous&gt;)
    at doRedact (/usr/src/app/node_modules/@elastic/transport/lib/security.js:22:29)
    at /usr/src/app/node_modules/@elastic/transport/lib/security.js:36:33
    at Array.forEach (&lt;anonymous&gt;)
    at doRedact (/usr/src/app/node_modules/@elastic/transport/lib/security.js:22:29)</failure>
    </testcase>
  </testsuite>
  <testsuite id="2024-04-03T14:26:27.044Z" name="free/aggregations - /free/aggregations/geo_bounds_centroid.yml" time="0" tests="1" failures="0" skipped="1">
    <testcase id="2024-04-03T14:26:27.044Z" name="Basic test" file="node_v20.12.0: /free/aggregations/geo_bounds_centroid.yml" time="0">
      <skipped>{
  "features": [
    "close_to"
  ]
}</skipped>
    </testcase>
  </testsuite>
  <testsuite id="2024-04-03T14:26:27.045Z" name="free/aggregations - /free/aggregations/geo_distance.yml" time="0" tests="2" failures="2" skipped="0">
    <testcase id="2024-04-03T14:26:27.045Z" name="basic" file="node_v20.12.0: /free/aggregations/geo_distance.yml" time="0">
      <failure message="Cannot convert undefined or null to object">TypeError: Cannot convert undefined or null to object
    at Function.entries (&lt;anonymous&gt;)
    at doRedact (/usr/src/app/node_modules/@elastic/transport/lib/security.js:22:16)
    at /usr/src/app/node_modules/@elastic/transport/lib/security.js:30:44
    at Array.map (&lt;anonymous&gt;)
    at /usr/src/app/node_modules/@elastic/transport/lib/security.js:30:35
    at Array.forEach (&lt;anonymous&gt;)
    at doRedact (/usr/src/app/node_modules/@elastic/transport/lib/security.js:22:29)
    at /usr/src/app/node_modules/@elastic/transport/lib/security.js:36:33
    at Array.forEach (&lt;anonymous&gt;)
    at doRedact (/usr/src/app/node_modules/@elastic/transport/lib/security.js:22:29)</failure>
    </testcase>
    <testcase id="2024-04-03T14:26:27.054Z" name="avg_bucket" file="node_v20.12.0: /free/aggregations/geo_distance.yml" time="0">
      <failure message="Cannot convert undefined or null to object">TypeError: Cannot convert undefined or null to object
    at Function.entries (&lt;anonymous&gt;)
    at doRedact (/usr/src/app/node_modules/@elastic/transport/lib/security.js:22:16)
    at /usr/src/app/node_modules/@elastic/transport/lib/security.js:30:44
    at Array.map (&lt;anonymous&gt;)
    at /usr/src/app/node_modules/@elastic/transport/lib/security.js:30:35
    at Array.forEach (&lt;anonymous&gt;)
    at doRedact (/usr/src/app/node_modules/@elastic/transport/lib/security.js:22:29)
    at /usr/src/app/node_modules/@elastic/transport/lib/security.js:36:33
    at Array.forEach (&lt;anonymous&gt;)
    at doRedact (/usr/src/app/node_modules/@elastic/transport/lib/security.js:22:29)</failure>
    </testcase>
  </testsuite>
  <testsuite id="2024-04-03T14:26:27.062Z" name="free/aggregations - /free/aggregations/geohash_grid.yml" time="2" tests="5" failures="0" skipped="0">
    <testcase id="2024-04-03T14:26:27.062Z" name="Test geohash_grid on geo_shape field with defaults" file="node_v20.12.0: /free/aggregations/geohash_grid.yml" time="0"/>
    <testcase id="2024-04-03T14:26:27.510Z" name="Test geohash_grid on geo_shape field with precision" file="node_v20.12.0: /free/aggregations/geohash_grid.yml" time="0"/>
    <testcase id="2024-04-03T14:26:27.936Z" name="Test geohash_grid on geo_shape field with size" file="node_v20.12.0: /free/aggregations/geohash_grid.yml" time="0"/>
    <testcase id="2024-04-03T14:26:28.388Z" name="Test geohash_grid on geo_shape field with shard_size" file="node_v20.12.0: /free/aggregations/geohash_grid.yml" time="0"/>
    <testcase id="2024-04-03T14:26:28.787Z" name="Test geohash_grid on geo_shape field with bounds" file="node_v20.12.0: /free/aggregations/geohash_grid.yml" time="1"/>
  </testsuite>
  <testsuite id="2024-04-03T14:26:29.305Z" name="free/aggregations - /free/aggregations/geotile_grid.yml" time="2" tests="5" failures="0" skipped="0">
    <testcase id="2024-04-03T14:26:29.305Z" name="Test geotile_grid on geo_shape field with defaults" file="node_v20.12.0: /free/aggregations/geotile_grid.yml" time="0"/>
    <testcase id="2024-04-03T14:26:29.766Z" name="Test geotile_grid on geo_shape field with precision" file="node_v20.12.0: /free/aggregations/geotile_grid.yml" time="0"/>
    <testcase id="2024-04-03T14:26:30.219Z" name="Test geotile_grid on geo_shape field with size" file="node_v20.12.0: /free/aggregations/geotile_grid.yml" time="0"/>
    <testcase id="2024-04-03T14:26:30.684Z" name="Test geotile_grid on geo_shape field with shard_size" file="node_v20.12.0: /free/aggregations/geotile_grid.yml" time="0"/>
    <testcase id="2024-04-03T14:26:31.182Z" name="Test geotile_grid on geo_shape field with bounds" file="node_v20.12.0: /free/aggregations/geotile_grid.yml" time="0"/>
  </testsuite>
  <testsuite id="2024-04-03T14:26:31.627Z" name="free/aggregations - /free/aggregations/global.yml" time="1" tests="2" failures="0" skipped="0">
    <testcase id="2024-04-03T14:26:31.627Z" name="simple" file="node_v20.12.0: /free/aggregations/global.yml" time="0"/>
    <testcase id="2024-04-03T14:26:32.029Z" name="profile" file="node_v20.12.0: /free/aggregations/global.yml" time="0"/>
  </testsuite>
  <testsuite id="2024-04-03T14:26:32.475Z" name="free/aggregations - /free/aggregations/global_with_aliases.yml" time="0" tests="1" failures="0" skipped="0">
    <testcase id="2024-04-03T14:26:32.475Z" name="global agg with a terms filtered alias" file="node_v20.12.0: /free/aggregations/global_with_aliases.yml" time="0"/>
  </testsuite>
  <testsuite id="2024-04-03T14:26:32.922Z" name="free/aggregations - /free/aggregations/histogram.yml" time="8" tests="19" failures="2" skipped="0">
    <testcase id="2024-04-03T14:26:32.922Z" name="Basic test" file="node_v20.12.0: /free/aggregations/histogram.yml" time="0"/>
    <testcase id="2024-04-03T14:26:33.326Z" name="Format test" file="node_v20.12.0: /free/aggregations/histogram.yml" time="0"/>
    <testcase id="2024-04-03T14:26:33.818Z" name="Show empty intervals" file="node_v20.12.0: /free/aggregations/histogram.yml" time="0"/>
    <testcase id="2024-04-03T14:26:34.241Z" name="histogram with min_doc_count" file="node_v20.12.0: /free/aggregations/histogram.yml" time="0"/>
    <testcase id="2024-04-03T14:26:34.673Z" name="histogram with extended_bounds" file="node_v20.12.0: /free/aggregations/histogram.yml" time="0"/>
    <testcase id="2024-04-03T14:26:35.076Z" name="histogram with hard bounds" file="node_v20.12.0: /free/aggregations/histogram.yml" time="0"/>
    <testcase id="2024-04-03T14:26:35.447Z" name="histogram with offset and unmapped" file="node_v20.12.0: /free/aggregations/histogram.yml" time="0"/>
    <testcase id="2024-04-03T14:26:35.865Z" name="histogram with missing field without missing param" file="node_v20.12.0: /free/aggregations/histogram.yml" time="0"/>
    <testcase id="2024-04-03T14:26:36.300Z" name="histogram with missing field with missing param" file="node_v20.12.0: /free/aggregations/histogram.yml" time="0"/>
    <testcase id="2024-04-03T14:26:36.681Z" name="date_histogram" file="node_v20.12.0: /free/aggregations/histogram.yml" time="1"/>
    <testcase id="2024-04-03T14:26:37.258Z" name="date_histogram with offset" file="node_v20.12.0: /free/aggregations/histogram.yml" time="1"/>
    <testcase id="2024-04-03T14:26:37.844Z" name="date_histogram on range" file="node_v20.12.0: /free/aggregations/histogram.yml" time="1"/>
    <testcase id="2024-04-03T14:26:38.381Z" name="date_histogram on range with offset" file="node_v20.12.0: /free/aggregations/histogram.yml" time="1"/>
    <testcase id="2024-04-03T14:26:38.926Z" name="date_histogram with pre-epoch daylight savings time transition" file="node_v20.12.0: /free/aggregations/histogram.yml" time="0"/>
    <testcase id="2024-04-03T14:26:39.360Z" name="histogram profiler" file="node_v20.12.0: /free/aggregations/histogram.yml" time="1"/>
    <testcase id="2024-04-03T14:26:39.883Z" name="date_histogram profiler" file="node_v20.12.0: /free/aggregations/histogram.yml" time="1"/>
    <testcase id="2024-04-03T14:26:40.397Z" name="date_histogram with extended_bounds and offset and unmapped" file="node_v20.12.0: /free/aggregations/histogram.yml" time="1"/>
    <testcase id="2024-04-03T14:26:41.019Z" name="Tiny tiny tiny range" file="node_v20.12.0: /free/aggregations/histogram.yml" time="0">
      <failure message="the error should match: /Trying to create too many buckets. Must be less than or equal to: \[65536\]/, found undefined: expected false to be truthy">AssertionError: the error should match: /Trying to create too many buckets. Must be less than or equal to: \[65536\]/, found undefined: expected false to be truthy
    at doAction (/usr/src/app/test/integration/test-runner.js:544:14)
    at process.processTicksAndRejections (node:internal/process/task_queues:95:5)
    at async exec (/usr/src/app/test/integration/test-runner.js:578:9)
    at async Object.run (/usr/src/app/test/integration/test-runner.js:316:5)
    at async start (/usr/src/app/test/integration/index.js:331:11)</failure>
    </testcase>
    <testcase id="2024-04-03T14:26:41.114Z" name="Tiny tiny tiny date_range" file="node_v20.12.0: /free/aggregations/histogram.yml" time="0">
      <failure message="Cannot convert undefined or null to object">TypeError: Cannot convert undefined or null to object
    at Function.entries (&lt;anonymous&gt;)
    at doRedact (/usr/src/app/node_modules/@elastic/transport/lib/security.js:22:16)
    at /usr/src/app/node_modules/@elastic/transport/lib/security.js:30:44
    at Array.map (&lt;anonymous&gt;)
    at /usr/src/app/node_modules/@elastic/transport/lib/security.js:30:35
    at Array.forEach (&lt;anonymous&gt;)
    at doRedact (/usr/src/app/node_modules/@elastic/transport/lib/security.js:22:29)
    at /usr/src/app/node_modules/@elastic/transport/lib/security.js:36:33
    at Array.forEach (&lt;anonymous&gt;)
    at doRedact (/usr/src/app/node_modules/@elastic/transport/lib/security.js:22:29)</failure>
    </testcase>
  </testsuite>
  <testsuite id="2024-04-03T14:26:41.121Z" name="free/aggregations - /free/aggregations/ip_prefix.yml" time="0" tests="14" failures="14" skipped="0">
    <testcase id="2024-04-03T14:26:41.121Z" name="IPv4 prefix" file="node_v20.12.0: /free/aggregations/ip_prefix.yml" time="0">
      <failure message="should be equal: 12 - 10, action: {&quot;hits.total.value&quot;:10}: expected 12 to equal 10">AssertionError: should be equal: 12 - 10, action: {"hits.total.value":10}: expected 12 to equal 10
    at match (/usr/src/app/test/integration/test-runner.js:746:14)
    at exec (/usr/src/app/test/integration/test-runner.js:594:9)
    at process.processTicksAndRejections (node:internal/process/task_queues:95:5)
    at async Object.run (/usr/src/app/test/integration/test-runner.js:316:5)
    at async start (/usr/src/app/test/integration/index.js:331:11)</failure>
    </testcase>
    <testcase id="2024-04-03T14:26:41.201Z" name="IPv4 prefix with incorrect is_ipv6" file="node_v20.12.0: /free/aggregations/ip_prefix.yml" time="0">
      <failure message="Cannot convert undefined or null to object">TypeError: Cannot convert undefined or null to object
    at Function.entries (&lt;anonymous&gt;)
    at doRedact (/usr/src/app/node_modules/@elastic/transport/lib/security.js:22:16)
    at /usr/src/app/node_modules/@elastic/transport/lib/security.js:30:44
    at Array.map (&lt;anonymous&gt;)
    at /usr/src/app/node_modules/@elastic/transport/lib/security.js:30:35
    at Array.forEach (&lt;anonymous&gt;)
    at doRedact (/usr/src/app/node_modules/@elastic/transport/lib/security.js:22:29)
    at /usr/src/app/node_modules/@elastic/transport/lib/security.js:36:33
    at Array.forEach (&lt;anonymous&gt;)
    at doRedact (/usr/src/app/node_modules/@elastic/transport/lib/security.js:22:29)</failure>
    </testcase>
    <testcase id="2024-04-03T14:26:41.208Z" name="IPv4 short prefix" file="node_v20.12.0: /free/aggregations/ip_prefix.yml" time="0">
      <failure message="Cannot convert undefined or null to object">TypeError: Cannot convert undefined or null to object
    at Function.entries (&lt;anonymous&gt;)
    at doRedact (/usr/src/app/node_modules/@elastic/transport/lib/security.js:22:16)
    at /usr/src/app/node_modules/@elastic/transport/lib/security.js:30:44
    at Array.map (&lt;anonymous&gt;)
    at /usr/src/app/node_modules/@elastic/transport/lib/security.js:30:35
    at Array.forEach (&lt;anonymous&gt;)
    at doRedact (/usr/src/app/node_modules/@elastic/transport/lib/security.js:22:29)
    at /usr/src/app/node_modules/@elastic/transport/lib/security.js:36:33
    at Array.forEach (&lt;anonymous&gt;)
    at doRedact (/usr/src/app/node_modules/@elastic/transport/lib/security.js:22:29)</failure>
    </testcase>
    <testcase id="2024-04-03T14:26:41.214Z" name="IPv6 prefix" file="node_v20.12.0: /free/aggregations/ip_prefix.yml" time="0">
      <failure message="Cannot convert undefined or null to object">TypeError: Cannot convert undefined or null to object
    at Function.entries (&lt;anonymous&gt;)
    at doRedact (/usr/src/app/node_modules/@elastic/transport/lib/security.js:22:16)
    at /usr/src/app/node_modules/@elastic/transport/lib/security.js:30:44
    at Array.map (&lt;anonymous&gt;)
    at /usr/src/app/node_modules/@elastic/transport/lib/security.js:30:35
    at Array.forEach (&lt;anonymous&gt;)
    at doRedact (/usr/src/app/node_modules/@elastic/transport/lib/security.js:22:29)
    at /usr/src/app/node_modules/@elastic/transport/lib/security.js:36:33
    at Array.forEach (&lt;anonymous&gt;)
    at doRedact (/usr/src/app/node_modules/@elastic/transport/lib/security.js:22:29)</failure>
    </testcase>
    <testcase id="2024-04-03T14:26:41.222Z" name="IPv6 prefix with incorrect is_ipv6" file="node_v20.12.0: /free/aggregations/ip_prefix.yml" time="0">
      <failure message="Cannot convert undefined or null to object">TypeError: Cannot convert undefined or null to object
    at Function.entries (&lt;anonymous&gt;)
    at doRedact (/usr/src/app/node_modules/@elastic/transport/lib/security.js:22:16)
    at /usr/src/app/node_modules/@elastic/transport/lib/security.js:30:44
    at Array.map (&lt;anonymous&gt;)
    at /usr/src/app/node_modules/@elastic/transport/lib/security.js:30:35
    at Array.forEach (&lt;anonymous&gt;)
    at doRedact (/usr/src/app/node_modules/@elastic/transport/lib/security.js:22:29)
    at /usr/src/app/node_modules/@elastic/transport/lib/security.js:36:33
    at Array.forEach (&lt;anonymous&gt;)
    at doRedact (/usr/src/app/node_modules/@elastic/transport/lib/security.js:22:29)</failure>
    </testcase>
    <testcase id="2024-04-03T14:26:41.232Z" name="Invalid IPv4 prefix" file="node_v20.12.0: /free/aggregations/ip_prefix.yml" time="0">
      <failure message="Cannot convert undefined or null to object">TypeError: Cannot convert undefined or null to object
    at Function.entries (&lt;anonymous&gt;)
    at doRedact (/usr/src/app/node_modules/@elastic/transport/lib/security.js:22:16)
    at /usr/src/app/node_modules/@elastic/transport/lib/security.js:30:44
    at Array.map (&lt;anonymous&gt;)
    at /usr/src/app/node_modules/@elastic/transport/lib/security.js:30:35
    at Array.forEach (&lt;anonymous&gt;)
    at doRedact (/usr/src/app/node_modules/@elastic/transport/lib/security.js:22:29)
    at /usr/src/app/node_modules/@elastic/transport/lib/security.js:36:33
    at Array.forEach (&lt;anonymous&gt;)
    at doRedact (/usr/src/app/node_modules/@elastic/transport/lib/security.js:22:29)</failure>
    </testcase>
    <testcase id="2024-04-03T14:26:41.240Z" name="Invalid IPv6 prefix" file="node_v20.12.0: /free/aggregations/ip_prefix.yml" time="0">
      <failure message="Cannot convert undefined or null to object">TypeError: Cannot convert undefined or null to object
    at Function.entries (&lt;anonymous&gt;)
    at doRedact (/usr/src/app/node_modules/@elastic/transport/lib/security.js:22:16)
    at /usr/src/app/node_modules/@elastic/transport/lib/security.js:30:44
    at Array.map (&lt;anonymous&gt;)
    at /usr/src/app/node_modules/@elastic/transport/lib/security.js:30:35
    at Array.forEach (&lt;anonymous&gt;)
    at doRedact (/usr/src/app/node_modules/@elastic/transport/lib/security.js:22:29)
    at /usr/src/app/node_modules/@elastic/transport/lib/security.js:36:33
    at Array.forEach (&lt;anonymous&gt;)
    at doRedact (/usr/src/app/node_modules/@elastic/transport/lib/security.js:22:29)</failure>
    </testcase>
    <testcase id="2024-04-03T14:26:41.245Z" name="IPv4 prefix sub aggregation" file="node_v20.12.0: /free/aggregations/ip_prefix.yml" time="0">
      <failure message="Cannot convert undefined or null to object">TypeError: Cannot convert undefined or null to object
    at Function.entries (&lt;anonymous&gt;)
    at doRedact (/usr/src/app/node_modules/@elastic/transport/lib/security.js:22:16)
    at /usr/src/app/node_modules/@elastic/transport/lib/security.js:30:44
    at Array.map (&lt;anonymous&gt;)
    at /usr/src/app/node_modules/@elastic/transport/lib/security.js:30:35
    at Array.forEach (&lt;anonymous&gt;)
    at doRedact (/usr/src/app/node_modules/@elastic/transport/lib/security.js:22:29)
    at /usr/src/app/node_modules/@elastic/transport/lib/security.js:36:33
    at Array.forEach (&lt;anonymous&gt;)
    at doRedact (/usr/src/app/node_modules/@elastic/transport/lib/security.js:22:29)</failure>
    </testcase>
    <testcase id="2024-04-03T14:26:41.249Z" name="IPv6 prefix sub aggregation" file="node_v20.12.0: /free/aggregations/ip_prefix.yml" time="0">
      <failure message="Cannot convert undefined or null to object">TypeError: Cannot convert undefined or null to object
    at Function.entries (&lt;anonymous&gt;)
    at doRedact (/usr/src/app/node_modules/@elastic/transport/lib/security.js:22:16)
    at /usr/src/app/node_modules/@elastic/transport/lib/security.js:30:44
    at Array.map (&lt;anonymous&gt;)
    at /usr/src/app/node_modules/@elastic/transport/lib/security.js:30:35
    at Array.forEach (&lt;anonymous&gt;)
    at doRedact (/usr/src/app/node_modules/@elastic/transport/lib/security.js:22:29)
    at /usr/src/app/node_modules/@elastic/transport/lib/security.js:36:33
    at Array.forEach (&lt;anonymous&gt;)
    at doRedact (/usr/src/app/node_modules/@elastic/transport/lib/security.js:22:29)</failure>
    </testcase>
    <testcase id="2024-04-03T14:26:41.256Z" name="IPv6 prefix metric sub aggregation" file="node_v20.12.0: /free/aggregations/ip_prefix.yml" time="0">
      <failure message="Cannot convert undefined or null to object">TypeError: Cannot convert undefined or null to object
    at Function.entries (&lt;anonymous&gt;)
    at doRedact (/usr/src/app/node_modules/@elastic/transport/lib/security.js:22:16)
    at /usr/src/app/node_modules/@elastic/transport/lib/security.js:30:44
    at Array.map (&lt;anonymous&gt;)
    at /usr/src/app/node_modules/@elastic/transport/lib/security.js:30:35
    at Array.forEach (&lt;anonymous&gt;)
    at doRedact (/usr/src/app/node_modules/@elastic/transport/lib/security.js:22:29)
    at /usr/src/app/node_modules/@elastic/transport/lib/security.js:36:33
    at Array.forEach (&lt;anonymous&gt;)
    at doRedact (/usr/src/app/node_modules/@elastic/transport/lib/security.js:22:29)</failure>
    </testcase>
    <testcase id="2024-04-03T14:26:41.264Z" name="IPv4 prefix appended" file="node_v20.12.0: /free/aggregations/ip_prefix.yml" time="0">
      <failure message="Cannot convert undefined or null to object">TypeError: Cannot convert undefined or null to object
    at Function.entries (&lt;anonymous&gt;)
    at doRedact (/usr/src/app/node_modules/@elastic/transport/lib/security.js:22:16)
    at /usr/src/app/node_modules/@elastic/transport/lib/security.js:30:44
    at Array.map (&lt;anonymous&gt;)
    at /usr/src/app/node_modules/@elastic/transport/lib/security.js:30:35
    at Array.forEach (&lt;anonymous&gt;)
    at doRedact (/usr/src/app/node_modules/@elastic/transport/lib/security.js:22:29)
    at /usr/src/app/node_modules/@elastic/transport/lib/security.js:36:33
    at Array.forEach (&lt;anonymous&gt;)
    at doRedact (/usr/src/app/node_modules/@elastic/transport/lib/security.js:22:29)</failure>
    </testcase>
    <testcase id="2024-04-03T14:26:41.270Z" name="IPv6 prefix appended" file="node_v20.12.0: /free/aggregations/ip_prefix.yml" time="0">
      <failure message="Cannot convert undefined or null to object">TypeError: Cannot convert undefined or null to object
    at Function.entries (&lt;anonymous&gt;)
    at doRedact (/usr/src/app/node_modules/@elastic/transport/lib/security.js:22:16)
    at /usr/src/app/node_modules/@elastic/transport/lib/security.js:30:44
    at Array.map (&lt;anonymous&gt;)
    at /usr/src/app/node_modules/@elastic/transport/lib/security.js:30:35
    at Array.forEach (&lt;anonymous&gt;)
    at doRedact (/usr/src/app/node_modules/@elastic/transport/lib/security.js:22:29)
    at /usr/src/app/node_modules/@elastic/transport/lib/security.js:36:33
    at Array.forEach (&lt;anonymous&gt;)
    at doRedact (/usr/src/app/node_modules/@elastic/transport/lib/security.js:22:29)</failure>
    </testcase>
    <testcase id="2024-04-03T14:26:41.274Z" name="Mixed IPv4 and IPv6 with is_ipv6 false" file="node_v20.12.0: /free/aggregations/ip_prefix.yml" time="0">
      <failure message="Cannot convert undefined or null to object">TypeError: Cannot convert undefined or null to object
    at Function.entries (&lt;anonymous&gt;)
    at doRedact (/usr/src/app/node_modules/@elastic/transport/lib/security.js:22:16)
    at /usr/src/app/node_modules/@elastic/transport/lib/security.js:30:44
    at Array.map (&lt;anonymous&gt;)
    at /usr/src/app/node_modules/@elastic/transport/lib/security.js:30:35
    at Array.forEach (&lt;anonymous&gt;)
    at doRedact (/usr/src/app/node_modules/@elastic/transport/lib/security.js:22:29)
    at /usr/src/app/node_modules/@elastic/transport/lib/security.js:36:33
    at Array.forEach (&lt;anonymous&gt;)
    at doRedact (/usr/src/app/node_modules/@elastic/transport/lib/security.js:22:29)</failure>
    </testcase>
    <testcase id="2024-04-03T14:26:41.279Z" name="Mixed IPv4 and IPv6 with is_ipv6 true" file="node_v20.12.0: /free/aggregations/ip_prefix.yml" time="0">
      <failure message="Cannot convert undefined or null to object">TypeError: Cannot convert undefined or null to object
    at Function.entries (&lt;anonymous&gt;)
    at doRedact (/usr/src/app/node_modules/@elastic/transport/lib/security.js:22:16)
    at /usr/src/app/node_modules/@elastic/transport/lib/security.js:30:44
    at Array.map (&lt;anonymous&gt;)
    at /usr/src/app/node_modules/@elastic/transport/lib/security.js:30:35
    at Array.forEach (&lt;anonymous&gt;)
    at doRedact (/usr/src/app/node_modules/@elastic/transport/lib/security.js:22:29)
    at /usr/src/app/node_modules/@elastic/transport/lib/security.js:36:33
    at Array.forEach (&lt;anonymous&gt;)
    at doRedact (/usr/src/app/node_modules/@elastic/transport/lib/security.js:22:29)</failure>
    </testcase>
  </testsuite>
  <testsuite id="2024-04-03T14:26:41.283Z" name="free/aggregations - /free/aggregations/ip_range.yml" time="0" tests="3" failures="3" skipped="0">
    <testcase id="2024-04-03T14:26:41.283Z" name="IP range" file="node_v20.12.0: /free/aggregations/ip_range.yml" time="0">
      <failure message="Cannot convert undefined or null to object">TypeError: Cannot convert undefined or null to object
    at Function.entries (&lt;anonymous&gt;)
    at doRedact (/usr/src/app/node_modules/@elastic/transport/lib/security.js:22:16)
    at /usr/src/app/node_modules/@elastic/transport/lib/security.js:30:44
    at Array.map (&lt;anonymous&gt;)
    at /usr/src/app/node_modules/@elastic/transport/lib/security.js:30:35
    at Array.forEach (&lt;anonymous&gt;)
    at doRedact (/usr/src/app/node_modules/@elastic/transport/lib/security.js:22:29)
    at /usr/src/app/node_modules/@elastic/transport/lib/security.js:36:33
    at Array.forEach (&lt;anonymous&gt;)
    at doRedact (/usr/src/app/node_modules/@elastic/transport/lib/security.js:22:29)</failure>
    </testcase>
    <testcase id="2024-04-03T14:26:41.287Z" name="IP Range Key Generation" file="node_v20.12.0: /free/aggregations/ip_range.yml" time="0">
      <failure message="Cannot convert undefined or null to object">TypeError: Cannot convert undefined or null to object
    at Function.entries (&lt;anonymous&gt;)
    at doRedact (/usr/src/app/node_modules/@elastic/transport/lib/security.js:22:16)
    at /usr/src/app/node_modules/@elastic/transport/lib/security.js:30:44
    at Array.map (&lt;anonymous&gt;)
    at /usr/src/app/node_modules/@elastic/transport/lib/security.js:30:35
    at Array.forEach (&lt;anonymous&gt;)
    at doRedact (/usr/src/app/node_modules/@elastic/transport/lib/security.js:22:29)
    at /usr/src/app/node_modules/@elastic/transport/lib/security.js:36:33
    at Array.forEach (&lt;anonymous&gt;)
    at doRedact (/usr/src/app/node_modules/@elastic/transport/lib/security.js:22:29)</failure>
    </testcase>
    <testcase id="2024-04-03T14:26:41.292Z" name="IP Range avg_bucket" file="node_v20.12.0: /free/aggregations/ip_range.yml" time="0">
      <failure message="Cannot convert undefined or null to object">TypeError: Cannot convert undefined or null to object
    at Function.entries (&lt;anonymous&gt;)
    at doRedact (/usr/src/app/node_modules/@elastic/transport/lib/security.js:22:16)
    at /usr/src/app/node_modules/@elastic/transport/lib/security.js:30:44
    at Array.map (&lt;anonymous&gt;)
    at /usr/src/app/node_modules/@elastic/transport/lib/security.js:30:35
    at Array.forEach (&lt;anonymous&gt;)
    at doRedact (/usr/src/app/node_modules/@elastic/transport/lib/security.js:22:29)
    at /usr/src/app/node_modules/@elastic/transport/lib/security.js:36:33
    at Array.forEach (&lt;anonymous&gt;)
    at doRedact (/usr/src/app/node_modules/@elastic/transport/lib/security.js:22:29)</failure>
    </testcase>
  </testsuite>
  <testsuite id="2024-04-03T14:26:41.295Z" name="free/aggregations - /free/aggregations/matrix_stats.yml" time="0" tests="1" failures="0" skipped="0">
    <testcase id="2024-04-03T14:26:41.295Z" name="Empty Bucket Aggregation" file="node_v20.12.0: /free/aggregations/matrix_stats.yml" time="0"/>
  </testsuite>
  <testsuite id="2024-04-03T14:26:41.733Z" name="free/aggregations - /free/aggregations/matrix_stats_multi_value_field.yml" time="3" tests="7" failures="2" skipped="4">
    <testcase id="2024-04-03T14:26:41.733Z" name="Unmapped" file="node_v20.12.0: /free/aggregations/matrix_stats_multi_value_field.yml" time="1"/>
    <testcase id="2024-04-03T14:26:42.252Z" name="Multi value field Max" file="node_v20.12.0: /free/aggregations/matrix_stats_multi_value_field.yml" time="1">
      <skipped>{
  "features": [
    "close_to"
  ]
}</skipped>
    </testcase>
    <testcase id="2024-04-03T14:26:42.804Z" name="Multi value field Min" file="node_v20.12.0: /free/aggregations/matrix_stats_multi_value_field.yml" time="1">
      <skipped>{
  "features": [
    "close_to"
  ]
}</skipped>
    </testcase>
    <testcase id="2024-04-03T14:26:43.371Z" name="Partially unmapped" file="node_v20.12.0: /free/aggregations/matrix_stats_multi_value_field.yml" time="0">
      <skipped>{
  "features": [
    "close_to"
  ]
}</skipped>
    </testcase>
    <testcase id="2024-04-03T14:26:43.857Z" name="Partially unmapped with missing defaults" file="node_v20.12.0: /free/aggregations/matrix_stats_multi_value_field.yml" time="1">
      <skipped>{
  "features": [
    "close_to"
  ]
}</skipped>
    </testcase>
    <testcase id="2024-04-03T14:26:44.403Z" name="With script" file="node_v20.12.0: /free/aggregations/matrix_stats_multi_value_field.yml" time="0">
      <failure message="the error should match: /parsing_exception/, found undefined: expected false to be truthy">AssertionError: the error should match: /parsing_exception/, found undefined: expected false to be truthy
    at doAction (/usr/src/app/test/integration/test-runner.js:544:14)
    at process.processTicksAndRejections (node:internal/process/task_queues:95:5)
    at async exec (/usr/src/app/test/integration/test-runner.js:578:9)
    at async Object.run (/usr/src/app/test/integration/test-runner.js:316:5)
    at async start (/usr/src/app/test/integration/index.js:331:11)</failure>
    </testcase>
    <testcase id="2024-04-03T14:26:44.563Z" name="With script params" file="node_v20.12.0: /free/aggregations/matrix_stats_multi_value_field.yml" time="0">
      <failure message="Cannot convert undefined or null to object">TypeError: Cannot convert undefined or null to object
    at Function.entries (&lt;anonymous&gt;)
    at doRedact (/usr/src/app/node_modules/@elastic/transport/lib/security.js:22:16)
    at /usr/src/app/node_modules/@elastic/transport/lib/security.js:30:44
    at Array.map (&lt;anonymous&gt;)
    at /usr/src/app/node_modules/@elastic/transport/lib/security.js:30:35
    at Array.forEach (&lt;anonymous&gt;)
    at doRedact (/usr/src/app/node_modules/@elastic/transport/lib/security.js:22:29)
    at /usr/src/app/node_modules/@elastic/transport/lib/security.js:36:33
    at Array.forEach (&lt;anonymous&gt;)
    at doRedact (/usr/src/app/node_modules/@elastic/transport/lib/security.js:22:29)</failure>
    </testcase>
  </testsuite>
  <testsuite id="2024-04-03T14:26:44.572Z" name="free/aggregations - /free/aggregations/matrix_stats_single_value_field.yml" time="0" tests="6" failures="6" skipped="0">
    <testcase id="2024-04-03T14:26:44.572Z" name="Unmapped" file="node_v20.12.0: /free/aggregations/matrix_stats_single_value_field.yml" time="0">
      <failure message="Cannot convert undefined or null to object">TypeError: Cannot convert undefined or null to object
    at Function.entries (&lt;anonymous&gt;)
    at doRedact (/usr/src/app/node_modules/@elastic/transport/lib/security.js:22:16)
    at /usr/src/app/node_modules/@elastic/transport/lib/security.js:30:44
    at Array.map (&lt;anonymous&gt;)
    at /usr/src/app/node_modules/@elastic/transport/lib/security.js:30:35
    at Array.forEach (&lt;anonymous&gt;)
    at doRedact (/usr/src/app/node_modules/@elastic/transport/lib/security.js:22:29)
    at /usr/src/app/node_modules/@elastic/transport/lib/security.js:36:33
    at Array.forEach (&lt;anonymous&gt;)
    at doRedact (/usr/src/app/node_modules/@elastic/transport/lib/security.js:22:29)</failure>
    </testcase>
    <testcase id="2024-04-03T14:26:44.577Z" name="Single value field" file="node_v20.12.0: /free/aggregations/matrix_stats_single_value_field.yml" time="0">
      <failure message="Cannot convert undefined or null to object">TypeError: Cannot convert undefined or null to object
    at Function.entries (&lt;anonymous&gt;)
    at doRedact (/usr/src/app/node_modules/@elastic/transport/lib/security.js:22:16)
    at /usr/src/app/node_modules/@elastic/transport/lib/security.js:30:44
    at Array.map (&lt;anonymous&gt;)
    at /usr/src/app/node_modules/@elastic/transport/lib/security.js:30:35
    at Array.forEach (&lt;anonymous&gt;)
    at doRedact (/usr/src/app/node_modules/@elastic/transport/lib/security.js:22:29)
    at /usr/src/app/node_modules/@elastic/transport/lib/security.js:36:33
    at Array.forEach (&lt;anonymous&gt;)
    at doRedact (/usr/src/app/node_modules/@elastic/transport/lib/security.js:22:29)</failure>
    </testcase>
    <testcase id="2024-04-03T14:26:44.581Z" name="Partially unmapped" file="node_v20.12.0: /free/aggregations/matrix_stats_single_value_field.yml" time="0">
      <failure message="Cannot convert undefined or null to object">TypeError: Cannot convert undefined or null to object
    at Function.entries (&lt;anonymous&gt;)
    at doRedact (/usr/src/app/node_modules/@elastic/transport/lib/security.js:22:16)
    at /usr/src/app/node_modules/@elastic/transport/lib/security.js:30:44
    at Array.map (&lt;anonymous&gt;)
    at /usr/src/app/node_modules/@elastic/transport/lib/security.js:30:35
    at Array.forEach (&lt;anonymous&gt;)
    at doRedact (/usr/src/app/node_modules/@elastic/transport/lib/security.js:22:29)
    at /usr/src/app/node_modules/@elastic/transport/lib/security.js:36:33
    at Array.forEach (&lt;anonymous&gt;)
    at doRedact (/usr/src/app/node_modules/@elastic/transport/lib/security.js:22:29)</failure>
    </testcase>
    <testcase id="2024-04-03T14:26:44.586Z" name="Partially unmapped with missing default" file="node_v20.12.0: /free/aggregations/matrix_stats_single_value_field.yml" time="0">
      <failure message="Cannot convert undefined or null to object">TypeError: Cannot convert undefined or null to object
    at Function.entries (&lt;anonymous&gt;)
    at doRedact (/usr/src/app/node_modules/@elastic/transport/lib/security.js:22:16)
    at /usr/src/app/node_modules/@elastic/transport/lib/security.js:30:44
    at Array.map (&lt;anonymous&gt;)
    at /usr/src/app/node_modules/@elastic/transport/lib/security.js:30:35
    at Array.forEach (&lt;anonymous&gt;)
    at doRedact (/usr/src/app/node_modules/@elastic/transport/lib/security.js:22:29)
    at /usr/src/app/node_modules/@elastic/transport/lib/security.js:36:33
    at Array.forEach (&lt;anonymous&gt;)
    at doRedact (/usr/src/app/node_modules/@elastic/transport/lib/security.js:22:29)</failure>
    </testcase>
    <testcase id="2024-04-03T14:26:44.590Z" name="With script" file="node_v20.12.0: /free/aggregations/matrix_stats_single_value_field.yml" time="0">
      <failure message="Cannot convert undefined or null to object">TypeError: Cannot convert undefined or null to object
    at Function.entries (&lt;anonymous&gt;)
    at doRedact (/usr/src/app/node_modules/@elastic/transport/lib/security.js:22:16)
    at /usr/src/app/node_modules/@elastic/transport/lib/security.js:30:44
    at Array.map (&lt;anonymous&gt;)
    at /usr/src/app/node_modules/@elastic/transport/lib/security.js:30:35
    at Array.forEach (&lt;anonymous&gt;)
    at doRedact (/usr/src/app/node_modules/@elastic/transport/lib/security.js:22:29)
    at /usr/src/app/node_modules/@elastic/transport/lib/security.js:36:33
    at Array.forEach (&lt;anonymous&gt;)
    at doRedact (/usr/src/app/node_modules/@elastic/transport/lib/security.js:22:29)</failure>
    </testcase>
    <testcase id="2024-04-03T14:26:44.594Z" name="With script params" file="node_v20.12.0: /free/aggregations/matrix_stats_single_value_field.yml" time="0">
      <failure message="Cannot convert undefined or null to object">TypeError: Cannot convert undefined or null to object
    at Function.entries (&lt;anonymous&gt;)
    at doRedact (/usr/src/app/node_modules/@elastic/transport/lib/security.js:22:16)
    at /usr/src/app/node_modules/@elastic/transport/lib/security.js:30:44
    at Array.map (&lt;anonymous&gt;)
    at /usr/src/app/node_modules/@elastic/transport/lib/security.js:30:35
    at Array.forEach (&lt;anonymous&gt;)
    at doRedact (/usr/src/app/node_modules/@elastic/transport/lib/security.js:22:29)
    at /usr/src/app/node_modules/@elastic/transport/lib/security.js:36:33
    at Array.forEach (&lt;anonymous&gt;)
    at doRedact (/usr/src/app/node_modules/@elastic/transport/lib/security.js:22:29)</failure>
    </testcase>
  </testsuite>
  <testsuite id="2024-04-03T14:26:44.599Z" name="free/aggregations - /free/aggregations/max_bucket.yml" time="4" tests="9" failures="1" skipped="0">
    <testcase id="2024-04-03T14:26:44.599Z" name="basic" file="node_v20.12.0: /free/aggregations/max_bucket.yml" time="0"/>
    <testcase id="2024-04-03T14:26:45.056Z" name="format" file="node_v20.12.0: /free/aggregations/max_bucket.yml" time="0"/>
    <testcase id="2024-04-03T14:26:45.505Z" name="gap_policy=skip" file="node_v20.12.0: /free/aggregations/max_bucket.yml" time="0"/>
    <testcase id="2024-04-03T14:26:45.945Z" name="gap_policy=insert_zeros" file="node_v20.12.0: /free/aggregations/max_bucket.yml" time="0"/>
    <testcase id="2024-04-03T14:26:46.428Z" name="gap_policy=keep_value" file="node_v20.12.0: /free/aggregations/max_bucket.yml" time="0"/>
    <testcase id="2024-04-03T14:26:46.918Z" name="dotted name" file="node_v20.12.0: /free/aggregations/max_bucket.yml" time="0"/>
    <testcase id="2024-04-03T14:26:47.389Z" name="dotted value" file="node_v20.12.0: /free/aggregations/max_bucket.yml" time="1"/>
    <testcase id="2024-04-03T14:26:47.921Z" name="no results" file="node_v20.12.0: /free/aggregations/max_bucket.yml" time="1"/>
    <testcase id="2024-04-03T14:26:48.433Z" name="bad path" file="node_v20.12.0: /free/aggregations/max_bucket.yml" time="0">
      <failure message="the error should match: /Validation Failed: 1: No aggregation \[v\] found for path \[@timestamp&gt;v\];/, found undefined: expected false to be truthy">AssertionError: the error should match: /Validation Failed: 1: No aggregation \[v\] found for path \[@timestamp&gt;v\];/, found undefined: expected false to be truthy
    at doAction (/usr/src/app/test/integration/test-runner.js:544:14)
    at process.processTicksAndRejections (node:internal/process/task_queues:95:5)
    at async exec (/usr/src/app/test/integration/test-runner.js:578:9)
    at async Object.run (/usr/src/app/test/integration/test-runner.js:316:5)
    at async start (/usr/src/app/test/integration/index.js:331:11)</failure>
    </testcase>
  </testsuite>
  <testsuite id="2024-04-03T14:26:48.624Z" name="free/aggregations - /free/aggregations/max_buckets.yml" time="0" tests="1" failures="1" skipped="0">
    <testcase id="2024-04-03T14:26:48.624Z" name="Max bucket" file="node_v20.12.0: /free/aggregations/max_buckets.yml" time="0">
      <failure message="the error should match: /.*Trying to create too many buckets.*/, found undefined: expected false to be truthy">AssertionError: the error should match: /.*Trying to create too many buckets.*/, found undefined: expected false to be truthy
    at doAction (/usr/src/app/test/integration/test-runner.js:544:14)
    at process.processTicksAndRejections (node:internal/process/task_queues:95:5)
    at async exec (/usr/src/app/test/integration/test-runner.js:578:9)
    at async Object.run (/usr/src/app/test/integration/test-runner.js:316:5)
    at async start (/usr/src/app/test/integration/index.js:331:11)</failure>
    </testcase>
  </testsuite>
  <testsuite id="2024-04-03T14:26:48.748Z" name="free/aggregations - /free/aggregations/max_metric.yml" time="4" tests="11" failures="5" skipped="0">
    <testcase id="2024-04-03T14:26:48.748Z" name="Basic test" file="node_v20.12.0: /free/aggregations/max_metric.yml" time="0"/>
    <testcase id="2024-04-03T14:26:49.239Z" name="Only aggs test" file="node_v20.12.0: /free/aggregations/max_metric.yml" time="1"/>
    <testcase id="2024-04-03T14:26:49.772Z" name="Filtered test" file="node_v20.12.0: /free/aggregations/max_metric.yml" time="1"/>
    <testcase id="2024-04-03T14:26:50.349Z" name="Missing field with missing param" file="node_v20.12.0: /free/aggregations/max_metric.yml" time="1"/>
    <testcase id="2024-04-03T14:26:50.954Z" name="Missing field without missing param" file="node_v20.12.0: /free/aggregations/max_metric.yml" time="1"/>
    <testcase id="2024-04-03T14:26:51.470Z" name="Metadata test" file="node_v20.12.0: /free/aggregations/max_metric.yml" time="1"/>
    <testcase id="2024-04-03T14:26:52.036Z" name="Aggregating wrong datatype test" file="node_v20.12.0: /free/aggregations/max_metric.yml" time="0">
      <failure message="the error should match: bad_request, found undefined: expected false to be truthy">AssertionError: the error should match: bad_request, found undefined: expected false to be truthy
    at doAction (/usr/src/app/test/integration/test-runner.js:544:14)
    at process.processTicksAndRejections (node:internal/process/task_queues:95:5)
    at async exec (/usr/src/app/test/integration/test-runner.js:578:9)
    at async Object.run (/usr/src/app/test/integration/test-runner.js:316:5)
    at async start (/usr/src/app/test/integration/index.js:331:11)</failure>
    </testcase>
    <testcase id="2024-04-03T14:26:52.250Z" name="Merging results with unmapped fields" file="node_v20.12.0: /free/aggregations/max_metric.yml" time="0">
      <failure message="Cannot convert undefined or null to object">TypeError: Cannot convert undefined or null to object
    at Function.entries (&lt;anonymous&gt;)
    at doRedact (/usr/src/app/node_modules/@elastic/transport/lib/security.js:22:16)
    at /usr/src/app/node_modules/@elastic/transport/lib/security.js:30:44
    at Array.map (&lt;anonymous&gt;)
    at /usr/src/app/node_modules/@elastic/transport/lib/security.js:30:35
    at Array.forEach (&lt;anonymous&gt;)
    at doRedact (/usr/src/app/node_modules/@elastic/transport/lib/security.js:22:29)
    at /usr/src/app/node_modules/@elastic/transport/lib/security.js:36:33
    at Array.forEach (&lt;anonymous&gt;)
    at doRedact (/usr/src/app/node_modules/@elastic/transport/lib/security.js:22:29)</failure>
    </testcase>
    <testcase id="2024-04-03T14:26:52.256Z" name="Counter field" file="node_v20.12.0: /free/aggregations/max_metric.yml" time="0">
      <failure message="Cannot convert undefined or null to object">TypeError: Cannot convert undefined or null to object
    at Function.entries (&lt;anonymous&gt;)
    at doRedact (/usr/src/app/node_modules/@elastic/transport/lib/security.js:22:16)
    at /usr/src/app/node_modules/@elastic/transport/lib/security.js:30:44
    at Array.map (&lt;anonymous&gt;)
    at /usr/src/app/node_modules/@elastic/transport/lib/security.js:30:35
    at Array.forEach (&lt;anonymous&gt;)
    at doRedact (/usr/src/app/node_modules/@elastic/transport/lib/security.js:22:29)
    at /usr/src/app/node_modules/@elastic/transport/lib/security.js:36:33
    at Array.forEach (&lt;anonymous&gt;)
    at doRedact (/usr/src/app/node_modules/@elastic/transport/lib/security.js:22:29)</failure>
    </testcase>
    <testcase id="2024-04-03T14:26:52.260Z" name="Partially unmapped" file="node_v20.12.0: /free/aggregations/max_metric.yml" time="0">
      <failure message="Cannot convert undefined or null to object">TypeError: Cannot convert undefined or null to object
    at Function.entries (&lt;anonymous&gt;)
    at doRedact (/usr/src/app/node_modules/@elastic/transport/lib/security.js:22:16)
    at /usr/src/app/node_modules/@elastic/transport/lib/security.js:30:44
    at Array.map (&lt;anonymous&gt;)
    at /usr/src/app/node_modules/@elastic/transport/lib/security.js:30:35
    at Array.forEach (&lt;anonymous&gt;)
    at doRedact (/usr/src/app/node_modules/@elastic/transport/lib/security.js:22:29)
    at /usr/src/app/node_modules/@elastic/transport/lib/security.js:36:33
    at Array.forEach (&lt;anonymous&gt;)
    at doRedact (/usr/src/app/node_modules/@elastic/transport/lib/security.js:22:29)</failure>
    </testcase>
    <testcase id="2024-04-03T14:26:52.264Z" name="Partially unmapped with missing" file="node_v20.12.0: /free/aggregations/max_metric.yml" time="0">
      <failure message="Cannot convert undefined or null to object">TypeError: Cannot convert undefined or null to object
    at Function.entries (&lt;anonymous&gt;)
    at doRedact (/usr/src/app/node_modules/@elastic/transport/lib/security.js:22:16)
    at /usr/src/app/node_modules/@elastic/transport/lib/security.js:30:44
    at Array.map (&lt;anonymous&gt;)
    at /usr/src/app/node_modules/@elastic/transport/lib/security.js:30:35
    at Array.forEach (&lt;anonymous&gt;)
    at doRedact (/usr/src/app/node_modules/@elastic/transport/lib/security.js:22:29)
    at /usr/src/app/node_modules/@elastic/transport/lib/security.js:36:33
    at Array.forEach (&lt;anonymous&gt;)
    at doRedact (/usr/src/app/node_modules/@elastic/transport/lib/security.js:22:29)</failure>
    </testcase>
  </testsuite>
  <testsuite id="2024-04-03T14:26:52.268Z" name="free/aggregations - /free/aggregations/median_absolute_deviation_metric.yml" time="0" tests="6" failures="6" skipped="0">
    <testcase id="2024-04-03T14:26:52.268Z" name="basic test" file="node_v20.12.0: /free/aggregations/median_absolute_deviation_metric.yml" time="0">
      <failure message="should be equal: 8 - 3, action: {&quot;hits.total&quot;:3}: expected 8 to equal 3">AssertionError: should be equal: 8 - 3, action: {"hits.total":3}: expected 8 to equal 3
    at match (/usr/src/app/test/integration/test-runner.js:746:14)
    at exec (/usr/src/app/test/integration/test-runner.js:594:9)
    at process.processTicksAndRejections (node:internal/process/task_queues:95:5)
    at async Object.run (/usr/src/app/test/integration/test-runner.js:316:5)
    at async start (/usr/src/app/test/integration/index.js:331:11)</failure>
    </testcase>
    <testcase id="2024-04-03T14:26:52.356Z" name="with setting compression" file="node_v20.12.0: /free/aggregations/median_absolute_deviation_metric.yml" time="0">
      <failure message="Cannot convert undefined or null to object">TypeError: Cannot convert undefined or null to object
    at Function.entries (&lt;anonymous&gt;)
    at doRedact (/usr/src/app/node_modules/@elastic/transport/lib/security.js:22:16)
    at /usr/src/app/node_modules/@elastic/transport/lib/security.js:30:44
    at Array.map (&lt;anonymous&gt;)
    at /usr/src/app/node_modules/@elastic/transport/lib/security.js:30:35
    at Array.forEach (&lt;anonymous&gt;)
    at doRedact (/usr/src/app/node_modules/@elastic/transport/lib/security.js:22:29)
    at /usr/src/app/node_modules/@elastic/transport/lib/security.js:36:33
    at Array.forEach (&lt;anonymous&gt;)
    at doRedact (/usr/src/app/node_modules/@elastic/transport/lib/security.js:22:29)</failure>
    </testcase>
    <testcase id="2024-04-03T14:26:52.365Z" name="with execution hint" file="node_v20.12.0: /free/aggregations/median_absolute_deviation_metric.yml" time="0">
      <failure message="Cannot convert undefined or null to object">TypeError: Cannot convert undefined or null to object
    at Function.entries (&lt;anonymous&gt;)
    at doRedact (/usr/src/app/node_modules/@elastic/transport/lib/security.js:22:16)
    at /usr/src/app/node_modules/@elastic/transport/lib/security.js:30:44
    at Array.map (&lt;anonymous&gt;)
    at /usr/src/app/node_modules/@elastic/transport/lib/security.js:30:35
    at Array.forEach (&lt;anonymous&gt;)
    at doRedact (/usr/src/app/node_modules/@elastic/transport/lib/security.js:22:29)
    at /usr/src/app/node_modules/@elastic/transport/lib/security.js:36:33
    at Array.forEach (&lt;anonymous&gt;)
    at doRedact (/usr/src/app/node_modules/@elastic/transport/lib/security.js:22:29)</failure>
    </testcase>
    <testcase id="2024-04-03T14:26:52.376Z" name="no documents" file="node_v20.12.0: /free/aggregations/median_absolute_deviation_metric.yml" time="0">
      <failure message="Cannot convert undefined or null to object">TypeError: Cannot convert undefined or null to object
    at Function.entries (&lt;anonymous&gt;)
    at doRedact (/usr/src/app/node_modules/@elastic/transport/lib/security.js:22:16)
    at /usr/src/app/node_modules/@elastic/transport/lib/security.js:30:44
    at Array.map (&lt;anonymous&gt;)
    at /usr/src/app/node_modules/@elastic/transport/lib/security.js:30:35
    at Array.forEach (&lt;anonymous&gt;)
    at doRedact (/usr/src/app/node_modules/@elastic/transport/lib/security.js:22:29)
    at /usr/src/app/node_modules/@elastic/transport/lib/security.js:36:33
    at Array.forEach (&lt;anonymous&gt;)
    at doRedact (/usr/src/app/node_modules/@elastic/transport/lib/security.js:22:29)</failure>
    </testcase>
    <testcase id="2024-04-03T14:26:52.382Z" name="missing value" file="node_v20.12.0: /free/aggregations/median_absolute_deviation_metric.yml" time="0">
      <failure message="Cannot convert undefined or null to object">TypeError: Cannot convert undefined or null to object
    at Function.entries (&lt;anonymous&gt;)
    at doRedact (/usr/src/app/node_modules/@elastic/transport/lib/security.js:22:16)
    at /usr/src/app/node_modules/@elastic/transport/lib/security.js:30:44
    at Array.map (&lt;anonymous&gt;)
    at /usr/src/app/node_modules/@elastic/transport/lib/security.js:30:35
    at Array.forEach (&lt;anonymous&gt;)
    at doRedact (/usr/src/app/node_modules/@elastic/transport/lib/security.js:22:29)
    at /usr/src/app/node_modules/@elastic/transport/lib/security.js:36:33
    at Array.forEach (&lt;anonymous&gt;)
    at doRedact (/usr/src/app/node_modules/@elastic/transport/lib/security.js:22:29)</failure>
    </testcase>
    <testcase id="2024-04-03T14:26:52.387Z" name="bad arguments" file="node_v20.12.0: /free/aggregations/median_absolute_deviation_metric.yml" time="0">
      <failure message="Cannot convert undefined or null to object">TypeError: Cannot convert undefined or null to object
    at Function.entries (&lt;anonymous&gt;)
    at doRedact (/usr/src/app/node_modules/@elastic/transport/lib/security.js:22:16)
    at /usr/src/app/node_modules/@elastic/transport/lib/security.js:30:44
    at Array.map (&lt;anonymous&gt;)
    at /usr/src/app/node_modules/@elastic/transport/lib/security.js:30:35
    at Array.forEach (&lt;anonymous&gt;)
    at doRedact (/usr/src/app/node_modules/@elastic/transport/lib/security.js:22:29)
    at /usr/src/app/node_modules/@elastic/transport/lib/security.js:36:33
    at Array.forEach (&lt;anonymous&gt;)
    at doRedact (/usr/src/app/node_modules/@elastic/transport/lib/security.js:22:29)</failure>
    </testcase>
  </testsuite>
  <testsuite id="2024-04-03T14:26:52.393Z" name="free/aggregations - /free/aggregations/min_bucket.yml" time="4" tests="9" failures="1" skipped="0">
    <testcase id="2024-04-03T14:26:52.393Z" name="basic" file="node_v20.12.0: /free/aggregations/min_bucket.yml" time="1"/>
    <testcase id="2024-04-03T14:26:52.931Z" name="format" file="node_v20.12.0: /free/aggregations/min_bucket.yml" time="0"/>
    <testcase id="2024-04-03T14:26:53.417Z" name="gap_policy=skip" file="node_v20.12.0: /free/aggregations/min_bucket.yml" time="1"/>
    <testcase id="2024-04-03T14:26:53.970Z" name="gap_policy=insert_zeros" file="node_v20.12.0: /free/aggregations/min_bucket.yml" time="0"/>
    <testcase id="2024-04-03T14:26:54.459Z" name="gap_policy=keep_value" file="node_v20.12.0: /free/aggregations/min_bucket.yml" time="1"/>
    <testcase id="2024-04-03T14:26:54.995Z" name="dotted name" file="node_v20.12.0: /free/aggregations/min_bucket.yml" time="0"/>
    <testcase id="2024-04-03T14:26:55.492Z" name="dotted value" file="node_v20.12.0: /free/aggregations/min_bucket.yml" time="0"/>
    <testcase id="2024-04-03T14:26:55.986Z" name="no results" file="node_v20.12.0: /free/aggregations/min_bucket.yml" time="0"/>
    <testcase id="2024-04-03T14:26:56.464Z" name="bad path" file="node_v20.12.0: /free/aggregations/min_bucket.yml" time="0">
      <failure message="the error should match: /Validation Failed: 1: No aggregation \[v\] found for path \[@timestamp&gt;v\];/, found undefined: expected false to be truthy">AssertionError: the error should match: /Validation Failed: 1: No aggregation \[v\] found for path \[@timestamp&gt;v\];/, found undefined: expected false to be truthy
    at doAction (/usr/src/app/test/integration/test-runner.js:544:14)
    at process.processTicksAndRejections (node:internal/process/task_queues:95:5)
    at async exec (/usr/src/app/test/integration/test-runner.js:578:9)
    at async Object.run (/usr/src/app/test/integration/test-runner.js:316:5)
    at async start (/usr/src/app/test/integration/index.js:331:11)</failure>
    </testcase>
  </testsuite>
  <testsuite id="2024-04-03T14:26:56.635Z" name="free/aggregations - /free/aggregations/min_metric.yml" time="3" tests="10" failures="4" skipped="0">
    <testcase id="2024-04-03T14:26:56.635Z" name="Basic test" file="node_v20.12.0: /free/aggregations/min_metric.yml" time="0"/>
    <testcase id="2024-04-03T14:26:57.090Z" name="Only aggs test" file="node_v20.12.0: /free/aggregations/min_metric.yml" time="1"/>
    <testcase id="2024-04-03T14:26:57.592Z" name="Filtered test" file="node_v20.12.0: /free/aggregations/min_metric.yml" time="1"/>
    <testcase id="2024-04-03T14:26:58.097Z" name="Missing field with missing param" file="node_v20.12.0: /free/aggregations/min_metric.yml" time="1"/>
    <testcase id="2024-04-03T14:26:58.614Z" name="Missing field without missing param" file="node_v20.12.0: /free/aggregations/min_metric.yml" time="0"/>
    <testcase id="2024-04-03T14:26:59.093Z" name="Metadata test" file="node_v20.12.0: /free/aggregations/min_metric.yml" time="0"/>
    <testcase id="2024-04-03T14:26:59.548Z" name="Aggregating wrong datatype test" file="node_v20.12.0: /free/aggregations/min_metric.yml" time="0">
      <failure message="the error should match: bad_request, found undefined: expected false to be truthy">AssertionError: the error should match: bad_request, found undefined: expected false to be truthy
    at doAction (/usr/src/app/test/integration/test-runner.js:544:14)
    at process.processTicksAndRejections (node:internal/process/task_queues:95:5)
    at async exec (/usr/src/app/test/integration/test-runner.js:578:9)
    at async Object.run (/usr/src/app/test/integration/test-runner.js:316:5)
    at async start (/usr/src/app/test/integration/index.js:331:11)</failure>
    </testcase>
    <testcase id="2024-04-03T14:26:59.715Z" name="Counter field" file="node_v20.12.0: /free/aggregations/min_metric.yml" time="0">
      <failure message="Cannot convert undefined or null to object">TypeError: Cannot convert undefined or null to object
    at Function.entries (&lt;anonymous&gt;)
    at doRedact (/usr/src/app/node_modules/@elastic/transport/lib/security.js:22:16)
    at /usr/src/app/node_modules/@elastic/transport/lib/security.js:30:44
    at Array.map (&lt;anonymous&gt;)
    at /usr/src/app/node_modules/@elastic/transport/lib/security.js:30:35
    at Array.forEach (&lt;anonymous&gt;)
    at doRedact (/usr/src/app/node_modules/@elastic/transport/lib/security.js:22:29)
    at /usr/src/app/node_modules/@elastic/transport/lib/security.js:36:33
    at Array.forEach (&lt;anonymous&gt;)
    at doRedact (/usr/src/app/node_modules/@elastic/transport/lib/security.js:22:29)</failure>
    </testcase>
    <testcase id="2024-04-03T14:26:59.725Z" name="Partially unmapped" file="node_v20.12.0: /free/aggregations/min_metric.yml" time="0">
      <failure message="Cannot convert undefined or null to object">TypeError: Cannot convert undefined or null to object
    at Function.entries (&lt;anonymous&gt;)
    at doRedact (/usr/src/app/node_modules/@elastic/transport/lib/security.js:22:16)
    at /usr/src/app/node_modules/@elastic/transport/lib/security.js:30:44
    at Array.map (&lt;anonymous&gt;)
    at /usr/src/app/node_modules/@elastic/transport/lib/security.js:30:35
    at Array.forEach (&lt;anonymous&gt;)
    at doRedact (/usr/src/app/node_modules/@elastic/transport/lib/security.js:22:29)
    at /usr/src/app/node_modules/@elastic/transport/lib/security.js:36:33
    at Array.forEach (&lt;anonymous&gt;)
    at doRedact (/usr/src/app/node_modules/@elastic/transport/lib/security.js:22:29)</failure>
    </testcase>
    <testcase id="2024-04-03T14:26:59.734Z" name="Partially unmapped with missing" file="node_v20.12.0: /free/aggregations/min_metric.yml" time="0">
      <failure message="Cannot convert undefined or null to object">TypeError: Cannot convert undefined or null to object
    at Function.entries (&lt;anonymous&gt;)
    at doRedact (/usr/src/app/node_modules/@elastic/transport/lib/security.js:22:16)
    at /usr/src/app/node_modules/@elastic/transport/lib/security.js:30:44
    at Array.map (&lt;anonymous&gt;)
    at /usr/src/app/node_modules/@elastic/transport/lib/security.js:30:35
    at Array.forEach (&lt;anonymous&gt;)
    at doRedact (/usr/src/app/node_modules/@elastic/transport/lib/security.js:22:29)
    at /usr/src/app/node_modules/@elastic/transport/lib/security.js:36:33
    at Array.forEach (&lt;anonymous&gt;)
    at doRedact (/usr/src/app/node_modules/@elastic/transport/lib/security.js:22:29)</failure>
    </testcase>
  </testsuite>
  <testsuite id="2024-04-03T14:26:59.741Z" name="free/aggregations - /free/aggregations/missing.yml" time="0" tests="4" failures="4" skipped="0">
    <testcase id="2024-04-03T14:26:59.741Z" name="match all" file="node_v20.12.0: /free/aggregations/missing.yml" time="0">
      <failure message="should be equal: 8 - 3, action: {&quot;hits.total&quot;:3}: expected 8 to equal 3">AssertionError: should be equal: 8 - 3, action: {"hits.total":3}: expected 8 to equal 3
    at match (/usr/src/app/test/integration/test-runner.js:746:14)
    at exec (/usr/src/app/test/integration/test-runner.js:594:9)
    at process.processTicksAndRejections (node:internal/process/task_queues:95:5)
    at async Object.run (/usr/src/app/test/integration/test-runner.js:316:5)
    at async start (/usr/src/app/test/integration/index.js:331:11)</failure>
    </testcase>
    <testcase id="2024-04-03T14:26:59.833Z" name="match some" file="node_v20.12.0: /free/aggregations/missing.yml" time="0">
      <failure message="Cannot convert undefined or null to object">TypeError: Cannot convert undefined or null to object
    at Function.entries (&lt;anonymous&gt;)
    at doRedact (/usr/src/app/node_modules/@elastic/transport/lib/security.js:22:16)
    at /usr/src/app/node_modules/@elastic/transport/lib/security.js:30:44
    at Array.map (&lt;anonymous&gt;)
    at /usr/src/app/node_modules/@elastic/transport/lib/security.js:30:35
    at Array.forEach (&lt;anonymous&gt;)
    at doRedact (/usr/src/app/node_modules/@elastic/transport/lib/security.js:22:29)
    at /usr/src/app/node_modules/@elastic/transport/lib/security.js:36:33
    at Array.forEach (&lt;anonymous&gt;)
    at doRedact (/usr/src/app/node_modules/@elastic/transport/lib/security.js:22:29)</failure>
    </testcase>
    <testcase id="2024-04-03T14:26:59.841Z" name="match none" file="node_v20.12.0: /free/aggregations/missing.yml" time="0">
      <failure message="Cannot convert undefined or null to object">TypeError: Cannot convert undefined or null to object
    at Function.entries (&lt;anonymous&gt;)
    at doRedact (/usr/src/app/node_modules/@elastic/transport/lib/security.js:22:16)
    at /usr/src/app/node_modules/@elastic/transport/lib/security.js:30:44
    at Array.map (&lt;anonymous&gt;)
    at /usr/src/app/node_modules/@elastic/transport/lib/security.js:30:35
    at Array.forEach (&lt;anonymous&gt;)
    at doRedact (/usr/src/app/node_modules/@elastic/transport/lib/security.js:22:29)
    at /usr/src/app/node_modules/@elastic/transport/lib/security.js:36:33
    at Array.forEach (&lt;anonymous&gt;)
    at doRedact (/usr/src/app/node_modules/@elastic/transport/lib/security.js:22:29)</failure>
    </testcase>
    <testcase id="2024-04-03T14:26:59.846Z" name="missing param" file="node_v20.12.0: /free/aggregations/missing.yml" time="0">
      <failure message="Cannot convert undefined or null to object">TypeError: Cannot convert undefined or null to object
    at Function.entries (&lt;anonymous&gt;)
    at doRedact (/usr/src/app/node_modules/@elastic/transport/lib/security.js:22:16)
    at /usr/src/app/node_modules/@elastic/transport/lib/security.js:30:44
    at Array.map (&lt;anonymous&gt;)
    at /usr/src/app/node_modules/@elastic/transport/lib/security.js:30:35
    at Array.forEach (&lt;anonymous&gt;)
    at doRedact (/usr/src/app/node_modules/@elastic/transport/lib/security.js:22:29)
    at /usr/src/app/node_modules/@elastic/transport/lib/security.js:36:33
    at Array.forEach (&lt;anonymous&gt;)
    at doRedact (/usr/src/app/node_modules/@elastic/transport/lib/security.js:22:29)</failure>
    </testcase>
  </testsuite>
  <testsuite id="2024-04-03T14:26:59.851Z" name="free/aggregations - /free/aggregations/moving_fn.yml" time="11" tests="23" failures="3" skipped="20">
    <testcase id="2024-04-03T14:26:59.851Z" name="in date_histogram" file="node_v20.12.0: /free/aggregations/moving_fn.yml" time="1">
      <skipped>{
  "features": [
    "close_to"
  ]
}</skipped>
    </testcase>
    <testcase id="2024-04-03T14:27:00.358Z" name="in histogram" file="node_v20.12.0: /free/aggregations/moving_fn.yml" time="1">
      <skipped>{
  "features": [
    "close_to"
  ]
}</skipped>
    </testcase>
    <testcase id="2024-04-03T14:27:00.885Z" name="min" file="node_v20.12.0: /free/aggregations/moving_fn.yml" time="1">
      <skipped>{
  "features": [
    "close_to"
  ]
}</skipped>
    </testcase>
    <testcase id="2024-04-03T14:27:01.435Z" name="max" file="node_v20.12.0: /free/aggregations/moving_fn.yml" time="0">
      <skipped>{
  "features": [
    "close_to"
  ]
}</skipped>
    </testcase>
    <testcase id="2024-04-03T14:27:01.902Z" name="sum" file="node_v20.12.0: /free/aggregations/moving_fn.yml" time="0">
      <skipped>{
  "features": [
    "close_to"
  ]
}</skipped>
    </testcase>
    <testcase id="2024-04-03T14:27:02.356Z" name="stdDev" file="node_v20.12.0: /free/aggregations/moving_fn.yml" time="1">
      <skipped>{
  "features": [
    "close_to"
  ]
}</skipped>
    </testcase>
    <testcase id="2024-04-03T14:27:02.963Z" name="unweightedAvg" file="node_v20.12.0: /free/aggregations/moving_fn.yml" time="1">
      <skipped>{
  "features": [
    "close_to"
  ]
}</skipped>
    </testcase>
    <testcase id="2024-04-03T14:27:03.534Z" name="linearWeightedAvg" file="node_v20.12.0: /free/aggregations/moving_fn.yml" time="0">
      <skipped>{
  "features": [
    "close_to"
  ]
}</skipped>
    </testcase>
    <testcase id="2024-04-03T14:27:04.013Z" name="ewma" file="node_v20.12.0: /free/aggregations/moving_fn.yml" time="1">
      <skipped>{
  "features": [
    "close_to"
  ]
}</skipped>
    </testcase>
    <testcase id="2024-04-03T14:27:04.516Z" name="holt" file="node_v20.12.0: /free/aggregations/moving_fn.yml" time="0">
      <skipped>{
  "features": [
    "close_to"
  ]
}</skipped>
    </testcase>
    <testcase id="2024-04-03T14:27:05.014Z" name="holtWinters" file="node_v20.12.0: /free/aggregations/moving_fn.yml" time="1">
      <skipped>{
  "features": [
    "close_to"
  ]
}</skipped>
    </testcase>
    <testcase id="2024-04-03T14:27:05.589Z" name="math on results" file="node_v20.12.0: /free/aggregations/moving_fn.yml" time="1">
      <skipped>{
  "features": [
    "close_to"
  ]
}</skipped>
    </testcase>
    <testcase id="2024-04-03T14:27:06.154Z" name="shift" file="node_v20.12.0: /free/aggregations/moving_fn.yml" time="1">
      <skipped>{
  "features": [
    "close_to"
  ]
}</skipped>
    </testcase>
    <testcase id="2024-04-03T14:27:06.707Z" name="format" file="node_v20.12.0: /free/aggregations/moving_fn.yml" time="1">
      <skipped>{
  "features": [
    "close_to"
  ]
}</skipped>
    </testcase>
    <testcase id="2024-04-03T14:27:07.222Z" name="gap_policy=skip" file="node_v20.12.0: /free/aggregations/moving_fn.yml" time="1">
      <skipped>{
  "features": [
    "close_to"
  ]
}</skipped>
    </testcase>
    <testcase id="2024-04-03T14:27:07.766Z" name="gap_policy=insert_zeros" file="node_v20.12.0: /free/aggregations/moving_fn.yml" time="1">
      <skipped>{
  "features": [
    "close_to"
  ]
}</skipped>
    </testcase>
    <testcase id="2024-04-03T14:27:08.274Z" name="gap_policy=keep_value" file="node_v20.12.0: /free/aggregations/moving_fn.yml" time="1">
      <skipped>{
  "features": [
    "close_to"
  ]
}</skipped>
    </testcase>
    <testcase id="2024-04-03T14:27:08.845Z" name="dotted name" file="node_v20.12.0: /free/aggregations/moving_fn.yml" time="0">
      <skipped>{
  "features": [
    "close_to"
  ]
}</skipped>
    </testcase>
    <testcase id="2024-04-03T14:27:09.279Z" name="dotted value" file="node_v20.12.0: /free/aggregations/moving_fn.yml" time="0">
      <skipped>{
  "features": [
    "close_to"
  ]
}</skipped>
    </testcase>
    <testcase id="2024-04-03T14:27:09.726Z" name="not results" file="node_v20.12.0: /free/aggregations/moving_fn.yml" time="0">
      <skipped>{
  "features": [
    "close_to"
  ]
}</skipped>
    </testcase>
    <testcase id="2024-04-03T14:27:10.189Z" name="bad path" file="node_v20.12.0: /free/aggregations/moving_fn.yml" time="0">
      <failure message="the error should match: /Validation Failed: 1: No aggregation found for path \[missing\];/, found undefined: expected false to be truthy">AssertionError: the error should match: /Validation Failed: 1: No aggregation found for path \[missing\];/, found undefined: expected false to be truthy
    at doAction (/usr/src/app/test/integration/test-runner.js:544:14)
    at process.processTicksAndRejections (node:internal/process/task_queues:95:5)
    at async exec (/usr/src/app/test/integration/test-runner.js:578:9)
    at async Object.run (/usr/src/app/test/integration/test-runner.js:316:5)
    at async start (/usr/src/app/test/integration/index.js:331:11)</failure>
    </testcase>
    <testcase id="2024-04-03T14:27:10.341Z" name="Bad window" file="node_v20.12.0: /free/aggregations/moving_fn.yml" time="0">
      <failure message="the error should match: /\[window\] must be a positive, non-zero integer\./, found undefined: expected false to be truthy">AssertionError: the error should match: /\[window\] must be a positive, non-zero integer\./, found undefined: expected false to be truthy
    at doAction (/usr/src/app/test/integration/test-runner.js:544:14)
    at process.processTicksAndRejections (node:internal/process/task_queues:95:5)
    at async exec (/usr/src/app/test/integration/test-runner.js:578:9)
    at async Object.run (/usr/src/app/test/integration/test-runner.js:316:5)
    at async start (/usr/src/app/test/integration/index.js:331:11)</failure>
    </testcase>
    <testcase id="2024-04-03T14:27:10.360Z" name="Not under date_histo" file="node_v20.12.0: /free/aggregations/moving_fn.yml" time="0">
      <failure message="the error should match: /moving_fn aggregation \[the_mov_fn\] must have a histogram, date_histogram or auto_date_histogram as parent but doesn't have a parent/, found undefined: expected false to be truthy">AssertionError: the error should match: /moving_fn aggregation \[the_mov_fn\] must have a histogram, date_histogram or auto_date_histogram as parent but doesn't have a parent/, found undefined: expected false to be truthy
    at doAction (/usr/src/app/test/integration/test-runner.js:544:14)
    at process.processTicksAndRejections (node:internal/process/task_queues:95:5)
    at async exec (/usr/src/app/test/integration/test-runner.js:578:9)
    at async Object.run (/usr/src/app/test/integration/test-runner.js:316:5)
    at async start (/usr/src/app/test/integration/index.js:331:11)</failure>
    </testcase>
  </testsuite>
  <testsuite id="2024-04-03T14:27:10.381Z" name="free/aggregations - /free/aggregations/nested.yml" time="2" tests="5" failures="0" skipped="0">
    <testcase id="2024-04-03T14:27:10.381Z" name="Single Level Nested with Terms" file="node_v20.12.0: /free/aggregations/nested.yml" time="0"/>
    <testcase id="2024-04-03T14:27:10.858Z" name="Compound nested key" file="node_v20.12.0: /free/aggregations/nested.yml" time="0"/>
    <testcase id="2024-04-03T14:27:11.287Z" name="Nested with a nested sub aggregation" file="node_v20.12.0: /free/aggregations/nested.yml" time="1"/>
    <testcase id="2024-04-03T14:27:11.801Z" name="Nested then filter then nested then terms" file="node_v20.12.0: /free/aggregations/nested.yml" time="0"/>
    <testcase id="2024-04-03T14:27:12.265Z" name="Nested then filter then nested then reverse nested" file="node_v20.12.0: /free/aggregations/nested.yml" time="0"/>
  </testsuite>
  <testsuite id="2024-04-03T14:27:12.715Z" name="free/aggregations - /free/aggregations/painless_execute.yml" time="0" tests="1" failures="0" skipped="0">
    <testcase id="2024-04-03T14:27:12.715Z" name="MovingFunctions are available in the default context" file="node_v20.12.0: /free/aggregations/painless_execute.yml" time="0"/>
  </testsuite>
  <testsuite id="2024-04-03T14:27:13.074Z" name="free/aggregations - /free/aggregations/percentile_ranks_hdr_metric.yml" time="2" tests="7" failures="2" skipped="4">
    <testcase id="2024-04-03T14:27:13.075Z" name="basic" file="node_v20.12.0: /free/aggregations/percentile_ranks_hdr_metric.yml" time="0">
      <skipped>{
  "features": [
    "close_to"
  ]
}</skipped>
    </testcase>
    <testcase id="2024-04-03T14:27:13.544Z" name="set significant digits" file="node_v20.12.0: /free/aggregations/percentile_ranks_hdr_metric.yml" time="0">
      <skipped>{
  "features": [
    "close_to"
  ]
}</skipped>
    </testcase>
    <testcase id="2024-04-03T14:27:14.005Z" name="filtered" file="node_v20.12.0: /free/aggregations/percentile_ranks_hdr_metric.yml" time="0">
      <skipped>{
  "features": [
    "close_to"
  ]
}</skipped>
    </testcase>
    <testcase id="2024-04-03T14:27:14.430Z" name="missing field with missing param" file="node_v20.12.0: /free/aggregations/percentile_ranks_hdr_metric.yml" time="0">
      <skipped>{
  "features": [
    "close_to"
  ]
}</skipped>
    </testcase>
    <testcase id="2024-04-03T14:27:14.838Z" name="missing field without missing param" file="node_v20.12.0: /free/aggregations/percentile_ranks_hdr_metric.yml" time="0"/>
    <testcase id="2024-04-03T14:27:15.323Z" name="invalid params" file="node_v20.12.0: /free/aggregations/percentile_ranks_hdr_metric.yml" time="0">
      <failure message="the error should match: bad_request, found undefined: expected false to be truthy">AssertionError: the error should match: bad_request, found undefined: expected false to be truthy
    at doAction (/usr/src/app/test/integration/test-runner.js:544:14)
    at process.processTicksAndRejections (node:internal/process/task_queues:95:5)
    at async exec (/usr/src/app/test/integration/test-runner.js:578:9)
    at async Object.run (/usr/src/app/test/integration/test-runner.js:316:5)
    at async start (/usr/src/app/test/integration/index.js:331:11)</failure>
    </testcase>
    <testcase id="2024-04-03T14:27:15.418Z" name="non-keyed" file="node_v20.12.0: /free/aggregations/percentile_ranks_hdr_metric.yml" time="0">
      <failure message="Cannot convert undefined or null to object">TypeError: Cannot convert undefined or null to object
    at Function.entries (&lt;anonymous&gt;)
    at doRedact (/usr/src/app/node_modules/@elastic/transport/lib/security.js:22:16)
    at /usr/src/app/node_modules/@elastic/transport/lib/security.js:30:44
    at Array.map (&lt;anonymous&gt;)
    at /usr/src/app/node_modules/@elastic/transport/lib/security.js:30:35
    at Array.forEach (&lt;anonymous&gt;)
    at doRedact (/usr/src/app/node_modules/@elastic/transport/lib/security.js:22:29)
    at /usr/src/app/node_modules/@elastic/transport/lib/security.js:36:33
    at Array.forEach (&lt;anonymous&gt;)
    at doRedact (/usr/src/app/node_modules/@elastic/transport/lib/security.js:22:29)</failure>
    </testcase>
  </testsuite>
  <testsuite id="2024-04-03T14:27:15.424Z" name="free/aggregations - /free/aggregations/percentile_ranks_tdigest_metric.yml" time="0" tests="8" failures="8" skipped="0">
    <testcase id="2024-04-03T14:27:15.424Z" name="basic" file="node_v20.12.0: /free/aggregations/percentile_ranks_tdigest_metric.yml" time="0">
      <failure message="Cannot convert undefined or null to object">TypeError: Cannot convert undefined or null to object
    at Function.entries (&lt;anonymous&gt;)
    at doRedact (/usr/src/app/node_modules/@elastic/transport/lib/security.js:22:16)
    at /usr/src/app/node_modules/@elastic/transport/lib/security.js:30:44
    at Array.map (&lt;anonymous&gt;)
    at /usr/src/app/node_modules/@elastic/transport/lib/security.js:30:35
    at Array.forEach (&lt;anonymous&gt;)
    at doRedact (/usr/src/app/node_modules/@elastic/transport/lib/security.js:22:29)
    at /usr/src/app/node_modules/@elastic/transport/lib/security.js:36:33
    at Array.forEach (&lt;anonymous&gt;)
    at doRedact (/usr/src/app/node_modules/@elastic/transport/lib/security.js:22:29)</failure>
    </testcase>
    <testcase id="2024-04-03T14:27:15.429Z" name="with compression" file="node_v20.12.0: /free/aggregations/percentile_ranks_tdigest_metric.yml" time="0">
      <failure message="Cannot convert undefined or null to object">TypeError: Cannot convert undefined or null to object
    at Function.entries (&lt;anonymous&gt;)
    at doRedact (/usr/src/app/node_modules/@elastic/transport/lib/security.js:22:16)
    at /usr/src/app/node_modules/@elastic/transport/lib/security.js:30:44
    at Array.map (&lt;anonymous&gt;)
    at /usr/src/app/node_modules/@elastic/transport/lib/security.js:30:35
    at Array.forEach (&lt;anonymous&gt;)
    at doRedact (/usr/src/app/node_modules/@elastic/transport/lib/security.js:22:29)
    at /usr/src/app/node_modules/@elastic/transport/lib/security.js:36:33
    at Array.forEach (&lt;anonymous&gt;)
    at doRedact (/usr/src/app/node_modules/@elastic/transport/lib/security.js:22:29)</failure>
    </testcase>
    <testcase id="2024-04-03T14:27:15.433Z" name="with execution hint" file="node_v20.12.0: /free/aggregations/percentile_ranks_tdigest_metric.yml" time="0">
      <failure message="Cannot convert undefined or null to object">TypeError: Cannot convert undefined or null to object
    at Function.entries (&lt;anonymous&gt;)
    at doRedact (/usr/src/app/node_modules/@elastic/transport/lib/security.js:22:16)
    at /usr/src/app/node_modules/@elastic/transport/lib/security.js:30:44
    at Array.map (&lt;anonymous&gt;)
    at /usr/src/app/node_modules/@elastic/transport/lib/security.js:30:35
    at Array.forEach (&lt;anonymous&gt;)
    at doRedact (/usr/src/app/node_modules/@elastic/transport/lib/security.js:22:29)
    at /usr/src/app/node_modules/@elastic/transport/lib/security.js:36:33
    at Array.forEach (&lt;anonymous&gt;)
    at doRedact (/usr/src/app/node_modules/@elastic/transport/lib/security.js:22:29)</failure>
    </testcase>
    <testcase id="2024-04-03T14:27:15.438Z" name="filtered" file="node_v20.12.0: /free/aggregations/percentile_ranks_tdigest_metric.yml" time="0">
      <failure message="Cannot convert undefined or null to object">TypeError: Cannot convert undefined or null to object
    at Function.entries (&lt;anonymous&gt;)
    at doRedact (/usr/src/app/node_modules/@elastic/transport/lib/security.js:22:16)
    at /usr/src/app/node_modules/@elastic/transport/lib/security.js:30:44
    at Array.map (&lt;anonymous&gt;)
    at /usr/src/app/node_modules/@elastic/transport/lib/security.js:30:35
    at Array.forEach (&lt;anonymous&gt;)
    at doRedact (/usr/src/app/node_modules/@elastic/transport/lib/security.js:22:29)
    at /usr/src/app/node_modules/@elastic/transport/lib/security.js:36:33
    at Array.forEach (&lt;anonymous&gt;)
    at doRedact (/usr/src/app/node_modules/@elastic/transport/lib/security.js:22:29)</failure>
    </testcase>
    <testcase id="2024-04-03T14:27:15.442Z" name="missing field with missing param" file="node_v20.12.0: /free/aggregations/percentile_ranks_tdigest_metric.yml" time="0">
      <failure message="Cannot convert undefined or null to object">TypeError: Cannot convert undefined or null to object
    at Function.entries (&lt;anonymous&gt;)
    at doRedact (/usr/src/app/node_modules/@elastic/transport/lib/security.js:22:16)
    at /usr/src/app/node_modules/@elastic/transport/lib/security.js:30:44
    at Array.map (&lt;anonymous&gt;)
    at /usr/src/app/node_modules/@elastic/transport/lib/security.js:30:35
    at Array.forEach (&lt;anonymous&gt;)
    at doRedact (/usr/src/app/node_modules/@elastic/transport/lib/security.js:22:29)
    at /usr/src/app/node_modules/@elastic/transport/lib/security.js:36:33
    at Array.forEach (&lt;anonymous&gt;)
    at doRedact (/usr/src/app/node_modules/@elastic/transport/lib/security.js:22:29)</failure>
    </testcase>
    <testcase id="2024-04-03T14:27:15.448Z" name="missing field without missing param" file="node_v20.12.0: /free/aggregations/percentile_ranks_tdigest_metric.yml" time="0">
      <failure message="Cannot convert undefined or null to object">TypeError: Cannot convert undefined or null to object
    at Function.entries (&lt;anonymous&gt;)
    at doRedact (/usr/src/app/node_modules/@elastic/transport/lib/security.js:22:16)
    at /usr/src/app/node_modules/@elastic/transport/lib/security.js:30:44
    at Array.map (&lt;anonymous&gt;)
    at /usr/src/app/node_modules/@elastic/transport/lib/security.js:30:35
    at Array.forEach (&lt;anonymous&gt;)
    at doRedact (/usr/src/app/node_modules/@elastic/transport/lib/security.js:22:29)
    at /usr/src/app/node_modules/@elastic/transport/lib/security.js:36:33
    at Array.forEach (&lt;anonymous&gt;)
    at doRedact (/usr/src/app/node_modules/@elastic/transport/lib/security.js:22:29)</failure>
    </testcase>
    <testcase id="2024-04-03T14:27:15.453Z" name="invalid params" file="node_v20.12.0: /free/aggregations/percentile_ranks_tdigest_metric.yml" time="0">
      <failure message="Cannot convert undefined or null to object">TypeError: Cannot convert undefined or null to object
    at Function.entries (&lt;anonymous&gt;)
    at doRedact (/usr/src/app/node_modules/@elastic/transport/lib/security.js:22:16)
    at /usr/src/app/node_modules/@elastic/transport/lib/security.js:30:44
    at Array.map (&lt;anonymous&gt;)
    at /usr/src/app/node_modules/@elastic/transport/lib/security.js:30:35
    at Array.forEach (&lt;anonymous&gt;)
    at doRedact (/usr/src/app/node_modules/@elastic/transport/lib/security.js:22:29)
    at /usr/src/app/node_modules/@elastic/transport/lib/security.js:36:33
    at Array.forEach (&lt;anonymous&gt;)
    at doRedact (/usr/src/app/node_modules/@elastic/transport/lib/security.js:22:29)</failure>
    </testcase>
    <testcase id="2024-04-03T14:27:15.458Z" name="non-keyed test" file="node_v20.12.0: /free/aggregations/percentile_ranks_tdigest_metric.yml" time="0">
      <failure message="Cannot convert undefined or null to object">TypeError: Cannot convert undefined or null to object
    at Function.entries (&lt;anonymous&gt;)
    at doRedact (/usr/src/app/node_modules/@elastic/transport/lib/security.js:22:16)
    at /usr/src/app/node_modules/@elastic/transport/lib/security.js:30:44
    at Array.map (&lt;anonymous&gt;)
    at /usr/src/app/node_modules/@elastic/transport/lib/security.js:30:35
    at Array.forEach (&lt;anonymous&gt;)
    at doRedact (/usr/src/app/node_modules/@elastic/transport/lib/security.js:22:29)
    at /usr/src/app/node_modules/@elastic/transport/lib/security.js:36:33
    at Array.forEach (&lt;anonymous&gt;)
    at doRedact (/usr/src/app/node_modules/@elastic/transport/lib/security.js:22:29)</failure>
    </testcase>
  </testsuite>
  <testsuite id="2024-04-03T14:27:15.463Z" name="free/aggregations - /free/aggregations/percentiles_bucket.yml" time="0" tests="9" failures="0" skipped="9">
    <testcase id="2024-04-03T14:27:15.463Z" name="basic" file="node_v20.12.0: /free/aggregations/percentiles_bucket.yml" time="0">
      <skipped>This test is in the skip list of the client</skipped>
    </testcase>
    <testcase id="2024-04-03T14:27:15.463Z" name="format" file="node_v20.12.0: /free/aggregations/percentiles_bucket.yml" time="0">
      <skipped>This test is in the skip list of the client</skipped>
    </testcase>
    <testcase id="2024-04-03T14:27:15.463Z" name="gap_policy=skip" file="node_v20.12.0: /free/aggregations/percentiles_bucket.yml" time="0">
      <skipped>This test is in the skip list of the client</skipped>
    </testcase>
    <testcase id="2024-04-03T14:27:15.463Z" name="gap_policy=insert_zeros" file="node_v20.12.0: /free/aggregations/percentiles_bucket.yml" time="0">
      <skipped>This test is in the skip list of the client</skipped>
    </testcase>
    <testcase id="2024-04-03T14:27:15.463Z" name="gap_policy=keep_value" file="node_v20.12.0: /free/aggregations/percentiles_bucket.yml" time="0">
      <skipped>This test is in the skip list of the client</skipped>
    </testcase>
    <testcase id="2024-04-03T14:27:15.463Z" name="dotted name" file="node_v20.12.0: /free/aggregations/percentiles_bucket.yml" time="0">
      <skipped>This test is in the skip list of the client</skipped>
    </testcase>
    <testcase id="2024-04-03T14:27:15.463Z" name="dotted value" file="node_v20.12.0: /free/aggregations/percentiles_bucket.yml" time="0">
      <skipped>This test is in the skip list of the client</skipped>
    </testcase>
    <testcase id="2024-04-03T14:27:15.463Z" name="no results" file="node_v20.12.0: /free/aggregations/percentiles_bucket.yml" time="0">
      <skipped>This test is in the skip list of the client</skipped>
    </testcase>
    <testcase id="2024-04-03T14:27:15.463Z" name="bad path" file="node_v20.12.0: /free/aggregations/percentiles_bucket.yml" time="0">
      <skipped>This test is in the skip list of the client</skipped>
    </testcase>
  </testsuite>
  <testsuite id="2024-04-03T14:27:15.463Z" name="free/aggregations - /free/aggregations/percentiles_hdr_metric.yml" time="0" tests="10" failures="10" skipped="0">
    <testcase id="2024-04-03T14:27:15.463Z" name="Basic test" file="node_v20.12.0: /free/aggregations/percentiles_hdr_metric.yml" time="0">
      <failure message="should be equal: 8 - 4, action: {&quot;hits.total&quot;:4}: expected 8 to equal 4">AssertionError: should be equal: 8 - 4, action: {"hits.total":4}: expected 8 to equal 4
    at match (/usr/src/app/test/integration/test-runner.js:746:14)
    at exec (/usr/src/app/test/integration/test-runner.js:594:9)
    at process.processTicksAndRejections (node:internal/process/task_queues:95:5)
    at async Object.run (/usr/src/app/test/integration/test-runner.js:316:5)
    at async start (/usr/src/app/test/integration/index.js:331:11)</failure>
    </testcase>
    <testcase id="2024-04-03T14:27:15.613Z" name="Only aggs test" file="node_v20.12.0: /free/aggregations/percentiles_hdr_metric.yml" time="0">
      <failure message="Cannot convert undefined or null to object">TypeError: Cannot convert undefined or null to object
    at Function.entries (&lt;anonymous&gt;)
    at doRedact (/usr/src/app/node_modules/@elastic/transport/lib/security.js:22:16)
    at /usr/src/app/node_modules/@elastic/transport/lib/security.js:30:44
    at Array.map (&lt;anonymous&gt;)
    at /usr/src/app/node_modules/@elastic/transport/lib/security.js:30:35
    at Array.forEach (&lt;anonymous&gt;)
    at doRedact (/usr/src/app/node_modules/@elastic/transport/lib/security.js:22:29)
    at /usr/src/app/node_modules/@elastic/transport/lib/security.js:36:33
    at Array.forEach (&lt;anonymous&gt;)
    at doRedact (/usr/src/app/node_modules/@elastic/transport/lib/security.js:22:29)</failure>
    </testcase>
    <testcase id="2024-04-03T14:27:15.623Z" name="Filtered test" file="node_v20.12.0: /free/aggregations/percentiles_hdr_metric.yml" time="0">
      <failure message="Cannot convert undefined or null to object">TypeError: Cannot convert undefined or null to object
    at Function.entries (&lt;anonymous&gt;)
    at doRedact (/usr/src/app/node_modules/@elastic/transport/lib/security.js:22:16)
    at /usr/src/app/node_modules/@elastic/transport/lib/security.js:30:44
    at Array.map (&lt;anonymous&gt;)
    at /usr/src/app/node_modules/@elastic/transport/lib/security.js:30:35
    at Array.forEach (&lt;anonymous&gt;)
    at doRedact (/usr/src/app/node_modules/@elastic/transport/lib/security.js:22:29)
    at /usr/src/app/node_modules/@elastic/transport/lib/security.js:36:33
    at Array.forEach (&lt;anonymous&gt;)
    at doRedact (/usr/src/app/node_modules/@elastic/transport/lib/security.js:22:29)</failure>
    </testcase>
    <testcase id="2024-04-03T14:27:15.633Z" name="Missing field with missing param" file="node_v20.12.0: /free/aggregations/percentiles_hdr_metric.yml" time="0">
      <failure message="Cannot convert undefined or null to object">TypeError: Cannot convert undefined or null to object
    at Function.entries (&lt;anonymous&gt;)
    at doRedact (/usr/src/app/node_modules/@elastic/transport/lib/security.js:22:16)
    at /usr/src/app/node_modules/@elastic/transport/lib/security.js:30:44
    at Array.map (&lt;anonymous&gt;)
    at /usr/src/app/node_modules/@elastic/transport/lib/security.js:30:35
    at Array.forEach (&lt;anonymous&gt;)
    at doRedact (/usr/src/app/node_modules/@elastic/transport/lib/security.js:22:29)
    at /usr/src/app/node_modules/@elastic/transport/lib/security.js:36:33
    at Array.forEach (&lt;anonymous&gt;)
    at doRedact (/usr/src/app/node_modules/@elastic/transport/lib/security.js:22:29)</failure>
    </testcase>
    <testcase id="2024-04-03T14:27:15.639Z" name="Missing field without missing param" file="node_v20.12.0: /free/aggregations/percentiles_hdr_metric.yml" time="0">
      <failure message="Cannot convert undefined or null to object">TypeError: Cannot convert undefined or null to object
    at Function.entries (&lt;anonymous&gt;)
    at doRedact (/usr/src/app/node_modules/@elastic/transport/lib/security.js:22:16)
    at /usr/src/app/node_modules/@elastic/transport/lib/security.js:30:44
    at Array.map (&lt;anonymous&gt;)
    at /usr/src/app/node_modules/@elastic/transport/lib/security.js:30:35
    at Array.forEach (&lt;anonymous&gt;)
    at doRedact (/usr/src/app/node_modules/@elastic/transport/lib/security.js:22:29)
    at /usr/src/app/node_modules/@elastic/transport/lib/security.js:36:33
    at Array.forEach (&lt;anonymous&gt;)
    at doRedact (/usr/src/app/node_modules/@elastic/transport/lib/security.js:22:29)</failure>
    </testcase>
    <testcase id="2024-04-03T14:27:15.644Z" name="Metadata test" file="node_v20.12.0: /free/aggregations/percentiles_hdr_metric.yml" time="0">
      <failure message="Cannot convert undefined or null to object">TypeError: Cannot convert undefined or null to object
    at Function.entries (&lt;anonymous&gt;)
    at doRedact (/usr/src/app/node_modules/@elastic/transport/lib/security.js:22:16)
    at /usr/src/app/node_modules/@elastic/transport/lib/security.js:30:44
    at Array.map (&lt;anonymous&gt;)
    at /usr/src/app/node_modules/@elastic/transport/lib/security.js:30:35
    at Array.forEach (&lt;anonymous&gt;)
    at doRedact (/usr/src/app/node_modules/@elastic/transport/lib/security.js:22:29)
    at /usr/src/app/node_modules/@elastic/transport/lib/security.js:36:33
    at Array.forEach (&lt;anonymous&gt;)
    at doRedact (/usr/src/app/node_modules/@elastic/transport/lib/security.js:22:29)</failure>
    </testcase>
    <testcase id="2024-04-03T14:27:15.649Z" name="Invalid params test" file="node_v20.12.0: /free/aggregations/percentiles_hdr_metric.yml" time="0">
      <failure message="Cannot convert undefined or null to object">TypeError: Cannot convert undefined or null to object
    at Function.entries (&lt;anonymous&gt;)
    at doRedact (/usr/src/app/node_modules/@elastic/transport/lib/security.js:22:16)
    at /usr/src/app/node_modules/@elastic/transport/lib/security.js:30:44
    at Array.map (&lt;anonymous&gt;)
    at /usr/src/app/node_modules/@elastic/transport/lib/security.js:30:35
    at Array.forEach (&lt;anonymous&gt;)
    at doRedact (/usr/src/app/node_modules/@elastic/transport/lib/security.js:22:29)
    at /usr/src/app/node_modules/@elastic/transport/lib/security.js:36:33
    at Array.forEach (&lt;anonymous&gt;)
    at doRedact (/usr/src/app/node_modules/@elastic/transport/lib/security.js:22:29)</failure>
    </testcase>
    <testcase id="2024-04-03T14:27:15.654Z" name="Explicit Percents test" file="node_v20.12.0: /free/aggregations/percentiles_hdr_metric.yml" time="0">
      <failure message="Cannot convert undefined or null to object">TypeError: Cannot convert undefined or null to object
    at Function.entries (&lt;anonymous&gt;)
    at doRedact (/usr/src/app/node_modules/@elastic/transport/lib/security.js:22:16)
    at /usr/src/app/node_modules/@elastic/transport/lib/security.js:30:44
    at Array.map (&lt;anonymous&gt;)
    at /usr/src/app/node_modules/@elastic/transport/lib/security.js:30:35
    at Array.forEach (&lt;anonymous&gt;)
    at doRedact (/usr/src/app/node_modules/@elastic/transport/lib/security.js:22:29)
    at /usr/src/app/node_modules/@elastic/transport/lib/security.js:36:33
    at Array.forEach (&lt;anonymous&gt;)
    at doRedact (/usr/src/app/node_modules/@elastic/transport/lib/security.js:22:29)</failure>
    </testcase>
    <testcase id="2024-04-03T14:27:15.659Z" name="Non-keyed test" file="node_v20.12.0: /free/aggregations/percentiles_hdr_metric.yml" time="0">
      <failure message="Cannot convert undefined or null to object">TypeError: Cannot convert undefined or null to object
    at Function.entries (&lt;anonymous&gt;)
    at doRedact (/usr/src/app/node_modules/@elastic/transport/lib/security.js:22:16)
    at /usr/src/app/node_modules/@elastic/transport/lib/security.js:30:44
    at Array.map (&lt;anonymous&gt;)
    at /usr/src/app/node_modules/@elastic/transport/lib/security.js:30:35
    at Array.forEach (&lt;anonymous&gt;)
    at doRedact (/usr/src/app/node_modules/@elastic/transport/lib/security.js:22:29)
    at /usr/src/app/node_modules/@elastic/transport/lib/security.js:36:33
    at Array.forEach (&lt;anonymous&gt;)
    at doRedact (/usr/src/app/node_modules/@elastic/transport/lib/security.js:22:29)</failure>
    </testcase>
    <testcase id="2024-04-03T14:27:15.663Z" name="Negative values test" file="node_v20.12.0: /free/aggregations/percentiles_hdr_metric.yml" time="0">
      <failure message="Cannot convert undefined or null to object">TypeError: Cannot convert undefined or null to object
    at Function.entries (&lt;anonymous&gt;)
    at doRedact (/usr/src/app/node_modules/@elastic/transport/lib/security.js:22:16)
    at /usr/src/app/node_modules/@elastic/transport/lib/security.js:30:44
    at Array.map (&lt;anonymous&gt;)
    at /usr/src/app/node_modules/@elastic/transport/lib/security.js:30:35
    at Array.forEach (&lt;anonymous&gt;)
    at doRedact (/usr/src/app/node_modules/@elastic/transport/lib/security.js:22:29)
    at /usr/src/app/node_modules/@elastic/transport/lib/security.js:36:33
    at Array.forEach (&lt;anonymous&gt;)
    at doRedact (/usr/src/app/node_modules/@elastic/transport/lib/security.js:22:29)</failure>
    </testcase>
  </testsuite>
  <testsuite id="2024-04-03T14:27:15.669Z" name="free/aggregations - /free/aggregations/percentiles_tdigest_metric.yml" time="0" tests="11" failures="11" skipped="0">
    <testcase id="2024-04-03T14:27:15.669Z" name="Basic test" file="node_v20.12.0: /free/aggregations/percentiles_tdigest_metric.yml" time="0">
      <failure message="Cannot convert undefined or null to object">TypeError: Cannot convert undefined or null to object
    at Function.entries (&lt;anonymous&gt;)
    at doRedact (/usr/src/app/node_modules/@elastic/transport/lib/security.js:22:16)
    at /usr/src/app/node_modules/@elastic/transport/lib/security.js:30:44
    at Array.map (&lt;anonymous&gt;)
    at /usr/src/app/node_modules/@elastic/transport/lib/security.js:30:35
    at Array.forEach (&lt;anonymous&gt;)
    at doRedact (/usr/src/app/node_modules/@elastic/transport/lib/security.js:22:29)
    at /usr/src/app/node_modules/@elastic/transport/lib/security.js:36:33
    at Array.forEach (&lt;anonymous&gt;)
    at doRedact (/usr/src/app/node_modules/@elastic/transport/lib/security.js:22:29)</failure>
    </testcase>
    <testcase id="2024-04-03T14:27:15.673Z" name="Basic test - approximate" file="node_v20.12.0: /free/aggregations/percentiles_tdigest_metric.yml" time="0">
      <failure message="Cannot convert undefined or null to object">TypeError: Cannot convert undefined or null to object
    at Function.entries (&lt;anonymous&gt;)
    at doRedact (/usr/src/app/node_modules/@elastic/transport/lib/security.js:22:16)
    at /usr/src/app/node_modules/@elastic/transport/lib/security.js:30:44
    at Array.map (&lt;anonymous&gt;)
    at /usr/src/app/node_modules/@elastic/transport/lib/security.js:30:35
    at Array.forEach (&lt;anonymous&gt;)
    at doRedact (/usr/src/app/node_modules/@elastic/transport/lib/security.js:22:29)
    at /usr/src/app/node_modules/@elastic/transport/lib/security.js:36:33
    at Array.forEach (&lt;anonymous&gt;)
    at doRedact (/usr/src/app/node_modules/@elastic/transport/lib/security.js:22:29)</failure>
    </testcase>
    <testcase id="2024-04-03T14:27:15.678Z" name="Execution hint" file="node_v20.12.0: /free/aggregations/percentiles_tdigest_metric.yml" time="0">
      <failure message="Cannot convert undefined or null to object">TypeError: Cannot convert undefined or null to object
    at Function.entries (&lt;anonymous&gt;)
    at doRedact (/usr/src/app/node_modules/@elastic/transport/lib/security.js:22:16)
    at /usr/src/app/node_modules/@elastic/transport/lib/security.js:30:44
    at Array.map (&lt;anonymous&gt;)
    at /usr/src/app/node_modules/@elastic/transport/lib/security.js:30:35
    at Array.forEach (&lt;anonymous&gt;)
    at doRedact (/usr/src/app/node_modules/@elastic/transport/lib/security.js:22:29)
    at /usr/src/app/node_modules/@elastic/transport/lib/security.js:36:33
    at Array.forEach (&lt;anonymous&gt;)
    at doRedact (/usr/src/app/node_modules/@elastic/transport/lib/security.js:22:29)</failure>
    </testcase>
    <testcase id="2024-04-03T14:27:15.684Z" name="Only aggs test" file="node_v20.12.0: /free/aggregations/percentiles_tdigest_metric.yml" time="0">
      <failure message="Cannot convert undefined or null to object">TypeError: Cannot convert undefined or null to object
    at Function.entries (&lt;anonymous&gt;)
    at doRedact (/usr/src/app/node_modules/@elastic/transport/lib/security.js:22:16)
    at /usr/src/app/node_modules/@elastic/transport/lib/security.js:30:44
    at Array.map (&lt;anonymous&gt;)
    at /usr/src/app/node_modules/@elastic/transport/lib/security.js:30:35
    at Array.forEach (&lt;anonymous&gt;)
    at doRedact (/usr/src/app/node_modules/@elastic/transport/lib/security.js:22:29)
    at /usr/src/app/node_modules/@elastic/transport/lib/security.js:36:33
    at Array.forEach (&lt;anonymous&gt;)
    at doRedact (/usr/src/app/node_modules/@elastic/transport/lib/security.js:22:29)</failure>
    </testcase>
    <testcase id="2024-04-03T14:27:15.689Z" name="Filtered test" file="node_v20.12.0: /free/aggregations/percentiles_tdigest_metric.yml" time="0">
      <failure message="Cannot convert undefined or null to object">TypeError: Cannot convert undefined or null to object
    at Function.entries (&lt;anonymous&gt;)
    at doRedact (/usr/src/app/node_modules/@elastic/transport/lib/security.js:22:16)
    at /usr/src/app/node_modules/@elastic/transport/lib/security.js:30:44
    at Array.map (&lt;anonymous&gt;)
    at /usr/src/app/node_modules/@elastic/transport/lib/security.js:30:35
    at Array.forEach (&lt;anonymous&gt;)
    at doRedact (/usr/src/app/node_modules/@elastic/transport/lib/security.js:22:29)
    at /usr/src/app/node_modules/@elastic/transport/lib/security.js:36:33
    at Array.forEach (&lt;anonymous&gt;)
    at doRedact (/usr/src/app/node_modules/@elastic/transport/lib/security.js:22:29)</failure>
    </testcase>
    <testcase id="2024-04-03T14:27:15.694Z" name="Missing field with missing param" file="node_v20.12.0: /free/aggregations/percentiles_tdigest_metric.yml" time="0">
      <failure message="Cannot convert undefined or null to object">TypeError: Cannot convert undefined or null to object
    at Function.entries (&lt;anonymous&gt;)
    at doRedact (/usr/src/app/node_modules/@elastic/transport/lib/security.js:22:16)
    at /usr/src/app/node_modules/@elastic/transport/lib/security.js:30:44
    at Array.map (&lt;anonymous&gt;)
    at /usr/src/app/node_modules/@elastic/transport/lib/security.js:30:35
    at Array.forEach (&lt;anonymous&gt;)
    at doRedact (/usr/src/app/node_modules/@elastic/transport/lib/security.js:22:29)
    at /usr/src/app/node_modules/@elastic/transport/lib/security.js:36:33
    at Array.forEach (&lt;anonymous&gt;)
    at doRedact (/usr/src/app/node_modules/@elastic/transport/lib/security.js:22:29)</failure>
    </testcase>
    <testcase id="2024-04-03T14:27:15.698Z" name="Missing field without missing param" file="node_v20.12.0: /free/aggregations/percentiles_tdigest_metric.yml" time="0">
      <failure message="Cannot convert undefined or null to object">TypeError: Cannot convert undefined or null to object
    at Function.entries (&lt;anonymous&gt;)
    at doRedact (/usr/src/app/node_modules/@elastic/transport/lib/security.js:22:16)
    at /usr/src/app/node_modules/@elastic/transport/lib/security.js:30:44
    at Array.map (&lt;anonymous&gt;)
    at /usr/src/app/node_modules/@elastic/transport/lib/security.js:30:35
    at Array.forEach (&lt;anonymous&gt;)
    at doRedact (/usr/src/app/node_modules/@elastic/transport/lib/security.js:22:29)
    at /usr/src/app/node_modules/@elastic/transport/lib/security.js:36:33
    at Array.forEach (&lt;anonymous&gt;)
    at doRedact (/usr/src/app/node_modules/@elastic/transport/lib/security.js:22:29)</failure>
    </testcase>
    <testcase id="2024-04-03T14:27:15.703Z" name="Metadata test" file="node_v20.12.0: /free/aggregations/percentiles_tdigest_metric.yml" time="0">
      <failure message="Cannot convert undefined or null to object">TypeError: Cannot convert undefined or null to object
    at Function.entries (&lt;anonymous&gt;)
    at doRedact (/usr/src/app/node_modules/@elastic/transport/lib/security.js:22:16)
    at /usr/src/app/node_modules/@elastic/transport/lib/security.js:30:44
    at Array.map (&lt;anonymous&gt;)
    at /usr/src/app/node_modules/@elastic/transport/lib/security.js:30:35
    at Array.forEach (&lt;anonymous&gt;)
    at doRedact (/usr/src/app/node_modules/@elastic/transport/lib/security.js:22:29)
    at /usr/src/app/node_modules/@elastic/transport/lib/security.js:36:33
    at Array.forEach (&lt;anonymous&gt;)
    at doRedact (/usr/src/app/node_modules/@elastic/transport/lib/security.js:22:29)</failure>
    </testcase>
    <testcase id="2024-04-03T14:27:15.708Z" name="Invalid params test" file="node_v20.12.0: /free/aggregations/percentiles_tdigest_metric.yml" time="0">
      <failure message="Cannot convert undefined or null to object">TypeError: Cannot convert undefined or null to object
    at Function.entries (&lt;anonymous&gt;)
    at doRedact (/usr/src/app/node_modules/@elastic/transport/lib/security.js:22:16)
    at /usr/src/app/node_modules/@elastic/transport/lib/security.js:30:44
    at Array.map (&lt;anonymous&gt;)
    at /usr/src/app/node_modules/@elastic/transport/lib/security.js:30:35
    at Array.forEach (&lt;anonymous&gt;)
    at doRedact (/usr/src/app/node_modules/@elastic/transport/lib/security.js:22:29)
    at /usr/src/app/node_modules/@elastic/transport/lib/security.js:36:33
    at Array.forEach (&lt;anonymous&gt;)
    at doRedact (/usr/src/app/node_modules/@elastic/transport/lib/security.js:22:29)</failure>
    </testcase>
    <testcase id="2024-04-03T14:27:15.713Z" name="Explicit Percents test" file="node_v20.12.0: /free/aggregations/percentiles_tdigest_metric.yml" time="0">
      <failure message="Cannot convert undefined or null to object">TypeError: Cannot convert undefined or null to object
    at Function.entries (&lt;anonymous&gt;)
    at doRedact (/usr/src/app/node_modules/@elastic/transport/lib/security.js:22:16)
    at /usr/src/app/node_modules/@elastic/transport/lib/security.js:30:44
    at Array.map (&lt;anonymous&gt;)
    at /usr/src/app/node_modules/@elastic/transport/lib/security.js:30:35
    at Array.forEach (&lt;anonymous&gt;)
    at doRedact (/usr/src/app/node_modules/@elastic/transport/lib/security.js:22:29)
    at /usr/src/app/node_modules/@elastic/transport/lib/security.js:36:33
    at Array.forEach (&lt;anonymous&gt;)
    at doRedact (/usr/src/app/node_modules/@elastic/transport/lib/security.js:22:29)</failure>
    </testcase>
    <testcase id="2024-04-03T14:27:15.718Z" name="Non-keyed test" file="node_v20.12.0: /free/aggregations/percentiles_tdigest_metric.yml" time="0">
      <failure message="Cannot convert undefined or null to object">TypeError: Cannot convert undefined or null to object
    at Function.entries (&lt;anonymous&gt;)
    at doRedact (/usr/src/app/node_modules/@elastic/transport/lib/security.js:22:16)
    at /usr/src/app/node_modules/@elastic/transport/lib/security.js:30:44
    at Array.map (&lt;anonymous&gt;)
    at /usr/src/app/node_modules/@elastic/transport/lib/security.js:30:35
    at Array.forEach (&lt;anonymous&gt;)
    at doRedact (/usr/src/app/node_modules/@elastic/transport/lib/security.js:22:29)
    at /usr/src/app/node_modules/@elastic/transport/lib/security.js:36:33
    at Array.forEach (&lt;anonymous&gt;)
    at doRedact (/usr/src/app/node_modules/@elastic/transport/lib/security.js:22:29)</failure>
    </testcase>
  </testsuite>
  <testsuite id="2024-04-03T14:27:15.724Z" name="free/aggregations - /free/aggregations/pipeline.yml" time="0" tests="10" failures="10" skipped="0">
    <testcase id="2024-04-03T14:27:15.724Z" name="Max pipeline through terms agg" file="node_v20.12.0: /free/aggregations/pipeline.yml" time="0">
      <failure message="Cannot convert undefined or null to object">TypeError: Cannot convert undefined or null to object
    at Function.entries (&lt;anonymous&gt;)
    at doRedact (/usr/src/app/node_modules/@elastic/transport/lib/security.js:22:16)
    at /usr/src/app/node_modules/@elastic/transport/lib/security.js:30:44
    at Array.map (&lt;anonymous&gt;)
    at /usr/src/app/node_modules/@elastic/transport/lib/security.js:30:35
    at Array.forEach (&lt;anonymous&gt;)
    at doRedact (/usr/src/app/node_modules/@elastic/transport/lib/security.js:22:29)
    at /usr/src/app/node_modules/@elastic/transport/lib/security.js:36:33
    at Array.forEach (&lt;anonymous&gt;)
    at doRedact (/usr/src/app/node_modules/@elastic/transport/lib/security.js:22:29)</failure>
    </testcase>
    <testcase id="2024-04-03T14:27:15.729Z" name="Max pipeline on terms agg" file="node_v20.12.0: /free/aggregations/pipeline.yml" time="0">
      <failure message="Cannot convert undefined or null to object">TypeError: Cannot convert undefined or null to object
    at Function.entries (&lt;anonymous&gt;)
    at doRedact (/usr/src/app/node_modules/@elastic/transport/lib/security.js:22:16)
    at /usr/src/app/node_modules/@elastic/transport/lib/security.js:30:44
    at Array.map (&lt;anonymous&gt;)
    at /usr/src/app/node_modules/@elastic/transport/lib/security.js:30:35
    at Array.forEach (&lt;anonymous&gt;)
    at doRedact (/usr/src/app/node_modules/@elastic/transport/lib/security.js:22:29)
    at /usr/src/app/node_modules/@elastic/transport/lib/security.js:36:33
    at Array.forEach (&lt;anonymous&gt;)
    at doRedact (/usr/src/app/node_modules/@elastic/transport/lib/security.js:22:29)</failure>
    </testcase>
    <testcase id="2024-04-03T14:27:15.734Z" name="Max pipeline on percentiles tdigest agg without specifying percent" file="node_v20.12.0: /free/aggregations/pipeline.yml" time="0">
      <failure message="Cannot convert undefined or null to object">TypeError: Cannot convert undefined or null to object
    at Function.entries (&lt;anonymous&gt;)
    at doRedact (/usr/src/app/node_modules/@elastic/transport/lib/security.js:22:16)
    at /usr/src/app/node_modules/@elastic/transport/lib/security.js:30:44
    at Array.map (&lt;anonymous&gt;)
    at /usr/src/app/node_modules/@elastic/transport/lib/security.js:30:35
    at Array.forEach (&lt;anonymous&gt;)
    at doRedact (/usr/src/app/node_modules/@elastic/transport/lib/security.js:22:29)
    at /usr/src/app/node_modules/@elastic/transport/lib/security.js:36:33
    at Array.forEach (&lt;anonymous&gt;)
    at doRedact (/usr/src/app/node_modules/@elastic/transport/lib/security.js:22:29)</failure>
    </testcase>
    <testcase id="2024-04-03T14:27:15.739Z" name="Max pipeline on percentiles tdigest agg with single percent metric value" file="node_v20.12.0: /free/aggregations/pipeline.yml" time="0">
      <failure message="Cannot convert undefined or null to object">TypeError: Cannot convert undefined or null to object
    at Function.entries (&lt;anonymous&gt;)
    at doRedact (/usr/src/app/node_modules/@elastic/transport/lib/security.js:22:16)
    at /usr/src/app/node_modules/@elastic/transport/lib/security.js:30:44
    at Array.map (&lt;anonymous&gt;)
    at /usr/src/app/node_modules/@elastic/transport/lib/security.js:30:35
    at Array.forEach (&lt;anonymous&gt;)
    at doRedact (/usr/src/app/node_modules/@elastic/transport/lib/security.js:22:29)
    at /usr/src/app/node_modules/@elastic/transport/lib/security.js:36:33
    at Array.forEach (&lt;anonymous&gt;)
    at doRedact (/usr/src/app/node_modules/@elastic/transport/lib/security.js:22:29)</failure>
    </testcase>
    <testcase id="2024-04-03T14:27:15.744Z" name="Max pipeline on percentiles tdigest agg with single percent metric field" file="node_v20.12.0: /free/aggregations/pipeline.yml" time="0">
      <failure message="Cannot convert undefined or null to object">TypeError: Cannot convert undefined or null to object
    at Function.entries (&lt;anonymous&gt;)
    at doRedact (/usr/src/app/node_modules/@elastic/transport/lib/security.js:22:16)
    at /usr/src/app/node_modules/@elastic/transport/lib/security.js:30:44
    at Array.map (&lt;anonymous&gt;)
    at /usr/src/app/node_modules/@elastic/transport/lib/security.js:30:35
    at Array.forEach (&lt;anonymous&gt;)
    at doRedact (/usr/src/app/node_modules/@elastic/transport/lib/security.js:22:29)
    at /usr/src/app/node_modules/@elastic/transport/lib/security.js:36:33
    at Array.forEach (&lt;anonymous&gt;)
    at doRedact (/usr/src/app/node_modules/@elastic/transport/lib/security.js:22:29)</failure>
    </testcase>
    <testcase id="2024-04-03T14:27:15.750Z" name="Max pipeline on percentiles hdr agg without specifying percent" file="node_v20.12.0: /free/aggregations/pipeline.yml" time="0">
      <failure message="Cannot convert undefined or null to object">TypeError: Cannot convert undefined or null to object
    at Function.entries (&lt;anonymous&gt;)
    at doRedact (/usr/src/app/node_modules/@elastic/transport/lib/security.js:22:16)
    at /usr/src/app/node_modules/@elastic/transport/lib/security.js:30:44
    at Array.map (&lt;anonymous&gt;)
    at /usr/src/app/node_modules/@elastic/transport/lib/security.js:30:35
    at Array.forEach (&lt;anonymous&gt;)
    at doRedact (/usr/src/app/node_modules/@elastic/transport/lib/security.js:22:29)
    at /usr/src/app/node_modules/@elastic/transport/lib/security.js:36:33
    at Array.forEach (&lt;anonymous&gt;)
    at doRedact (/usr/src/app/node_modules/@elastic/transport/lib/security.js:22:29)</failure>
    </testcase>
    <testcase id="2024-04-03T14:27:15.755Z" name="Max pipeline on percentiles hdr agg with single percent metric value" file="node_v20.12.0: /free/aggregations/pipeline.yml" time="0">
      <failure message="Cannot convert undefined or null to object">TypeError: Cannot convert undefined or null to object
    at Function.entries (&lt;anonymous&gt;)
    at doRedact (/usr/src/app/node_modules/@elastic/transport/lib/security.js:22:16)
    at /usr/src/app/node_modules/@elastic/transport/lib/security.js:30:44
    at Array.map (&lt;anonymous&gt;)
    at /usr/src/app/node_modules/@elastic/transport/lib/security.js:30:35
    at Array.forEach (&lt;anonymous&gt;)
    at doRedact (/usr/src/app/node_modules/@elastic/transport/lib/security.js:22:29)
    at /usr/src/app/node_modules/@elastic/transport/lib/security.js:36:33
    at Array.forEach (&lt;anonymous&gt;)
    at doRedact (/usr/src/app/node_modules/@elastic/transport/lib/security.js:22:29)</failure>
    </testcase>
    <testcase id="2024-04-03T14:27:15.760Z" name="Max pipeline on percentiles hdr agg with single percent metric field" file="node_v20.12.0: /free/aggregations/pipeline.yml" time="0">
      <failure message="Cannot convert undefined or null to object">TypeError: Cannot convert undefined or null to object
    at Function.entries (&lt;anonymous&gt;)
    at doRedact (/usr/src/app/node_modules/@elastic/transport/lib/security.js:22:16)
    at /usr/src/app/node_modules/@elastic/transport/lib/security.js:30:44
    at Array.map (&lt;anonymous&gt;)
    at /usr/src/app/node_modules/@elastic/transport/lib/security.js:30:35
    at Array.forEach (&lt;anonymous&gt;)
    at doRedact (/usr/src/app/node_modules/@elastic/transport/lib/security.js:22:29)
    at /usr/src/app/node_modules/@elastic/transport/lib/security.js:36:33
    at Array.forEach (&lt;anonymous&gt;)
    at doRedact (/usr/src/app/node_modules/@elastic/transport/lib/security.js:22:29)</failure>
    </testcase>
    <testcase id="2024-04-03T14:27:15.765Z" name="Max pipeline on percentiles with incorrect name" file="node_v20.12.0: /free/aggregations/pipeline.yml" time="0">
      <failure message="Cannot convert undefined or null to object">TypeError: Cannot convert undefined or null to object
    at Function.entries (&lt;anonymous&gt;)
    at doRedact (/usr/src/app/node_modules/@elastic/transport/lib/security.js:22:16)
    at /usr/src/app/node_modules/@elastic/transport/lib/security.js:30:44
    at Array.map (&lt;anonymous&gt;)
    at /usr/src/app/node_modules/@elastic/transport/lib/security.js:30:35
    at Array.forEach (&lt;anonymous&gt;)
    at doRedact (/usr/src/app/node_modules/@elastic/transport/lib/security.js:22:29)
    at /usr/src/app/node_modules/@elastic/transport/lib/security.js:36:33
    at Array.forEach (&lt;anonymous&gt;)
    at doRedact (/usr/src/app/node_modules/@elastic/transport/lib/security.js:22:29)</failure>
    </testcase>
    <testcase id="2024-04-03T14:27:15.771Z" name="deep cumulative sum" file="node_v20.12.0: /free/aggregations/pipeline.yml" time="0">
      <failure message="Cannot convert undefined or null to object">TypeError: Cannot convert undefined or null to object
    at Function.entries (&lt;anonymous&gt;)
    at doRedact (/usr/src/app/node_modules/@elastic/transport/lib/security.js:22:16)
    at /usr/src/app/node_modules/@elastic/transport/lib/security.js:30:44
    at Array.map (&lt;anonymous&gt;)
    at /usr/src/app/node_modules/@elastic/transport/lib/security.js:30:35
    at Array.forEach (&lt;anonymous&gt;)
    at doRedact (/usr/src/app/node_modules/@elastic/transport/lib/security.js:22:29)
    at /usr/src/app/node_modules/@elastic/transport/lib/security.js:36:33
    at Array.forEach (&lt;anonymous&gt;)
    at doRedact (/usr/src/app/node_modules/@elastic/transport/lib/security.js:22:29)</failure>
    </testcase>
  </testsuite>
  <testsuite id="2024-04-03T14:27:15.776Z" name="free/aggregations - /free/aggregations/random_sampler.yml" time="1" tests="3" failures="1" skipped="1">
    <testcase id="2024-04-03T14:27:15.776Z" name="Test random_sampler aggregation with no filter" file="node_v20.12.0: /free/aggregations/random_sampler.yml" time="0">
      <skipped>{
  "features": [
    "close_to"
  ],
  "version": " - 8.1.99",
  "reason": "added in 8.2.0"
}</skipped>
    </testcase>
    <testcase id="2024-04-03T14:27:16.189Z" name="Test random_sampler aggregation with filter" file="node_v20.12.0: /free/aggregations/random_sampler.yml" time="0"/>
    <testcase id="2024-04-03T14:27:16.663Z" name="Test random_sampler aggregation with poor settings" file="node_v20.12.0: /free/aggregations/random_sampler.yml" time="0">
      <failure message="the error should match: /\[probability\] must be between 0.0 and 0.5 or exactly 1.0, was \[1.5\]/, found undefined: expected false to be truthy">AssertionError: the error should match: /\[probability\] must be between 0.0 and 0.5 or exactly 1.0, was \[1.5\]/, found undefined: expected false to be truthy
    at doAction (/usr/src/app/test/integration/test-runner.js:544:14)
    at process.processTicksAndRejections (node:internal/process/task_queues:95:5)
    at async exec (/usr/src/app/test/integration/test-runner.js:578:9)
    at async Object.run (/usr/src/app/test/integration/test-runner.js:316:5)
    at async start (/usr/src/app/test/integration/index.js:331:11)</failure>
    </testcase>
  </testsuite>
  <testsuite id="2024-04-03T14:27:16.751Z" name="free/aggregations - /free/aggregations/range.yml" time="6" tests="12" failures="1" skipped="0">
    <testcase id="2024-04-03T14:27:16.751Z" name="Float Endpoint Exclusive" file="node_v20.12.0: /free/aggregations/range.yml" time="1"/>
    <testcase id="2024-04-03T14:27:17.309Z" name="Half Float Endpoint Exclusive" file="node_v20.12.0: /free/aggregations/range.yml" time="1"/>
    <testcase id="2024-04-03T14:27:17.846Z" name="Float range" file="node_v20.12.0: /free/aggregations/range.yml" time="1"/>
    <testcase id="2024-04-03T14:27:18.355Z" name="Double range" file="node_v20.12.0: /free/aggregations/range.yml" time="1"/>
    <testcase id="2024-04-03T14:27:18.970Z" name="Double range on long field" file="node_v20.12.0: /free/aggregations/range.yml" time="0"/>
    <testcase id="2024-04-03T14:27:19.444Z" name="Double range no decimal" file="node_v20.12.0: /free/aggregations/range.yml" time="1"/>
    <testcase id="2024-04-03T14:27:19.998Z" name="Double range with missing value" file="node_v20.12.0: /free/aggregations/range.yml" time="1"/>
    <testcase id="2024-04-03T14:27:20.518Z" name="Null to and from" file="node_v20.12.0: /free/aggregations/range.yml" time="1"/>
    <testcase id="2024-04-03T14:27:21.084Z" name="Range agg on long field" file="node_v20.12.0: /free/aggregations/range.yml" time="1"/>
    <testcase id="2024-04-03T14:27:21.593Z" name="Double range default keyed response" file="node_v20.12.0: /free/aggregations/range.yml" time="1"/>
    <testcase id="2024-04-03T14:27:22.136Z" name="Range aggregation on date field" file="node_v20.12.0: /free/aggregations/range.yml" time="1"/>
    <testcase id="2024-04-03T14:27:22.744Z" name="Min and max long range bounds" file="node_v20.12.0: /free/aggregations/range.yml" time="0">
      <failure message="should be equal: 0 - 1, action: {&quot;hits.total.value&quot;:1}: expected +0 to equal 1">AssertionError: should be equal: 0 - 1, action: {"hits.total.value":1}: expected +0 to equal 1
    at match (/usr/src/app/test/integration/test-runner.js:746:14)
    at exec (/usr/src/app/test/integration/test-runner.js:594:9)
    at process.processTicksAndRejections (node:internal/process/task_queues:95:5)
    at async Object.run (/usr/src/app/test/integration/test-runner.js:316:5)
    at async start (/usr/src/app/test/integration/index.js:331:11)</failure>
    </testcase>
  </testsuite>
  <testsuite id="2024-04-03T14:27:22.935Z" name="free/aggregations - /free/aggregations/range_timezone_bug.yml" time="0" tests="2" failures="2" skipped="0">
    <testcase id="2024-04-03T14:27:22.935Z" name="respect offsets in range bounds" file="node_v20.12.0: /free/aggregations/range_timezone_bug.yml" time="0">
      <failure message="Cannot convert undefined or null to object">TypeError: Cannot convert undefined or null to object
    at Function.entries (&lt;anonymous&gt;)
    at doRedact (/usr/src/app/node_modules/@elastic/transport/lib/security.js:22:16)
    at /usr/src/app/node_modules/@elastic/transport/lib/security.js:30:44
    at Array.map (&lt;anonymous&gt;)
    at /usr/src/app/node_modules/@elastic/transport/lib/security.js:30:35
    at Array.forEach (&lt;anonymous&gt;)
    at doRedact (/usr/src/app/node_modules/@elastic/transport/lib/security.js:22:29)
    at /usr/src/app/node_modules/@elastic/transport/lib/security.js:36:33
    at Array.forEach (&lt;anonymous&gt;)
    at doRedact (/usr/src/app/node_modules/@elastic/transport/lib/security.js:22:29)</failure>
    </testcase>
    <testcase id="2024-04-03T14:27:22.941Z" name="offsets and timezones play nicely together" file="node_v20.12.0: /free/aggregations/range_timezone_bug.yml" time="0">
      <failure message="Cannot convert undefined or null to object">TypeError: Cannot convert undefined or null to object
    at Function.entries (&lt;anonymous&gt;)
    at doRedact (/usr/src/app/node_modules/@elastic/transport/lib/security.js:22:16)
    at /usr/src/app/node_modules/@elastic/transport/lib/security.js:30:44
    at Array.map (&lt;anonymous&gt;)
    at /usr/src/app/node_modules/@elastic/transport/lib/security.js:30:35
    at Array.forEach (&lt;anonymous&gt;)
    at doRedact (/usr/src/app/node_modules/@elastic/transport/lib/security.js:22:29)
    at /usr/src/app/node_modules/@elastic/transport/lib/security.js:36:33
    at Array.forEach (&lt;anonymous&gt;)
    at doRedact (/usr/src/app/node_modules/@elastic/transport/lib/security.js:22:29)</failure>
    </testcase>
  </testsuite>
  <testsuite id="2024-04-03T14:27:22.949Z" name="free/aggregations - /free/aggregations/rare_terms.yml" time="0" tests="11" failures="11" skipped="0">
    <testcase id="2024-04-03T14:27:22.949Z" name="Basic test" file="node_v20.12.0: /free/aggregations/rare_terms.yml" time="0">
      <failure message="should be equal: 12 - 3, action: {&quot;hits.total.value&quot;:3}: expected 12 to equal 3">AssertionError: should be equal: 12 - 3, action: {"hits.total.value":3}: expected 12 to equal 3
    at match (/usr/src/app/test/integration/test-runner.js:746:14)
    at exec (/usr/src/app/test/integration/test-runner.js:594:9)
    at process.processTicksAndRejections (node:internal/process/task_queues:95:5)
    at async Object.run (/usr/src/app/test/integration/test-runner.js:316:5)
    at async start (/usr/src/app/test/integration/index.js:331:11)</failure>
    </testcase>
    <testcase id="2024-04-03T14:27:23.018Z" name="IP test" file="node_v20.12.0: /free/aggregations/rare_terms.yml" time="0">
      <failure message="Cannot convert undefined or null to object">TypeError: Cannot convert undefined or null to object
    at Function.entries (&lt;anonymous&gt;)
    at doRedact (/usr/src/app/node_modules/@elastic/transport/lib/security.js:22:16)
    at /usr/src/app/node_modules/@elastic/transport/lib/security.js:30:44
    at Array.map (&lt;anonymous&gt;)
    at /usr/src/app/node_modules/@elastic/transport/lib/security.js:30:35
    at Array.forEach (&lt;anonymous&gt;)
    at doRedact (/usr/src/app/node_modules/@elastic/transport/lib/security.js:22:29)
    at /usr/src/app/node_modules/@elastic/transport/lib/security.js:36:33
    at Array.forEach (&lt;anonymous&gt;)
    at doRedact (/usr/src/app/node_modules/@elastic/transport/lib/security.js:22:29)</failure>
    </testcase>
    <testcase id="2024-04-03T14:27:23.024Z" name="Boolean test" file="node_v20.12.0: /free/aggregations/rare_terms.yml" time="0">
      <failure message="Cannot convert undefined or null to object">TypeError: Cannot convert undefined or null to object
    at Function.entries (&lt;anonymous&gt;)
    at doRedact (/usr/src/app/node_modules/@elastic/transport/lib/security.js:22:16)
    at /usr/src/app/node_modules/@elastic/transport/lib/security.js:30:44
    at Array.map (&lt;anonymous&gt;)
    at /usr/src/app/node_modules/@elastic/transport/lib/security.js:30:35
    at Array.forEach (&lt;anonymous&gt;)
    at doRedact (/usr/src/app/node_modules/@elastic/transport/lib/security.js:22:29)
    at /usr/src/app/node_modules/@elastic/transport/lib/security.js:36:33
    at Array.forEach (&lt;anonymous&gt;)
    at doRedact (/usr/src/app/node_modules/@elastic/transport/lib/security.js:22:29)</failure>
    </testcase>
    <testcase id="2024-04-03T14:27:23.030Z" name="Integer test" file="node_v20.12.0: /free/aggregations/rare_terms.yml" time="0">
      <failure message="Cannot convert undefined or null to object">TypeError: Cannot convert undefined or null to object
    at Function.entries (&lt;anonymous&gt;)
    at doRedact (/usr/src/app/node_modules/@elastic/transport/lib/security.js:22:16)
    at /usr/src/app/node_modules/@elastic/transport/lib/security.js:30:44
    at Array.map (&lt;anonymous&gt;)
    at /usr/src/app/node_modules/@elastic/transport/lib/security.js:30:35
    at Array.forEach (&lt;anonymous&gt;)
    at doRedact (/usr/src/app/node_modules/@elastic/transport/lib/security.js:22:29)
    at /usr/src/app/node_modules/@elastic/transport/lib/security.js:36:33
    at Array.forEach (&lt;anonymous&gt;)
    at doRedact (/usr/src/app/node_modules/@elastic/transport/lib/security.js:22:29)</failure>
    </testcase>
    <testcase id="2024-04-03T14:27:23.036Z" name="Date test" file="node_v20.12.0: /free/aggregations/rare_terms.yml" time="0">
      <failure message="Cannot convert undefined or null to object">TypeError: Cannot convert undefined or null to object
    at Function.entries (&lt;anonymous&gt;)
    at doRedact (/usr/src/app/node_modules/@elastic/transport/lib/security.js:22:16)
    at /usr/src/app/node_modules/@elastic/transport/lib/security.js:30:44
    at Array.map (&lt;anonymous&gt;)
    at /usr/src/app/node_modules/@elastic/transport/lib/security.js:30:35
    at Array.forEach (&lt;anonymous&gt;)
    at doRedact (/usr/src/app/node_modules/@elastic/transport/lib/security.js:22:29)
    at /usr/src/app/node_modules/@elastic/transport/lib/security.js:36:33
    at Array.forEach (&lt;anonymous&gt;)
    at doRedact (/usr/src/app/node_modules/@elastic/transport/lib/security.js:22:29)</failure>
    </testcase>
    <testcase id="2024-04-03T14:27:23.041Z" name="Unmapped strings" file="node_v20.12.0: /free/aggregations/rare_terms.yml" time="0">
      <failure message="Cannot convert undefined or null to object">TypeError: Cannot convert undefined or null to object
    at Function.entries (&lt;anonymous&gt;)
    at doRedact (/usr/src/app/node_modules/@elastic/transport/lib/security.js:22:16)
    at /usr/src/app/node_modules/@elastic/transport/lib/security.js:30:44
    at Array.map (&lt;anonymous&gt;)
    at /usr/src/app/node_modules/@elastic/transport/lib/security.js:30:35
    at Array.forEach (&lt;anonymous&gt;)
    at doRedact (/usr/src/app/node_modules/@elastic/transport/lib/security.js:22:29)
    at /usr/src/app/node_modules/@elastic/transport/lib/security.js:36:33
    at Array.forEach (&lt;anonymous&gt;)
    at doRedact (/usr/src/app/node_modules/@elastic/transport/lib/security.js:22:29)</failure>
    </testcase>
    <testcase id="2024-04-03T14:27:23.047Z" name="Unmapped booleans" file="node_v20.12.0: /free/aggregations/rare_terms.yml" time="0">
      <failure message="Cannot convert undefined or null to object">TypeError: Cannot convert undefined or null to object
    at Function.entries (&lt;anonymous&gt;)
    at doRedact (/usr/src/app/node_modules/@elastic/transport/lib/security.js:22:16)
    at /usr/src/app/node_modules/@elastic/transport/lib/security.js:30:44
    at Array.map (&lt;anonymous&gt;)
    at /usr/src/app/node_modules/@elastic/transport/lib/security.js:30:35
    at Array.forEach (&lt;anonymous&gt;)
    at doRedact (/usr/src/app/node_modules/@elastic/transport/lib/security.js:22:29)
    at /usr/src/app/node_modules/@elastic/transport/lib/security.js:36:33
    at Array.forEach (&lt;anonymous&gt;)
    at doRedact (/usr/src/app/node_modules/@elastic/transport/lib/security.js:22:29)</failure>
    </testcase>
    <testcase id="2024-04-03T14:27:23.053Z" name="Unmapped dates" file="node_v20.12.0: /free/aggregations/rare_terms.yml" time="0">
      <failure message="Cannot convert undefined or null to object">TypeError: Cannot convert undefined or null to object
    at Function.entries (&lt;anonymous&gt;)
    at doRedact (/usr/src/app/node_modules/@elastic/transport/lib/security.js:22:16)
    at /usr/src/app/node_modules/@elastic/transport/lib/security.js:30:44
    at Array.map (&lt;anonymous&gt;)
    at /usr/src/app/node_modules/@elastic/transport/lib/security.js:30:35
    at Array.forEach (&lt;anonymous&gt;)
    at doRedact (/usr/src/app/node_modules/@elastic/transport/lib/security.js:22:29)
    at /usr/src/app/node_modules/@elastic/transport/lib/security.js:36:33
    at Array.forEach (&lt;anonymous&gt;)
    at doRedact (/usr/src/app/node_modules/@elastic/transport/lib/security.js:22:29)</failure>
    </testcase>
    <testcase id="2024-04-03T14:27:23.058Z" name="Unmapped longs" file="node_v20.12.0: /free/aggregations/rare_terms.yml" time="0">
      <failure message="Cannot convert undefined or null to object">TypeError: Cannot convert undefined or null to object
    at Function.entries (&lt;anonymous&gt;)
    at doRedact (/usr/src/app/node_modules/@elastic/transport/lib/security.js:22:16)
    at /usr/src/app/node_modules/@elastic/transport/lib/security.js:30:44
    at Array.map (&lt;anonymous&gt;)
    at /usr/src/app/node_modules/@elastic/transport/lib/security.js:30:35
    at Array.forEach (&lt;anonymous&gt;)
    at doRedact (/usr/src/app/node_modules/@elastic/transport/lib/security.js:22:29)
    at /usr/src/app/node_modules/@elastic/transport/lib/security.js:36:33
    at Array.forEach (&lt;anonymous&gt;)
    at doRedact (/usr/src/app/node_modules/@elastic/transport/lib/security.js:22:29)</failure>
    </testcase>
    <testcase id="2024-04-03T14:27:23.065Z" name="sub aggs" file="node_v20.12.0: /free/aggregations/rare_terms.yml" time="0">
      <failure message="Cannot convert undefined or null to object">TypeError: Cannot convert undefined or null to object
    at Function.entries (&lt;anonymous&gt;)
    at doRedact (/usr/src/app/node_modules/@elastic/transport/lib/security.js:22:16)
    at /usr/src/app/node_modules/@elastic/transport/lib/security.js:30:44
    at Array.map (&lt;anonymous&gt;)
    at /usr/src/app/node_modules/@elastic/transport/lib/security.js:30:35
    at Array.forEach (&lt;anonymous&gt;)
    at doRedact (/usr/src/app/node_modules/@elastic/transport/lib/security.js:22:29)
    at /usr/src/app/node_modules/@elastic/transport/lib/security.js:36:33
    at Array.forEach (&lt;anonymous&gt;)
    at doRedact (/usr/src/app/node_modules/@elastic/transport/lib/security.js:22:29)</failure>
    </testcase>
    <testcase id="2024-04-03T14:27:23.071Z" name="avg_bucket" file="node_v20.12.0: /free/aggregations/rare_terms.yml" time="0">
      <failure message="Cannot convert undefined or null to object">TypeError: Cannot convert undefined or null to object
    at Function.entries (&lt;anonymous&gt;)
    at doRedact (/usr/src/app/node_modules/@elastic/transport/lib/security.js:22:16)
    at /usr/src/app/node_modules/@elastic/transport/lib/security.js:30:44
    at Array.map (&lt;anonymous&gt;)
    at /usr/src/app/node_modules/@elastic/transport/lib/security.js:30:35
    at Array.forEach (&lt;anonymous&gt;)
    at doRedact (/usr/src/app/node_modules/@elastic/transport/lib/security.js:22:29)
    at /usr/src/app/node_modules/@elastic/transport/lib/security.js:36:33
    at Array.forEach (&lt;anonymous&gt;)
    at doRedact (/usr/src/app/node_modules/@elastic/transport/lib/security.js:22:29)</failure>
    </testcase>
  </testsuite>
  <testsuite id="2024-04-03T14:27:23.077Z" name="free/aggregations - /free/aggregations/sampler.yml" time="0" tests="2" failures="2" skipped="0">
    <testcase id="2024-04-03T14:27:23.077Z" name="small shard_size" file="node_v20.12.0: /free/aggregations/sampler.yml" time="0">
      <failure message="Cannot convert undefined or null to object">TypeError: Cannot convert undefined or null to object
    at Function.entries (&lt;anonymous&gt;)
    at doRedact (/usr/src/app/node_modules/@elastic/transport/lib/security.js:22:16)
    at /usr/src/app/node_modules/@elastic/transport/lib/security.js:30:44
    at Array.map (&lt;anonymous&gt;)
    at /usr/src/app/node_modules/@elastic/transport/lib/security.js:30:35
    at Array.forEach (&lt;anonymous&gt;)
    at doRedact (/usr/src/app/node_modules/@elastic/transport/lib/security.js:22:29)
    at /usr/src/app/node_modules/@elastic/transport/lib/security.js:36:33
    at Array.forEach (&lt;anonymous&gt;)
    at doRedact (/usr/src/app/node_modules/@elastic/transport/lib/security.js:22:29)</failure>
    </testcase>
    <testcase id="2024-04-03T14:27:23.083Z" name="default shard size" file="node_v20.12.0: /free/aggregations/sampler.yml" time="0">
      <failure message="Cannot convert undefined or null to object">TypeError: Cannot convert undefined or null to object
    at Function.entries (&lt;anonymous&gt;)
    at doRedact (/usr/src/app/node_modules/@elastic/transport/lib/security.js:22:16)
    at /usr/src/app/node_modules/@elastic/transport/lib/security.js:30:44
    at Array.map (&lt;anonymous&gt;)
    at /usr/src/app/node_modules/@elastic/transport/lib/security.js:30:35
    at Array.forEach (&lt;anonymous&gt;)
    at doRedact (/usr/src/app/node_modules/@elastic/transport/lib/security.js:22:29)
    at /usr/src/app/node_modules/@elastic/transport/lib/security.js:36:33
    at Array.forEach (&lt;anonymous&gt;)
    at doRedact (/usr/src/app/node_modules/@elastic/transport/lib/security.js:22:29)</failure>
    </testcase>
  </testsuite>
  <testsuite id="2024-04-03T14:27:23.089Z" name="free/aggregations - /free/aggregations/scripted_metric.yml" time="0" tests="2" failures="2" skipped="0">
    <testcase id="2024-04-03T14:27:23.089Z" name="scripted transaction sum" file="node_v20.12.0: /free/aggregations/scripted_metric.yml" time="0">
      <failure message="Cannot convert undefined or null to object">TypeError: Cannot convert undefined or null to object
    at Function.entries (&lt;anonymous&gt;)
    at doRedact (/usr/src/app/node_modules/@elastic/transport/lib/security.js:22:16)
    at /usr/src/app/node_modules/@elastic/transport/lib/security.js:30:44
    at Array.map (&lt;anonymous&gt;)
    at /usr/src/app/node_modules/@elastic/transport/lib/security.js:30:35
    at Array.forEach (&lt;anonymous&gt;)
    at doRedact (/usr/src/app/node_modules/@elastic/transport/lib/security.js:22:29)
    at /usr/src/app/node_modules/@elastic/transport/lib/security.js:36:33
    at Array.forEach (&lt;anonymous&gt;)
    at doRedact (/usr/src/app/node_modules/@elastic/transport/lib/security.js:22:29)</failure>
    </testcase>
    <testcase id="2024-04-03T14:27:23.095Z" name="scripted with params" file="node_v20.12.0: /free/aggregations/scripted_metric.yml" time="0">
      <failure message="Cannot convert undefined or null to object">TypeError: Cannot convert undefined or null to object
    at Function.entries (&lt;anonymous&gt;)
    at doRedact (/usr/src/app/node_modules/@elastic/transport/lib/security.js:22:16)
    at /usr/src/app/node_modules/@elastic/transport/lib/security.js:30:44
    at Array.map (&lt;anonymous&gt;)
    at /usr/src/app/node_modules/@elastic/transport/lib/security.js:30:35
    at Array.forEach (&lt;anonymous&gt;)
    at doRedact (/usr/src/app/node_modules/@elastic/transport/lib/security.js:22:29)
    at /usr/src/app/node_modules/@elastic/transport/lib/security.js:36:33
    at Array.forEach (&lt;anonymous&gt;)
    at doRedact (/usr/src/app/node_modules/@elastic/transport/lib/security.js:22:29)</failure>
    </testcase>
  </testsuite>
  <testsuite id="2024-04-03T14:27:23.101Z" name="free/aggregations - /free/aggregations/serial_diff.yml" time="0" tests="4" failures="4" skipped="0">
    <testcase id="2024-04-03T14:27:23.101Z" name="basic" file="node_v20.12.0: /free/aggregations/serial_diff.yml" time="0">
      <failure message="should be equal: 15 - 3, action: {&quot;hits.total.value&quot;:3}: expected 15 to equal 3">AssertionError: should be equal: 15 - 3, action: {"hits.total.value":3}: expected 15 to equal 3
    at match (/usr/src/app/test/integration/test-runner.js:746:14)
    at exec (/usr/src/app/test/integration/test-runner.js:594:9)
    at process.processTicksAndRejections (node:internal/process/task_queues:95:5)
    at async Object.run (/usr/src/app/test/integration/test-runner.js:316:5)
    at async start (/usr/src/app/test/integration/index.js:331:11)</failure>
    </testcase>
    <testcase id="2024-04-03T14:27:23.133Z" name="lag" file="node_v20.12.0: /free/aggregations/serial_diff.yml" time="0">
      <failure message="should be equal: 19 - 4, action: {&quot;hits.total.value&quot;:4}: expected 19 to equal 4">AssertionError: should be equal: 19 - 4, action: {"hits.total.value":4}: expected 19 to equal 4
    at match (/usr/src/app/test/integration/test-runner.js:746:14)
    at exec (/usr/src/app/test/integration/test-runner.js:594:9)
    at process.processTicksAndRejections (node:internal/process/task_queues:95:5)
    at async Object.run (/usr/src/app/test/integration/test-runner.js:316:5)
    at async start (/usr/src/app/test/integration/index.js:331:11)</failure>
    </testcase>
    <testcase id="2024-04-03T14:27:23.153Z" name="parent has gap" file="node_v20.12.0: /free/aggregations/serial_diff.yml" time="0">
      <failure message="should be equal: 22 - 3, action: {&quot;hits.total.value&quot;:3}: expected 22 to equal 3">AssertionError: should be equal: 22 - 3, action: {"hits.total.value":3}: expected 22 to equal 3
    at match (/usr/src/app/test/integration/test-runner.js:746:14)
    at exec (/usr/src/app/test/integration/test-runner.js:594:9)
    at process.processTicksAndRejections (node:internal/process/task_queues:95:5)
    at async Object.run (/usr/src/app/test/integration/test-runner.js:316:5)
    at async start (/usr/src/app/test/integration/index.js:331:11)</failure>
    </testcase>
    <testcase id="2024-04-03T14:27:23.169Z" name="parent has min_doc_count" file="node_v20.12.0: /free/aggregations/serial_diff.yml" time="0">
      <failure message="should be equal: 25 - 3, action: {&quot;hits.total.value&quot;:3}: expected 25 to equal 3">AssertionError: should be equal: 25 - 3, action: {"hits.total.value":3}: expected 25 to equal 3
    at match (/usr/src/app/test/integration/test-runner.js:746:14)
    at exec (/usr/src/app/test/integration/test-runner.js:594:9)
    at process.processTicksAndRejections (node:internal/process/task_queues:95:5)
    at async Object.run (/usr/src/app/test/integration/test-runner.js:316:5)
    at async start (/usr/src/app/test/integration/index.js:331:11)</failure>
    </testcase>
  </testsuite>
  <testsuite id="2024-04-03T14:27:23.186Z" name="free/aggregations - /free/aggregations/sig_terms.yml" time="2" tests="5" failures="2" skipped="0">
    <testcase id="2024-04-03T14:27:23.186Z" name="Default index" file="node_v20.12.0: /free/aggregations/sig_terms.yml" time="0"/>
    <testcase id="2024-04-03T14:27:23.595Z" name="Test background filter count " file="node_v20.12.0: /free/aggregations/sig_terms.yml" time="1"/>
    <testcase id="2024-04-03T14:27:24.211Z" name="IP test" file="node_v20.12.0: /free/aggregations/sig_terms.yml" time="0">
      <failure message="the error should match: /Aggregation \[ip_terms\] cannot support regular expression style include\/exclude settings as they can only be applied to string fields\. Use an array of values for include\/exclude clauses/, found undefined: expected false to be truthy">AssertionError: the error should match: /Aggregation \[ip_terms\] cannot support regular expression style include\/exclude settings as they can only be applied to string fields\. Use an array of values for include\/exclude clauses/, found undefined: expected false to be truthy
    at doAction (/usr/src/app/test/integration/test-runner.js:544:14)
    at process.processTicksAndRejections (node:internal/process/task_queues:95:5)
    at async exec (/usr/src/app/test/integration/test-runner.js:578:9)
    at async Object.run (/usr/src/app/test/integration/test-runner.js:316:5)
    at async start (/usr/src/app/test/integration/index.js:331:11)</failure>
    </testcase>
    <testcase id="2024-04-03T14:27:24.311Z" name="Misspelled fields get &quot;did you mean&quot;" file="node_v20.12.0: /free/aggregations/sig_terms.yml" time="0">
      <failure message="the error should match: /\[significant_terms\] unknown field \[jlp\] did you mean \[jlh\]\?/, found undefined: expected false to be truthy">AssertionError: the error should match: /\[significant_terms\] unknown field \[jlp\] did you mean \[jlh\]\?/, found undefined: expected false to be truthy
    at doAction (/usr/src/app/test/integration/test-runner.js:544:14)
    at process.processTicksAndRejections (node:internal/process/task_queues:95:5)
    at async exec (/usr/src/app/test/integration/test-runner.js:578:9)
    at async Object.run (/usr/src/app/test/integration/test-runner.js:316:5)
    at async start (/usr/src/app/test/integration/index.js:331:11)</failure>
    </testcase>
    <testcase id="2024-04-03T14:27:24.319Z" name="Test alias background filter" file="node_v20.12.0: /free/aggregations/sig_terms.yml" time="0"/>
  </testsuite>
  <testsuite id="2024-04-03T14:27:24.752Z" name="free/aggregations - /free/aggregations/significant_text.yml" time="5" tests="11" failures="0" skipped="0">
    <testcase id="2024-04-03T14:27:24.752Z" name="simple" file="node_v20.12.0: /free/aggregations/significant_text.yml" time="0"/>
    <testcase id="2024-04-03T14:27:25.204Z" name="Dedup noise" file="node_v20.12.0: /free/aggregations/significant_text.yml" time="1"/>
    <testcase id="2024-04-03T14:27:25.766Z" name="profile" file="node_v20.12.0: /free/aggregations/significant_text.yml" time="0"/>
    <testcase id="2024-04-03T14:27:26.175Z" name="include" file="node_v20.12.0: /free/aggregations/significant_text.yml" time="0"/>
    <testcase id="2024-04-03T14:27:26.618Z" name="exclude" file="node_v20.12.0: /free/aggregations/significant_text.yml" time="0"/>
    <testcase id="2024-04-03T14:27:27.049Z" name="min_doc_count" file="node_v20.12.0: /free/aggregations/significant_text.yml" time="0"/>
    <testcase id="2024-04-03T14:27:27.487Z" name="size" file="node_v20.12.0: /free/aggregations/significant_text.yml" time="0"/>
    <testcase id="2024-04-03T14:27:27.908Z" name="shard_size" file="node_v20.12.0: /free/aggregations/significant_text.yml" time="0"/>
    <testcase id="2024-04-03T14:27:28.305Z" name="significance_heuristics" file="node_v20.12.0: /free/aggregations/significant_text.yml" time="0"/>
    <testcase id="2024-04-03T14:27:28.782Z" name="background_filter" file="node_v20.12.0: /free/aggregations/significant_text.yml" time="1"/>
    <testcase id="2024-04-03T14:27:29.297Z" name="copy_to" file="node_v20.12.0: /free/aggregations/significant_text.yml" time="0"/>
  </testsuite>
  <testsuite id="2024-04-03T14:27:29.796Z" name="free/aggregations - /free/aggregations/significant_texts.yml" time="2" tests="5" failures="0" skipped="0">
    <testcase id="2024-04-03T14:27:29.796Z" name="significant_texts all terms" file="node_v20.12.0: /free/aggregations/significant_texts.yml" time="0"/>
    <testcase id="2024-04-03T14:27:30.233Z" name="significant_texts limited size" file="node_v20.12.0: /free/aggregations/significant_texts.yml" time="0"/>
    <testcase id="2024-04-03T14:27:30.692Z" name="significant_texts with min_doc_count" file="node_v20.12.0: /free/aggregations/significant_texts.yml" time="0"/>
    <testcase id="2024-04-03T14:27:31.124Z" name="significant_texts with exclude" file="node_v20.12.0: /free/aggregations/significant_texts.yml" time="0"/>
    <testcase id="2024-04-03T14:27:31.547Z" name="significant_texts with include" file="node_v20.12.0: /free/aggregations/significant_texts.yml" time="0"/>
  </testsuite>
  <testsuite id="2024-04-03T14:27:32.008Z" name="free/aggregations - /free/aggregations/stats_bucket.yml" time="3" tests="5" failures="0" skipped="5">
    <testcase id="2024-04-03T14:27:32.008Z" name="basic" file="node_v20.12.0: /free/aggregations/stats_bucket.yml" time="0">
      <skipped>{
  "features": [
    "close_to"
  ]
}</skipped>
    </testcase>
    <testcase id="2024-04-03T14:27:32.493Z" name="format" file="node_v20.12.0: /free/aggregations/stats_bucket.yml" time="0">
      <skipped>{
  "features": [
    "close_to"
  ]
}</skipped>
    </testcase>
    <testcase id="2024-04-03T14:27:32.988Z" name="gap_policy=skip" file="node_v20.12.0: /free/aggregations/stats_bucket.yml" time="1">
      <skipped>{
  "features": [
    "close_to"
  ]
}</skipped>
    </testcase>
    <testcase id="2024-04-03T14:27:33.514Z" name="gap_policy=insert_zeros" file="node_v20.12.0: /free/aggregations/stats_bucket.yml" time="1">
      <skipped>{
  "features": [
    "close_to"
  ]
}</skipped>
    </testcase>
    <testcase id="2024-04-03T14:27:34.035Z" name="gap_policy=keep_value" file="node_v20.12.0: /free/aggregations/stats_bucket.yml" time="1">
      <skipped>{
  "features": [
    "close_to"
  ]
}</skipped>
    </testcase>
  </testsuite>
  <testsuite id="2024-04-03T14:27:34.562Z" name="free/aggregations - /free/aggregations/stats_metric.yml" time="2" tests="6" failures="0" skipped="0">
    <testcase id="2024-04-03T14:27:34.562Z" name="Basic test" file="node_v20.12.0: /free/aggregations/stats_metric.yml" time="0"/>
    <testcase id="2024-04-03T14:27:34.946Z" name="Only aggs test" file="node_v20.12.0: /free/aggregations/stats_metric.yml" time="0"/>
    <testcase id="2024-04-03T14:27:35.424Z" name="Filtered test" file="node_v20.12.0: /free/aggregations/stats_metric.yml" time="0"/>
    <testcase id="2024-04-03T14:27:35.840Z" name="Missing field with missing param" file="node_v20.12.0: /free/aggregations/stats_metric.yml" time="0"/>
    <testcase id="2024-04-03T14:27:36.287Z" name="Missing field without missing param" file="node_v20.12.0: /free/aggregations/stats_metric.yml" time="0"/>
    <testcase id="2024-04-03T14:27:36.664Z" name="Metadata test" file="node_v20.12.0: /free/aggregations/stats_metric.yml" time="0"/>
  </testsuite>
  <testsuite id="2024-04-03T14:27:37.025Z" name="free/aggregations - /free/aggregations/sum_bucket.yml" time="4" tests="9" failures="1" skipped="0">
    <testcase id="2024-04-03T14:27:37.025Z" name="basic" file="node_v20.12.0: /free/aggregations/sum_bucket.yml" time="0"/>
    <testcase id="2024-04-03T14:27:37.481Z" name="format" file="node_v20.12.0: /free/aggregations/sum_bucket.yml" time="1"/>
    <testcase id="2024-04-03T14:27:38.004Z" name="gap_policy=skip" file="node_v20.12.0: /free/aggregations/sum_bucket.yml" time="1"/>
    <testcase id="2024-04-03T14:27:38.519Z" name="gap_policy=insert_zeros" file="node_v20.12.0: /free/aggregations/sum_bucket.yml" time="1"/>
    <testcase id="2024-04-03T14:27:39.042Z" name="gap_policy=keep_value" file="node_v20.12.0: /free/aggregations/sum_bucket.yml" time="0"/>
    <testcase id="2024-04-03T14:27:39.525Z" name="dotted name" file="node_v20.12.0: /free/aggregations/sum_bucket.yml" time="1"/>
    <testcase id="2024-04-03T14:27:40.088Z" name="dotted value" file="node_v20.12.0: /free/aggregations/sum_bucket.yml" time="0"/>
    <testcase id="2024-04-03T14:27:40.583Z" name="no results" file="node_v20.12.0: /free/aggregations/sum_bucket.yml" time="1"/>
    <testcase id="2024-04-03T14:27:41.123Z" name="bad path" file="node_v20.12.0: /free/aggregations/sum_bucket.yml" time="0">
      <failure message="the error should match: /Validation Failed: 1: No aggregation \[v\] found for path \[@timestamp&gt;v\];/, found undefined: expected false to be truthy">AssertionError: the error should match: /Validation Failed: 1: No aggregation \[v\] found for path \[@timestamp&gt;v\];/, found undefined: expected false to be truthy
    at doAction (/usr/src/app/test/integration/test-runner.js:544:14)
    at process.processTicksAndRejections (node:internal/process/task_queues:95:5)
    at async exec (/usr/src/app/test/integration/test-runner.js:578:9)
    at async Object.run (/usr/src/app/test/integration/test-runner.js:316:5)
    at async start (/usr/src/app/test/integration/index.js:331:11)</failure>
    </testcase>
  </testsuite>
  <testsuite id="2024-04-03T14:27:41.253Z" name="free/aggregations - /free/aggregations/sum_metric.yml" time="3" tests="9" failures="3" skipped="0">
    <testcase id="2024-04-03T14:27:41.253Z" name="Basic test" file="node_v20.12.0: /free/aggregations/sum_metric.yml" time="0"/>
    <testcase id="2024-04-03T14:27:41.703Z" name="Only aggs test" file="node_v20.12.0: /free/aggregations/sum_metric.yml" time="1"/>
    <testcase id="2024-04-03T14:27:42.229Z" name="Filtered test" file="node_v20.12.0: /free/aggregations/sum_metric.yml" time="0"/>
    <testcase id="2024-04-03T14:27:42.691Z" name="Missing field with missing param" file="node_v20.12.0: /free/aggregations/sum_metric.yml" time="1"/>
    <testcase id="2024-04-03T14:27:43.196Z" name="Missing field without missing param" file="node_v20.12.0: /free/aggregations/sum_metric.yml" time="0"/>
    <testcase id="2024-04-03T14:27:43.683Z" name="Metadata test" file="node_v20.12.0: /free/aggregations/sum_metric.yml" time="0"/>
    <testcase id="2024-04-03T14:27:44.178Z" name="Aggregating wrong datatype test" file="node_v20.12.0: /free/aggregations/sum_metric.yml" time="0">
      <failure message="the error should match: bad_request, found undefined: expected false to be truthy">AssertionError: the error should match: bad_request, found undefined: expected false to be truthy
    at doAction (/usr/src/app/test/integration/test-runner.js:544:14)
    at process.processTicksAndRejections (node:internal/process/task_queues:95:5)
    at async exec (/usr/src/app/test/integration/test-runner.js:578:9)
    at async Object.run (/usr/src/app/test/integration/test-runner.js:316:5)
    at async start (/usr/src/app/test/integration/index.js:331:11)</failure>
    </testcase>
    <testcase id="2024-04-03T14:27:44.324Z" name="Partially unmapped" file="node_v20.12.0: /free/aggregations/sum_metric.yml" time="0">
      <failure message="Cannot convert undefined or null to object">TypeError: Cannot convert undefined or null to object
    at Function.entries (&lt;anonymous&gt;)
    at doRedact (/usr/src/app/node_modules/@elastic/transport/lib/security.js:22:16)
    at /usr/src/app/node_modules/@elastic/transport/lib/security.js:30:44
    at Array.map (&lt;anonymous&gt;)
    at /usr/src/app/node_modules/@elastic/transport/lib/security.js:30:35
    at Array.forEach (&lt;anonymous&gt;)
    at doRedact (/usr/src/app/node_modules/@elastic/transport/lib/security.js:22:29)
    at /usr/src/app/node_modules/@elastic/transport/lib/security.js:36:33
    at Array.forEach (&lt;anonymous&gt;)
    at doRedact (/usr/src/app/node_modules/@elastic/transport/lib/security.js:22:29)</failure>
    </testcase>
    <testcase id="2024-04-03T14:27:44.330Z" name="Partially unmapped with missing" file="node_v20.12.0: /free/aggregations/sum_metric.yml" time="0">
      <failure message="Cannot convert undefined or null to object">TypeError: Cannot convert undefined or null to object
    at Function.entries (&lt;anonymous&gt;)
    at doRedact (/usr/src/app/node_modules/@elastic/transport/lib/security.js:22:16)
    at /usr/src/app/node_modules/@elastic/transport/lib/security.js:30:44
    at Array.map (&lt;anonymous&gt;)
    at /usr/src/app/node_modules/@elastic/transport/lib/security.js:30:35
    at Array.forEach (&lt;anonymous&gt;)
    at doRedact (/usr/src/app/node_modules/@elastic/transport/lib/security.js:22:29)
    at /usr/src/app/node_modules/@elastic/transport/lib/security.js:36:33
    at Array.forEach (&lt;anonymous&gt;)
    at doRedact (/usr/src/app/node_modules/@elastic/transport/lib/security.js:22:29)</failure>
    </testcase>
  </testsuite>
  <testsuite id="2024-04-03T14:27:44.342Z" name="free/aggregations - /free/aggregations/terms.yml" time="0" tests="29" failures="29" skipped="0">
    <testcase id="2024-04-03T14:27:44.342Z" name="Basic test" file="node_v20.12.0: /free/aggregations/terms.yml" time="0">
      <failure message="Cannot convert undefined or null to object">TypeError: Cannot convert undefined or null to object
    at Function.entries (&lt;anonymous&gt;)
    at doRedact (/usr/src/app/node_modules/@elastic/transport/lib/security.js:22:16)
    at /usr/src/app/node_modules/@elastic/transport/lib/security.js:30:44
    at Array.map (&lt;anonymous&gt;)
    at /usr/src/app/node_modules/@elastic/transport/lib/security.js:30:35
    at Array.forEach (&lt;anonymous&gt;)
    at doRedact (/usr/src/app/node_modules/@elastic/transport/lib/security.js:22:29)
    at /usr/src/app/node_modules/@elastic/transport/lib/security.js:36:33
    at Array.forEach (&lt;anonymous&gt;)
    at doRedact (/usr/src/app/node_modules/@elastic/transport/lib/security.js:22:29)</failure>
    </testcase>
    <testcase id="2024-04-03T14:27:44.348Z" name="IP test" file="node_v20.12.0: /free/aggregations/terms.yml" time="0">
      <failure message="Cannot convert undefined or null to object">TypeError: Cannot convert undefined or null to object
    at Function.entries (&lt;anonymous&gt;)
    at doRedact (/usr/src/app/node_modules/@elastic/transport/lib/security.js:22:16)
    at /usr/src/app/node_modules/@elastic/transport/lib/security.js:30:44
    at Array.map (&lt;anonymous&gt;)
    at /usr/src/app/node_modules/@elastic/transport/lib/security.js:30:35
    at Array.forEach (&lt;anonymous&gt;)
    at doRedact (/usr/src/app/node_modules/@elastic/transport/lib/security.js:22:29)
    at /usr/src/app/node_modules/@elastic/transport/lib/security.js:36:33
    at Array.forEach (&lt;anonymous&gt;)
    at doRedact (/usr/src/app/node_modules/@elastic/transport/lib/security.js:22:29)</failure>
    </testcase>
    <testcase id="2024-04-03T14:27:44.355Z" name="Boolean test" file="node_v20.12.0: /free/aggregations/terms.yml" time="0">
      <failure message="Cannot convert undefined or null to object">TypeError: Cannot convert undefined or null to object
    at Function.entries (&lt;anonymous&gt;)
    at doRedact (/usr/src/app/node_modules/@elastic/transport/lib/security.js:22:16)
    at /usr/src/app/node_modules/@elastic/transport/lib/security.js:30:44
    at Array.map (&lt;anonymous&gt;)
    at /usr/src/app/node_modules/@elastic/transport/lib/security.js:30:35
    at Array.forEach (&lt;anonymous&gt;)
    at doRedact (/usr/src/app/node_modules/@elastic/transport/lib/security.js:22:29)
    at /usr/src/app/node_modules/@elastic/transport/lib/security.js:36:33
    at Array.forEach (&lt;anonymous&gt;)
    at doRedact (/usr/src/app/node_modules/@elastic/transport/lib/security.js:22:29)</failure>
    </testcase>
    <testcase id="2024-04-03T14:27:44.362Z" name="Integer test" file="node_v20.12.0: /free/aggregations/terms.yml" time="0">
      <failure message="Cannot convert undefined or null to object">TypeError: Cannot convert undefined or null to object
    at Function.entries (&lt;anonymous&gt;)
    at doRedact (/usr/src/app/node_modules/@elastic/transport/lib/security.js:22:16)
    at /usr/src/app/node_modules/@elastic/transport/lib/security.js:30:44
    at Array.map (&lt;anonymous&gt;)
    at /usr/src/app/node_modules/@elastic/transport/lib/security.js:30:35
    at Array.forEach (&lt;anonymous&gt;)
    at doRedact (/usr/src/app/node_modules/@elastic/transport/lib/security.js:22:29)
    at /usr/src/app/node_modules/@elastic/transport/lib/security.js:36:33
    at Array.forEach (&lt;anonymous&gt;)
    at doRedact (/usr/src/app/node_modules/@elastic/transport/lib/security.js:22:29)</failure>
    </testcase>
    <testcase id="2024-04-03T14:27:44.368Z" name="Double test" file="node_v20.12.0: /free/aggregations/terms.yml" time="0">
      <failure message="Cannot convert undefined or null to object">TypeError: Cannot convert undefined or null to object
    at Function.entries (&lt;anonymous&gt;)
    at doRedact (/usr/src/app/node_modules/@elastic/transport/lib/security.js:22:16)
    at /usr/src/app/node_modules/@elastic/transport/lib/security.js:30:44
    at Array.map (&lt;anonymous&gt;)
    at /usr/src/app/node_modules/@elastic/transport/lib/security.js:30:35
    at Array.forEach (&lt;anonymous&gt;)
    at doRedact (/usr/src/app/node_modules/@elastic/transport/lib/security.js:22:29)
    at /usr/src/app/node_modules/@elastic/transport/lib/security.js:36:33
    at Array.forEach (&lt;anonymous&gt;)
    at doRedact (/usr/src/app/node_modules/@elastic/transport/lib/security.js:22:29)</failure>
    </testcase>
    <testcase id="2024-04-03T14:27:44.376Z" name="Date test" file="node_v20.12.0: /free/aggregations/terms.yml" time="0">
      <failure message="Cannot convert undefined or null to object">TypeError: Cannot convert undefined or null to object
    at Function.entries (&lt;anonymous&gt;)
    at doRedact (/usr/src/app/node_modules/@elastic/transport/lib/security.js:22:16)
    at /usr/src/app/node_modules/@elastic/transport/lib/security.js:30:44
    at Array.map (&lt;anonymous&gt;)
    at /usr/src/app/node_modules/@elastic/transport/lib/security.js:30:35
    at Array.forEach (&lt;anonymous&gt;)
    at doRedact (/usr/src/app/node_modules/@elastic/transport/lib/security.js:22:29)
    at /usr/src/app/node_modules/@elastic/transport/lib/security.js:36:33
    at Array.forEach (&lt;anonymous&gt;)
    at doRedact (/usr/src/app/node_modules/@elastic/transport/lib/security.js:22:29)</failure>
    </testcase>
    <testcase id="2024-04-03T14:27:44.383Z" name="Partitioned string test" file="node_v20.12.0: /free/aggregations/terms.yml" time="0">
      <failure message="Cannot convert undefined or null to object">TypeError: Cannot convert undefined or null to object
    at Function.entries (&lt;anonymous&gt;)
    at doRedact (/usr/src/app/node_modules/@elastic/transport/lib/security.js:22:16)
    at /usr/src/app/node_modules/@elastic/transport/lib/security.js:30:44
    at Array.map (&lt;anonymous&gt;)
    at /usr/src/app/node_modules/@elastic/transport/lib/security.js:30:35
    at Array.forEach (&lt;anonymous&gt;)
    at doRedact (/usr/src/app/node_modules/@elastic/transport/lib/security.js:22:29)
    at /usr/src/app/node_modules/@elastic/transport/lib/security.js:36:33
    at Array.forEach (&lt;anonymous&gt;)
    at doRedact (/usr/src/app/node_modules/@elastic/transport/lib/security.js:22:29)</failure>
    </testcase>
    <testcase id="2024-04-03T14:27:44.390Z" name="Partitioned integer test" file="node_v20.12.0: /free/aggregations/terms.yml" time="0">
      <failure message="Cannot convert undefined or null to object">TypeError: Cannot convert undefined or null to object
    at Function.entries (&lt;anonymous&gt;)
    at doRedact (/usr/src/app/node_modules/@elastic/transport/lib/security.js:22:16)
    at /usr/src/app/node_modules/@elastic/transport/lib/security.js:30:44
    at Array.map (&lt;anonymous&gt;)
    at /usr/src/app/node_modules/@elastic/transport/lib/security.js:30:35
    at Array.forEach (&lt;anonymous&gt;)
    at doRedact (/usr/src/app/node_modules/@elastic/transport/lib/security.js:22:29)
    at /usr/src/app/node_modules/@elastic/transport/lib/security.js:36:33
    at Array.forEach (&lt;anonymous&gt;)
    at doRedact (/usr/src/app/node_modules/@elastic/transport/lib/security.js:22:29)</failure>
    </testcase>
    <testcase id="2024-04-03T14:27:44.397Z" name="Unmapped strings" file="node_v20.12.0: /free/aggregations/terms.yml" time="0">
      <failure message="Cannot convert undefined or null to object">TypeError: Cannot convert undefined or null to object
    at Function.entries (&lt;anonymous&gt;)
    at doRedact (/usr/src/app/node_modules/@elastic/transport/lib/security.js:22:16)
    at /usr/src/app/node_modules/@elastic/transport/lib/security.js:30:44
    at Array.map (&lt;anonymous&gt;)
    at /usr/src/app/node_modules/@elastic/transport/lib/security.js:30:35
    at Array.forEach (&lt;anonymous&gt;)
    at doRedact (/usr/src/app/node_modules/@elastic/transport/lib/security.js:22:29)
    at /usr/src/app/node_modules/@elastic/transport/lib/security.js:36:33
    at Array.forEach (&lt;anonymous&gt;)
    at doRedact (/usr/src/app/node_modules/@elastic/transport/lib/security.js:22:29)</failure>
    </testcase>
    <testcase id="2024-04-03T14:27:44.412Z" name="Unmapped booleans" file="node_v20.12.0: /free/aggregations/terms.yml" time="0">
      <failure message="Cannot convert undefined or null to object">TypeError: Cannot convert undefined or null to object
    at Function.entries (&lt;anonymous&gt;)
    at doRedact (/usr/src/app/node_modules/@elastic/transport/lib/security.js:22:16)
    at /usr/src/app/node_modules/@elastic/transport/lib/security.js:30:44
    at Array.map (&lt;anonymous&gt;)
    at /usr/src/app/node_modules/@elastic/transport/lib/security.js:30:35
    at Array.forEach (&lt;anonymous&gt;)
    at doRedact (/usr/src/app/node_modules/@elastic/transport/lib/security.js:22:29)
    at /usr/src/app/node_modules/@elastic/transport/lib/security.js:36:33
    at Array.forEach (&lt;anonymous&gt;)
    at doRedact (/usr/src/app/node_modules/@elastic/transport/lib/security.js:22:29)</failure>
    </testcase>
    <testcase id="2024-04-03T14:27:44.421Z" name="Unmapped dates" file="node_v20.12.0: /free/aggregations/terms.yml" time="0">
      <failure message="Cannot convert undefined or null to object">TypeError: Cannot convert undefined or null to object
    at Function.entries (&lt;anonymous&gt;)
    at doRedact (/usr/src/app/node_modules/@elastic/transport/lib/security.js:22:16)
    at /usr/src/app/node_modules/@elastic/transport/lib/security.js:30:44
    at Array.map (&lt;anonymous&gt;)
    at /usr/src/app/node_modules/@elastic/transport/lib/security.js:30:35
    at Array.forEach (&lt;anonymous&gt;)
    at doRedact (/usr/src/app/node_modules/@elastic/transport/lib/security.js:22:29)
    at /usr/src/app/node_modules/@elastic/transport/lib/security.js:36:33
    at Array.forEach (&lt;anonymous&gt;)
    at doRedact (/usr/src/app/node_modules/@elastic/transport/lib/security.js:22:29)</failure>
    </testcase>
    <testcase id="2024-04-03T14:27:44.429Z" name="Unmapped longs" file="node_v20.12.0: /free/aggregations/terms.yml" time="0">
      <failure message="Cannot convert undefined or null to object">TypeError: Cannot convert undefined or null to object
    at Function.entries (&lt;anonymous&gt;)
    at doRedact (/usr/src/app/node_modules/@elastic/transport/lib/security.js:22:16)
    at /usr/src/app/node_modules/@elastic/transport/lib/security.js:30:44
    at Array.map (&lt;anonymous&gt;)
    at /usr/src/app/node_modules/@elastic/transport/lib/security.js:30:35
    at Array.forEach (&lt;anonymous&gt;)
    at doRedact (/usr/src/app/node_modules/@elastic/transport/lib/security.js:22:29)
    at /usr/src/app/node_modules/@elastic/transport/lib/security.js:36:33
    at Array.forEach (&lt;anonymous&gt;)
    at doRedact (/usr/src/app/node_modules/@elastic/transport/lib/security.js:22:29)</failure>
    </testcase>
    <testcase id="2024-04-03T14:27:44.436Z" name="Unmapped doubles" file="node_v20.12.0: /free/aggregations/terms.yml" time="0">
      <failure message="Cannot convert undefined or null to object">TypeError: Cannot convert undefined or null to object
    at Function.entries (&lt;anonymous&gt;)
    at doRedact (/usr/src/app/node_modules/@elastic/transport/lib/security.js:22:16)
    at /usr/src/app/node_modules/@elastic/transport/lib/security.js:30:44
    at Array.map (&lt;anonymous&gt;)
    at /usr/src/app/node_modules/@elastic/transport/lib/security.js:30:35
    at Array.forEach (&lt;anonymous&gt;)
    at doRedact (/usr/src/app/node_modules/@elastic/transport/lib/security.js:22:29)
    at /usr/src/app/node_modules/@elastic/transport/lib/security.js:36:33
    at Array.forEach (&lt;anonymous&gt;)
    at doRedact (/usr/src/app/node_modules/@elastic/transport/lib/security.js:22:29)</failure>
    </testcase>
    <testcase id="2024-04-03T14:27:44.442Z" name="Mixing longs and doubles" file="node_v20.12.0: /free/aggregations/terms.yml" time="0">
      <failure message="Cannot convert undefined or null to object">TypeError: Cannot convert undefined or null to object
    at Function.entries (&lt;anonymous&gt;)
    at doRedact (/usr/src/app/node_modules/@elastic/transport/lib/security.js:22:16)
    at /usr/src/app/node_modules/@elastic/transport/lib/security.js:30:44
    at Array.map (&lt;anonymous&gt;)
    at /usr/src/app/node_modules/@elastic/transport/lib/security.js:30:35
    at Array.forEach (&lt;anonymous&gt;)
    at doRedact (/usr/src/app/node_modules/@elastic/transport/lib/security.js:22:29)
    at /usr/src/app/node_modules/@elastic/transport/lib/security.js:36:33
    at Array.forEach (&lt;anonymous&gt;)
    at doRedact (/usr/src/app/node_modules/@elastic/transport/lib/security.js:22:29)</failure>
    </testcase>
    <testcase id="2024-04-03T14:27:44.449Z" name="Global ordinals are not loaded with the map execution hint" file="node_v20.12.0: /free/aggregations/terms.yml" time="0">
      <failure message="Cannot convert undefined or null to object">TypeError: Cannot convert undefined or null to object
    at Function.entries (&lt;anonymous&gt;)
    at doRedact (/usr/src/app/node_modules/@elastic/transport/lib/security.js:22:16)
    at /usr/src/app/node_modules/@elastic/transport/lib/security.js:30:44
    at Array.map (&lt;anonymous&gt;)
    at /usr/src/app/node_modules/@elastic/transport/lib/security.js:30:35
    at Array.forEach (&lt;anonymous&gt;)
    at doRedact (/usr/src/app/node_modules/@elastic/transport/lib/security.js:22:29)
    at /usr/src/app/node_modules/@elastic/transport/lib/security.js:36:33
    at Array.forEach (&lt;anonymous&gt;)
    at doRedact (/usr/src/app/node_modules/@elastic/transport/lib/security.js:22:29)</failure>
    </testcase>
    <testcase id="2024-04-03T14:27:44.455Z" name="Global ordinals are loaded with the global_ordinals execution hint" file="node_v20.12.0: /free/aggregations/terms.yml" time="0">
      <failure message="Cannot convert undefined or null to object">TypeError: Cannot convert undefined or null to object
    at Function.entries (&lt;anonymous&gt;)
    at doRedact (/usr/src/app/node_modules/@elastic/transport/lib/security.js:22:16)
    at /usr/src/app/node_modules/@elastic/transport/lib/security.js:30:44
    at Array.map (&lt;anonymous&gt;)
    at /usr/src/app/node_modules/@elastic/transport/lib/security.js:30:35
    at Array.forEach (&lt;anonymous&gt;)
    at doRedact (/usr/src/app/node_modules/@elastic/transport/lib/security.js:22:29)
    at /usr/src/app/node_modules/@elastic/transport/lib/security.js:36:33
    at Array.forEach (&lt;anonymous&gt;)
    at doRedact (/usr/src/app/node_modules/@elastic/transport/lib/security.js:22:29)</failure>
    </testcase>
    <testcase id="2024-04-03T14:27:44.462Z" name="No field or script" file="node_v20.12.0: /free/aggregations/terms.yml" time="0">
      <failure message="Cannot convert undefined or null to object">TypeError: Cannot convert undefined or null to object
    at Function.entries (&lt;anonymous&gt;)
    at doRedact (/usr/src/app/node_modules/@elastic/transport/lib/security.js:22:16)
    at /usr/src/app/node_modules/@elastic/transport/lib/security.js:30:44
    at Array.map (&lt;anonymous&gt;)
    at /usr/src/app/node_modules/@elastic/transport/lib/security.js:30:35
    at Array.forEach (&lt;anonymous&gt;)
    at doRedact (/usr/src/app/node_modules/@elastic/transport/lib/security.js:22:29)
    at /usr/src/app/node_modules/@elastic/transport/lib/security.js:36:33
    at Array.forEach (&lt;anonymous&gt;)
    at doRedact (/usr/src/app/node_modules/@elastic/transport/lib/security.js:22:29)</failure>
    </testcase>
    <testcase id="2024-04-03T14:27:44.468Z" name="string profiler via global ordinals filters implementation" file="node_v20.12.0: /free/aggregations/terms.yml" time="0">
      <failure message="Cannot convert undefined or null to object">TypeError: Cannot convert undefined or null to object
    at Function.entries (&lt;anonymous&gt;)
    at doRedact (/usr/src/app/node_modules/@elastic/transport/lib/security.js:22:16)
    at /usr/src/app/node_modules/@elastic/transport/lib/security.js:30:44
    at Array.map (&lt;anonymous&gt;)
    at /usr/src/app/node_modules/@elastic/transport/lib/security.js:30:35
    at Array.forEach (&lt;anonymous&gt;)
    at doRedact (/usr/src/app/node_modules/@elastic/transport/lib/security.js:22:29)
    at /usr/src/app/node_modules/@elastic/transport/lib/security.js:36:33
    at Array.forEach (&lt;anonymous&gt;)
    at doRedact (/usr/src/app/node_modules/@elastic/transport/lib/security.js:22:29)</failure>
    </testcase>
    <testcase id="2024-04-03T14:27:44.475Z" name="string profiler via global ordinals native implementation" file="node_v20.12.0: /free/aggregations/terms.yml" time="0">
      <failure message="Cannot convert undefined or null to object">TypeError: Cannot convert undefined or null to object
    at Function.entries (&lt;anonymous&gt;)
    at doRedact (/usr/src/app/node_modules/@elastic/transport/lib/security.js:22:16)
    at /usr/src/app/node_modules/@elastic/transport/lib/security.js:30:44
    at Array.map (&lt;anonymous&gt;)
    at /usr/src/app/node_modules/@elastic/transport/lib/security.js:30:35
    at Array.forEach (&lt;anonymous&gt;)
    at doRedact (/usr/src/app/node_modules/@elastic/transport/lib/security.js:22:29)
    at /usr/src/app/node_modules/@elastic/transport/lib/security.js:36:33
    at Array.forEach (&lt;anonymous&gt;)
    at doRedact (/usr/src/app/node_modules/@elastic/transport/lib/security.js:22:29)</failure>
    </testcase>
    <testcase id="2024-04-03T14:27:44.481Z" name="string profiler via map" file="node_v20.12.0: /free/aggregations/terms.yml" time="0">
      <failure message="Cannot convert undefined or null to object">TypeError: Cannot convert undefined or null to object
    at Function.entries (&lt;anonymous&gt;)
    at doRedact (/usr/src/app/node_modules/@elastic/transport/lib/security.js:22:16)
    at /usr/src/app/node_modules/@elastic/transport/lib/security.js:30:44
    at Array.map (&lt;anonymous&gt;)
    at /usr/src/app/node_modules/@elastic/transport/lib/security.js:30:35
    at Array.forEach (&lt;anonymous&gt;)
    at doRedact (/usr/src/app/node_modules/@elastic/transport/lib/security.js:22:29)
    at /usr/src/app/node_modules/@elastic/transport/lib/security.js:36:33
    at Array.forEach (&lt;anonymous&gt;)
    at doRedact (/usr/src/app/node_modules/@elastic/transport/lib/security.js:22:29)</failure>
    </testcase>
    <testcase id="2024-04-03T14:27:44.488Z" name="numeric profiler" file="node_v20.12.0: /free/aggregations/terms.yml" time="0">
      <failure message="Cannot convert undefined or null to object">TypeError: Cannot convert undefined or null to object
    at Function.entries (&lt;anonymous&gt;)
    at doRedact (/usr/src/app/node_modules/@elastic/transport/lib/security.js:22:16)
    at /usr/src/app/node_modules/@elastic/transport/lib/security.js:30:44
    at Array.map (&lt;anonymous&gt;)
    at /usr/src/app/node_modules/@elastic/transport/lib/security.js:30:35
    at Array.forEach (&lt;anonymous&gt;)
    at doRedact (/usr/src/app/node_modules/@elastic/transport/lib/security.js:22:29)
    at /usr/src/app/node_modules/@elastic/transport/lib/security.js:36:33
    at Array.forEach (&lt;anonymous&gt;)
    at doRedact (/usr/src/app/node_modules/@elastic/transport/lib/security.js:22:29)</failure>
    </testcase>
    <testcase id="2024-04-03T14:27:44.494Z" name="min_doc_count" file="node_v20.12.0: /free/aggregations/terms.yml" time="0">
      <failure message="Cannot convert undefined or null to object">TypeError: Cannot convert undefined or null to object
    at Function.entries (&lt;anonymous&gt;)
    at doRedact (/usr/src/app/node_modules/@elastic/transport/lib/security.js:22:16)
    at /usr/src/app/node_modules/@elastic/transport/lib/security.js:30:44
    at Array.map (&lt;anonymous&gt;)
    at /usr/src/app/node_modules/@elastic/transport/lib/security.js:30:35
    at Array.forEach (&lt;anonymous&gt;)
    at doRedact (/usr/src/app/node_modules/@elastic/transport/lib/security.js:22:29)
    at /usr/src/app/node_modules/@elastic/transport/lib/security.js:36:33
    at Array.forEach (&lt;anonymous&gt;)
    at doRedact (/usr/src/app/node_modules/@elastic/transport/lib/security.js:22:29)</failure>
    </testcase>
    <testcase id="2024-04-03T14:27:44.500Z" name="order by sub agg" file="node_v20.12.0: /free/aggregations/terms.yml" time="0">
      <failure message="Cannot convert undefined or null to object">TypeError: Cannot convert undefined or null to object
    at Function.entries (&lt;anonymous&gt;)
    at doRedact (/usr/src/app/node_modules/@elastic/transport/lib/security.js:22:16)
    at /usr/src/app/node_modules/@elastic/transport/lib/security.js:30:44
    at Array.map (&lt;anonymous&gt;)
    at /usr/src/app/node_modules/@elastic/transport/lib/security.js:30:35
    at Array.forEach (&lt;anonymous&gt;)
    at doRedact (/usr/src/app/node_modules/@elastic/transport/lib/security.js:22:29)
    at /usr/src/app/node_modules/@elastic/transport/lib/security.js:36:33
    at Array.forEach (&lt;anonymous&gt;)
    at doRedact (/usr/src/app/node_modules/@elastic/transport/lib/security.js:22:29)</failure>
    </testcase>
    <testcase id="2024-04-03T14:27:44.507Z" name="order by sub agg containing nested" file="node_v20.12.0: /free/aggregations/terms.yml" time="0">
      <failure message="Cannot convert undefined or null to object">TypeError: Cannot convert undefined or null to object
    at Function.entries (&lt;anonymous&gt;)
    at doRedact (/usr/src/app/node_modules/@elastic/transport/lib/security.js:22:16)
    at /usr/src/app/node_modules/@elastic/transport/lib/security.js:30:44
    at Array.map (&lt;anonymous&gt;)
    at /usr/src/app/node_modules/@elastic/transport/lib/security.js:30:35
    at Array.forEach (&lt;anonymous&gt;)
    at doRedact (/usr/src/app/node_modules/@elastic/transport/lib/security.js:22:29)
    at /usr/src/app/node_modules/@elastic/transport/lib/security.js:36:33
    at Array.forEach (&lt;anonymous&gt;)
    at doRedact (/usr/src/app/node_modules/@elastic/transport/lib/security.js:22:29)</failure>
    </testcase>
    <testcase id="2024-04-03T14:27:44.513Z" name="order by sub agg containing filter" file="node_v20.12.0: /free/aggregations/terms.yml" time="0">
      <failure message="Cannot convert undefined or null to object">TypeError: Cannot convert undefined or null to object
    at Function.entries (&lt;anonymous&gt;)
    at doRedact (/usr/src/app/node_modules/@elastic/transport/lib/security.js:22:16)
    at /usr/src/app/node_modules/@elastic/transport/lib/security.js:30:44
    at Array.map (&lt;anonymous&gt;)
    at /usr/src/app/node_modules/@elastic/transport/lib/security.js:30:35
    at Array.forEach (&lt;anonymous&gt;)
    at doRedact (/usr/src/app/node_modules/@elastic/transport/lib/security.js:22:29)
    at /usr/src/app/node_modules/@elastic/transport/lib/security.js:36:33
    at Array.forEach (&lt;anonymous&gt;)
    at doRedact (/usr/src/app/node_modules/@elastic/transport/lib/security.js:22:29)</failure>
    </testcase>
    <testcase id="2024-04-03T14:27:44.521Z" name="precise size" file="node_v20.12.0: /free/aggregations/terms.yml" time="0">
      <failure message="Cannot convert undefined or null to object">TypeError: Cannot convert undefined or null to object
    at Function.entries (&lt;anonymous&gt;)
    at doRedact (/usr/src/app/node_modules/@elastic/transport/lib/security.js:22:16)
    at /usr/src/app/node_modules/@elastic/transport/lib/security.js:30:44
    at Array.map (&lt;anonymous&gt;)
    at /usr/src/app/node_modules/@elastic/transport/lib/security.js:30:35
    at Array.forEach (&lt;anonymous&gt;)
    at doRedact (/usr/src/app/node_modules/@elastic/transport/lib/security.js:22:29)
    at /usr/src/app/node_modules/@elastic/transport/lib/security.js:36:33
    at Array.forEach (&lt;anonymous&gt;)
    at doRedact (/usr/src/app/node_modules/@elastic/transport/lib/security.js:22:29)</failure>
    </testcase>
    <testcase id="2024-04-03T14:27:44.528Z" name="huge size" file="node_v20.12.0: /free/aggregations/terms.yml" time="0">
      <failure message="Cannot convert undefined or null to object">TypeError: Cannot convert undefined or null to object
    at Function.entries (&lt;anonymous&gt;)
    at doRedact (/usr/src/app/node_modules/@elastic/transport/lib/security.js:22:16)
    at /usr/src/app/node_modules/@elastic/transport/lib/security.js:30:44
    at Array.map (&lt;anonymous&gt;)
    at /usr/src/app/node_modules/@elastic/transport/lib/security.js:30:35
    at Array.forEach (&lt;anonymous&gt;)
    at doRedact (/usr/src/app/node_modules/@elastic/transport/lib/security.js:22:29)
    at /usr/src/app/node_modules/@elastic/transport/lib/security.js:36:33
    at Array.forEach (&lt;anonymous&gt;)
    at doRedact (/usr/src/app/node_modules/@elastic/transport/lib/security.js:22:29)</failure>
    </testcase>
    <testcase id="2024-04-03T14:27:44.536Z" name="Value type mismatch fails shard" file="node_v20.12.0: /free/aggregations/terms.yml" time="0">
      <failure message="Cannot convert undefined or null to object">TypeError: Cannot convert undefined or null to object
    at Function.entries (&lt;anonymous&gt;)
    at doRedact (/usr/src/app/node_modules/@elastic/transport/lib/security.js:22:16)
    at /usr/src/app/node_modules/@elastic/transport/lib/security.js:30:44
    at Array.map (&lt;anonymous&gt;)
    at /usr/src/app/node_modules/@elastic/transport/lib/security.js:30:35
    at Array.forEach (&lt;anonymous&gt;)
    at doRedact (/usr/src/app/node_modules/@elastic/transport/lib/security.js:22:29)
    at /usr/src/app/node_modules/@elastic/transport/lib/security.js:36:33
    at Array.forEach (&lt;anonymous&gt;)
    at doRedact (/usr/src/app/node_modules/@elastic/transport/lib/security.js:22:29)</failure>
    </testcase>
    <testcase id="2024-04-03T14:27:44.542Z" name="Value type mismatch fails shard with no docs" file="node_v20.12.0: /free/aggregations/terms.yml" time="0">
      <failure message="Cannot convert undefined or null to object">TypeError: Cannot convert undefined or null to object
    at Function.entries (&lt;anonymous&gt;)
    at doRedact (/usr/src/app/node_modules/@elastic/transport/lib/security.js:22:16)
    at /usr/src/app/node_modules/@elastic/transport/lib/security.js:30:44
    at Array.map (&lt;anonymous&gt;)
    at /usr/src/app/node_modules/@elastic/transport/lib/security.js:30:35
    at Array.forEach (&lt;anonymous&gt;)
    at doRedact (/usr/src/app/node_modules/@elastic/transport/lib/security.js:22:29)
    at /usr/src/app/node_modules/@elastic/transport/lib/security.js:36:33
    at Array.forEach (&lt;anonymous&gt;)
    at doRedact (/usr/src/app/node_modules/@elastic/transport/lib/security.js:22:29)</failure>
    </testcase>
  </testsuite>
  <testsuite id="2024-04-03T14:27:44.549Z" name="free/aggregations - /free/aggregations/terms_disable_opt.yml" time="1" tests="3" failures="0" skipped="0">
    <testcase id="2024-04-03T14:27:44.549Z" name="disable optimization" file="node_v20.12.0: /free/aggregations/terms_disable_opt.yml" time="0"/>
    <testcase id="2024-04-03T14:27:44.971Z" name="enable optimization" file="node_v20.12.0: /free/aggregations/terms_disable_opt.yml" time="1"/>
    <testcase id="2024-04-03T14:27:45.486Z" name="enabled by default" file="node_v20.12.0: /free/aggregations/terms_disable_opt.yml" time="0"/>
  </testsuite>
  <testsuite id="2024-04-03T14:27:45.885Z" name="free/aggregations - /free/aggregations/terms_flattened_field.yml" time="2" tests="5" failures="0" skipped="0">
    <testcase id="2024-04-03T14:27:45.886Z" name="Key exists, no missing values" file="node_v20.12.0: /free/aggregations/terms_flattened_field.yml" time="0"/>
    <testcase id="2024-04-03T14:27:46.321Z" name="Key exists, missing values, missing specified" file="node_v20.12.0: /free/aggregations/terms_flattened_field.yml" time="0"/>
    <testcase id="2024-04-03T14:27:46.795Z" name="Key exists, missing values, missing not specified" file="node_v20.12.0: /free/aggregations/terms_flattened_field.yml" time="0"/>
    <testcase id="2024-04-03T14:27:47.204Z" name="Key does not exist, missing specified" file="node_v20.12.0: /free/aggregations/terms_flattened_field.yml" time="0"/>
    <testcase id="2024-04-03T14:27:47.638Z" name="Key does not exist, missing not specified" file="node_v20.12.0: /free/aggregations/terms_flattened_field.yml" time="0"/>
  </testsuite>
  <testsuite id="2024-04-03T14:27:48.072Z" name="free/aggregations - /free/aggregations/time_series.yml" time="2" tests="14" failures="9" skipped="0">
    <testcase id="2024-04-03T14:27:48.072Z" name="Basic test" file="node_v20.12.0: /free/aggregations/time_series.yml" time="0"/>
    <testcase id="2024-04-03T14:27:48.505Z" name="Basic test profiled" file="node_v20.12.0: /free/aggregations/time_series.yml" time="0"/>
    <testcase id="2024-04-03T14:27:48.916Z" name="Size test" file="node_v20.12.0: /free/aggregations/time_series.yml" time="0"/>
    <testcase id="2024-04-03T14:27:49.363Z" name="Score test filter some" file="node_v20.12.0: /free/aggregations/time_series.yml" time="0"/>
    <testcase id="2024-04-03T14:27:49.837Z" name="Score test filter all" file="node_v20.12.0: /free/aggregations/time_series.yml" time="0"/>
    <testcase id="2024-04-03T14:27:50.233Z" name="Sampler aggregation with nested time series aggregation failure" file="node_v20.12.0: /free/aggregations/time_series.yml" time="0">
      <failure message="the error should match: /\[random_sampler\] aggregation \[sample\] does not support sampling \[time_series\] aggregation \[ts\]/, found undefined: expected false to be truthy">AssertionError: the error should match: /\[random_sampler\] aggregation \[sample\] does not support sampling \[time_series\] aggregation \[ts\]/, found undefined: expected false to be truthy
    at doAction (/usr/src/app/test/integration/test-runner.js:544:14)
    at process.processTicksAndRejections (node:internal/process/task_queues:95:5)
    at async exec (/usr/src/app/test/integration/test-runner.js:578:9)
    at async Object.run (/usr/src/app/test/integration/test-runner.js:316:5)
    at async start (/usr/src/app/test/integration/index.js:331:11)</failure>
    </testcase>
    <testcase id="2024-04-03T14:27:50.384Z" name="Composite aggregation with nested time series aggregation failure" file="node_v20.12.0: /free/aggregations/time_series.yml" time="0">
      <failure message="Cannot convert undefined or null to object">TypeError: Cannot convert undefined or null to object
    at Function.entries (&lt;anonymous&gt;)
    at doRedact (/usr/src/app/node_modules/@elastic/transport/lib/security.js:22:16)
    at /usr/src/app/node_modules/@elastic/transport/lib/security.js:30:44
    at Array.map (&lt;anonymous&gt;)
    at /usr/src/app/node_modules/@elastic/transport/lib/security.js:30:35
    at Array.forEach (&lt;anonymous&gt;)
    at doRedact (/usr/src/app/node_modules/@elastic/transport/lib/security.js:22:29)
    at /usr/src/app/node_modules/@elastic/transport/lib/security.js:36:33
    at Array.forEach (&lt;anonymous&gt;)
    at doRedact (/usr/src/app/node_modules/@elastic/transport/lib/security.js:22:29)</failure>
    </testcase>
    <testcase id="2024-04-03T14:27:50.395Z" name="Global aggregation with nested time series aggregation failure" file="node_v20.12.0: /free/aggregations/time_series.yml" time="0">
      <failure message="Cannot convert undefined or null to object">TypeError: Cannot convert undefined or null to object
    at Function.entries (&lt;anonymous&gt;)
    at doRedact (/usr/src/app/node_modules/@elastic/transport/lib/security.js:22:16)
    at /usr/src/app/node_modules/@elastic/transport/lib/security.js:30:44
    at Array.map (&lt;anonymous&gt;)
    at /usr/src/app/node_modules/@elastic/transport/lib/security.js:30:35
    at Array.forEach (&lt;anonymous&gt;)
    at doRedact (/usr/src/app/node_modules/@elastic/transport/lib/security.js:22:29)
    at /usr/src/app/node_modules/@elastic/transport/lib/security.js:36:33
    at Array.forEach (&lt;anonymous&gt;)
    at doRedact (/usr/src/app/node_modules/@elastic/transport/lib/security.js:22:29)</failure>
    </testcase>
    <testcase id="2024-04-03T14:27:50.403Z" name="Configure with no synthetic source" file="node_v20.12.0: /free/aggregations/time_series.yml" time="0">
      <failure message="Cannot convert undefined or null to object">TypeError: Cannot convert undefined or null to object
    at Function.entries (&lt;anonymous&gt;)
    at doRedact (/usr/src/app/node_modules/@elastic/transport/lib/security.js:22:16)
    at /usr/src/app/node_modules/@elastic/transport/lib/security.js:30:44
    at Array.map (&lt;anonymous&gt;)
    at /usr/src/app/node_modules/@elastic/transport/lib/security.js:30:35
    at Array.forEach (&lt;anonymous&gt;)
    at doRedact (/usr/src/app/node_modules/@elastic/transport/lib/security.js:22:29)
    at /usr/src/app/node_modules/@elastic/transport/lib/security.js:36:33
    at Array.forEach (&lt;anonymous&gt;)
    at doRedact (/usr/src/app/node_modules/@elastic/transport/lib/security.js:22:29)</failure>
    </testcase>
    <testcase id="2024-04-03T14:27:50.411Z" name="Number for keyword routing field" file="node_v20.12.0: /free/aggregations/time_series.yml" time="0">
      <failure message="Cannot convert undefined or null to object">TypeError: Cannot convert undefined or null to object
    at Function.entries (&lt;anonymous&gt;)
    at doRedact (/usr/src/app/node_modules/@elastic/transport/lib/security.js:22:16)
    at /usr/src/app/node_modules/@elastic/transport/lib/security.js:30:44
    at Array.map (&lt;anonymous&gt;)
    at /usr/src/app/node_modules/@elastic/transport/lib/security.js:30:35
    at Array.forEach (&lt;anonymous&gt;)
    at doRedact (/usr/src/app/node_modules/@elastic/transport/lib/security.js:22:29)
    at /usr/src/app/node_modules/@elastic/transport/lib/security.js:36:33
    at Array.forEach (&lt;anonymous&gt;)
    at doRedact (/usr/src/app/node_modules/@elastic/transport/lib/security.js:22:29)</failure>
    </testcase>
    <testcase id="2024-04-03T14:27:50.419Z" name="Multiple indices _tsid vs _tsid hash sorting" file="node_v20.12.0: /free/aggregations/time_series.yml" time="0">
      <failure message="Cannot convert undefined or null to object">TypeError: Cannot convert undefined or null to object
    at Function.entries (&lt;anonymous&gt;)
    at doRedact (/usr/src/app/node_modules/@elastic/transport/lib/security.js:22:16)
    at /usr/src/app/node_modules/@elastic/transport/lib/security.js:30:44
    at Array.map (&lt;anonymous&gt;)
    at /usr/src/app/node_modules/@elastic/transport/lib/security.js:30:35
    at Array.forEach (&lt;anonymous&gt;)
    at doRedact (/usr/src/app/node_modules/@elastic/transport/lib/security.js:22:29)
    at /usr/src/app/node_modules/@elastic/transport/lib/security.js:36:33
    at Array.forEach (&lt;anonymous&gt;)
    at doRedact (/usr/src/app/node_modules/@elastic/transport/lib/security.js:22:29)</failure>
    </testcase>
    <testcase id="2024-04-03T14:27:50.426Z" name="auto_date_histogram aggregation with time_series aggregation" file="node_v20.12.0: /free/aggregations/time_series.yml" time="0">
      <failure message="Cannot convert undefined or null to object">TypeError: Cannot convert undefined or null to object
    at Function.entries (&lt;anonymous&gt;)
    at doRedact (/usr/src/app/node_modules/@elastic/transport/lib/security.js:22:16)
    at /usr/src/app/node_modules/@elastic/transport/lib/security.js:30:44
    at Array.map (&lt;anonymous&gt;)
    at /usr/src/app/node_modules/@elastic/transport/lib/security.js:30:35
    at Array.forEach (&lt;anonymous&gt;)
    at doRedact (/usr/src/app/node_modules/@elastic/transport/lib/security.js:22:29)
    at /usr/src/app/node_modules/@elastic/transport/lib/security.js:36:33
    at Array.forEach (&lt;anonymous&gt;)
    at doRedact (/usr/src/app/node_modules/@elastic/transport/lib/security.js:22:29)</failure>
    </testcase>
    <testcase id="2024-04-03T14:27:50.433Z" name="variable_width_histogram aggregation with time_series aggregation" file="node_v20.12.0: /free/aggregations/time_series.yml" time="0">
      <failure message="Cannot convert undefined or null to object">TypeError: Cannot convert undefined or null to object
    at Function.entries (&lt;anonymous&gt;)
    at doRedact (/usr/src/app/node_modules/@elastic/transport/lib/security.js:22:16)
    at /usr/src/app/node_modules/@elastic/transport/lib/security.js:30:44
    at Array.map (&lt;anonymous&gt;)
    at /usr/src/app/node_modules/@elastic/transport/lib/security.js:30:35
    at Array.forEach (&lt;anonymous&gt;)
    at doRedact (/usr/src/app/node_modules/@elastic/transport/lib/security.js:22:29)
    at /usr/src/app/node_modules/@elastic/transport/lib/security.js:36:33
    at Array.forEach (&lt;anonymous&gt;)
    at doRedact (/usr/src/app/node_modules/@elastic/transport/lib/security.js:22:29)</failure>
    </testcase>
    <testcase id="2024-04-03T14:27:50.440Z" name="rare_terms aggregation with time_series aggregation" file="node_v20.12.0: /free/aggregations/time_series.yml" time="0">
      <failure message="Cannot convert undefined or null to object">TypeError: Cannot convert undefined or null to object
    at Function.entries (&lt;anonymous&gt;)
    at doRedact (/usr/src/app/node_modules/@elastic/transport/lib/security.js:22:16)
    at /usr/src/app/node_modules/@elastic/transport/lib/security.js:30:44
    at Array.map (&lt;anonymous&gt;)
    at /usr/src/app/node_modules/@elastic/transport/lib/security.js:30:35
    at Array.forEach (&lt;anonymous&gt;)
    at doRedact (/usr/src/app/node_modules/@elastic/transport/lib/security.js:22:29)
    at /usr/src/app/node_modules/@elastic/transport/lib/security.js:36:33
    at Array.forEach (&lt;anonymous&gt;)
    at doRedact (/usr/src/app/node_modules/@elastic/transport/lib/security.js:22:29)</failure>
    </testcase>
  </testsuite>
  <testsuite id="2024-04-03T14:27:50.455Z" name="free/aggregations - /free/aggregations/top_hits.yml" time="6" tests="15" failures="2" skipped="1">
    <testcase id="2024-04-03T14:27:50.455Z" name="highlight" file="node_v20.12.0: /free/aggregations/top_hits.yml" time="0"/>
    <testcase id="2024-04-03T14:27:50.891Z" name="highlight_query" file="node_v20.12.0: /free/aggregations/top_hits.yml" time="0"/>
    <testcase id="2024-04-03T14:27:51.290Z" name="explain" file="node_v20.12.0: /free/aggregations/top_hits.yml" time="0">
      <skipped>{
  "features": [
    "close_to"
  ]
}</skipped>
    </testcase>
    <testcase id="2024-04-03T14:27:51.715Z" name="from" file="node_v20.12.0: /free/aggregations/top_hits.yml" time="0"/>
    <testcase id="2024-04-03T14:27:52.203Z" name="size" file="node_v20.12.0: /free/aggregations/top_hits.yml" time="0"/>
    <testcase id="2024-04-03T14:27:52.598Z" name="named queries" file="node_v20.12.0: /free/aggregations/top_hits.yml" time="1"/>
    <testcase id="2024-04-03T14:27:53.121Z" name="fetch fields" file="node_v20.12.0: /free/aggregations/top_hits.yml" time="0"/>
    <testcase id="2024-04-03T14:27:53.485Z" name="source filtering" file="node_v20.12.0: /free/aggregations/top_hits.yml" time="0"/>
    <testcase id="2024-04-03T14:27:53.864Z" name="stored fields" file="node_v20.12.0: /free/aggregations/top_hits.yml" time="0"/>
    <testcase id="2024-04-03T14:27:54.255Z" name="docvalue fields" file="node_v20.12.0: /free/aggregations/top_hits.yml" time="0"/>
    <testcase id="2024-04-03T14:27:54.668Z" name="version" file="node_v20.12.0: /free/aggregations/top_hits.yml" time="0"/>
    <testcase id="2024-04-03T14:27:55.009Z" name="sequence number and primary term" file="node_v20.12.0: /free/aggregations/top_hits.yml" time="0"/>
    <testcase id="2024-04-03T14:27:55.434Z" name="synthetic _source" file="node_v20.12.0: /free/aggregations/top_hits.yml" time="0"/>
    <testcase id="2024-04-03T14:27:55.922Z" name="having" file="node_v20.12.0: /free/aggregations/top_hits.yml" time="0">
      <failure message="the error should match: /path not supported for \[top_salary_hits\]:\ \[_source.salary\]./, found undefined: expected false to be truthy">AssertionError: the error should match: /path not supported for \[top_salary_hits\]:\ \[_source.salary\]./, found undefined: expected false to be truthy
    at doAction (/usr/src/app/test/integration/test-runner.js:544:14)
    at process.processTicksAndRejections (node:internal/process/task_queues:95:5)
    at async exec (/usr/src/app/test/integration/test-runner.js:578:9)
    at async Object.run (/usr/src/app/test/integration/test-runner.js:316:5)
    at async start (/usr/src/app/test/integration/index.js:331:11)</failure>
    </testcase>
    <testcase id="2024-04-03T14:27:56.120Z" name="runtime fields" file="node_v20.12.0: /free/aggregations/top_hits.yml" time="0">
      <failure message="Cannot convert undefined or null to object">TypeError: Cannot convert undefined or null to object
    at Function.entries (&lt;anonymous&gt;)
    at doRedact (/usr/src/app/node_modules/@elastic/transport/lib/security.js:22:16)
    at /usr/src/app/node_modules/@elastic/transport/lib/security.js:30:44
    at Array.map (&lt;anonymous&gt;)
    at /usr/src/app/node_modules/@elastic/transport/lib/security.js:30:35
    at Array.forEach (&lt;anonymous&gt;)
    at doRedact (/usr/src/app/node_modules/@elastic/transport/lib/security.js:22:29)
    at /usr/src/app/node_modules/@elastic/transport/lib/security.js:36:33
    at Array.forEach (&lt;anonymous&gt;)
    at doRedact (/usr/src/app/node_modules/@elastic/transport/lib/security.js:22:29)</failure>
    </testcase>
  </testsuite>
  <testsuite id="2024-04-03T14:27:56.129Z" name="free/aggregations - /free/aggregations/top_hits_nested_metric.yml" time="1" tests="3" failures="0" skipped="0">
    <testcase id="2024-04-03T14:27:56.129Z" name="top_hits aggregation with nested documents" file="node_v20.12.0: /free/aggregations/top_hits_nested_metric.yml" time="1"/>
    <testcase id="2024-04-03T14:27:56.650Z" name="top_hits aggregation with nested documents and disabled _source" file="node_v20.12.0: /free/aggregations/top_hits_nested_metric.yml" time="1"/>
    <testcase id="2024-04-03T14:27:57.162Z" name="top_hits aggregation with sequence numbers" file="node_v20.12.0: /free/aggregations/top_hits_nested_metric.yml" time="0"/>
  </testsuite>
  <testsuite id="2024-04-03T14:27:57.618Z" name="free/aggregations - /free/aggregations/typed_keys.yml" time="6" tests="13" failures="0" skipped="0">
    <testcase id="2024-04-03T14:27:57.618Z" name="Test typed keys parameter for avg aggregation" file="node_v20.12.0: /free/aggregations/typed_keys.yml" time="0"/>
    <testcase id="2024-04-03T14:27:58.067Z" name="Test typed keys parameter for cardinality aggregation" file="node_v20.12.0: /free/aggregations/typed_keys.yml" time="0"/>
    <testcase id="2024-04-03T14:27:58.498Z" name="Test typed keys parameter for extended_stats aggregation" file="node_v20.12.0: /free/aggregations/typed_keys.yml" time="0"/>
    <testcase id="2024-04-03T14:27:58.953Z" name="Test typed keys parameter for max aggregation" file="node_v20.12.0: /free/aggregations/typed_keys.yml" time="0"/>
    <testcase id="2024-04-03T14:27:59.354Z" name="Test typed keys parameter for min aggregation" file="node_v20.12.0: /free/aggregations/typed_keys.yml" time="0"/>
    <testcase id="2024-04-03T14:27:59.798Z" name="Test typed keys parameter for percentiles aggregation" file="node_v20.12.0: /free/aggregations/typed_keys.yml" time="0"/>
    <testcase id="2024-04-03T14:28:00.228Z" name="Test typed keys parameter for percentile_ranks aggregation" file="node_v20.12.0: /free/aggregations/typed_keys.yml" time="0"/>
    <testcase id="2024-04-03T14:28:00.621Z" name="Test typed keys parameter for stats aggregation" file="node_v20.12.0: /free/aggregations/typed_keys.yml" time="0"/>
    <testcase id="2024-04-03T14:28:01.036Z" name="Test typed keys parameter for sum aggregation" file="node_v20.12.0: /free/aggregations/typed_keys.yml" time="0"/>
    <testcase id="2024-04-03T14:28:01.486Z" name="Test typed keys parameter for terms and top_hits aggregation" file="node_v20.12.0: /free/aggregations/typed_keys.yml" time="0"/>
    <testcase id="2024-04-03T14:28:01.898Z" name="Test typed keys parameter for terms aggregation" file="node_v20.12.0: /free/aggregations/typed_keys.yml" time="0"/>
    <testcase id="2024-04-03T14:28:02.374Z" name="Test typed keys parameter for value_count aggregation" file="node_v20.12.0: /free/aggregations/typed_keys.yml" time="0"/>
    <testcase id="2024-04-03T14:28:02.768Z" name="Test typed keys parameter for date_histogram aggregation and max_bucket pipeline aggregation" file="node_v20.12.0: /free/aggregations/typed_keys.yml" time="0"/>
  </testsuite>
  <testsuite id="2024-04-03T14:28:03.202Z" name="free/aggregations - /free/aggregations/value_count_metric.yml" time="3" tests="6" failures="0" skipped="0">
    <testcase id="2024-04-03T14:28:03.202Z" name="Basic test" file="node_v20.12.0: /free/aggregations/value_count_metric.yml" time="0"/>
    <testcase id="2024-04-03T14:28:03.561Z" name="Only aggs test" file="node_v20.12.0: /free/aggregations/value_count_metric.yml" time="0"/>
    <testcase id="2024-04-03T14:28:03.999Z" name="Filtered test" file="node_v20.12.0: /free/aggregations/value_count_metric.yml" time="0"/>
    <testcase id="2024-04-03T14:28:04.440Z" name="Missing field with missing param" file="node_v20.12.0: /free/aggregations/value_count_metric.yml" time="0"/>
    <testcase id="2024-04-03T14:28:04.851Z" name="Missing field without missing param" file="node_v20.12.0: /free/aggregations/value_count_metric.yml" time="0"/>
    <testcase id="2024-04-03T14:28:05.311Z" name="Metadata test" file="node_v20.12.0: /free/aggregations/value_count_metric.yml" time="1"/>
  </testsuite>
  <testsuite id="2024-04-03T14:28:05.815Z" name="free/aggregations - /free/aggregations/variable_width_histogram.yml" time="2" tests="4" failures="0" skipped="0">
    <testcase id="2024-04-03T14:28:05.815Z" name="defaults" file="node_v20.12.0: /free/aggregations/variable_width_histogram.yml" time="0"/>
    <testcase id="2024-04-03T14:28:06.233Z" name="num_buckets" file="node_v20.12.0: /free/aggregations/variable_width_histogram.yml" time="0"/>
    <testcase id="2024-04-03T14:28:06.667Z" name="shard_size" file="node_v20.12.0: /free/aggregations/variable_width_histogram.yml" time="0"/>
    <testcase id="2024-04-03T14:28:07.083Z" name="initial_buffer" file="node_v20.12.0: /free/aggregations/variable_width_histogram.yml" time="0"/>
  </testsuite>
  <testsuite id="2024-04-03T14:28:07.507Z" name="free/aggregations - /free/aggregations/weighted_avg.yml" time="4" tests="8" failures="0" skipped="7">
    <testcase id="2024-04-03T14:28:07.507Z" name="Basic test" file="node_v20.12.0: /free/aggregations/weighted_avg.yml" time="0">
      <skipped>{
  "features": [
    "close_to"
  ]
}</skipped>
    </testcase>
    <testcase id="2024-04-03T14:28:07.965Z" name="Value with explicit missing configuration" file="node_v20.12.0: /free/aggregations/weighted_avg.yml" time="0">
      <skipped>{
  "features": [
    "close_to"
  ]
}</skipped>
    </testcase>
    <testcase id="2024-04-03T14:28:08.400Z" name="Weight with explicit missing configuration" file="node_v20.12.0: /free/aggregations/weighted_avg.yml" time="0">
      <skipped>{
  "features": [
    "close_to"
  ]
}</skipped>
    </testcase>
    <testcase id="2024-04-03T14:28:08.834Z" name="Missing value results in skipping document" file="node_v20.12.0: /free/aggregations/weighted_avg.yml" time="0">
      <skipped>{
  "features": [
    "close_to"
  ]
}</skipped>
    </testcase>
    <testcase id="2024-04-03T14:28:09.294Z" name="Missing weight results in skipping document" file="node_v20.12.0: /free/aggregations/weighted_avg.yml" time="0">
      <skipped>{
  "features": [
    "close_to"
  ]
}</skipped>
    </testcase>
    <testcase id="2024-04-03T14:28:09.757Z" name="Sum of weights equal to zero results in null weighted average" file="node_v20.12.0: /free/aggregations/weighted_avg.yml" time="1"/>
    <testcase id="2024-04-03T14:28:10.292Z" name="Multi value field" file="node_v20.12.0: /free/aggregations/weighted_avg.yml" time="0">
      <skipped>{
  "features": [
    "close_to"
  ]
}</skipped>
    </testcase>
    <testcase id="2024-04-03T14:28:10.660Z" name="Multi weight field not allowed" file="node_v20.12.0: /free/aggregations/weighted_avg.yml" time="0">
      <skipped>{
  "version": " - 8.11.99",
  "reason": "Changed status code in 8.12",
  "features": [
    "close_to"
  ]
}</skipped>
    </testcase>
  </testsuite>
  <testsuite id="2024-04-03T14:28:11.118Z" name="free/bulk - /free/bulk/10_basic.yml" time="2" tests="7" failures="3" skipped="0">
    <testcase id="2024-04-03T14:28:11.118Z" name="Array of objects" file="node_v20.12.0: /free/bulk/10_basic.yml" time="0"/>
    <testcase id="2024-04-03T14:28:11.538Z" name="Empty _id" file="node_v20.12.0: /free/bulk/10_basic.yml" time="0"/>
    <testcase id="2024-04-03T14:28:11.979Z" name="Empty _id with op_type create" file="node_v20.12.0: /free/bulk/10_basic.yml" time="0"/>
    <testcase id="2024-04-03T14:28:12.398Z" name="empty action" file="node_v20.12.0: /free/bulk/10_basic.yml" time="0">
      <failure message="the error should match: /Malformed action\/metadata line \[3\], expected FIELD_NAME but found \[END_OBJECT\]/, found undefined: expected false to be truthy">AssertionError: the error should match: /Malformed action\/metadata line \[3\], expected FIELD_NAME but found \[END_OBJECT\]/, found undefined: expected false to be truthy
    at doAction (/usr/src/app/test/integration/test-runner.js:544:14)
    at process.processTicksAndRejections (node:internal/process/task_queues:95:5)
    at async exec (/usr/src/app/test/integration/test-runner.js:578:9)
    at async Object.run (/usr/src/app/test/integration/test-runner.js:316:5)
    at async start (/usr/src/app/test/integration/index.js:331:11)</failure>
    </testcase>
    <testcase id="2024-04-03T14:28:12.418Z" name="When setting require_alias flag per request" file="node_v20.12.0: /free/bulk/10_basic.yml" time="0">
      <failure message="the error should match: missing, found undefined: expected false to be truthy">AssertionError: the error should match: missing, found undefined: expected false to be truthy
    at doAction (/usr/src/app/test/integration/test-runner.js:544:14)
    at process.processTicksAndRejections (node:internal/process/task_queues:95:5)
    at async exec (/usr/src/app/test/integration/test-runner.js:578:9)
    at async Object.run (/usr/src/app/test/integration/test-runner.js:316:5)
    at async start (/usr/src/app/test/integration/index.js:331:11)</failure>
    </testcase>
    <testcase id="2024-04-03T14:28:12.541Z" name="When setting require_alias flag" file="node_v20.12.0: /free/bulk/10_basic.yml" time="0">
      <failure message="Cannot convert undefined or null to object">TypeError: Cannot convert undefined or null to object
    at Function.entries (&lt;anonymous&gt;)
    at doRedact (/usr/src/app/node_modules/@elastic/transport/lib/security.js:22:16)
    at /usr/src/app/node_modules/@elastic/transport/lib/security.js:30:44
    at Array.map (&lt;anonymous&gt;)
    at /usr/src/app/node_modules/@elastic/transport/lib/security.js:30:35
    at Array.forEach (&lt;anonymous&gt;)
    at doRedact (/usr/src/app/node_modules/@elastic/transport/lib/security.js:22:29)
    at /usr/src/app/node_modules/@elastic/transport/lib/security.js:36:33
    at Array.forEach (&lt;anonymous&gt;)
    at doRedact (/usr/src/app/node_modules/@elastic/transport/lib/security.js:22:29)</failure>
    </testcase>
    <testcase id="2024-04-03T14:28:12.549Z" name="Return item-level error when no write index defined for an alias" file="node_v20.12.0: /free/bulk/10_basic.yml" time="0"/>
  </testsuite>
  <testsuite id="2024-04-03T14:28:12.999Z" name="free/bulk - /free/bulk/11_dynamic_templates.yml" time="1" tests="2" failures="0" skipped="1">
    <testcase id="2024-04-03T14:28:12.999Z" name="Dynamic templates" file="node_v20.12.0: /free/bulk/11_dynamic_templates.yml" time="0">
      <skipped>{
  "features": [
    "contains"
  ],
  "version": " - 8.7.99",
  "reason": "Exception type has changed in 8.8.0"
}</skipped>
    </testcase>
    <testcase id="2024-04-03T14:28:13.304Z" name="Dynamic templates with op_type" file="node_v20.12.0: /free/bulk/11_dynamic_templates.yml" time="0"/>
  </testsuite>
  <testsuite id="2024-04-03T14:28:13.748Z" name="free/bulk - /free/bulk/20_list_of_strings.yml" time="0" tests="1" failures="0" skipped="0">
    <testcase id="2024-04-03T14:28:13.748Z" name="List of strings" file="node_v20.12.0: /free/bulk/20_list_of_strings.yml" time="0"/>
  </testsuite>
  <testsuite id="2024-04-03T14:28:14.179Z" name="free/bulk - /free/bulk/30_big_string.yml" time="0" tests="1" failures="0" skipped="0">
    <testcase id="2024-04-03T14:28:14.179Z" name="One big string" file="node_v20.12.0: /free/bulk/30_big_string.yml" time="0"/>
  </testsuite>
  <testsuite id="2024-04-03T14:28:14.607Z" name="free/bulk - /free/bulk/40_source.yml" time="0" tests="1" failures="0" skipped="0">
    <testcase id="2024-04-03T14:28:14.607Z" name="Source filtering" file="node_v20.12.0: /free/bulk/40_source.yml" time="0"/>
  </testsuite>
  <testsuite id="2024-04-03T14:28:15.092Z" name="free/bulk - /free/bulk/50_refresh.yml" time="2" tests="3" failures="0" skipped="0">
    <testcase id="2024-04-03T14:28:15.092Z" name="refresh=true immediately makes changes are visible in search" file="node_v20.12.0: /free/bulk/50_refresh.yml" time="0"/>
    <testcase id="2024-04-03T14:28:15.512Z" name="refresh=empty string immediately makes changes are visible in search" file="node_v20.12.0: /free/bulk/50_refresh.yml" time="0"/>
    <testcase id="2024-04-03T14:28:15.983Z" name="refresh=wait_for waits until changes are visible in search" file="node_v20.12.0: /free/bulk/50_refresh.yml" time="1"/>
  </testsuite>
  <testsuite id="2024-04-03T14:28:17.308Z" name="free/bulk - /free/bulk/60_deprecated.yml" time="0" tests="1" failures="1" skipped="0">
    <testcase id="2024-04-03T14:28:17.308Z" name="Deprecated parameters should fail in Bulk query" file="node_v20.12.0: /free/bulk/60_deprecated.yml" time="0">
      <failure message="the error should match: bad_request, found undefined: expected false to be truthy">AssertionError: the error should match: bad_request, found undefined: expected false to be truthy
    at doAction (/usr/src/app/test/integration/test-runner.js:544:14)
    at process.processTicksAndRejections (node:internal/process/task_queues:95:5)
    at async exec (/usr/src/app/test/integration/test-runner.js:578:9)
    at async Object.run (/usr/src/app/test/integration/test-runner.js:316:5)
    at async start (/usr/src/app/test/integration/index.js:331:11)</failure>
    </testcase>
  </testsuite>
  <testsuite id="2024-04-03T14:28:17.319Z" name="free/bulk - /free/bulk/80_cas.yml" time="0" tests="1" failures="0" skipped="0">
    <testcase id="2024-04-03T14:28:17.319Z" name="Compare And Swap Sequence Numbers" file="node_v20.12.0: /free/bulk/80_cas.yml" time="0"/>
  </testsuite>
  <testsuite id="2024-04-03T14:28:17.685Z" name="free/bulk - /free/bulk/90_pipeline.yml" time="0" tests="1" failures="0" skipped="0">
    <testcase id="2024-04-03T14:28:17.685Z" name="One request has pipeline and another not" file="node_v20.12.0: /free/bulk/90_pipeline.yml" time="0"/>
  </testsuite>
  <testsuite id="2024-04-03T14:28:18.048Z" name="free/cat.aliases - /free/cat.aliases/10_basic.yml" time="5" tests="16" failures="0" skipped="7">
    <testcase id="2024-04-03T14:28:18.048Z" name="Help" file="node_v20.12.0: /free/cat.aliases/10_basic.yml" time="0"/>
    <testcase id="2024-04-03T14:28:18.334Z" name="Help (pre 7.4.0)" file="node_v20.12.0: /free/cat.aliases/10_basic.yml" time="0">
      <skipped>{
  "version": "7.4.0 - ",
  "features": "node_selector",
  "reason": "is_write_index is shown in cat.aliases starting version 7.4.0"
}</skipped>
    </testcase>
    <testcase id="2024-04-03T14:28:18.627Z" name="Empty cluster" file="node_v20.12.0: /free/cat.aliases/10_basic.yml" time="0"/>
    <testcase id="2024-04-03T14:28:18.911Z" name="Simple alias" file="node_v20.12.0: /free/cat.aliases/10_basic.yml" time="0"/>
    <testcase id="2024-04-03T14:28:19.250Z" name="Simple alias (pre 7.4.0)" file="node_v20.12.0: /free/cat.aliases/10_basic.yml" time="0">
      <skipped>{
  "version": "7.4.0 - ",
  "features": "node_selector",
  "reason": "is_write_index is shown in cat.aliases starting version 7.4.0"
}</skipped>
    </testcase>
    <testcase id="2024-04-03T14:28:19.536Z" name="Complex alias" file="node_v20.12.0: /free/cat.aliases/10_basic.yml" time="0"/>
    <testcase id="2024-04-03T14:28:19.891Z" name="Complex alias (pre 7.4.0)" file="node_v20.12.0: /free/cat.aliases/10_basic.yml" time="0">
      <skipped>{
  "version": "7.4.0 - ",
  "features": "node_selector",
  "reason": "is_write_index is shown in cat.aliases starting version 7.4.0"
}</skipped>
    </testcase>
    <testcase id="2024-04-03T14:28:20.180Z" name="Alias name" file="node_v20.12.0: /free/cat.aliases/10_basic.yml" time="0"/>
    <testcase id="2024-04-03T14:28:20.510Z" name="Multiple alias names" file="node_v20.12.0: /free/cat.aliases/10_basic.yml" time="0"/>
    <testcase id="2024-04-03T14:28:20.970Z" name="Column headers" file="node_v20.12.0: /free/cat.aliases/10_basic.yml" time="0"/>
    <testcase id="2024-04-03T14:28:21.380Z" name="Column headers (pre 7.4.0)" file="node_v20.12.0: /free/cat.aliases/10_basic.yml" time="0">
      <skipped>{
  "version": "7.4.0 - ",
  "features": "node_selector",
  "reason": "is_write_index is shown in cat.aliases starting version 7.4.0"
}</skipped>
    </testcase>
    <testcase id="2024-04-03T14:28:21.689Z" name="Select columns" file="node_v20.12.0: /free/cat.aliases/10_basic.yml" time="0"/>
    <testcase id="2024-04-03T14:28:22.034Z" name="Alias against closed index" file="node_v20.12.0: /free/cat.aliases/10_basic.yml" time="0">
      <skipped>{
  "version": " - 7.3.99",
  "reason": "is_write_index is shown in cat.aliases starting version 7.4.0",
  "features": [
    "allowed_warnings"
  ]
}</skipped>
    </testcase>
    <testcase id="2024-04-03T14:28:22.344Z" name="Alias against closed index (pre 7.4.0)" file="node_v20.12.0: /free/cat.aliases/10_basic.yml" time="0">
      <skipped>{
  "version": "7.4.0 - ",
  "features": [
    "node_selector",
    "allowed_warnings"
  ],
  "reason": "is_write_index is shown in cat.aliases starting version 7.4.0"
}</skipped>
    </testcase>
    <testcase id="2024-04-03T14:28:22.634Z" name="Alias sorting" file="node_v20.12.0: /free/cat.aliases/10_basic.yml" time="0"/>
    <testcase id="2024-04-03T14:28:23.014Z" name="Deprecated local parameter" file="node_v20.12.0: /free/cat.aliases/10_basic.yml" time="0">
      <skipped>{
  "version": "- 8.11.99",
  "features": [
    "warnings"
  ],
  "reason": "verifying deprecation warnings from 8.12.0 onwards"
}</skipped>
    </testcase>
  </testsuite>
  <testsuite id="2024-04-03T14:28:23.316Z" name="free/cat.aliases - /free/cat.aliases/20_headers.yml" time="0" tests="1" failures="0" skipped="1">
    <testcase id="2024-04-03T14:28:23.316Z" name="Simple alias with yaml body through Accept header" file="node_v20.12.0: /free/cat.aliases/20_headers.yml" time="0">
      <skipped>{
  "features": [
    "headers",
    "yaml"
  ]
}</skipped>
    </testcase>
  </testsuite>
  <testsuite id="2024-04-03T14:28:23.612Z" name="free/cat.aliases - /free/cat.aliases/30_json.yml" time="0" tests="1" failures="0" skipped="0">
    <testcase id="2024-04-03T14:28:23.612Z" name="Simple alias with json body through format argument" file="node_v20.12.0: /free/cat.aliases/30_json.yml" time="0"/>
  </testsuite>
  <testsuite id="2024-04-03T14:28:23.944Z" name="free/cat.aliases - /free/cat.aliases/40_hidden.yml" time="1" tests="3" failures="0" skipped="0">
    <testcase id="2024-04-03T14:28:23.944Z" name="Test cat aliases output with a hidden index with a hidden alias" file="node_v20.12.0: /free/cat.aliases/40_hidden.yml" time="0"/>
    <testcase id="2024-04-03T14:28:24.290Z" name="Test cat aliases output with a hidden index with a visible alias" file="node_v20.12.0: /free/cat.aliases/40_hidden.yml" time="0"/>
    <testcase id="2024-04-03T14:28:24.631Z" name="Test cat aliases output with a visible index with a hidden alias" file="node_v20.12.0: /free/cat.aliases/40_hidden.yml" time="0"/>
  </testsuite>
  <testsuite id="2024-04-03T14:28:25.016Z" name="free/cat.allocation - /free/cat.allocation/10_basic.yml" time="0" tests="8" failures="0" skipped="8">
    <testcase id="2024-04-03T14:28:25.016Z" name="Help" file="node_v20.12.0: /free/cat.allocation/10_basic.yml" time="0">
      <skipped>This test is in the skip list of the client</skipped>
    </testcase>
    <testcase id="2024-04-03T14:28:25.016Z" name="One index" file="node_v20.12.0: /free/cat.allocation/10_basic.yml" time="0">
      <skipped>This test is in the skip list of the client</skipped>
    </testcase>
    <testcase id="2024-04-03T14:28:25.016Z" name="Node ID" file="node_v20.12.0: /free/cat.allocation/10_basic.yml" time="0">
      <skipped>This test is in the skip list of the client</skipped>
    </testcase>
    <testcase id="2024-04-03T14:28:25.016Z" name="All Nodes" file="node_v20.12.0: /free/cat.allocation/10_basic.yml" time="0">
      <skipped>This test is in the skip list of the client</skipped>
    </testcase>
    <testcase id="2024-04-03T14:28:25.016Z" name="Column headers" file="node_v20.12.0: /free/cat.allocation/10_basic.yml" time="0">
      <skipped>This test is in the skip list of the client</skipped>
    </testcase>
    <testcase id="2024-04-03T14:28:25.016Z" name="Select columns" file="node_v20.12.0: /free/cat.allocation/10_basic.yml" time="0">
      <skipped>This test is in the skip list of the client</skipped>
    </testcase>
    <testcase id="2024-04-03T14:28:25.016Z" name="Bytes" file="node_v20.12.0: /free/cat.allocation/10_basic.yml" time="0">
      <skipped>This test is in the skip list of the client</skipped>
    </testcase>
    <testcase id="2024-04-03T14:28:25.016Z" name="Node roles" file="node_v20.12.0: /free/cat.allocation/10_basic.yml" time="0">
      <skipped>This test is in the skip list of the client</skipped>
    </testcase>
  </testsuite>
  <testsuite id="2024-04-03T14:28:25.016Z" name="free/cat.count - /free/cat.count/10_basic.yml" time="1" tests="2" failures="0" skipped="0">
    <testcase id="2024-04-03T14:28:25.016Z" name="Test cat count help" file="node_v20.12.0: /free/cat.count/10_basic.yml" time="0"/>
    <testcase id="2024-04-03T14:28:25.415Z" name="Test cat count output" file="node_v20.12.0: /free/cat.count/10_basic.yml" time="1"/>
  </testsuite>
  <testsuite id="2024-04-03T14:28:25.958Z" name="free/cat.fielddata - /free/cat.fielddata/10_basic.yml" time="1" tests="2" failures="0" skipped="0">
    <testcase id="2024-04-03T14:28:25.958Z" name="Help" file="node_v20.12.0: /free/cat.fielddata/10_basic.yml" time="0"/>
    <testcase id="2024-04-03T14:28:26.288Z" name="Test cat fielddata output" file="node_v20.12.0: /free/cat.fielddata/10_basic.yml" time="1"/>
  </testsuite>
  <testsuite id="2024-04-03T14:28:26.815Z" name="free/cat.health - /free/cat.health/10_basic.yml" time="1" tests="3" failures="0" skipped="0">
    <testcase id="2024-04-03T14:28:26.815Z" name="Help" file="node_v20.12.0: /free/cat.health/10_basic.yml" time="0"/>
    <testcase id="2024-04-03T14:28:27.178Z" name="Empty cluster" file="node_v20.12.0: /free/cat.health/10_basic.yml" time="0"/>
    <testcase id="2024-04-03T14:28:27.563Z" name="With ts parameter" file="node_v20.12.0: /free/cat.health/10_basic.yml" time="0"/>
  </testsuite>
  <testsuite id="2024-04-03T14:28:27.984Z" name="free/cat.indices - /free/cat.indices/10_basic.yml" time="3" tests="8" failures="1" skipped="3">
    <testcase id="2024-04-03T14:28:27.984Z" name="Test cat indices output (no indices)" file="node_v20.12.0: /free/cat.indices/10_basic.yml" time="0"/>
    <testcase id="2024-04-03T14:28:28.329Z" name="Test cat indices output" file="node_v20.12.0: /free/cat.indices/10_basic.yml" time="0"/>
    <testcase id="2024-04-03T14:28:28.763Z" name="Test cat indices output for closed index (pre 7.2.0)" file="node_v20.12.0: /free/cat.indices/10_basic.yml" time="0">
      <skipped>{
  "version": "7.2.0 - ",
  "reason": "closed indices are replicated starting version 7.2.0",
  "features": [
    "allowed_warnings"
  ]
}</skipped>
    </testcase>
    <testcase id="2024-04-03T14:28:29.207Z" name="Test cat indices output for closed index" file="node_v20.12.0: /free/cat.indices/10_basic.yml" time="0">
      <skipped>{
  "version": " - 7.1.99",
  "reason": "closed indices are replicated starting version 7.2.0",
  "features": [
    "allowed_warnings"
  ]
}</skipped>
    </testcase>
    <testcase id="2024-04-03T14:28:29.537Z" name="Test cat indices using health status" file="node_v20.12.0: /free/cat.indices/10_basic.yml" time="0"/>
    <testcase id="2024-04-03T14:28:30.009Z" name="Test cat indices using wildcards" file="node_v20.12.0: /free/cat.indices/10_basic.yml" time="1"/>
    <testcase id="2024-04-03T14:28:30.535Z" name="Test cat indices sort" file="node_v20.12.0: /free/cat.indices/10_basic.yml" time="0">
      <skipped>{
  "features": [
    "allowed_warnings"
  ]
}</skipped>
    </testcase>
    <testcase id="2024-04-03T14:28:30.902Z" name="Test cat indices with invalid health parameter" file="node_v20.12.0: /free/cat.indices/10_basic.yml" time="0">
      <failure message="the error should match: bad_request, found undefined: expected false to be truthy">AssertionError: the error should match: bad_request, found undefined: expected false to be truthy
    at doAction (/usr/src/app/test/integration/test-runner.js:544:14)
    at process.processTicksAndRejections (node:internal/process/task_queues:95:5)
    at async exec (/usr/src/app/test/integration/test-runner.js:578:9)
    at async Object.run (/usr/src/app/test/integration/test-runner.js:316:5)
    at async start (/usr/src/app/test/integration/index.js:331:11)</failure>
    </testcase>
  </testsuite>
  <testsuite id="2024-04-03T14:28:31.008Z" name="free/cat.indices - /free/cat.indices/20_hidden.yml" time="2" tests="5" failures="0" skipped="0">
    <testcase id="2024-04-03T14:28:31.008Z" name="Test cat indices output for hidden index" file="node_v20.12.0: /free/cat.indices/20_hidden.yml" time="0"/>
    <testcase id="2024-04-03T14:28:31.454Z" name="Test cat indices output for dot-hidden index and dot-prefixed pattern" file="node_v20.12.0: /free/cat.indices/20_hidden.yml" time="0"/>
    <testcase id="2024-04-03T14:28:31.842Z" name="Test cat indices output with a hidden index with a visible alias" file="node_v20.12.0: /free/cat.indices/20_hidden.yml" time="0"/>
    <testcase id="2024-04-03T14:28:32.247Z" name="Test cat indices output with a hidden index with a hidden alias" file="node_v20.12.0: /free/cat.indices/20_hidden.yml" time="0"/>
    <testcase id="2024-04-03T14:28:32.671Z" name="Test cat indices output with a hidden index, dot-hidden alias and dot pattern" file="node_v20.12.0: /free/cat.indices/20_hidden.yml" time="0"/>
  </testsuite>
  <testsuite id="2024-04-03T14:28:33.035Z" name="free/cat.nodeattrs - /free/cat.nodeattrs/10_basic.yml" time="19" tests="2" failures="0" skipped="0">
    <testcase id="2024-04-03T14:28:33.035Z" name="Help" file="node_v20.12.0: /free/cat.nodeattrs/10_basic.yml" time="0"/>
    <testcase id="2024-04-03T14:28:33.397Z" name="Test cat nodes attrs output" file="node_v20.12.0: /free/cat.nodeattrs/10_basic.yml" time="19"/>
  </testsuite>
  <testsuite id="2024-04-03T14:28:51.933Z" name="free/cat.nodes - /free/cat.nodes/10_basic.yml" time="1" tests="3" failures="0" skipped="0">
    <testcase id="2024-04-03T14:28:51.933Z" name="Test cat nodes output" file="node_v20.12.0: /free/cat.nodes/10_basic.yml" time="0"/>
    <testcase id="2024-04-03T14:28:52.243Z" name="Additional disk information" file="node_v20.12.0: /free/cat.nodes/10_basic.yml" time="0"/>
    <testcase id="2024-04-03T14:28:52.548Z" name="Test cat nodes output with full_id set" file="node_v20.12.0: /free/cat.nodes/10_basic.yml" time="0"/>
  </testsuite>
  <testsuite id="2024-04-03T14:28:52.882Z" name="free/cat.plugins - /free/cat.plugins/10_basic.yml" time="0" tests="1" failures="0" skipped="0">
    <testcase id="2024-04-03T14:28:52.882Z" name="Help" file="node_v20.12.0: /free/cat.plugins/10_basic.yml" time="0"/>
  </testsuite>
  <testsuite id="2024-04-03T14:28:53.209Z" name="free/cat.recovery - /free/cat.recovery/10_basic.yml" time="1" tests="2" failures="0" skipped="1">
    <testcase id="2024-04-03T14:28:53.209Z" name="Test cat recovery output" file="node_v20.12.0: /free/cat.recovery/10_basic.yml" time="0"/>
    <testcase id="2024-04-03T14:28:53.660Z" name="Test cat recovery output for closed index" file="node_v20.12.0: /free/cat.recovery/10_basic.yml" time="0">
      <skipped>{
  "version": " - 7.99.99",
  "reason": "format of bytes output changed in 8.0.0",
  "features": [
    "allowed_warnings"
  ]
}</skipped>
    </testcase>
  </testsuite>
  <testsuite id="2024-04-03T14:28:54.021Z" name="free/cat.repositories - /free/cat.repositories/10_basic.yml" time="1" tests="3" failures="0" skipped="0">
    <testcase id="2024-04-03T14:28:54.021Z" name="Help" file="node_v20.12.0: /free/cat.repositories/10_basic.yml" time="0"/>
    <testcase id="2024-04-03T14:28:54.360Z" name="Test cat repositories output" file="node_v20.12.0: /free/cat.repositories/10_basic.yml" time="0"/>
    <testcase id="2024-04-03T14:28:54.766Z" name="Test cat repositories sort" file="node_v20.12.0: /free/cat.repositories/10_basic.yml" time="0"/>
  </testsuite>
  <testsuite id="2024-04-03T14:28:55.200Z" name="free/cat.segments - /free/cat.segments/10_basic.yml" time="2" tests="5" failures="0" skipped="1">
    <testcase id="2024-04-03T14:28:55.200Z" name="Help" file="node_v20.12.0: /free/cat.segments/10_basic.yml" time="0"/>
    <testcase id="2024-04-03T14:28:55.506Z" name="Test cat segments output" file="node_v20.12.0: /free/cat.segments/10_basic.yml" time="1"/>
    <testcase id="2024-04-03T14:28:56.048Z" name="Test cat segments on closed index behaviour" file="node_v20.12.0: /free/cat.segments/10_basic.yml" time="0">
      <skipped>{
  "features": [
    "allowed_warnings"
  ]
}</skipped>
    </testcase>
    <testcase id="2024-04-03T14:28:56.387Z" name="Test cat segments using wildcards" file="node_v20.12.0: /free/cat.segments/10_basic.yml" time="1"/>
    <testcase id="2024-04-03T14:28:56.909Z" name="tsdb" file="node_v20.12.0: /free/cat.segments/10_basic.yml" time="0"/>
  </testsuite>
  <testsuite id="2024-04-03T14:28:57.386Z" name="free/cat.shards - /free/cat.shards/10_basic.yml" time="2" tests="5" failures="0" skipped="0">
    <testcase id="2024-04-03T14:28:57.386Z" name="Help" file="node_v20.12.0: /free/cat.shards/10_basic.yml" time="0"/>
    <testcase id="2024-04-03T14:28:57.741Z" name="Test cat shards output" file="node_v20.12.0: /free/cat.shards/10_basic.yml" time="1"/>
    <testcase id="2024-04-03T14:28:58.373Z" name="Test cat shards using wildcards" file="node_v20.12.0: /free/cat.shards/10_basic.yml" time="1"/>
    <testcase id="2024-04-03T14:28:58.888Z" name="Test cat shards sort" file="node_v20.12.0: /free/cat.shards/10_basic.yml" time="0"/>
    <testcase id="2024-04-03T14:28:59.375Z" name="Test cat shards with hidden indices" file="node_v20.12.0: /free/cat.shards/10_basic.yml" time="0"/>
  </testsuite>
  <testsuite id="2024-04-03T14:28:59.868Z" name="free/cat.snapshots - /free/cat.snapshots/10_basic.yml" time="0" tests="2" failures="0" skipped="1">
    <testcase id="2024-04-03T14:28:59.868Z" name="Help" file="node_v20.12.0: /free/cat.snapshots/10_basic.yml" time="0"/>
    <testcase id="2024-04-03T14:29:00.201Z" name="Test cat snapshots output" file="node_v20.12.0: /free/cat.snapshots/10_basic.yml" time="0">
      <skipped>This test is in the skip list of the client</skipped>
    </testcase>
  </testsuite>
  <testsuite id="2024-04-03T14:29:00.202Z" name="free/cat.tasks - /free/cat.tasks/10_basic.yml" time="1" tests="2" failures="0" skipped="0">
    <testcase id="2024-04-03T14:29:00.202Z" name="Test cat tasks output" file="node_v20.12.0: /free/cat.tasks/10_basic.yml" time="0"/>
    <testcase id="2024-04-03T14:29:00.544Z" name="Test cat tasks output with X-Opaque-Id" file="node_v20.12.0: /free/cat.tasks/10_basic.yml" time="0"/>
  </testsuite>
  <testsuite id="2024-04-03T14:29:00.852Z" name="free/cat.templates - /free/cat.templates/10_basic.yml" time="3" tests="9" failures="0" skipped="4">
    <testcase id="2024-04-03T14:29:00.852Z" name="Help" file="node_v20.12.0: /free/cat.templates/10_basic.yml" time="0"/>
    <testcase id="2024-04-03T14:29:01.248Z" name="No templates" file="node_v20.12.0: /free/cat.templates/10_basic.yml" time="0">
      <skipped>{
  "features": [
    "default_shards, no_xpack"
  ]
}</skipped>
    </testcase>
    <testcase id="2024-04-03T14:29:01.625Z" name="Normal templates" file="node_v20.12.0: /free/cat.templates/10_basic.yml" time="0"/>
    <testcase id="2024-04-03T14:29:02.051Z" name="Filtered templates" file="node_v20.12.0: /free/cat.templates/10_basic.yml" time="0"/>
    <testcase id="2024-04-03T14:29:02.428Z" name="Column headers" file="node_v20.12.0: /free/cat.templates/10_basic.yml" time="0"/>
    <testcase id="2024-04-03T14:29:02.816Z" name="Select columns" file="node_v20.12.0: /free/cat.templates/10_basic.yml" time="0"/>
    <testcase id="2024-04-03T14:29:03.216Z" name="Sort templates" file="node_v20.12.0: /free/cat.templates/10_basic.yml" time="0">
      <skipped>{
  "version": " - 7.7.99",
  "reason": "format changed in 7.8 to accomodate V2 index templates",
  "features": [
    "default_shards, no_xpack"
  ]
}</skipped>
    </testcase>
    <testcase id="2024-04-03T14:29:03.508Z" name="Multiple template" file="node_v20.12.0: /free/cat.templates/10_basic.yml" time="0">
      <skipped>{
  "version": " - 7.7.99",
  "reason": "format changed in 7.8 to accomodate V2 index templates",
  "features": [
    "default_shards, no_xpack"
  ]
}</skipped>
    </testcase>
    <testcase id="2024-04-03T14:29:03.817Z" name="Mixture of legacy and composable templates" file="node_v20.12.0: /free/cat.templates/10_basic.yml" time="0">
      <skipped>{
  "version": " - 7.7.99",
  "reason": "format changed in 7.8 to accomodate V2 index templates",
  "features": [
    "allowed_warnings"
  ]
}</skipped>
    </testcase>
  </testsuite>
  <testsuite id="2024-04-03T14:29:04.149Z" name="free/cat.templates - /free/cat.templates/20_matching.yml" time="0" tests="5" failures="0" skipped="5">
    <testcase id="2024-04-03T14:29:04.149Z" name="Matching all templates" file="node_v20.12.0: /free/cat.templates/20_matching.yml" time="0">
      <skipped>{
  "features": [
    "allowed_warnings_regex"
  ]
}</skipped>
    </testcase>
    <testcase id="2024-04-03T14:29:04.149Z" name="Matching no templates" file="node_v20.12.0: /free/cat.templates/20_matching.yml" time="0">
      <skipped>{
  "features": [
    "allowed_warnings_regex"
  ]
}</skipped>
    </testcase>
    <testcase id="2024-04-03T14:29:04.149Z" name="Matching single names" file="node_v20.12.0: /free/cat.templates/20_matching.yml" time="0">
      <skipped>{
  "features": [
    "allowed_warnings_regex"
  ]
}</skipped>
    </testcase>
    <testcase id="2024-04-03T14:29:04.149Z" name="Matching single patterns" file="node_v20.12.0: /free/cat.templates/20_matching.yml" time="0">
      <skipped>{
  "features": [
    "allowed_warnings_regex"
  ]
}</skipped>
    </testcase>
    <testcase id="2024-04-03T14:29:04.150Z" name="Reject request containing comma" file="node_v20.12.0: /free/cat.templates/20_matching.yml" time="0">
      <skipped>{
  "features": [
    "allowed_warnings_regex"
  ]
}</skipped>
    </testcase>
  </testsuite>
  <testsuite id="2024-04-03T14:29:04.150Z" name="free/cat.thread_pool - /free/cat.thread_pool/10_basic.yml" time="0" tests="1" failures="0" skipped="0">
    <testcase id="2024-04-03T14:29:04.150Z" name="Test cat thread_pool output" file="node_v20.12.0: /free/cat.thread_pool/10_basic.yml" time="0"/>
  </testsuite>
  <testsuite id="2024-04-03T14:29:04.484Z" name="free/cluster.allocation_explain - /free/cluster.allocation_explain/10_basic.yml" time="2" tests="5" failures="1" skipped="1">
    <testcase id="2024-04-03T14:29:04.484Z" name="bad cluster shard allocation explanation request" file="node_v20.12.0: /free/cluster.allocation_explain/10_basic.yml" time="0">
      <failure message="the error should match: /illegal_argument_exception/, found undefined: expected false to be truthy">AssertionError: the error should match: /illegal_argument_exception/, found undefined: expected false to be truthy
    at doAction (/usr/src/app/test/integration/test-runner.js:544:14)
    at process.processTicksAndRejections (node:internal/process/task_queues:95:5)
    at async exec (/usr/src/app/test/integration/test-runner.js:578:9)
    at async Object.run (/usr/src/app/test/integration/test-runner.js:316:5)
    at async start (/usr/src/app/test/integration/index.js:331:11)</failure>
    </testcase>
    <testcase id="2024-04-03T14:29:04.504Z" name="cluster shard allocation explanation test" file="node_v20.12.0: /free/cluster.allocation_explain/10_basic.yml" time="0"/>
    <testcase id="2024-04-03T14:29:04.840Z" name="cluster shard allocation explanation test with empty request" file="node_v20.12.0: /free/cluster.allocation_explain/10_basic.yml" time="0"/>
    <testcase id="2024-04-03T14:29:05.308Z" name="Cluster shard allocation explanation test with a closed index" file="node_v20.12.0: /free/cluster.allocation_explain/10_basic.yml" time="0">
      <skipped>{
  "version": " - 7.1.99",
  "reason": "closed indices are replicated starting version 7.2.0",
  "features": [
    "allowed_warnings"
  ]
}</skipped>
    </testcase>
    <testcase id="2024-04-03T14:29:05.676Z" name="Cluster allocation explanation response includes node's roles" file="node_v20.12.0: /free/cluster.allocation_explain/10_basic.yml" time="0"/>
  </testsuite>
  <testsuite id="2024-04-03T14:29:06.020Z" name="free/cluster.component_template - /free/cluster.component_template/10_basic.yml" time="1" tests="4" failures="2" skipped="0">
    <testcase id="2024-04-03T14:29:06.020Z" name="Basic CRUD" file="node_v20.12.0: /free/cluster.component_template/10_basic.yml" time="0">
      <failure message="the error should match: missing, found undefined: expected false to be truthy">AssertionError: the error should match: missing, found undefined: expected false to be truthy
    at doAction (/usr/src/app/test/integration/test-runner.js:544:14)
    at process.processTicksAndRejections (node:internal/process/task_queues:95:5)
    at async exec (/usr/src/app/test/integration/test-runner.js:578:9)
    at async Object.run (/usr/src/app/test/integration/test-runner.js:316:5)
    at async start (/usr/src/app/test/integration/index.js:331:11)</failure>
    </testcase>
    <testcase id="2024-04-03T14:29:06.089Z" name="Delete multiple templates" file="node_v20.12.0: /free/cluster.component_template/10_basic.yml" time="0">
      <failure message="the error should match: missing, found undefined: expected false to be truthy">AssertionError: the error should match: missing, found undefined: expected false to be truthy
    at doAction (/usr/src/app/test/integration/test-runner.js:544:14)
    at process.processTicksAndRejections (node:internal/process/task_queues:95:5)
    at async exec (/usr/src/app/test/integration/test-runner.js:578:9)
    at async Object.run (/usr/src/app/test/integration/test-runner.js:316:5)
    at async start (/usr/src/app/test/integration/index.js:331:11)</failure>
    </testcase>
    <testcase id="2024-04-03T14:29:06.173Z" name="Add data stream lifecycle" file="node_v20.12.0: /free/cluster.component_template/10_basic.yml" time="0"/>
    <testcase id="2024-04-03T14:29:06.513Z" name="Get data stream lifecycle with default rollover" file="node_v20.12.0: /free/cluster.component_template/10_basic.yml" time="0"/>
  </testsuite>
  <testsuite id="2024-04-03T14:29:06.908Z" name="free/cluster.desired_balance - /free/cluster.desired_balance/10_basic.yml" time="0" tests="10" failures="0" skipped="10">
    <testcase id="2024-04-03T14:29:06.908Z" name="Test get empty desired balance" file="node_v20.12.0: /free/cluster.desired_balance/10_basic.yml" time="0">
      <skipped>This test is in the skip list of the client</skipped>
    </testcase>
    <testcase id="2024-04-03T14:29:06.908Z" name="Test get desired balance for a single shard" file="node_v20.12.0: /free/cluster.desired_balance/10_basic.yml" time="0">
      <skipped>This test is in the skip list of the client</skipped>
    </testcase>
    <testcase id="2024-04-03T14:29:06.908Z" name="Test cluster_balance_stats" file="node_v20.12.0: /free/cluster.desired_balance/10_basic.yml" time="0">
      <skipped>This test is in the skip list of the client</skipped>
    </testcase>
    <testcase id="2024-04-03T14:29:06.908Z" name="Test cluster_info" file="node_v20.12.0: /free/cluster.desired_balance/10_basic.yml" time="0">
      <skipped>This test is in the skip list of the client</skipped>
    </testcase>
    <testcase id="2024-04-03T14:29:06.908Z" name="Test cluster_balance_stats contains node ID and roles" file="node_v20.12.0: /free/cluster.desired_balance/10_basic.yml" time="0">
      <skipped>This test is in the skip list of the client</skipped>
    </testcase>
    <testcase id="2024-04-03T14:29:06.908Z" name="Test tier_preference" file="node_v20.12.0: /free/cluster.desired_balance/10_basic.yml" time="0">
      <skipped>This test is in the skip list of the client</skipped>
    </testcase>
    <testcase id="2024-04-03T14:29:06.908Z" name="Test computed_shard_movements" file="node_v20.12.0: /free/cluster.desired_balance/10_basic.yml" time="0">
      <skipped>This test is in the skip list of the client</skipped>
    </testcase>
    <testcase id="2024-04-03T14:29:06.908Z" name="Test reset desired balance" file="node_v20.12.0: /free/cluster.desired_balance/10_basic.yml" time="0">
      <skipped>This test is in the skip list of the client</skipped>
    </testcase>
    <testcase id="2024-04-03T14:29:06.908Z" name="Test undesired_shard_allocation_count" file="node_v20.12.0: /free/cluster.desired_balance/10_basic.yml" time="0">
      <skipped>This test is in the skip list of the client</skipped>
    </testcase>
    <testcase id="2024-04-03T14:29:06.908Z" name="Test unassigned_shards, total_allocations, undesired_allocations and undesired_allocations_fraction" file="node_v20.12.0: /free/cluster.desired_balance/10_basic.yml" time="0">
      <skipped>This test is in the skip list of the client</skipped>
    </testcase>
  </testsuite>
  <testsuite id="2024-04-03T14:29:06.909Z" name="free/cluster.desired_nodes - /free/cluster.desired_nodes/10_basic.yml" time="0" tests="42" failures="0" skipped="42">
    <testcase id="2024-04-03T14:29:06.909Z" name="Test update desired nodes" file="node_v20.12.0: /free/cluster.desired_nodes/10_basic.yml" time="0">
      <skipped>This test is in the skip list of the client</skipped>
    </testcase>
    <testcase id="2024-04-03T14:29:06.909Z" name="Test update desired nodes with node_version generates a warning" file="node_v20.12.0: /free/cluster.desired_nodes/10_basic.yml" time="0">
      <skipped>This test is in the skip list of the client</skipped>
    </testcase>
    <testcase id="2024-04-03T14:29:06.909Z" name="Test update move to a new history id" file="node_v20.12.0: /free/cluster.desired_nodes/10_basic.yml" time="0">
      <skipped>This test is in the skip list of the client</skipped>
    </testcase>
    <testcase id="2024-04-03T14:29:06.909Z" name="Test delete desired nodes" file="node_v20.12.0: /free/cluster.desired_nodes/10_basic.yml" time="0">
      <skipped>This test is in the skip list of the client</skipped>
    </testcase>
    <testcase id="2024-04-03T14:29:06.909Z" name="Test delete desired nodes with node_version generates a warning" file="node_v20.12.0: /free/cluster.desired_nodes/10_basic.yml" time="0">
      <skipped>This test is in the skip list of the client</skipped>
    </testcase>
    <testcase id="2024-04-03T14:29:06.909Z" name="Test update desired nodes is idempotent" file="node_v20.12.0: /free/cluster.desired_nodes/10_basic.yml" time="0">
      <skipped>This test is in the skip list of the client</skipped>
    </testcase>
    <testcase id="2024-04-03T14:29:06.909Z" name="Test update desired nodes is idempotent with different order" file="node_v20.12.0: /free/cluster.desired_nodes/10_basic.yml" time="0">
      <skipped>This test is in the skip list of the client</skipped>
    </testcase>
    <testcase id="2024-04-03T14:29:06.909Z" name="Test going backwards within the same history is forbidden" file="node_v20.12.0: /free/cluster.desired_nodes/10_basic.yml" time="0">
      <skipped>This test is in the skip list of the client</skipped>
    </testcase>
    <testcase id="2024-04-03T14:29:06.909Z" name="Test using the same version with different definition is forbidden" file="node_v20.12.0: /free/cluster.desired_nodes/10_basic.yml" time="0">
      <skipped>This test is in the skip list of the client</skipped>
    </testcase>
    <testcase id="2024-04-03T14:29:06.909Z" name="Test external_id or node.name is required" file="node_v20.12.0: /free/cluster.desired_nodes/10_basic.yml" time="0">
      <skipped>This test is in the skip list of the client</skipped>
    </testcase>
    <testcase id="2024-04-03T14:29:06.909Z" name="Test external_id must have content" file="node_v20.12.0: /free/cluster.desired_nodes/10_basic.yml" time="0">
      <skipped>This test is in the skip list of the client</skipped>
    </testcase>
    <testcase id="2024-04-03T14:29:06.909Z" name="Test duplicated external ids are not allowed" file="node_v20.12.0: /free/cluster.desired_nodes/10_basic.yml" time="0">
      <skipped>This test is in the skip list of the client</skipped>
    </testcase>
    <testcase id="2024-04-03T14:29:06.909Z" name="Test version must be a number" file="node_v20.12.0: /free/cluster.desired_nodes/10_basic.yml" time="0">
      <skipped>This test is in the skip list of the client</skipped>
    </testcase>
    <testcase id="2024-04-03T14:29:06.909Z" name="Test version must be positive" file="node_v20.12.0: /free/cluster.desired_nodes/10_basic.yml" time="0">
      <skipped>This test is in the skip list of the client</skipped>
    </testcase>
    <testcase id="2024-04-03T14:29:06.909Z" name="Test history_id must be present" file="node_v20.12.0: /free/cluster.desired_nodes/10_basic.yml" time="0">
      <skipped>This test is in the skip list of the client</skipped>
    </testcase>
    <testcase id="2024-04-03T14:29:06.909Z" name="Test at least one node must be sent" file="node_v20.12.0: /free/cluster.desired_nodes/10_basic.yml" time="0">
      <skipped>This test is in the skip list of the client</skipped>
    </testcase>
    <testcase id="2024-04-03T14:29:06.909Z" name="Test at least one master node is present " file="node_v20.12.0: /free/cluster.desired_nodes/10_basic.yml" time="0">
      <skipped>This test is in the skip list of the client</skipped>
    </testcase>
    <testcase id="2024-04-03T14:29:06.909Z" name="Test node settings are required" file="node_v20.12.0: /free/cluster.desired_nodes/10_basic.yml" time="0">
      <skipped>This test is in the skip list of the client</skipped>
    </testcase>
    <testcase id="2024-04-03T14:29:06.909Z" name="Test node settings can not be null" file="node_v20.12.0: /free/cluster.desired_nodes/10_basic.yml" time="0">
      <skipped>This test is in the skip list of the client</skipped>
    </testcase>
    <testcase id="2024-04-03T14:29:06.909Z" name="Test node processors are required" file="node_v20.12.0: /free/cluster.desired_nodes/10_basic.yml" time="0">
      <skipped>This test is in the skip list of the client</skipped>
    </testcase>
    <testcase id="2024-04-03T14:29:06.909Z" name="Test node memory is required" file="node_v20.12.0: /free/cluster.desired_nodes/10_basic.yml" time="0">
      <skipped>This test is in the skip list of the client</skipped>
    </testcase>
    <testcase id="2024-04-03T14:29:06.909Z" name="Test node memory can not be null" file="node_v20.12.0: /free/cluster.desired_nodes/10_basic.yml" time="0">
      <skipped>This test is in the skip list of the client</skipped>
    </testcase>
    <testcase id="2024-04-03T14:29:06.909Z" name="Test node storage is required" file="node_v20.12.0: /free/cluster.desired_nodes/10_basic.yml" time="0">
      <skipped>This test is in the skip list of the client</skipped>
    </testcase>
    <testcase id="2024-04-03T14:29:06.909Z" name="Test node storage can not be null" file="node_v20.12.0: /free/cluster.desired_nodes/10_basic.yml" time="0">
      <skipped>This test is in the skip list of the client</skipped>
    </testcase>
    <testcase id="2024-04-03T14:29:06.909Z" name="Test update desired nodes using processors range field" file="node_v20.12.0: /free/cluster.desired_nodes/10_basic.yml" time="0">
      <skipped>This test is in the skip list of the client</skipped>
    </testcase>
    <testcase id="2024-04-03T14:29:06.909Z" name="Test processors min and max are required" file="node_v20.12.0: /free/cluster.desired_nodes/10_basic.yml" time="0">
      <skipped>This test is in the skip list of the client</skipped>
    </testcase>
    <testcase id="2024-04-03T14:29:06.909Z" name="Test processors min is required" file="node_v20.12.0: /free/cluster.desired_nodes/10_basic.yml" time="0">
      <skipped>This test is in the skip list of the client</skipped>
    </testcase>
    <testcase id="2024-04-03T14:29:06.909Z" name="Test processors max is not required" file="node_v20.12.0: /free/cluster.desired_nodes/10_basic.yml" time="0">
      <skipped>This test is in the skip list of the client</skipped>
    </testcase>
    <testcase id="2024-04-03T14:29:06.909Z" name="Test min processors should be less than or equal to max processors" file="node_v20.12.0: /free/cluster.desired_nodes/10_basic.yml" time="0">
      <skipped>This test is in the skip list of the client</skipped>
    </testcase>
    <testcase id="2024-04-03T14:29:06.909Z" name="Test processors reject NaN" file="node_v20.12.0: /free/cluster.desired_nodes/10_basic.yml" time="0">
      <skipped>This test is in the skip list of the client</skipped>
    </testcase>
    <testcase id="2024-04-03T14:29:06.909Z" name="Test processors reject positive infinity number" file="node_v20.12.0: /free/cluster.desired_nodes/10_basic.yml" time="0">
      <skipped>This test is in the skip list of the client</skipped>
    </testcase>
    <testcase id="2024-04-03T14:29:06.909Z" name="Test processors reject negative infinity number" file="node_v20.12.0: /free/cluster.desired_nodes/10_basic.yml" time="0">
      <skipped>This test is in the skip list of the client</skipped>
    </testcase>
    <testcase id="2024-04-03T14:29:06.909Z" name="Test processors range min reject NaN" file="node_v20.12.0: /free/cluster.desired_nodes/10_basic.yml" time="0">
      <skipped>This test is in the skip list of the client</skipped>
    </testcase>
    <testcase id="2024-04-03T14:29:06.909Z" name="Test processors range min reject positive infinity number" file="node_v20.12.0: /free/cluster.desired_nodes/10_basic.yml" time="0">
      <skipped>This test is in the skip list of the client</skipped>
    </testcase>
    <testcase id="2024-04-03T14:29:06.909Z" name="Test processors range min reject negative infinity number" file="node_v20.12.0: /free/cluster.desired_nodes/10_basic.yml" time="0">
      <skipped>This test is in the skip list of the client</skipped>
    </testcase>
    <testcase id="2024-04-03T14:29:06.909Z" name="Test processors range min rejects 0.0" file="node_v20.12.0: /free/cluster.desired_nodes/10_basic.yml" time="0">
      <skipped>This test is in the skip list of the client</skipped>
    </testcase>
    <testcase id="2024-04-03T14:29:06.909Z" name="Test processors range max reject NaN" file="node_v20.12.0: /free/cluster.desired_nodes/10_basic.yml" time="0">
      <skipped>This test is in the skip list of the client</skipped>
    </testcase>
    <testcase id="2024-04-03T14:29:06.909Z" name="Test processors range max reject positive infinity number" file="node_v20.12.0: /free/cluster.desired_nodes/10_basic.yml" time="0">
      <skipped>This test is in the skip list of the client</skipped>
    </testcase>
    <testcase id="2024-04-03T14:29:06.909Z" name="Test processors range max reject negative infinity number" file="node_v20.12.0: /free/cluster.desired_nodes/10_basic.yml" time="0">
      <skipped>This test is in the skip list of the client</skipped>
    </testcase>
    <testcase id="2024-04-03T14:29:06.909Z" name="Test processors range max rejects 0.0" file="node_v20.12.0: /free/cluster.desired_nodes/10_basic.yml" time="0">
      <skipped>This test is in the skip list of the client</skipped>
    </testcase>
    <testcase id="2024-04-03T14:29:06.909Z" name="Test processors and processors range are exclusive" file="node_v20.12.0: /free/cluster.desired_nodes/10_basic.yml" time="0">
      <skipped>This test is in the skip list of the client</skipped>
    </testcase>
    <testcase id="2024-04-03T14:29:06.909Z" name="Test node roles are validated" file="node_v20.12.0: /free/cluster.desired_nodes/10_basic.yml" time="0">
      <skipped>This test is in the skip list of the client</skipped>
    </testcase>
  </testsuite>
  <testsuite id="2024-04-03T14:29:06.910Z" name="free/cluster.desired_nodes - /free/cluster.desired_nodes/11_old_format.yml" time="0" tests="11" failures="0" skipped="11">
    <testcase id="2024-04-03T14:29:06.910Z" name="Test update desired nodes" file="node_v20.12.0: /free/cluster.desired_nodes/11_old_format.yml" time="0">
      <skipped>{
  "version": " - 8.2.99, 8.12.99 - ",
  "reason": "API added in in 8.1.0, modified in 8.3 and then again in 8.13.0"
}</skipped>
    </testcase>
    <testcase id="2024-04-03T14:29:06.910Z" name="Test update move to a new history id" file="node_v20.12.0: /free/cluster.desired_nodes/11_old_format.yml" time="0">
      <skipped>{
  "version": " - 8.2.99, 8.12.99 - ",
  "reason": "API added in in 8.1.0, modified in 8.3 and then again in 8.13.0"
}</skipped>
    </testcase>
    <testcase id="2024-04-03T14:29:06.910Z" name="Test delete desired nodes" file="node_v20.12.0: /free/cluster.desired_nodes/11_old_format.yml" time="0">
      <skipped>{
  "version": " - 8.2.99, 8.12.99 - ",
  "reason": "API added in in 8.1.0, modified in 8.3 and then again in 8.13.0"
}</skipped>
    </testcase>
    <testcase id="2024-04-03T14:29:06.910Z" name="Test settings are validated" file="node_v20.12.0: /free/cluster.desired_nodes/11_old_format.yml" time="0">
      <skipped>{
  "version": " - 8.2.99, 8.12.99 - ",
  "reason": "API added in in 8.1.0, modified in 8.3 and then again in 8.13.0"
}</skipped>
    </testcase>
    <testcase id="2024-04-03T14:29:06.910Z" name="Test unknown settings are forbidden in known versions" file="node_v20.12.0: /free/cluster.desired_nodes/11_old_format.yml" time="0">
      <skipped>{
  "version": " - 8.2.99, 8.12.99 - ",
  "reason": "API added in in 8.1.0, modified in 8.3 and then again in 8.13.0"
}</skipped>
    </testcase>
    <testcase id="2024-04-03T14:29:06.910Z" name="Test unknown settings are allowed in future versions" file="node_v20.12.0: /free/cluster.desired_nodes/11_old_format.yml" time="0">
      <skipped>{
  "version": " - 8.2.99, 8.12.99 - ",
  "reason": "API added in in 8.1.0, modified in 8.3 and then again in 8.13.0"
}</skipped>
    </testcase>
    <testcase id="2024-04-03T14:29:06.910Z" name="Test some settings can be overridden" file="node_v20.12.0: /free/cluster.desired_nodes/11_old_format.yml" time="0">
      <skipped>{
  "version": " - 8.2.99, 8.12.99 - ",
  "reason": "API added in in 8.1.0, modified in 8.3 and then again in 8.13.0"
}</skipped>
    </testcase>
    <testcase id="2024-04-03T14:29:06.910Z" name="Test node version must be at least the current master version" file="node_v20.12.0: /free/cluster.desired_nodes/11_old_format.yml" time="0">
      <skipped>{
  "version": " - 8.2.99, 8.12.99 - ",
  "reason": "API added in in 8.1.0, modified in 8.3 and then again in 8.13.0"
}</skipped>
    </testcase>
    <testcase id="2024-04-03T14:29:06.910Z" name="Test node version is required" file="node_v20.12.0: /free/cluster.desired_nodes/11_old_format.yml" time="0">
      <skipped>{
  "version": " - 8.2.99, 8.12.99 - ",
  "reason": "API added in in 8.1.0, modified in 8.3 and then again in 8.13.0"
}</skipped>
    </testcase>
    <testcase id="2024-04-03T14:29:06.910Z" name="Test node version must have content" file="node_v20.12.0: /free/cluster.desired_nodes/11_old_format.yml" time="0">
      <skipped>{
  "version": " - 8.2.99, 8.12.99 - ",
  "reason": "API added in in 8.1.0, modified in 8.3 and then again in 8.13.0"
}</skipped>
    </testcase>
    <testcase id="2024-04-03T14:29:06.910Z" name="Test node version can not be null" file="node_v20.12.0: /free/cluster.desired_nodes/11_old_format.yml" time="0">
      <skipped>{
  "version": " - 8.2.99, 8.12.99 - ",
  "reason": "API added in in 8.1.0, modified in 8.3 and then again in 8.13.0"
}</skipped>
    </testcase>
  </testsuite>
  <testsuite id="2024-04-03T14:29:06.910Z" name="free/cluster.desired_nodes - /free/cluster.desired_nodes/20_dry_run.yml" time="0" tests="4" failures="0" skipped="4">
    <testcase id="2024-04-03T14:29:06.910Z" name="Test dry run doesn't update empty desired nodes" file="node_v20.12.0: /free/cluster.desired_nodes/20_dry_run.yml" time="0">
      <skipped>This test is in the skip list of the client</skipped>
    </testcase>
    <testcase id="2024-04-03T14:29:06.910Z" name="Test dry run doesn't update existing desired nodes" file="node_v20.12.0: /free/cluster.desired_nodes/20_dry_run.yml" time="0">
      <skipped>This test is in the skip list of the client</skipped>
    </testcase>
    <testcase id="2024-04-03T14:29:06.910Z" name="Test validation works for dry run updates" file="node_v20.12.0: /free/cluster.desired_nodes/20_dry_run.yml" time="0">
      <skipped>This test is in the skip list of the client</skipped>
    </testcase>
    <testcase id="2024-04-03T14:29:06.910Z" name="Test misspelled dry run" file="node_v20.12.0: /free/cluster.desired_nodes/20_dry_run.yml" time="0">
      <skipped>This test is in the skip list of the client</skipped>
    </testcase>
  </testsuite>
  <testsuite id="2024-04-03T14:29:06.910Z" name="free/cluster.health - /free/cluster.health/10_basic.yml" time="3" tests="8" failures="0" skipped="2">
    <testcase id="2024-04-03T14:29:06.910Z" name="cluster health basic test" file="node_v20.12.0: /free/cluster.health/10_basic.yml" time="0"/>
    <testcase id="2024-04-03T14:29:07.229Z" name="cluster health basic test, one index" file="node_v20.12.0: /free/cluster.health/10_basic.yml" time="0"/>
    <testcase id="2024-04-03T14:29:07.598Z" name="cluster health basic test, one index with wait for active shards" file="node_v20.12.0: /free/cluster.health/10_basic.yml" time="0"/>
    <testcase id="2024-04-03T14:29:08.003Z" name="cluster health basic test, one index with wait for all active shards" file="node_v20.12.0: /free/cluster.health/10_basic.yml" time="0"/>
    <testcase id="2024-04-03T14:29:08.351Z" name="cluster health basic test, one index with wait for no initializing shards" file="node_v20.12.0: /free/cluster.health/10_basic.yml" time="0"/>
    <testcase id="2024-04-03T14:29:08.794Z" name="cluster health levels" file="node_v20.12.0: /free/cluster.health/10_basic.yml" time="0"/>
    <testcase id="2024-04-03T14:29:09.201Z" name="cluster health with closed index (pre 7.2.0)" file="node_v20.12.0: /free/cluster.health/10_basic.yml" time="0">
      <skipped>{
  "version": "7.2.0 - ",
  "reason": "closed indices are replicated starting version 7.2.0",
  "features": [
    "allowed_warnings"
  ]
}</skipped>
    </testcase>
    <testcase id="2024-04-03T14:29:09.481Z" name="cluster health with closed index" file="node_v20.12.0: /free/cluster.health/10_basic.yml" time="0">
      <skipped>{
  "version": " - 7.1.99",
  "reason": "closed indices are replicated starting version 7.2.0",
  "features": [
    "allowed_warnings",
    "default_shards"
  ]
}</skipped>
    </testcase>
  </testsuite>
  <testsuite id="2024-04-03T14:29:09.846Z" name="free/cluster.health - /free/cluster.health/20_request_timeout.yml" time="0" tests="2" failures="2" skipped="0">
    <testcase id="2024-04-03T14:29:09.846Z" name="cluster health request timeout on waiting for nodes" file="node_v20.12.0: /free/cluster.health/20_request_timeout.yml" time="0">
      <failure message="the error should match: request_timeout, found undefined: expected false to be truthy">AssertionError: the error should match: request_timeout, found undefined: expected false to be truthy
    at doAction (/usr/src/app/test/integration/test-runner.js:544:14)
    at process.processTicksAndRejections (node:internal/process/task_queues:95:5)
    at async exec (/usr/src/app/test/integration/test-runner.js:578:9)
    at async Object.run (/usr/src/app/test/integration/test-runner.js:316:5)
    at async start (/usr/src/app/test/integration/index.js:331:11)</failure>
    </testcase>
    <testcase id="2024-04-03T14:29:09.876Z" name="cluster health request timeout waiting for active shards" file="node_v20.12.0: /free/cluster.health/20_request_timeout.yml" time="0">
      <failure message="the error should match: request_timeout, found undefined: expected false to be truthy">AssertionError: the error should match: request_timeout, found undefined: expected false to be truthy
    at doAction (/usr/src/app/test/integration/test-runner.js:544:14)
    at process.processTicksAndRejections (node:internal/process/task_queues:95:5)
    at async exec (/usr/src/app/test/integration/test-runner.js:578:9)
    at async Object.run (/usr/src/app/test/integration/test-runner.js:316:5)
    at async start (/usr/src/app/test/integration/index.js:331:11)</failure>
    </testcase>
  </testsuite>
  <testsuite id="2024-04-03T14:29:09.894Z" name="free/cluster.health - /free/cluster.health/30_indices_options.yml" time="0" tests="1" failures="0" skipped="1">
    <testcase id="2024-04-03T14:29:09.894Z" name="cluster health with expand_wildcards" file="node_v20.12.0: /free/cluster.health/30_indices_options.yml" time="0">
      <skipped>{
  "features": [
    "allowed_warnings"
  ]
}</skipped>
    </testcase>
  </testsuite>
  <testsuite id="2024-04-03T14:29:09.894Z" name="free/cluster.info - /free/cluster.info/10_info_all.yml" time="0" tests="3" failures="2" skipped="0">
    <testcase id="2024-04-03T14:29:09.894Z" name="Cluster Info _all" file="node_v20.12.0: /free/cluster.info/10_info_all.yml" time="0"/>
    <testcase id="2024-04-03T14:29:10.225Z" name="Cluster Info fails when mixing _all with other targets" file="node_v20.12.0: /free/cluster.info/10_info_all.yml" time="0">
      <failure message="the error should match: bad_request, found undefined: expected false to be truthy">AssertionError: the error should match: bad_request, found undefined: expected false to be truthy
    at doAction (/usr/src/app/test/integration/test-runner.js:544:14)
    at process.processTicksAndRejections (node:internal/process/task_queues:95:5)
    at async exec (/usr/src/app/test/integration/test-runner.js:578:9)
    at async Object.run (/usr/src/app/test/integration/test-runner.js:316:5)
    at async start (/usr/src/app/test/integration/index.js:331:11)</failure>
    </testcase>
    <testcase id="2024-04-03T14:29:10.247Z" name="Cluster Info fails with an invalid target" file="node_v20.12.0: /free/cluster.info/10_info_all.yml" time="0">
      <failure message="the error should match: bad_request, found undefined: expected false to be truthy">AssertionError: the error should match: bad_request, found undefined: expected false to be truthy
    at doAction (/usr/src/app/test/integration/test-runner.js:544:14)
    at process.processTicksAndRejections (node:internal/process/task_queues:95:5)
    at async exec (/usr/src/app/test/integration/test-runner.js:578:9)
    at async Object.run (/usr/src/app/test/integration/test-runner.js:316:5)
    at async start (/usr/src/app/test/integration/index.js:331:11)</failure>
    </testcase>
  </testsuite>
  <testsuite id="2024-04-03T14:29:10.260Z" name="free/cluster.info - /free/cluster.info/20_info_http.yml" time="0" tests="1" failures="0" skipped="0">
    <testcase id="2024-04-03T14:29:10.260Z" name="Cluster HTTP Info" file="node_v20.12.0: /free/cluster.info/20_info_http.yml" time="0"/>
  </testsuite>
  <testsuite id="2024-04-03T14:29:10.570Z" name="free/cluster.info - /free/cluster.info/30_info_thread_pool.yml" time="0" tests="1" failures="0" skipped="0">
    <testcase id="2024-04-03T14:29:10.570Z" name="Cluster HTTP Info" file="node_v20.12.0: /free/cluster.info/30_info_thread_pool.yml" time="0"/>
  </testsuite>
  <testsuite id="2024-04-03T14:29:10.916Z" name="free/cluster.info - /free/cluster.info/40_info_script.yml" time="0" tests="1" failures="0" skipped="0">
    <testcase id="2024-04-03T14:29:10.916Z" name="Cluster HTTP Info" file="node_v20.12.0: /free/cluster.info/40_info_script.yml" time="0"/>
  </testsuite>
  <testsuite id="2024-04-03T14:29:11.253Z" name="free/cluster.pending_tasks - /free/cluster.pending_tasks/10_basic.yml" time="1" tests="2" failures="0" skipped="0">
    <testcase id="2024-04-03T14:29:11.253Z" name="Test pending tasks" file="node_v20.12.0: /free/cluster.pending_tasks/10_basic.yml" time="0"/>
    <testcase id="2024-04-03T14:29:11.607Z" name="Test pending tasks with local flag" file="node_v20.12.0: /free/cluster.pending_tasks/10_basic.yml" time="0"/>
  </testsuite>
  <testsuite id="2024-04-03T14:29:11.909Z" name="free/cluster.prevalidate_node_removal - /free/cluster.prevalidate_node_removal/10_basic.yml" time="0" tests="4" failures="0" skipped="4">
    <testcase id="2024-04-03T14:29:11.909Z" name="Prevalidation basic test" file="node_v20.12.0: /free/cluster.prevalidate_node_removal/10_basic.yml" time="0">
      <skipped>This test is in the skip list of the client</skipped>
    </testcase>
    <testcase id="2024-04-03T14:29:11.909Z" name="Prevalidation with no node specified" file="node_v20.12.0: /free/cluster.prevalidate_node_removal/10_basic.yml" time="0">
      <skipped>This test is in the skip list of the client</skipped>
    </testcase>
    <testcase id="2024-04-03T14:29:11.909Z" name="Prevalidation with more than one query parameter" file="node_v20.12.0: /free/cluster.prevalidate_node_removal/10_basic.yml" time="0">
      <skipped>This test is in the skip list of the client</skipped>
    </testcase>
    <testcase id="2024-04-03T14:29:11.909Z" name="Prevalidation with non-existing node" file="node_v20.12.0: /free/cluster.prevalidate_node_removal/10_basic.yml" time="0">
      <skipped>This test is in the skip list of the client</skipped>
    </testcase>
  </testsuite>
  <testsuite id="2024-04-03T14:29:11.910Z" name="free/cluster.put_settings - /free/cluster.put_settings/10_basic.yml" time="1" tests="3" failures="0" skipped="0">
    <testcase id="2024-04-03T14:29:11.910Z" name="Test put and reset transient settings" file="node_v20.12.0: /free/cluster.put_settings/10_basic.yml" time="0"/>
    <testcase id="2024-04-03T14:29:12.260Z" name="Test put and reset persistent settings" file="node_v20.12.0: /free/cluster.put_settings/10_basic.yml" time="0"/>
    <testcase id="2024-04-03T14:29:12.634Z" name="Test get a default settings" file="node_v20.12.0: /free/cluster.put_settings/10_basic.yml" time="0"/>
  </testsuite>
  <testsuite id="2024-04-03T14:29:12.970Z" name="free/cluster.remote_info - /free/cluster.remote_info/10_info.yml" time="0" tests="1" failures="0" skipped="0">
    <testcase id="2024-04-03T14:29:12.970Z" name="Get an empty remote info" file="node_v20.12.0: /free/cluster.remote_info/10_info.yml" time="0"/>
  </testsuite>
  <testsuite id="2024-04-03T14:29:13.311Z" name="free/cluster.reroute - /free/cluster.reroute/10_basic.yml" time="0" tests="1" failures="0" skipped="0">
    <testcase id="2024-04-03T14:29:13.311Z" name="Basic sanity check" file="node_v20.12.0: /free/cluster.reroute/10_basic.yml" time="0"/>
  </testsuite>
  <testsuite id="2024-04-03T14:29:13.697Z" name="free/cluster.reroute - /free/cluster.reroute/11_explain.yml" time="1" tests="2" failures="0" skipped="0">
    <testcase id="2024-04-03T14:29:13.697Z" name="Explain API with empty command list" file="node_v20.12.0: /free/cluster.reroute/11_explain.yml" time="0"/>
    <testcase id="2024-04-03T14:29:14.074Z" name="Explain API for non-existent node &amp; shard" file="node_v20.12.0: /free/cluster.reroute/11_explain.yml" time="0"/>
  </testsuite>
  <testsuite id="2024-04-03T14:29:14.509Z" name="free/cluster.reroute - /free/cluster.reroute/20_deprecated_response_filtering.yml" time="1" tests="2" failures="0" skipped="2">
    <testcase id="2024-04-03T14:29:14.509Z" name="Do not return metadata by default and produce deprecation warning" file="node_v20.12.0: /free/cluster.reroute/20_deprecated_response_filtering.yml" time="0">
      <skipped>{
  "features": [
    "allowed_warnings"
  ]
}</skipped>
    </testcase>
    <testcase id="2024-04-03T14:29:14.850Z" name="If requested return metadata and produce deprecation warning" file="node_v20.12.0: /free/cluster.reroute/20_deprecated_response_filtering.yml" time="0">
      <skipped>{
  "features": [
    "allowed_warnings"
  ]
}</skipped>
    </testcase>
  </testsuite>
  <testsuite id="2024-04-03T14:29:15.179Z" name="free/cluster.state - /free/cluster.state/10_basic.yml" time="1" tests="2" failures="0" skipped="0">
    <testcase id="2024-04-03T14:29:15.179Z" name="get cluster state" file="node_v20.12.0: /free/cluster.state/10_basic.yml" time="0"/>
    <testcase id="2024-04-03T14:29:15.549Z" name="get cluster state returns cluster_uuid at the top level" file="node_v20.12.0: /free/cluster.state/10_basic.yml" time="0"/>
  </testsuite>
  <testsuite id="2024-04-03T14:29:15.910Z" name="free/cluster.state - /free/cluster.state/20_filtering.yml" time="4" tests="10" failures="0" skipped="0">
    <testcase id="2024-04-03T14:29:15.910Z" name="Filtering the cluster state by blocks should return the blocks field even if the response is empty" file="node_v20.12.0: /free/cluster.state/20_filtering.yml" time="0"/>
    <testcase id="2024-04-03T14:29:16.334Z" name="Filtering the cluster state by blocks should return the blocks" file="node_v20.12.0: /free/cluster.state/20_filtering.yml" time="0"/>
    <testcase id="2024-04-03T14:29:16.803Z" name="Filtering the cluster state by nodes only should work" file="node_v20.12.0: /free/cluster.state/20_filtering.yml" time="0"/>
    <testcase id="2024-04-03T14:29:17.198Z" name="Filtering the cluster state by metadata only should work" file="node_v20.12.0: /free/cluster.state/20_filtering.yml" time="0"/>
    <testcase id="2024-04-03T14:29:17.587Z" name="Filtering the cluster state by routing table only should work" file="node_v20.12.0: /free/cluster.state/20_filtering.yml" time="0"/>
    <testcase id="2024-04-03T14:29:18.037Z" name="Filtering the cluster state by routing nodes only should work" file="node_v20.12.0: /free/cluster.state/20_filtering.yml" time="0"/>
    <testcase id="2024-04-03T14:29:18.445Z" name="Filtering the cluster state by indices should work in routing table and metadata" file="node_v20.12.0: /free/cluster.state/20_filtering.yml" time="0"/>
    <testcase id="2024-04-03T14:29:18.841Z" name="Filtering the cluster state using _all for indices and metrics should work" file="node_v20.12.0: /free/cluster.state/20_filtering.yml" time="0"/>
    <testcase id="2024-04-03T14:29:19.338Z" name="Filtering the cluster state by indices using wildcards should work in routing table and metadata" file="node_v20.12.0: /free/cluster.state/20_filtering.yml" time="1"/>
    <testcase id="2024-04-03T14:29:19.866Z" name="Filtering the cluster state returns cluster_uuid at the top level regardless of metric filters" file="node_v20.12.0: /free/cluster.state/20_filtering.yml" time="0"/>
  </testsuite>
  <testsuite id="2024-04-03T14:29:20.320Z" name="free/cluster.state - /free/cluster.state/30_expand_wildcards.yml" time="0" tests="3" failures="0" skipped="3">
    <testcase id="2024-04-03T14:29:20.320Z" name="Test expand_wildcards parameter on closed, open indices and both" file="node_v20.12.0: /free/cluster.state/30_expand_wildcards.yml" time="0">
      <skipped>{
  "features": [
    "allowed_warnings"
  ]
}</skipped>
    </testcase>
    <testcase id="2024-04-03T14:29:20.321Z" name="Test ignore_unavailable parameter" file="node_v20.12.0: /free/cluster.state/30_expand_wildcards.yml" time="0">
      <skipped>{
  "features": [
    "allowed_warnings"
  ]
}</skipped>
    </testcase>
    <testcase id="2024-04-03T14:29:20.321Z" name="Test allow_no_indices parameter" file="node_v20.12.0: /free/cluster.state/30_expand_wildcards.yml" time="0">
      <skipped>{
  "features": [
    "allowed_warnings"
  ]
}</skipped>
    </testcase>
  </testsuite>
  <testsuite id="2024-04-03T14:29:20.322Z" name="free/cluster.stats - /free/cluster.stats/10_basic.yml" time="4" tests="9" failures="0" skipped="0">
    <testcase id="2024-04-03T14:29:20.322Z" name="cluster stats test" file="node_v20.12.0: /free/cluster.stats/10_basic.yml" time="0"/>
    <testcase id="2024-04-03T14:29:20.658Z" name="get cluster stats returns cluster_uuid at the top level" file="node_v20.12.0: /free/cluster.stats/10_basic.yml" time="0"/>
    <testcase id="2024-04-03T14:29:21.020Z" name="get cluster stats returns discovery types" file="node_v20.12.0: /free/cluster.stats/10_basic.yml" time="0"/>
    <testcase id="2024-04-03T14:29:21.390Z" name="get cluster stats returns packaging types" file="node_v20.12.0: /free/cluster.stats/10_basic.yml" time="0"/>
    <testcase id="2024-04-03T14:29:21.759Z" name="get cluster stats without runtime fields" file="node_v20.12.0: /free/cluster.stats/10_basic.yml" time="0"/>
    <testcase id="2024-04-03T14:29:22.177Z" name="Usage stats with script-less runtime fields" file="node_v20.12.0: /free/cluster.stats/10_basic.yml" time="0"/>
    <testcase id="2024-04-03T14:29:22.612Z" name="mappings sizes reported in get cluster stats" file="node_v20.12.0: /free/cluster.stats/10_basic.yml" time="0"/>
    <testcase id="2024-04-03T14:29:23.041Z" name="snapshot stats reported in get cluster stats" file="node_v20.12.0: /free/cluster.stats/10_basic.yml" time="0"/>
    <testcase id="2024-04-03T14:29:23.405Z" name="Dense vector stats" file="node_v20.12.0: /free/cluster.stats/10_basic.yml" time="1"/>
  </testsuite>
  <testsuite id="2024-04-03T14:29:23.917Z" name="free/cluster.stats - /free/cluster.stats/20_indexing_pressure.yml" time="0" tests="1" failures="0" skipped="0">
    <testcase id="2024-04-03T14:29:23.917Z" name="Indexing pressure cluster stats" file="node_v20.12.0: /free/cluster.stats/20_indexing_pressure.yml" time="0"/>
  </testsuite>
  <testsuite id="2024-04-03T14:29:24.240Z" name="free/cluster.voting_config_exclusions - /free/cluster.voting_config_exclusions/10_basic.yml" time="2" tests="7" failures="2" skipped="2">
    <testcase id="2024-04-03T14:29:24.240Z" name="Get cluster state without voting config exclusions" file="node_v20.12.0: /free/cluster.voting_config_exclusions/10_basic.yml" time="0"/>
    <testcase id="2024-04-03T14:29:24.575Z" name="Add voting config exclusion by unknown node Id" file="node_v20.12.0: /free/cluster.voting_config_exclusions/10_basic.yml" time="0"/>
    <testcase id="2024-04-03T14:29:24.974Z" name="Add voting config exclusion by unknown node Ids" file="node_v20.12.0: /free/cluster.voting_config_exclusions/10_basic.yml" time="0">
      <skipped>{
  "reason": "contains is a newly added assertion",
  "features": [
    "contains"
  ]
}</skipped>
    </testcase>
    <testcase id="2024-04-03T14:29:25.311Z" name="Add voting config exclusion by unknown node name" file="node_v20.12.0: /free/cluster.voting_config_exclusions/10_basic.yml" time="0"/>
    <testcase id="2024-04-03T14:29:25.664Z" name="Add voting config exclusion by unknown node names" file="node_v20.12.0: /free/cluster.voting_config_exclusions/10_basic.yml" time="0">
      <skipped>{
  "reason": "contains is a newly added assertion",
  "features": [
    "contains"
  ]
}</skipped>
    </testcase>
    <testcase id="2024-04-03T14:29:26.033Z" name="Throw exception when adding voting config exclusion without specifying nodes" file="node_v20.12.0: /free/cluster.voting_config_exclusions/10_basic.yml" time="0">
      <failure message="the error should match: /(You must set \[node_names\] or \[node_ids\] but not both|Please set node identifiers correctly. One and only one of \[node_name\], \[node_names\] and \[node_ids\] has to be set)/, found undefined: expected false to be truthy">AssertionError: the error should match: /(You must set \[node_names\] or \[node_ids\] but not both|Please set node identifiers correctly. One and only one of \[node_name\], \[node_names\] and \[node_ids\] has to be set)/, found undefined: expected false to be truthy
    at doAction (/usr/src/app/test/integration/test-runner.js:544:14)
    at process.processTicksAndRejections (node:internal/process/task_queues:95:5)
    at async exec (/usr/src/app/test/integration/test-runner.js:578:9)
    at async Object.run (/usr/src/app/test/integration/test-runner.js:316:5)
    at async start (/usr/src/app/test/integration/index.js:331:11)</failure>
    </testcase>
    <testcase id="2024-04-03T14:29:26.070Z" name="Throw exception when adding voting config exclusion and specifying both node_ids and node_names" file="node_v20.12.0: /free/cluster.voting_config_exclusions/10_basic.yml" time="0">
      <failure message="the error should match: /(You must set \[node_names\] or \[node_ids\] but not both|Please set node identifiers correctly. One and only one of \[node_name\], \[node_names\] and \[node_ids\] has to be set)/, found undefined: expected false to be truthy">AssertionError: the error should match: /(You must set \[node_names\] or \[node_ids\] but not both|Please set node identifiers correctly. One and only one of \[node_name\], \[node_names\] and \[node_ids\] has to be set)/, found undefined: expected false to be truthy
    at doAction (/usr/src/app/test/integration/test-runner.js:544:14)
    at process.processTicksAndRejections (node:internal/process/task_queues:95:5)
    at async exec (/usr/src/app/test/integration/test-runner.js:578:9)
    at async Object.run (/usr/src/app/test/integration/test-runner.js:316:5)
    at async start (/usr/src/app/test/integration/index.js:331:11)</failure>
    </testcase>
  </testsuite>
  <testsuite id="2024-04-03T14:29:26.087Z" name="free/count - /free/count/10_basic.yml" time="1" tests="4" failures="2" skipped="0">
    <testcase id="2024-04-03T14:29:26.087Z" name="count with body" file="node_v20.12.0: /free/count/10_basic.yml" time="0"/>
    <testcase id="2024-04-03T14:29:26.556Z" name="count with empty body" file="node_v20.12.0: /free/count/10_basic.yml" time="0"/>
    <testcase id="2024-04-03T14:29:26.947Z" name="count body without query element" file="node_v20.12.0: /free/count/10_basic.yml" time="0">
      <failure message="the error should match: bad_request, found undefined: expected false to be truthy">AssertionError: the error should match: bad_request, found undefined: expected false to be truthy
    at doAction (/usr/src/app/test/integration/test-runner.js:544:14)
    at process.processTicksAndRejections (node:internal/process/task_queues:95:5)
    at async exec (/usr/src/app/test/integration/test-runner.js:578:9)
    at async Object.run (/usr/src/app/test/integration/test-runner.js:316:5)
    at async start (/usr/src/app/test/integration/index.js:331:11)</failure>
    </testcase>
    <testcase id="2024-04-03T14:29:27.059Z" name="test negative terminate_after throws IAE" file="node_v20.12.0: /free/count/10_basic.yml" time="0">
      <failure message="Cannot convert undefined or null to object">TypeError: Cannot convert undefined or null to object
    at Function.entries (&lt;anonymous&gt;)
    at doRedact (/usr/src/app/node_modules/@elastic/transport/lib/security.js:22:16)
    at /usr/src/app/node_modules/@elastic/transport/lib/security.js:30:44
    at Array.map (&lt;anonymous&gt;)
    at /usr/src/app/node_modules/@elastic/transport/lib/security.js:30:35
    at Array.forEach (&lt;anonymous&gt;)
    at doRedact (/usr/src/app/node_modules/@elastic/transport/lib/security.js:22:29)
    at /usr/src/app/node_modules/@elastic/transport/lib/security.js:36:33
    at Array.forEach (&lt;anonymous&gt;)
    at doRedact (/usr/src/app/node_modules/@elastic/transport/lib/security.js:22:29)</failure>
    </testcase>
  </testsuite>
  <testsuite id="2024-04-03T14:29:27.070Z" name="free/count - /free/count/20_query_string.yml" time="0" tests="1" failures="1" skipped="0">
    <testcase id="2024-04-03T14:29:27.070Z" name="count with query_string parameters" file="node_v20.12.0: /free/count/20_query_string.yml" time="0">
      <failure message="Cannot convert undefined or null to object">TypeError: Cannot convert undefined or null to object
    at Function.entries (&lt;anonymous&gt;)
    at doRedact (/usr/src/app/node_modules/@elastic/transport/lib/security.js:22:16)
    at /usr/src/app/node_modules/@elastic/transport/lib/security.js:30:44
    at Array.map (&lt;anonymous&gt;)
    at /usr/src/app/node_modules/@elastic/transport/lib/security.js:30:35
    at Array.forEach (&lt;anonymous&gt;)
    at doRedact (/usr/src/app/node_modules/@elastic/transport/lib/security.js:22:29)
    at /usr/src/app/node_modules/@elastic/transport/lib/security.js:36:33
    at Array.forEach (&lt;anonymous&gt;)
    at doRedact (/usr/src/app/node_modules/@elastic/transport/lib/security.js:22:29)</failure>
    </testcase>
  </testsuite>
  <testsuite id="2024-04-03T14:29:27.084Z" name="free/count - /free/count/30_min_score.yml" time="0" tests="1" failures="0" skipped="0">
    <testcase id="2024-04-03T14:29:27.084Z" name="count with min_score" file="node_v20.12.0: /free/count/30_min_score.yml" time="0"/>
  </testsuite>
  <testsuite id="2024-04-03T14:29:27.541Z" name="free/create - /free/create/10_with_id.yml" time="0" tests="1" failures="1" skipped="0">
    <testcase id="2024-04-03T14:29:27.541Z" name="Create with ID" file="node_v20.12.0: /free/create/10_with_id.yml" time="0">
      <failure message="the error should match: conflict, found undefined: expected false to be truthy">AssertionError: the error should match: conflict, found undefined: expected false to be truthy
    at doAction (/usr/src/app/test/integration/test-runner.js:544:14)
    at process.processTicksAndRejections (node:internal/process/task_queues:95:5)
    at async exec (/usr/src/app/test/integration/test-runner.js:578:9)
    at async Object.run (/usr/src/app/test/integration/test-runner.js:316:5)
    at async start (/usr/src/app/test/integration/index.js:331:11)</failure>
    </testcase>
  </testsuite>
  <testsuite id="2024-04-03T14:29:27.648Z" name="free/create - /free/create/15_without_id.yml" time="0" tests="1" failures="0" skipped="0">
    <testcase id="2024-04-03T14:29:27.648Z" name="Create without ID" file="node_v20.12.0: /free/create/15_without_id.yml" time="0"/>
  </testsuite>
  <testsuite id="2024-04-03T14:29:27.969Z" name="free/create - /free/create/35_external_version.yml" time="0" tests="1" failures="1" skipped="0">
    <testcase id="2024-04-03T14:29:27.969Z" name="External version" file="node_v20.12.0: /free/create/35_external_version.yml" time="0">
      <failure message="the error should match: bad_request, found undefined: expected false to be truthy">AssertionError: the error should match: bad_request, found undefined: expected false to be truthy
    at doAction (/usr/src/app/test/integration/test-runner.js:544:14)
    at process.processTicksAndRejections (node:internal/process/task_queues:95:5)
    at async exec (/usr/src/app/test/integration/test-runner.js:578:9)
    at async Object.run (/usr/src/app/test/integration/test-runner.js:316:5)
    at async start (/usr/src/app/test/integration/index.js:331:11)</failure>
    </testcase>
  </testsuite>
  <testsuite id="2024-04-03T14:29:27.997Z" name="free/create - /free/create/40_routing.yml" time="0" tests="1" failures="1" skipped="0">
    <testcase id="2024-04-03T14:29:27.997Z" name="Routing" file="node_v20.12.0: /free/create/40_routing.yml" time="0">
      <failure message="the error should match: missing, found undefined: expected false to be truthy">AssertionError: the error should match: missing, found undefined: expected false to be truthy
    at doAction (/usr/src/app/test/integration/test-runner.js:544:14)
    at process.processTicksAndRejections (node:internal/process/task_queues:95:5)
    at async exec (/usr/src/app/test/integration/test-runner.js:578:9)
    at async Object.run (/usr/src/app/test/integration/test-runner.js:316:5)
    at async start (/usr/src/app/test/integration/index.js:331:11)</failure>
    </testcase>
  </testsuite>
  <testsuite id="2024-04-03T14:29:28.125Z" name="free/create - /free/create/60_refresh.yml" time="2" tests="3" failures="1" skipped="0">
    <testcase id="2024-04-03T14:29:28.125Z" name="Refresh" file="node_v20.12.0: /free/create/60_refresh.yml" time="0">
      <failure message="Cannot convert undefined or null to object">TypeError: Cannot convert undefined or null to object
    at Function.entries (&lt;anonymous&gt;)
    at doRedact (/usr/src/app/node_modules/@elastic/transport/lib/security.js:22:16)
    at /usr/src/app/node_modules/@elastic/transport/lib/security.js:30:44
    at Array.map (&lt;anonymous&gt;)
    at /usr/src/app/node_modules/@elastic/transport/lib/security.js:30:35
    at Array.forEach (&lt;anonymous&gt;)
    at doRedact (/usr/src/app/node_modules/@elastic/transport/lib/security.js:22:29)
    at /usr/src/app/node_modules/@elastic/transport/lib/security.js:36:33
    at Array.forEach (&lt;anonymous&gt;)
    at doRedact (/usr/src/app/node_modules/@elastic/transport/lib/security.js:22:29)</failure>
    </testcase>
    <testcase id="2024-04-03T14:29:28.136Z" name="When refresh url parameter is an empty string that means &quot;refresh immediately&quot;" file="node_v20.12.0: /free/create/60_refresh.yml" time="0"/>
    <testcase id="2024-04-03T14:29:28.523Z" name="refresh=wait_for waits until changes are visible in search" file="node_v20.12.0: /free/create/60_refresh.yml" time="1"/>
  </testsuite>
  <testsuite id="2024-04-03T14:29:29.975Z" name="free/create - /free/create/70_nested.yml" time="1" tests="2" failures="1" skipped="0">
    <testcase id="2024-04-03T14:29:29.975Z" name="Indexing a doc with No. nested objects less or equal to index.mapping.nested_objects.limit should succeed" file="node_v20.12.0: /free/create/70_nested.yml" time="0"/>
    <testcase id="2024-04-03T14:29:30.396Z" name="Indexing a doc with No. nested objects more than index.mapping.nested_objects.limit should fail" file="node_v20.12.0: /free/create/70_nested.yml" time="0">
      <failure message="the error should match: /The number of nested documents has exceeded the allowed limit of \[2\]. This limit can be set by changing the \[index.mapping.nested_objects.limit\] index level setting\./, found undefined: expected false to be truthy">AssertionError: the error should match: /The number of nested documents has exceeded the allowed limit of \[2\]. This limit can be set by changing the \[index.mapping.nested_objects.limit\] index level setting\./, found undefined: expected false to be truthy
    at doAction (/usr/src/app/test/integration/test-runner.js:544:14)
    at process.processTicksAndRejections (node:internal/process/task_queues:95:5)
    at async exec (/usr/src/app/test/integration/test-runner.js:578:9)
    at async Object.run (/usr/src/app/test/integration/test-runner.js:316:5)
    at async start (/usr/src/app/test/integration/index.js:331:11)</failure>
    </testcase>
  </testsuite>
  <testsuite id="2024-04-03T14:29:30.477Z" name="free/delete - /free/delete/10_basic.yml" time="0" tests="1" failures="0" skipped="0">
    <testcase id="2024-04-03T14:29:30.477Z" name="Basic" file="node_v20.12.0: /free/delete/10_basic.yml" time="0"/>
  </testsuite>
  <testsuite id="2024-04-03T14:29:30.895Z" name="free/delete - /free/delete/11_shard_header.yml" time="1" tests="1" failures="0" skipped="0">
    <testcase id="2024-04-03T14:29:30.895Z" name="Delete check shard header" file="node_v20.12.0: /free/delete/11_shard_header.yml" time="1"/>
  </testsuite>
  <testsuite id="2024-04-03T14:29:31.415Z" name="free/delete - /free/delete/12_result.yml" time="0" tests="1" failures="1" skipped="0">
    <testcase id="2024-04-03T14:29:31.415Z" name="Delete result field" file="node_v20.12.0: /free/delete/12_result.yml" time="0">
      <failure message="the error should match: missing, found undefined: expected false to be truthy">AssertionError: the error should match: missing, found undefined: expected false to be truthy
    at doAction (/usr/src/app/test/integration/test-runner.js:544:14)
    at process.processTicksAndRejections (node:internal/process/task_queues:95:5)
    at async exec (/usr/src/app/test/integration/test-runner.js:578:9)
    at async Object.run (/usr/src/app/test/integration/test-runner.js:316:5)
    at async start (/usr/src/app/test/integration/index.js:331:11)</failure>
    </testcase>
  </testsuite>
  <testsuite id="2024-04-03T14:29:31.472Z" name="free/delete - /free/delete/20_cas.yml" time="0" tests="1" failures="1" skipped="0">
    <testcase id="2024-04-03T14:29:31.472Z" name="Internal version" file="node_v20.12.0: /free/delete/20_cas.yml" time="0">
      <failure message="should be equal: 3 - 0, action: {&quot;_seq_no&quot;:0}: expected 3 to equal +0">AssertionError: should be equal: 3 - 0, action: {"_seq_no":0}: expected 3 to equal +0
    at match (/usr/src/app/test/integration/test-runner.js:746:14)
    at exec (/usr/src/app/test/integration/test-runner.js:594:9)
    at process.processTicksAndRejections (node:internal/process/task_queues:95:5)
    at async Object.run (/usr/src/app/test/integration/test-runner.js:316:5)
    at async start (/usr/src/app/test/integration/index.js:331:11)</failure>
    </testcase>
  </testsuite>
  <testsuite id="2024-04-03T14:29:31.486Z" name="free/delete - /free/delete/25_external_version.yml" time="0" tests="1" failures="1" skipped="0">
    <testcase id="2024-04-03T14:29:31.486Z" name="External version" file="node_v20.12.0: /free/delete/25_external_version.yml" time="0">
      <failure message="the error should match: conflict, found undefined: expected false to be truthy">AssertionError: the error should match: conflict, found undefined: expected false to be truthy
    at doAction (/usr/src/app/test/integration/test-runner.js:544:14)
    at process.processTicksAndRejections (node:internal/process/task_queues:95:5)
    at async exec (/usr/src/app/test/integration/test-runner.js:578:9)
    at async Object.run (/usr/src/app/test/integration/test-runner.js:316:5)
    at async start (/usr/src/app/test/integration/index.js:331:11)</failure>
    </testcase>
  </testsuite>
  <testsuite id="2024-04-03T14:29:31.501Z" name="free/delete - /free/delete/26_external_gte_version.yml" time="0" tests="1" failures="1" skipped="0">
    <testcase id="2024-04-03T14:29:31.501Z" name="External GTE version" file="node_v20.12.0: /free/delete/26_external_gte_version.yml" time="0">
      <failure message="the error should match: conflict, found undefined: expected false to be truthy">AssertionError: the error should match: conflict, found undefined: expected false to be truthy
    at doAction (/usr/src/app/test/integration/test-runner.js:544:14)
    at process.processTicksAndRejections (node:internal/process/task_queues:95:5)
    at async exec (/usr/src/app/test/integration/test-runner.js:578:9)
    at async Object.run (/usr/src/app/test/integration/test-runner.js:316:5)
    at async start (/usr/src/app/test/integration/index.js:331:11)</failure>
    </testcase>
  </testsuite>
  <testsuite id="2024-04-03T14:29:31.520Z" name="free/delete - /free/delete/30_routing.yml" time="0" tests="1" failures="1" skipped="0">
    <testcase id="2024-04-03T14:29:31.520Z" name="Routing" file="node_v20.12.0: /free/delete/30_routing.yml" time="0">
      <failure message="Cannot convert undefined or null to object">TypeError: Cannot convert undefined or null to object
    at Function.entries (&lt;anonymous&gt;)
    at doRedact (/usr/src/app/node_modules/@elastic/transport/lib/security.js:22:16)
    at /usr/src/app/node_modules/@elastic/transport/lib/security.js:30:44
    at Array.map (&lt;anonymous&gt;)
    at /usr/src/app/node_modules/@elastic/transport/lib/security.js:30:35
    at Array.forEach (&lt;anonymous&gt;)
    at doRedact (/usr/src/app/node_modules/@elastic/transport/lib/security.js:22:29)
    at /usr/src/app/node_modules/@elastic/transport/lib/security.js:36:33
    at Array.forEach (&lt;anonymous&gt;)
    at doRedact (/usr/src/app/node_modules/@elastic/transport/lib/security.js:22:29)</failure>
    </testcase>
  </testsuite>
  <testsuite id="2024-04-03T14:29:31.533Z" name="free/delete - /free/delete/50_refresh.yml" time="2" tests="3" failures="1" skipped="0">
    <testcase id="2024-04-03T14:29:31.533Z" name="Refresh" file="node_v20.12.0: /free/delete/50_refresh.yml" time="0">
      <failure message="Cannot convert undefined or null to object">TypeError: Cannot convert undefined or null to object
    at Function.entries (&lt;anonymous&gt;)
    at doRedact (/usr/src/app/node_modules/@elastic/transport/lib/security.js:22:16)
    at /usr/src/app/node_modules/@elastic/transport/lib/security.js:30:44
    at Array.map (&lt;anonymous&gt;)
    at /usr/src/app/node_modules/@elastic/transport/lib/security.js:30:35
    at Array.forEach (&lt;anonymous&gt;)
    at doRedact (/usr/src/app/node_modules/@elastic/transport/lib/security.js:22:29)
    at /usr/src/app/node_modules/@elastic/transport/lib/security.js:36:33
    at Array.forEach (&lt;anonymous&gt;)
    at doRedact (/usr/src/app/node_modules/@elastic/transport/lib/security.js:22:29)</failure>
    </testcase>
    <testcase id="2024-04-03T14:29:31.544Z" name="When refresh url parameter is an empty string that means &quot;refresh immediately&quot;" file="node_v20.12.0: /free/delete/50_refresh.yml" time="0"/>
    <testcase id="2024-04-03T14:29:31.960Z" name="refresh=wait_for waits until changes are visible in search" file="node_v20.12.0: /free/delete/50_refresh.yml" time="1"/>
  </testsuite>
  <testsuite id="2024-04-03T14:29:33.341Z" name="free/delete - /free/delete/60_missing.yml" time="0" tests="2" failures="1" skipped="0">
    <testcase id="2024-04-03T14:29:33.341Z" name="Missing document with catch" file="node_v20.12.0: /free/delete/60_missing.yml" time="0">
      <failure message="the error should match: missing, found undefined: expected false to be truthy">AssertionError: the error should match: missing, found undefined: expected false to be truthy
    at doAction (/usr/src/app/test/integration/test-runner.js:544:14)
    at process.processTicksAndRejections (node:internal/process/task_queues:95:5)
    at async exec (/usr/src/app/test/integration/test-runner.js:578:9)
    at async Object.run (/usr/src/app/test/integration/test-runner.js:316:5)
    at async start (/usr/src/app/test/integration/index.js:331:11)</failure>
    </testcase>
    <testcase id="2024-04-03T14:29:33.354Z" name="Missing document with ignore" file="node_v20.12.0: /free/delete/60_missing.yml" time="0"/>
  </testsuite>
  <testsuite id="2024-04-03T14:29:33.657Z" name="free/delete - /free/delete/70_tsdb.yml" time="0" tests="1" failures="0" skipped="0">
    <testcase id="2024-04-03T14:29:33.657Z" name="basic tsdb delete" file="node_v20.12.0: /free/delete/70_tsdb.yml" time="0"/>
  </testsuite>
  <testsuite id="2024-04-03T14:29:34.091Z" name="free/exists - /free/exists/10_basic.yml" time="1" tests="1" failures="0" skipped="0">
    <testcase id="2024-04-03T14:29:34.091Z" name="Basic" file="node_v20.12.0: /free/exists/10_basic.yml" time="1"/>
  </testsuite>
  <testsuite id="2024-04-03T14:29:34.592Z" name="free/exists - /free/exists/40_routing.yml" time="0" tests="1" failures="0" skipped="0">
    <testcase id="2024-04-03T14:29:34.592Z" name="Routing" file="node_v20.12.0: /free/exists/40_routing.yml" time="0"/>
  </testsuite>
  <testsuite id="2024-04-03T14:29:35.022Z" name="free/exists - /free/exists/60_realtime_refresh.yml" time="0" tests="1" failures="0" skipped="0">
    <testcase id="2024-04-03T14:29:35.022Z" name="Realtime Refresh" file="node_v20.12.0: /free/exists/60_realtime_refresh.yml" time="0"/>
  </testsuite>
  <testsuite id="2024-04-03T14:29:35.488Z" name="free/exists - /free/exists/70_defaults.yml" time="0" tests="1" failures="0" skipped="0">
    <testcase id="2024-04-03T14:29:35.488Z" name="Client-side default type" file="node_v20.12.0: /free/exists/70_defaults.yml" time="0"/>
  </testsuite>
  <testsuite id="2024-04-03T14:29:35.905Z" name="free/explain - /free/explain/10_basic.yml" time="1" tests="3" failures="1" skipped="0">
    <testcase id="2024-04-03T14:29:35.905Z" name="Basic explain" file="node_v20.12.0: /free/explain/10_basic.yml" time="0"/>
    <testcase id="2024-04-03T14:29:36.308Z" name="Basic explain with alias" file="node_v20.12.0: /free/explain/10_basic.yml" time="0"/>
    <testcase id="2024-04-03T14:29:36.801Z" name="Explain body without query element" file="node_v20.12.0: /free/explain/10_basic.yml" time="0">
      <failure message="the error should match: bad_request, found undefined: expected false to be truthy">AssertionError: the error should match: bad_request, found undefined: expected false to be truthy
    at doAction (/usr/src/app/test/integration/test-runner.js:544:14)
    at process.processTicksAndRejections (node:internal/process/task_queues:95:5)
    at async exec (/usr/src/app/test/integration/test-runner.js:578:9)
    at async Object.run (/usr/src/app/test/integration/test-runner.js:316:5)
    at async start (/usr/src/app/test/integration/index.js:331:11)</failure>
    </testcase>
  </testsuite>
  <testsuite id="2024-04-03T14:29:36.904Z" name="free/explain - /free/explain/20_source_filtering.yml" time="0" tests="1" failures="0" skipped="0">
    <testcase id="2024-04-03T14:29:36.904Z" name="Source filtering" file="node_v20.12.0: /free/explain/20_source_filtering.yml" time="0"/>
  </testsuite>
  <testsuite id="2024-04-03T14:29:37.316Z" name="free/explain - /free/explain/30_query_string.yml" time="0" tests="1" failures="0" skipped="0">
    <testcase id="2024-04-03T14:29:37.316Z" name="explain with query_string parameters" file="node_v20.12.0: /free/explain/30_query_string.yml" time="0"/>
  </testsuite>
  <testsuite id="2024-04-03T14:29:37.744Z" name="free/features.get_features - /free/features.get_features/10_basic.yml" time="0" tests="1" failures="0" skipped="1">
    <testcase id="2024-04-03T14:29:37.744Z" name="Get Features" file="node_v20.12.0: /free/features.get_features/10_basic.yml" time="0">
      <skipped>{
  "features": [
    "contains"
  ],
  "version": " - 7.11.99",
  "reason": "This API was added in 7.12.0"
}</skipped>
    </testcase>
  </testsuite>
  <testsuite id="2024-04-03T14:29:38.114Z" name="free/features.reset_features - /free/features.reset_features/10_basic.yml" time="0" tests="1" failures="0" skipped="1">
    <testcase id="2024-04-03T14:29:38.114Z" name="Get Features" file="node_v20.12.0: /free/features.reset_features/10_basic.yml" time="0">
      <skipped>{
  "features": [
    "contains"
  ],
  "version": " - 7.12.99",
  "reason": "This API was added in 7.13.0"
}</skipped>
    </testcase>
  </testsuite>
  <testsuite id="2024-04-03T14:29:38.435Z" name="free/field_caps - /free/field_caps/10_basic.yml" time="5" tests="14" failures="4" skipped="0">
    <testcase id="2024-04-03T14:29:38.435Z" name="Get simple field caps" file="node_v20.12.0: /free/field_caps/10_basic.yml" time="0"/>
    <testcase id="2024-04-03T14:29:38.879Z" name="Get field caps with fields in body" file="node_v20.12.0: /free/field_caps/10_basic.yml" time="1"/>
    <testcase id="2024-04-03T14:29:39.465Z" name="Get date_nanos field caps" file="node_v20.12.0: /free/field_caps/10_basic.yml" time="1"/>
    <testcase id="2024-04-03T14:29:39.975Z" name="Get leaves field caps" file="node_v20.12.0: /free/field_caps/10_basic.yml" time="0"/>
    <testcase id="2024-04-03T14:29:40.471Z" name="Field caps for number field with only doc values" file="node_v20.12.0: /free/field_caps/10_basic.yml" time="0"/>
    <testcase id="2024-04-03T14:29:40.936Z" name="Field caps for date field with only doc values" file="node_v20.12.0: /free/field_caps/10_basic.yml" time="1"/>
    <testcase id="2024-04-03T14:29:41.477Z" name="Field caps for keyword field with only doc values" file="node_v20.12.0: /free/field_caps/10_basic.yml" time="1"/>
    <testcase id="2024-04-03T14:29:42.024Z" name="Field caps for boolean field with only doc values" file="node_v20.12.0: /free/field_caps/10_basic.yml" time="0"/>
    <testcase id="2024-04-03T14:29:42.441Z" name="Field caps for ip field with only doc values" file="node_v20.12.0: /free/field_caps/10_basic.yml" time="1"/>
    <testcase id="2024-04-03T14:29:43.055Z" name="Field caps for geo_point field with only doc values" file="node_v20.12.0: /free/field_caps/10_basic.yml" time="0"/>
    <testcase id="2024-04-03T14:29:43.498Z" name="Get object and nested field caps" file="node_v20.12.0: /free/field_caps/10_basic.yml" time="0">
      <failure message="should be equal: undefined - test1,test2, action: {&quot;fields.object.object.indices&quot;:[&quot;test1&quot;,&quot;test2&quot;]}: expected undefined to equal [ 'test1', 'test2' ]">AssertionError: should be equal: undefined - test1,test2, action: {"fields.object.object.indices":["test1","test2"]}: expected undefined to equal [ 'test1', 'test2' ]
    at match (/usr/src/app/test/integration/test-runner.js:746:14)
    at exec (/usr/src/app/test/integration/test-runner.js:594:9)
    at process.processTicksAndRejections (node:internal/process/task_queues:95:5)
    at async Object.run (/usr/src/app/test/integration/test-runner.js:316:5)
    at async start (/usr/src/app/test/integration/index.js:331:11)</failure>
    </testcase>
    <testcase id="2024-04-03T14:29:43.691Z" name="Get prefix field caps" file="node_v20.12.0: /free/field_caps/10_basic.yml" time="0">
      <failure message="Cannot convert undefined or null to object">TypeError: Cannot convert undefined or null to object
    at Function.entries (&lt;anonymous&gt;)
    at doRedact (/usr/src/app/node_modules/@elastic/transport/lib/security.js:22:16)
    at /usr/src/app/node_modules/@elastic/transport/lib/security.js:30:44
    at Array.map (&lt;anonymous&gt;)
    at /usr/src/app/node_modules/@elastic/transport/lib/security.js:30:35
    at Array.forEach (&lt;anonymous&gt;)
    at doRedact (/usr/src/app/node_modules/@elastic/transport/lib/security.js:22:29)
    at /usr/src/app/node_modules/@elastic/transport/lib/security.js:36:33
    at Array.forEach (&lt;anonymous&gt;)
    at doRedact (/usr/src/app/node_modules/@elastic/transport/lib/security.js:22:29)</failure>
    </testcase>
    <testcase id="2024-04-03T14:29:43.702Z" name="Mix in non-existing field field caps" file="node_v20.12.0: /free/field_caps/10_basic.yml" time="0">
      <failure message="Cannot convert undefined or null to object">TypeError: Cannot convert undefined or null to object
    at Function.entries (&lt;anonymous&gt;)
    at doRedact (/usr/src/app/node_modules/@elastic/transport/lib/security.js:22:16)
    at /usr/src/app/node_modules/@elastic/transport/lib/security.js:30:44
    at Array.map (&lt;anonymous&gt;)
    at /usr/src/app/node_modules/@elastic/transport/lib/security.js:30:35
    at Array.forEach (&lt;anonymous&gt;)
    at doRedact (/usr/src/app/node_modules/@elastic/transport/lib/security.js:22:29)
    at /usr/src/app/node_modules/@elastic/transport/lib/security.js:36:33
    at Array.forEach (&lt;anonymous&gt;)
    at doRedact (/usr/src/app/node_modules/@elastic/transport/lib/security.js:22:29)</failure>
    </testcase>
    <testcase id="2024-04-03T14:29:43.715Z" name="Field caps with include_unmapped" file="node_v20.12.0: /free/field_caps/10_basic.yml" time="0">
      <failure message="Cannot convert undefined or null to object">TypeError: Cannot convert undefined or null to object
    at Function.entries (&lt;anonymous&gt;)
    at doRedact (/usr/src/app/node_modules/@elastic/transport/lib/security.js:22:16)
    at /usr/src/app/node_modules/@elastic/transport/lib/security.js:30:44
    at Array.map (&lt;anonymous&gt;)
    at /usr/src/app/node_modules/@elastic/transport/lib/security.js:30:35
    at Array.forEach (&lt;anonymous&gt;)
    at doRedact (/usr/src/app/node_modules/@elastic/transport/lib/security.js:22:29)
    at /usr/src/app/node_modules/@elastic/transport/lib/security.js:36:33
    at Array.forEach (&lt;anonymous&gt;)
    at doRedact (/usr/src/app/node_modules/@elastic/transport/lib/security.js:22:29)</failure>
    </testcase>
  </testsuite>
  <testsuite id="2024-04-03T14:29:43.728Z" name="free/field_caps - /free/field_caps/20_meta.yml" time="0" tests="1" failures="1" skipped="0">
    <testcase id="2024-04-03T14:29:43.728Z" name="Merge metadata across multiple indices" file="node_v20.12.0: /free/field_caps/20_meta.yml" time="0">
      <failure message="Cannot convert undefined or null to object">TypeError: Cannot convert undefined or null to object
    at Function.entries (&lt;anonymous&gt;)
    at doRedact (/usr/src/app/node_modules/@elastic/transport/lib/security.js:22:16)
    at /usr/src/app/node_modules/@elastic/transport/lib/security.js:30:44
    at Array.map (&lt;anonymous&gt;)
    at /usr/src/app/node_modules/@elastic/transport/lib/security.js:30:35
    at Array.forEach (&lt;anonymous&gt;)
    at doRedact (/usr/src/app/node_modules/@elastic/transport/lib/security.js:22:29)
    at /usr/src/app/node_modules/@elastic/transport/lib/security.js:36:33
    at Array.forEach (&lt;anonymous&gt;)
    at doRedact (/usr/src/app/node_modules/@elastic/transport/lib/security.js:22:29)</failure>
    </testcase>
  </testsuite>
  <testsuite id="2024-04-03T14:29:43.739Z" name="free/field_caps - /free/field_caps/30_index_filter.yml" time="1" tests="1" failures="0" skipped="0">
    <testcase id="2024-04-03T14:29:43.739Z" name="Field caps with index filter" file="node_v20.12.0: /free/field_caps/30_index_filter.yml" time="1"/>
  </testsuite>
  <testsuite id="2024-04-03T14:29:44.373Z" name="free/field_caps - /free/field_caps/40_time_series.yml" time="1" tests="2" failures="0" skipped="0">
    <testcase id="2024-04-03T14:29:44.373Z" name="Get simple time series field caps" file="node_v20.12.0: /free/field_caps/40_time_series.yml" time="0"/>
    <testcase id="2024-04-03T14:29:44.774Z" name="Get time series field caps with conflicts" file="node_v20.12.0: /free/field_caps/40_time_series.yml" time="0"/>
  </testsuite>
  <testsuite id="2024-04-03T14:29:45.224Z" name="free/field_caps - /free/field_caps/50_fieldtype_filter.yml" time="5" tests="9" failures="1" skipped="0">
    <testcase id="2024-04-03T14:29:45.225Z" name="No filters includes all the following fields" file="node_v20.12.0: /free/field_caps/50_fieldtype_filter.yml" time="1"/>
    <testcase id="2024-04-03T14:29:45.747Z" name="Exclude parent objects" file="node_v20.12.0: /free/field_caps/50_fieldtype_filter.yml" time="1"/>
    <testcase id="2024-04-03T14:29:46.348Z" name="Exclude metadata fields" file="node_v20.12.0: /free/field_caps/50_fieldtype_filter.yml" time="1"/>
    <testcase id="2024-04-03T14:29:46.942Z" name="Exclude non-metadata fields" file="node_v20.12.0: /free/field_caps/50_fieldtype_filter.yml" time="1"/>
    <testcase id="2024-04-03T14:29:47.565Z" name="Exclude nested fields" file="node_v20.12.0: /free/field_caps/50_fieldtype_filter.yml" time="1"/>
    <testcase id="2024-04-03T14:29:48.071Z" name="Exclude multifields" file="node_v20.12.0: /free/field_caps/50_fieldtype_filter.yml" time="0"/>
    <testcase id="2024-04-03T14:29:48.549Z" name="Exclude multifields but include runtime fields" file="node_v20.12.0: /free/field_caps/50_fieldtype_filter.yml" time="1"/>
    <testcase id="2024-04-03T14:29:49.070Z" name="Field type filters" file="node_v20.12.0: /free/field_caps/50_fieldtype_filter.yml" time="1"/>
    <testcase id="2024-04-03T14:29:49.587Z" name="Field type filters with field name restrictions" file="node_v20.12.0: /free/field_caps/50_fieldtype_filter.yml" time="0">
      <failure message="expect truthy value: fields.non_indexed_keyword - value: undefined: expected undefined to be truthy">AssertionError: expect truthy value: fields.non_indexed_keyword - value: undefined: expected undefined to be truthy
    at is_true (/usr/src/app/test/integration/test-runner.js:695:12)
    at exec (/usr/src/app/test/integration/test-runner.js:664:9)
    at process.processTicksAndRejections (node:internal/process/task_queues:95:5)
    at async Object.run (/usr/src/app/test/integration/test-runner.js:316:5)
    at async start (/usr/src/app/test/integration/index.js:331:11)</failure>
    </testcase>
  </testsuite>
  <testsuite id="2024-04-03T14:29:49.819Z" name="free/field_caps - /free/field_caps/60_non_empty_fields.yml" time="0" tests="1" failures="0" skipped="0">
    <testcase id="2024-04-03T14:29:49.819Z" name="Field caps with with include_empty_fields false" file="node_v20.12.0: /free/field_caps/60_non_empty_fields.yml" time="0"/>
  </testsuite>
  <testsuite id="2024-04-03T14:29:50.264Z" name="free/get - /free/get/100_synthetic_source.yml" time="2" tests="16" failures="13" skipped="0">
    <testcase id="2024-04-03T14:29:50.264Z" name="keyword" file="node_v20.12.0: /free/get/100_synthetic_source.yml" time="0"/>
    <testcase id="2024-04-03T14:29:50.736Z" name="fetch without refresh also produces synthetic source" file="node_v20.12.0: /free/get/100_synthetic_source.yml" time="0"/>
    <testcase id="2024-04-03T14:29:51.167Z" name="force_synthetic_source_ok" file="node_v20.12.0: /free/get/100_synthetic_source.yml" time="0"/>
    <testcase id="2024-04-03T14:29:51.664Z" name="force_synthetic_source_bad_mapping" file="node_v20.12.0: /free/get/100_synthetic_source.yml" time="0">
      <failure message="the error should match: bad_request, found undefined: expected false to be truthy">AssertionError: the error should match: bad_request, found undefined: expected false to be truthy
    at doAction (/usr/src/app/test/integration/test-runner.js:544:14)
    at process.processTicksAndRejections (node:internal/process/task_queues:95:5)
    at async exec (/usr/src/app/test/integration/test-runner.js:578:9)
    at async Object.run (/usr/src/app/test/integration/test-runner.js:316:5)
    at async start (/usr/src/app/test/integration/index.js:331:11)</failure>
    </testcase>
    <testcase id="2024-04-03T14:29:51.782Z" name="stored text" file="node_v20.12.0: /free/get/100_synthetic_source.yml" time="0">
      <failure message="Cannot convert undefined or null to object">TypeError: Cannot convert undefined or null to object
    at Function.entries (&lt;anonymous&gt;)
    at doRedact (/usr/src/app/node_modules/@elastic/transport/lib/security.js:22:16)
    at /usr/src/app/node_modules/@elastic/transport/lib/security.js:30:44
    at Array.map (&lt;anonymous&gt;)
    at /usr/src/app/node_modules/@elastic/transport/lib/security.js:30:35
    at Array.forEach (&lt;anonymous&gt;)
    at doRedact (/usr/src/app/node_modules/@elastic/transport/lib/security.js:22:29)
    at /usr/src/app/node_modules/@elastic/transport/lib/security.js:36:33
    at Array.forEach (&lt;anonymous&gt;)
    at doRedact (/usr/src/app/node_modules/@elastic/transport/lib/security.js:22:29)</failure>
    </testcase>
    <testcase id="2024-04-03T14:29:51.794Z" name="stored keyword" file="node_v20.12.0: /free/get/100_synthetic_source.yml" time="0">
      <failure message="Cannot convert undefined or null to object">TypeError: Cannot convert undefined or null to object
    at Function.entries (&lt;anonymous&gt;)
    at doRedact (/usr/src/app/node_modules/@elastic/transport/lib/security.js:22:16)
    at /usr/src/app/node_modules/@elastic/transport/lib/security.js:30:44
    at Array.map (&lt;anonymous&gt;)
    at /usr/src/app/node_modules/@elastic/transport/lib/security.js:30:35
    at Array.forEach (&lt;anonymous&gt;)
    at doRedact (/usr/src/app/node_modules/@elastic/transport/lib/security.js:22:29)
    at /usr/src/app/node_modules/@elastic/transport/lib/security.js:36:33
    at Array.forEach (&lt;anonymous&gt;)
    at doRedact (/usr/src/app/node_modules/@elastic/transport/lib/security.js:22:29)</failure>
    </testcase>
    <testcase id="2024-04-03T14:29:51.806Z" name="doc values keyword with ignore_above" file="node_v20.12.0: /free/get/100_synthetic_source.yml" time="0">
      <failure message="Cannot convert undefined or null to object">TypeError: Cannot convert undefined or null to object
    at Function.entries (&lt;anonymous&gt;)
    at doRedact (/usr/src/app/node_modules/@elastic/transport/lib/security.js:22:16)
    at /usr/src/app/node_modules/@elastic/transport/lib/security.js:30:44
    at Array.map (&lt;anonymous&gt;)
    at /usr/src/app/node_modules/@elastic/transport/lib/security.js:30:35
    at Array.forEach (&lt;anonymous&gt;)
    at doRedact (/usr/src/app/node_modules/@elastic/transport/lib/security.js:22:29)
    at /usr/src/app/node_modules/@elastic/transport/lib/security.js:36:33
    at Array.forEach (&lt;anonymous&gt;)
    at doRedact (/usr/src/app/node_modules/@elastic/transport/lib/security.js:22:29)</failure>
    </testcase>
    <testcase id="2024-04-03T14:29:51.818Z" name="stored keyword with ignore_above" file="node_v20.12.0: /free/get/100_synthetic_source.yml" time="0">
      <failure message="Cannot convert undefined or null to object">TypeError: Cannot convert undefined or null to object
    at Function.entries (&lt;anonymous&gt;)
    at doRedact (/usr/src/app/node_modules/@elastic/transport/lib/security.js:22:16)
    at /usr/src/app/node_modules/@elastic/transport/lib/security.js:30:44
    at Array.map (&lt;anonymous&gt;)
    at /usr/src/app/node_modules/@elastic/transport/lib/security.js:30:35
    at Array.forEach (&lt;anonymous&gt;)
    at doRedact (/usr/src/app/node_modules/@elastic/transport/lib/security.js:22:29)
    at /usr/src/app/node_modules/@elastic/transport/lib/security.js:36:33
    at Array.forEach (&lt;anonymous&gt;)
    at doRedact (/usr/src/app/node_modules/@elastic/transport/lib/security.js:22:29)</failure>
    </testcase>
    <testcase id="2024-04-03T14:29:51.829Z" name="indexed dense vectors" file="node_v20.12.0: /free/get/100_synthetic_source.yml" time="0">
      <failure message="Cannot convert undefined or null to object">TypeError: Cannot convert undefined or null to object
    at Function.entries (&lt;anonymous&gt;)
    at doRedact (/usr/src/app/node_modules/@elastic/transport/lib/security.js:22:16)
    at /usr/src/app/node_modules/@elastic/transport/lib/security.js:30:44
    at Array.map (&lt;anonymous&gt;)
    at /usr/src/app/node_modules/@elastic/transport/lib/security.js:30:35
    at Array.forEach (&lt;anonymous&gt;)
    at doRedact (/usr/src/app/node_modules/@elastic/transport/lib/security.js:22:29)
    at /usr/src/app/node_modules/@elastic/transport/lib/security.js:36:33
    at Array.forEach (&lt;anonymous&gt;)
    at doRedact (/usr/src/app/node_modules/@elastic/transport/lib/security.js:22:29)</failure>
    </testcase>
    <testcase id="2024-04-03T14:29:51.841Z" name="non-indexed dense vectors" file="node_v20.12.0: /free/get/100_synthetic_source.yml" time="0">
      <failure message="Cannot convert undefined or null to object">TypeError: Cannot convert undefined or null to object
    at Function.entries (&lt;anonymous&gt;)
    at doRedact (/usr/src/app/node_modules/@elastic/transport/lib/security.js:22:16)
    at /usr/src/app/node_modules/@elastic/transport/lib/security.js:30:44
    at Array.map (&lt;anonymous&gt;)
    at /usr/src/app/node_modules/@elastic/transport/lib/security.js:30:35
    at Array.forEach (&lt;anonymous&gt;)
    at doRedact (/usr/src/app/node_modules/@elastic/transport/lib/security.js:22:29)
    at /usr/src/app/node_modules/@elastic/transport/lib/security.js:36:33
    at Array.forEach (&lt;anonymous&gt;)
    at doRedact (/usr/src/app/node_modules/@elastic/transport/lib/security.js:22:29)</failure>
    </testcase>
    <testcase id="2024-04-03T14:29:51.853Z" name="_source filtering" file="node_v20.12.0: /free/get/100_synthetic_source.yml" time="0">
      <failure message="Cannot convert undefined or null to object">TypeError: Cannot convert undefined or null to object
    at Function.entries (&lt;anonymous&gt;)
    at doRedact (/usr/src/app/node_modules/@elastic/transport/lib/security.js:22:16)
    at /usr/src/app/node_modules/@elastic/transport/lib/security.js:30:44
    at Array.map (&lt;anonymous&gt;)
    at /usr/src/app/node_modules/@elastic/transport/lib/security.js:30:35
    at Array.forEach (&lt;anonymous&gt;)
    at doRedact (/usr/src/app/node_modules/@elastic/transport/lib/security.js:22:29)
    at /usr/src/app/node_modules/@elastic/transport/lib/security.js:36:33
    at Array.forEach (&lt;anonymous&gt;)
    at doRedact (/usr/src/app/node_modules/@elastic/transport/lib/security.js:22:29)</failure>
    </testcase>
    <testcase id="2024-04-03T14:29:51.864Z" name="_doc_count" file="node_v20.12.0: /free/get/100_synthetic_source.yml" time="0">
      <failure message="Cannot convert undefined or null to object">TypeError: Cannot convert undefined or null to object
    at Function.entries (&lt;anonymous&gt;)
    at doRedact (/usr/src/app/node_modules/@elastic/transport/lib/security.js:22:16)
    at /usr/src/app/node_modules/@elastic/transport/lib/security.js:30:44
    at Array.map (&lt;anonymous&gt;)
    at /usr/src/app/node_modules/@elastic/transport/lib/security.js:30:35
    at Array.forEach (&lt;anonymous&gt;)
    at doRedact (/usr/src/app/node_modules/@elastic/transport/lib/security.js:22:29)
    at /usr/src/app/node_modules/@elastic/transport/lib/security.js:36:33
    at Array.forEach (&lt;anonymous&gt;)
    at doRedact (/usr/src/app/node_modules/@elastic/transport/lib/security.js:22:29)</failure>
    </testcase>
    <testcase id="2024-04-03T14:29:51.876Z" name="ip with ignore_malformed" file="node_v20.12.0: /free/get/100_synthetic_source.yml" time="0">
      <failure message="Cannot convert undefined or null to object">TypeError: Cannot convert undefined or null to object
    at Function.entries (&lt;anonymous&gt;)
    at doRedact (/usr/src/app/node_modules/@elastic/transport/lib/security.js:22:16)
    at /usr/src/app/node_modules/@elastic/transport/lib/security.js:30:44
    at Array.map (&lt;anonymous&gt;)
    at /usr/src/app/node_modules/@elastic/transport/lib/security.js:30:35
    at Array.forEach (&lt;anonymous&gt;)
    at doRedact (/usr/src/app/node_modules/@elastic/transport/lib/security.js:22:29)
    at /usr/src/app/node_modules/@elastic/transport/lib/security.js:36:33
    at Array.forEach (&lt;anonymous&gt;)
    at doRedact (/usr/src/app/node_modules/@elastic/transport/lib/security.js:22:29)</failure>
    </testcase>
    <testcase id="2024-04-03T14:29:51.888Z" name="flattened field" file="node_v20.12.0: /free/get/100_synthetic_source.yml" time="0">
      <failure message="Cannot convert undefined or null to object">TypeError: Cannot convert undefined or null to object
    at Function.entries (&lt;anonymous&gt;)
    at doRedact (/usr/src/app/node_modules/@elastic/transport/lib/security.js:22:16)
    at /usr/src/app/node_modules/@elastic/transport/lib/security.js:30:44
    at Array.map (&lt;anonymous&gt;)
    at /usr/src/app/node_modules/@elastic/transport/lib/security.js:30:35
    at Array.forEach (&lt;anonymous&gt;)
    at doRedact (/usr/src/app/node_modules/@elastic/transport/lib/security.js:22:29)
    at /usr/src/app/node_modules/@elastic/transport/lib/security.js:36:33
    at Array.forEach (&lt;anonymous&gt;)
    at doRedact (/usr/src/app/node_modules/@elastic/transport/lib/security.js:22:29)</failure>
    </testcase>
    <testcase id="2024-04-03T14:29:51.899Z" name="flattened field no doc values" file="node_v20.12.0: /free/get/100_synthetic_source.yml" time="0">
      <failure message="the error should match: /field \[flattened\] of type \[flattened\] doesn't support synthetic source because it doesn't have doc values/, found undefined: expected false to be truthy">AssertionError: the error should match: /field \[flattened\] of type \[flattened\] doesn't support synthetic source because it doesn't have doc values/, found undefined: expected false to be truthy
    at doAction (/usr/src/app/test/integration/test-runner.js:544:14)
    at process.processTicksAndRejections (node:internal/process/task_queues:95:5)
    at async exec (/usr/src/app/test/integration/test-runner.js:578:9)
    at async Object.run (/usr/src/app/test/integration/test-runner.js:316:5)
    at async start (/usr/src/app/test/integration/index.js:331:11)</failure>
    </testcase>
    <testcase id="2024-04-03T14:29:51.911Z" name="flattened field with ignore_above" file="node_v20.12.0: /free/get/100_synthetic_source.yml" time="0">
      <failure message="Cannot convert undefined or null to object">TypeError: Cannot convert undefined or null to object
    at Function.entries (&lt;anonymous&gt;)
    at doRedact (/usr/src/app/node_modules/@elastic/transport/lib/security.js:22:16)
    at /usr/src/app/node_modules/@elastic/transport/lib/security.js:30:44
    at Array.map (&lt;anonymous&gt;)
    at /usr/src/app/node_modules/@elastic/transport/lib/security.js:30:35
    at Array.forEach (&lt;anonymous&gt;)
    at doRedact (/usr/src/app/node_modules/@elastic/transport/lib/security.js:22:29)
    at /usr/src/app/node_modules/@elastic/transport/lib/security.js:36:33
    at Array.forEach (&lt;anonymous&gt;)
    at doRedact (/usr/src/app/node_modules/@elastic/transport/lib/security.js:22:29)</failure>
    </testcase>
  </testsuite>
  <testsuite id="2024-04-03T14:29:51.923Z" name="free/get - /free/get/10_basic.yml" time="0" tests="1" failures="0" skipped="0">
    <testcase id="2024-04-03T14:29:51.923Z" name="Basic" file="node_v20.12.0: /free/get/10_basic.yml" time="0"/>
  </testsuite>
  <testsuite id="2024-04-03T14:29:52.311Z" name="free/get - /free/get/110_ignore_malformed.yml" time="0" tests="1" failures="1" skipped="0">
    <testcase id="2024-04-03T14:29:52.311Z" name="ip" file="node_v20.12.0: /free/get/110_ignore_malformed.yml" time="0">
      <failure message="the error should match: /failed to parse field \[ip\] of type \[ip\] in document with id '4'. Preview of field's value: '\{object=wow\}'/, found undefined: expected false to be truthy">AssertionError: the error should match: /failed to parse field \[ip\] of type \[ip\] in document with id '4'. Preview of field's value: '\{object=wow\}'/, found undefined: expected false to be truthy
    at doAction (/usr/src/app/test/integration/test-runner.js:544:14)
    at process.processTicksAndRejections (node:internal/process/task_queues:95:5)
    at async exec (/usr/src/app/test/integration/test-runner.js:578:9)
    at async Object.run (/usr/src/app/test/integration/test-runner.js:316:5)
    at async start (/usr/src/app/test/integration/index.js:331:11)</failure>
    </testcase>
  </testsuite>
  <testsuite id="2024-04-03T14:29:52.407Z" name="free/get - /free/get/15_default_values.yml" time="0" tests="1" failures="0" skipped="0">
    <testcase id="2024-04-03T14:29:52.407Z" name="Default values" file="node_v20.12.0: /free/get/15_default_values.yml" time="0"/>
  </testsuite>
  <testsuite id="2024-04-03T14:29:52.838Z" name="free/get - /free/get/20_stored_fields.yml" time="0" tests="1" failures="0" skipped="0">
    <testcase id="2024-04-03T14:29:52.838Z" name="Stored fields" file="node_v20.12.0: /free/get/20_stored_fields.yml" time="0"/>
  </testsuite>
  <testsuite id="2024-04-03T14:29:53.322Z" name="free/get - /free/get/40_routing.yml" time="0" tests="1" failures="1" skipped="0">
    <testcase id="2024-04-03T14:29:53.322Z" name="Routing" file="node_v20.12.0: /free/get/40_routing.yml" time="0">
      <failure message="the error should match: missing, found undefined: expected false to be truthy">AssertionError: the error should match: missing, found undefined: expected false to be truthy
    at doAction (/usr/src/app/test/integration/test-runner.js:544:14)
    at process.processTicksAndRejections (node:internal/process/task_queues:95:5)
    at async exec (/usr/src/app/test/integration/test-runner.js:578:9)
    at async Object.run (/usr/src/app/test/integration/test-runner.js:316:5)
    at async start (/usr/src/app/test/integration/index.js:331:11)</failure>
    </testcase>
  </testsuite>
  <testsuite id="2024-04-03T14:29:53.490Z" name="free/get - /free/get/50_with_headers.yml" time="0" tests="1" failures="0" skipped="1">
    <testcase id="2024-04-03T14:29:53.490Z" name="REST test with headers" file="node_v20.12.0: /free/get/50_with_headers.yml" time="0">
      <skipped>{
  "features": [
    "headers",
    "yaml"
  ]
}</skipped>
    </testcase>
  </testsuite>
  <testsuite id="2024-04-03T14:29:53.831Z" name="free/get - /free/get/60_realtime_refresh.yml" time="0" tests="1" failures="1" skipped="0">
    <testcase id="2024-04-03T14:29:53.831Z" name="Realtime Refresh" file="node_v20.12.0: /free/get/60_realtime_refresh.yml" time="0">
      <failure message="the error should match: missing, found undefined: expected false to be truthy">AssertionError: the error should match: missing, found undefined: expected false to be truthy
    at doAction (/usr/src/app/test/integration/test-runner.js:544:14)
    at process.processTicksAndRejections (node:internal/process/task_queues:95:5)
    at async exec (/usr/src/app/test/integration/test-runner.js:578:9)
    at async Object.run (/usr/src/app/test/integration/test-runner.js:316:5)
    at async start (/usr/src/app/test/integration/index.js:331:11)</failure>
    </testcase>
  </testsuite>
  <testsuite id="2024-04-03T14:29:53.938Z" name="free/get - /free/get/70_source_filtering.yml" time="0" tests="1" failures="1" skipped="0">
    <testcase id="2024-04-03T14:29:53.938Z" name="Source filtering" file="node_v20.12.0: /free/get/70_source_filtering.yml" time="0">
      <failure message="Cannot convert undefined or null to object">TypeError: Cannot convert undefined or null to object
    at Function.entries (&lt;anonymous&gt;)
    at doRedact (/usr/src/app/node_modules/@elastic/transport/lib/security.js:22:16)
    at /usr/src/app/node_modules/@elastic/transport/lib/security.js:30:44
    at Array.map (&lt;anonymous&gt;)
    at /usr/src/app/node_modules/@elastic/transport/lib/security.js:30:35
    at Array.forEach (&lt;anonymous&gt;)
    at doRedact (/usr/src/app/node_modules/@elastic/transport/lib/security.js:22:29)
    at /usr/src/app/node_modules/@elastic/transport/lib/security.js:36:33
    at Array.forEach (&lt;anonymous&gt;)
    at doRedact (/usr/src/app/node_modules/@elastic/transport/lib/security.js:22:29)</failure>
    </testcase>
  </testsuite>
  <testsuite id="2024-04-03T14:29:53.952Z" name="free/get - /free/get/80_missing.yml" time="0" tests="2" failures="1" skipped="0">
    <testcase id="2024-04-03T14:29:53.952Z" name="Missing document with catch" file="node_v20.12.0: /free/get/80_missing.yml" time="0">
      <failure message="Expecting an error, but instead got null, the response was {&quot;body&quot;:{&quot;_index&quot;:&quot;test_1&quot;,&quot;_id&quot;:&quot;1&quot;,&quot;_version&quot;:1,&quot;_seq_no&quot;:0,&quot;_primary_term&quot;:1,&quot;found&quot;:true,&quot;_source&quot;:{&quot;foo&quot;:&quot;bar&quot;}},&quot;statusCode&quot;:200,&quot;headers&quot;:{&quot;x-elastic-product&quot;:&quot;Elasticsearch&quot;,&quot;content-type&quot;:&quot;application/json&quot;,&quot;content-length&quot;:&quot;109&quot;},&quot;meta&quot;:{&quot;context&quot;:null,&quot;request&quot;:{&quot;params&quot;:{&quot;method&quot;:&quot;GET&quot;,&quot;path&quot;:&quot;/test_1/_doc/1&quot;,&quot;querystring&quot;:&quot;&quot;,&quot;headers&quot;:{&quot;user-agent&quot;:&quot;elasticsearch-js/8.13.1 (linux 6.6.23-1-lts-x64; Node.js 20.12.0; Transport 8.5.0)&quot;,&quot;x-elastic-client-meta&quot;:&quot;es=8.13.1,js=20.12.0,t=8.5.0,hc=20.12.0&quot;,&quot;authorization&quot;:&quot;Basic ZWxhc3RpYzpjaGFuZ2VtZQ==&quot;,&quot;accept&quot;:&quot;application/vnd.elasticsearch+json; compatible-with=8,text/plain&quot;}},&quot;options&quot;:{&quot;ignore&quot;:[null],&quot;meta&quot;:true},&quot;id&quot;:19124},&quot;name&quot;:&quot;elasticsearch-js&quot;,&quot;connection&quot;:{&quot;url&quot;:&quot;http://instance:9200/&quot;,&quot;id&quot;:&quot;http://instance:9200/&quot;,&quot;headers&quot;:{&quot;user-agent&quot;:&quot;elasticsearch-js/8.13.1 (linux 6.6.23-1-lts-x64; Node.js 20.12.0; Transport 8.5.0)&quot;,&quot;x-elastic-client-meta&quot;:&quot;es=8.13.1,js=20.12.0,t=8.5.0,hc=20.12.0&quot;},&quot;status&quot;:&quot;alive&quot;},&quot;attempts&quot;:0,&quot;aborted&quot;:false},&quot;warnings&quot;:null}: expected null to be truthy">AssertionError: Expecting an error, but instead got null, the response was {"body":{"_index":"test_1","_id":"1","_version":1,"_seq_no":0,"_primary_term":1,"found":true,"_source":{"foo":"bar"}},"statusCode":200,"headers":{"x-elastic-product":"Elasticsearch","content-type":"application/json","content-length":"109"},"meta":{"context":null,"request":{"params":{"method":"GET","path":"/test_1/_doc/1","querystring":"","headers":{"user-agent":"elasticsearch-js/8.13.1 (linux 6.6.23-1-lts-x64; Node.js 20.12.0; Transport 8.5.0)","x-elastic-client-meta":"es=8.13.1,js=20.12.0,t=8.5.0,hc=20.12.0","authorization":"Basic ZWxhc3RpYzpjaGFuZ2VtZQ==","accept":"application/vnd.elasticsearch+json; compatible-with=8,text/plain"}},"options":{"ignore":[null],"meta":true},"id":19124},"name":"elasticsearch-js","connection":{"url":"http://instance:9200/","id":"http://instance:9200/","headers":{"user-agent":"elasticsearch-js/8.13.1 (linux 6.6.23-1-lts-x64; Node.js 20.12.0; Transport 8.5.0)","x-elastic-client-meta":"es=8.13.1,js=20.12.0,t=8.5.0,hc=20.12.0"},"status":"alive"},"attempts":0,"aborted":false},"warnings":null}: expected null to be truthy
    at doAction (/usr/src/app/test/integration/test-runner.js:543:14)
    at process.processTicksAndRejections (node:internal/process/task_queues:95:5)
    at async exec (/usr/src/app/test/integration/test-runner.js:578:9)
    at async Object.run (/usr/src/app/test/integration/test-runner.js:316:5)
    at async start (/usr/src/app/test/integration/index.js:331:11)</failure>
    </testcase>
    <testcase id="2024-04-03T14:29:53.970Z" name="Missing document with ignore" file="node_v20.12.0: /free/get/80_missing.yml" time="0"/>
  </testsuite>
  <testsuite id="2024-04-03T14:29:54.294Z" name="free/get - /free/get/90_versions.yml" time="0" tests="1" failures="1" skipped="0">
    <testcase id="2024-04-03T14:29:54.294Z" name="Versions" file="node_v20.12.0: /free/get/90_versions.yml" time="0">
      <failure message="the error should match: conflict, found undefined: expected false to be truthy">AssertionError: the error should match: conflict, found undefined: expected false to be truthy
    at doAction (/usr/src/app/test/integration/test-runner.js:544:14)
    at process.processTicksAndRejections (node:internal/process/task_queues:95:5)
    at async exec (/usr/src/app/test/integration/test-runner.js:578:9)
    at async Object.run (/usr/src/app/test/integration/test-runner.js:316:5)
    at async start (/usr/src/app/test/integration/index.js:331:11)</failure>
    </testcase>
  </testsuite>
  <testsuite id="2024-04-03T14:29:54.397Z" name="free/get_source - /free/get_source/10_basic.yml" time="0" tests="1" failures="0" skipped="0">
    <testcase id="2024-04-03T14:29:54.397Z" name="Basic" file="node_v20.12.0: /free/get_source/10_basic.yml" time="0"/>
  </testsuite>
  <testsuite id="2024-04-03T14:29:54.772Z" name="free/get_source - /free/get_source/15_default_values.yml" time="0" tests="1" failures="0" skipped="0">
    <testcase id="2024-04-03T14:29:54.772Z" name="Default values" file="node_v20.12.0: /free/get_source/15_default_values.yml" time="0"/>
  </testsuite>
  <testsuite id="2024-04-03T14:29:55.178Z" name="free/get_source - /free/get_source/40_routing.yml" time="0" tests="1" failures="1" skipped="0">
    <testcase id="2024-04-03T14:29:55.178Z" name="Routing" file="node_v20.12.0: /free/get_source/40_routing.yml" time="0">
      <failure message="the error should match: missing, found undefined: expected false to be truthy">AssertionError: the error should match: missing, found undefined: expected false to be truthy
    at doAction (/usr/src/app/test/integration/test-runner.js:544:14)
    at process.processTicksAndRejections (node:internal/process/task_queues:95:5)
    at async exec (/usr/src/app/test/integration/test-runner.js:578:9)
    at async Object.run (/usr/src/app/test/integration/test-runner.js:316:5)
    at async start (/usr/src/app/test/integration/index.js:331:11)</failure>
    </testcase>
  </testsuite>
  <testsuite id="2024-04-03T14:29:55.329Z" name="free/get_source - /free/get_source/60_realtime_refresh.yml" time="0" tests="1" failures="1" skipped="0">
    <testcase id="2024-04-03T14:29:55.329Z" name="Realtime" file="node_v20.12.0: /free/get_source/60_realtime_refresh.yml" time="0">
      <failure message="Cannot convert undefined or null to object">TypeError: Cannot convert undefined or null to object
    at Function.entries (&lt;anonymous&gt;)
    at doRedact (/usr/src/app/node_modules/@elastic/transport/lib/security.js:22:16)
    at /usr/src/app/node_modules/@elastic/transport/lib/security.js:30:44
    at Array.map (&lt;anonymous&gt;)
    at /usr/src/app/node_modules/@elastic/transport/lib/security.js:30:35
    at Array.forEach (&lt;anonymous&gt;)
    at doRedact (/usr/src/app/node_modules/@elastic/transport/lib/security.js:22:29)
    at /usr/src/app/node_modules/@elastic/transport/lib/security.js:36:33
    at Array.forEach (&lt;anonymous&gt;)
    at doRedact (/usr/src/app/node_modules/@elastic/transport/lib/security.js:22:29)</failure>
    </testcase>
  </testsuite>
  <testsuite id="2024-04-03T14:29:55.341Z" name="free/get_source - /free/get_source/70_source_filtering.yml" time="0" tests="1" failures="0" skipped="0">
    <testcase id="2024-04-03T14:29:55.341Z" name="Source filtering" file="node_v20.12.0: /free/get_source/70_source_filtering.yml" time="0"/>
  </testsuite>
  <testsuite id="2024-04-03T14:29:55.747Z" name="free/get_source - /free/get_source/80_missing.yml" time="1" tests="2" failures="0" skipped="2">
    <testcase id="2024-04-03T14:29:55.747Z" name="Missing document with catch" file="node_v20.12.0: /free/get_source/80_missing.yml" time="0">
      <skipped>{
  "features": [
    "warnings"
  ]
}</skipped>
    </testcase>
    <testcase id="2024-04-03T14:29:56.063Z" name="Missing document with ignore" file="node_v20.12.0: /free/get_source/80_missing.yml" time="0">
      <skipped>{
  "features": [
    "warnings"
  ]
}</skipped>
    </testcase>
  </testsuite>
  <testsuite id="2024-04-03T14:29:56.389Z" name="free/get_source - /free/get_source/85_source_missing.yml" time="0" tests="2" failures="2" skipped="0">
    <testcase id="2024-04-03T14:29:56.389Z" name="Missing document source with catch" file="node_v20.12.0: /free/get_source/85_source_missing.yml" time="0">
      <failure message="the error should match: missing, found undefined: expected false to be truthy">AssertionError: the error should match: missing, found undefined: expected false to be truthy
    at doAction (/usr/src/app/test/integration/test-runner.js:544:14)
    at process.processTicksAndRejections (node:internal/process/task_queues:95:5)
    at async exec (/usr/src/app/test/integration/test-runner.js:578:9)
    at async Object.run (/usr/src/app/test/integration/test-runner.js:316:5)
    at async start (/usr/src/app/test/integration/index.js:331:11)</failure>
    </testcase>
    <testcase id="2024-04-03T14:29:56.501Z" name="Missing document source with ignore" file="node_v20.12.0: /free/get_source/85_source_missing.yml" time="0">
      <failure message="Cannot convert undefined or null to object">TypeError: Cannot convert undefined or null to object
    at Function.entries (&lt;anonymous&gt;)
    at doRedact (/usr/src/app/node_modules/@elastic/transport/lib/security.js:22:16)
    at /usr/src/app/node_modules/@elastic/transport/lib/security.js:30:44
    at Array.map (&lt;anonymous&gt;)
    at /usr/src/app/node_modules/@elastic/transport/lib/security.js:30:35
    at Array.forEach (&lt;anonymous&gt;)
    at doRedact (/usr/src/app/node_modules/@elastic/transport/lib/security.js:22:29)
    at /usr/src/app/node_modules/@elastic/transport/lib/security.js:36:33
    at Array.forEach (&lt;anonymous&gt;)
    at doRedact (/usr/src/app/node_modules/@elastic/transport/lib/security.js:22:29)</failure>
    </testcase>
  </testsuite>
  <testsuite id="2024-04-03T14:29:56.524Z" name="free/health - /free/health/10_basic.yml" time="0" tests="1" failures="1" skipped="0">
    <testcase id="2024-04-03T14:29:56.524Z" name="cluster health basic test" file="node_v20.12.0: /free/health/10_basic.yml" time="0">
      <failure message="should include pattern provided: green, but got: yellow: {&quot;status&quot;:&quot;green&quot;}: expected 'yellow' to include 'green'">AssertionError: should include pattern provided: green, but got: yellow: {"status":"green"}: expected 'yellow' to include 'green'
    at match (/usr/src/app/test/integration/test-runner.js:743:14)
    at exec (/usr/src/app/test/integration/test-runner.js:594:9)
    at process.processTicksAndRejections (node:internal/process/task_queues:95:5)
    at async Object.run (/usr/src/app/test/integration/test-runner.js:316:5)
    at async start (/usr/src/app/test/integration/index.js:331:11)</failure>
    </testcase>
  </testsuite>
  <testsuite id="2024-04-03T14:29:56.562Z" name="free/health - /free/health/30_feature.yml" time="0" tests="1" failures="0" skipped="0">
    <testcase id="2024-04-03T14:29:56.562Z" name="cluster health test drilling down into a feature" file="node_v20.12.0: /free/health/30_feature.yml" time="0"/>
  </testsuite>
  <testsuite id="2024-04-03T14:29:56.952Z" name="free/health - /free/health/40_diagnosis.yml" time="1" tests="1" failures="0" skipped="0">
    <testcase id="2024-04-03T14:29:56.952Z" name="Diagnosis" file="node_v20.12.0: /free/health/40_diagnosis.yml" time="1"/>
  </testsuite>
  <testsuite id="2024-04-03T14:29:58.383Z" name="free/index - /free/index/10_with_id.yml" time="0" tests="1" failures="1" skipped="0">
    <testcase id="2024-04-03T14:29:58.383Z" name="Index with ID" file="node_v20.12.0: /free/index/10_with_id.yml" time="0">
      <failure message="the error should match: bad_request, found undefined: expected false to be truthy">AssertionError: the error should match: bad_request, found undefined: expected false to be truthy
    at doAction (/usr/src/app/test/integration/test-runner.js:544:14)
    at process.processTicksAndRejections (node:internal/process/task_queues:95:5)
    at async exec (/usr/src/app/test/integration/test-runner.js:578:9)
    at async Object.run (/usr/src/app/test/integration/test-runner.js:316:5)
    at async start (/usr/src/app/test/integration/index.js:331:11)</failure>
    </testcase>
  </testsuite>
  <testsuite id="2024-04-03T14:29:58.504Z" name="free/index - /free/index/12_result.yml" time="0" tests="1" failures="0" skipped="0">
    <testcase id="2024-04-03T14:29:58.504Z" name="Index result field" file="node_v20.12.0: /free/index/12_result.yml" time="0"/>
  </testsuite>
  <testsuite id="2024-04-03T14:29:58.916Z" name="free/index - /free/index/15_without_id.yml" time="0" tests="1" failures="0" skipped="0">
    <testcase id="2024-04-03T14:29:58.916Z" name="Index without ID" file="node_v20.12.0: /free/index/15_without_id.yml" time="0"/>
  </testsuite>
  <testsuite id="2024-04-03T14:29:59.403Z" name="free/index - /free/index/20_optype.yml" time="0" tests="1" failures="1" skipped="0">
    <testcase id="2024-04-03T14:29:59.403Z" name="Optype" file="node_v20.12.0: /free/index/20_optype.yml" time="0">
      <failure message="the error should match: conflict, found undefined: expected false to be truthy">AssertionError: the error should match: conflict, found undefined: expected false to be truthy
    at doAction (/usr/src/app/test/integration/test-runner.js:544:14)
    at process.processTicksAndRejections (node:internal/process/task_queues:95:5)
    at async exec (/usr/src/app/test/integration/test-runner.js:578:9)
    at async Object.run (/usr/src/app/test/integration/test-runner.js:316:5)
    at async start (/usr/src/app/test/integration/index.js:331:11)</failure>
    </testcase>
  </testsuite>
  <testsuite id="2024-04-03T14:29:59.500Z" name="free/index - /free/index/30_cas.yml" time="0" tests="1" failures="1" skipped="0">
    <testcase id="2024-04-03T14:29:59.500Z" name="Compare And Swap Sequence Numbers" file="node_v20.12.0: /free/index/30_cas.yml" time="0">
      <failure message="should be equal: 2 - 1, action: {&quot;_version&quot;:1}: expected 2 to equal 1">AssertionError: should be equal: 2 - 1, action: {"_version":1}: expected 2 to equal 1
    at match (/usr/src/app/test/integration/test-runner.js:746:14)
    at exec (/usr/src/app/test/integration/test-runner.js:594:9)
    at process.processTicksAndRejections (node:internal/process/task_queues:95:5)
    at async Object.run (/usr/src/app/test/integration/test-runner.js:316:5)
    at async start (/usr/src/app/test/integration/index.js:331:11)</failure>
    </testcase>
  </testsuite>
  <testsuite id="2024-04-03T14:29:59.514Z" name="free/index - /free/index/35_external_version.yml" time="0" tests="1" failures="1" skipped="0">
    <testcase id="2024-04-03T14:29:59.514Z" name="External version" file="node_v20.12.0: /free/index/35_external_version.yml" time="0">
      <failure message="Cannot convert undefined or null to object">TypeError: Cannot convert undefined or null to object
    at Function.entries (&lt;anonymous&gt;)
    at doRedact (/usr/src/app/node_modules/@elastic/transport/lib/security.js:22:16)
    at /usr/src/app/node_modules/@elastic/transport/lib/security.js:30:44
    at Array.map (&lt;anonymous&gt;)
    at /usr/src/app/node_modules/@elastic/transport/lib/security.js:30:35
    at Array.forEach (&lt;anonymous&gt;)
    at doRedact (/usr/src/app/node_modules/@elastic/transport/lib/security.js:22:29)
    at /usr/src/app/node_modules/@elastic/transport/lib/security.js:36:33
    at Array.forEach (&lt;anonymous&gt;)
    at doRedact (/usr/src/app/node_modules/@elastic/transport/lib/security.js:22:29)</failure>
    </testcase>
  </testsuite>
  <testsuite id="2024-04-03T14:29:59.531Z" name="free/index - /free/index/36_external_gte_version.yml" time="0" tests="1" failures="1" skipped="0">
    <testcase id="2024-04-03T14:29:59.531Z" name="External GTE version" file="node_v20.12.0: /free/index/36_external_gte_version.yml" time="0">
      <failure message="Cannot convert undefined or null to object">TypeError: Cannot convert undefined or null to object
    at Function.entries (&lt;anonymous&gt;)
    at doRedact (/usr/src/app/node_modules/@elastic/transport/lib/security.js:22:16)
    at /usr/src/app/node_modules/@elastic/transport/lib/security.js:30:44
    at Array.map (&lt;anonymous&gt;)
    at /usr/src/app/node_modules/@elastic/transport/lib/security.js:30:35
    at Array.forEach (&lt;anonymous&gt;)
    at doRedact (/usr/src/app/node_modules/@elastic/transport/lib/security.js:22:29)
    at /usr/src/app/node_modules/@elastic/transport/lib/security.js:36:33
    at Array.forEach (&lt;anonymous&gt;)
    at doRedact (/usr/src/app/node_modules/@elastic/transport/lib/security.js:22:29)</failure>
    </testcase>
  </testsuite>
  <testsuite id="2024-04-03T14:29:59.544Z" name="free/index - /free/index/40_routing.yml" time="0" tests="1" failures="1" skipped="0">
    <testcase id="2024-04-03T14:29:59.544Z" name="Routing" file="node_v20.12.0: /free/index/40_routing.yml" time="0">
      <failure message="Cannot convert undefined or null to object">TypeError: Cannot convert undefined or null to object
    at Function.entries (&lt;anonymous&gt;)
    at doRedact (/usr/src/app/node_modules/@elastic/transport/lib/security.js:22:16)
    at /usr/src/app/node_modules/@elastic/transport/lib/security.js:30:44
    at Array.map (&lt;anonymous&gt;)
    at /usr/src/app/node_modules/@elastic/transport/lib/security.js:30:35
    at Array.forEach (&lt;anonymous&gt;)
    at doRedact (/usr/src/app/node_modules/@elastic/transport/lib/security.js:22:29)
    at /usr/src/app/node_modules/@elastic/transport/lib/security.js:36:33
    at Array.forEach (&lt;anonymous&gt;)
    at doRedact (/usr/src/app/node_modules/@elastic/transport/lib/security.js:22:29)</failure>
    </testcase>
  </testsuite>
  <testsuite id="2024-04-03T14:29:59.557Z" name="free/index - /free/index/60_refresh.yml" time="2" tests="3" failures="1" skipped="0">
    <testcase id="2024-04-03T14:29:59.557Z" name="Refresh" file="node_v20.12.0: /free/index/60_refresh.yml" time="0">
      <failure message="Cannot convert undefined or null to object">TypeError: Cannot convert undefined or null to object
    at Function.entries (&lt;anonymous&gt;)
    at doRedact (/usr/src/app/node_modules/@elastic/transport/lib/security.js:22:16)
    at /usr/src/app/node_modules/@elastic/transport/lib/security.js:30:44
    at Array.map (&lt;anonymous&gt;)
    at /usr/src/app/node_modules/@elastic/transport/lib/security.js:30:35
    at Array.forEach (&lt;anonymous&gt;)
    at doRedact (/usr/src/app/node_modules/@elastic/transport/lib/security.js:22:29)
    at /usr/src/app/node_modules/@elastic/transport/lib/security.js:36:33
    at Array.forEach (&lt;anonymous&gt;)
    at doRedact (/usr/src/app/node_modules/@elastic/transport/lib/security.js:22:29)</failure>
    </testcase>
    <testcase id="2024-04-03T14:29:59.569Z" name="When refresh url parameter is an empty string that means &quot;refresh immediately&quot;" file="node_v20.12.0: /free/index/60_refresh.yml" time="0"/>
    <testcase id="2024-04-03T14:29:59.971Z" name="refresh=wait_for waits until changes are visible in search" file="node_v20.12.0: /free/index/60_refresh.yml" time="1"/>
  </testsuite>
  <testsuite id="2024-04-03T14:30:01.373Z" name="free/index - /free/index/70_require_alias.yml" time="0" tests="1" failures="1" skipped="0">
    <testcase id="2024-04-03T14:30:01.373Z" name="Set require_alias flag" file="node_v20.12.0: /free/index/70_require_alias.yml" time="0">
      <failure message="the error should match: missing, found undefined: expected false to be truthy">AssertionError: the error should match: missing, found undefined: expected false to be truthy
    at doAction (/usr/src/app/test/integration/test-runner.js:544:14)
    at process.processTicksAndRejections (node:internal/process/task_queues:95:5)
    at async exec (/usr/src/app/test/integration/test-runner.js:578:9)
    at async Object.run (/usr/src/app/test/integration/test-runner.js:316:5)
    at async start (/usr/src/app/test/integration/index.js:331:11)</failure>
    </testcase>
  </testsuite>
  <testsuite id="2024-04-03T14:30:01.415Z" name="free/index - /free/index/80_date_nanos.yml" time="0" tests="1" failures="0" skipped="0">
    <testcase id="2024-04-03T14:30:01.415Z" name="date_nanos requires dates after 1970 and before 2262" file="node_v20.12.0: /free/index/80_date_nanos.yml" time="0"/>
  </testsuite>
  <testsuite id="2024-04-03T14:30:01.837Z" name="free/index - /free/index/90_geo_point.yml" time="1" tests="2" failures="0" skipped="0">
    <testcase id="2024-04-03T14:30:01.837Z" name="single null value" file="node_v20.12.0: /free/index/90_geo_point.yml" time="0"/>
    <testcase id="2024-04-03T14:30:02.208Z" name="null value in array" file="node_v20.12.0: /free/index/90_geo_point.yml" time="0"/>
  </testsuite>
  <testsuite id="2024-04-03T14:30:02.550Z" name="free/index - /free/index/91_metrics_no_subobjects.yml" time="1" tests="4" failures="0" skipped="4">
    <testcase id="2024-04-03T14:30:02.550Z" name="Metrics object indexing" file="node_v20.12.0: /free/index/91_metrics_no_subobjects.yml" time="0">
      <skipped>{
  "features": [
    "allowed_warnings_regex"
  ],
  "version": " - 8.2.99",
  "reason": "added in 8.3.0"
}</skipped>
    </testcase>
    <testcase id="2024-04-03T14:30:02.840Z" name="Root without subobjects" file="node_v20.12.0: /free/index/91_metrics_no_subobjects.yml" time="0">
      <skipped>{
  "features": [
    "allowed_warnings_regex"
  ],
  "version": " - 8.2.99",
  "reason": "added in 8.3.0"
}</skipped>
    </testcase>
    <testcase id="2024-04-03T14:30:03.128Z" name="Metrics object indexing with synthetic source" file="node_v20.12.0: /free/index/91_metrics_no_subobjects.yml" time="0">
      <skipped>{
  "features": [
    "allowed_warnings_regex"
  ],
  "version": " - 8.3.99",
  "reason": "added in 8.4.0"
}</skipped>
    </testcase>
    <testcase id="2024-04-03T14:30:03.413Z" name="Root without subobjects with synthetic source" file="node_v20.12.0: /free/index/91_metrics_no_subobjects.yml" time="0">
      <skipped>{
  "features": [
    "allowed_warnings_regex"
  ],
  "version": " - 8.3.99",
  "reason": "added in 8.4.0"
}</skipped>
    </testcase>
  </testsuite>
  <testsuite id="2024-04-03T14:30:03.697Z" name="free/indices.analyze - /free/indices.analyze/10_analyze.yml" time="2" tests="5" failures="0" skipped="0">
    <testcase id="2024-04-03T14:30:03.697Z" name="Basic test" file="node_v20.12.0: /free/indices.analyze/10_analyze.yml" time="0"/>
    <testcase id="2024-04-03T14:30:03.996Z" name="Index and field" file="node_v20.12.0: /free/indices.analyze/10_analyze.yml" time="0"/>
    <testcase id="2024-04-03T14:30:04.339Z" name="Array text" file="node_v20.12.0: /free/indices.analyze/10_analyze.yml" time="0"/>
    <testcase id="2024-04-03T14:30:04.703Z" name="Detail response with Analyzer" file="node_v20.12.0: /free/indices.analyze/10_analyze.yml" time="0"/>
    <testcase id="2024-04-03T14:30:04.995Z" name="Custom filter in request" file="node_v20.12.0: /free/indices.analyze/10_analyze.yml" time="0"/>
  </testsuite>
  <testsuite id="2024-04-03T14:30:05.304Z" name="free/indices.analyze - /free/indices.analyze/20_analyze_limit.yml" time="0" tests="3" failures="2" skipped="0">
    <testcase id="2024-04-03T14:30:05.304Z" name="_analyze with No. generated tokens less than or equal to index.analyze.max_token_count should succeed" file="node_v20.12.0: /free/indices.analyze/20_analyze_limit.yml" time="0"/>
    <testcase id="2024-04-03T14:30:05.656Z" name="_analyze with No. generated tokens more than index.analyze.max_token_count should fail" file="node_v20.12.0: /free/indices.analyze/20_analyze_limit.yml" time="0">
      <failure message="the error should match: /The number of tokens produced by calling _analyze has exceeded the allowed maximum of \[3\]. This limit can be set by changing the \[index.analyze.max_token_count\] index level setting\./, found undefined: expected false to be truthy">AssertionError: the error should match: /The number of tokens produced by calling _analyze has exceeded the allowed maximum of \[3\]. This limit can be set by changing the \[index.analyze.max_token_count\] index level setting\./, found undefined: expected false to be truthy
    at doAction (/usr/src/app/test/integration/test-runner.js:544:14)
    at process.processTicksAndRejections (node:internal/process/task_queues:95:5)
    at async exec (/usr/src/app/test/integration/test-runner.js:578:9)
    at async Object.run (/usr/src/app/test/integration/test-runner.js:316:5)
    at async start (/usr/src/app/test/integration/index.js:331:11)</failure>
    </testcase>
    <testcase id="2024-04-03T14:30:05.714Z" name="_analyze with explain with No. generated tokens more than index.analyze.max_token_count should fail" file="node_v20.12.0: /free/indices.analyze/20_analyze_limit.yml" time="0">
      <failure message="Cannot convert undefined or null to object">TypeError: Cannot convert undefined or null to object
    at Function.entries (&lt;anonymous&gt;)
    at doRedact (/usr/src/app/node_modules/@elastic/transport/lib/security.js:22:16)
    at /usr/src/app/node_modules/@elastic/transport/lib/security.js:30:44
    at Array.map (&lt;anonymous&gt;)
    at /usr/src/app/node_modules/@elastic/transport/lib/security.js:30:35
    at Array.forEach (&lt;anonymous&gt;)
    at doRedact (/usr/src/app/node_modules/@elastic/transport/lib/security.js:22:29)
    at /usr/src/app/node_modules/@elastic/transport/lib/security.js:36:33
    at Array.forEach (&lt;anonymous&gt;)
    at doRedact (/usr/src/app/node_modules/@elastic/transport/lib/security.js:22:29)</failure>
    </testcase>
  </testsuite>
  <testsuite id="2024-04-03T14:30:05.728Z" name="free/indices.blocks - /free/indices.blocks/10_basic.yml" time="0" tests="1" failures="1" skipped="0">
    <testcase id="2024-04-03T14:30:05.728Z" name="Basic test for index blocks" file="node_v20.12.0: /free/indices.blocks/10_basic.yml" time="0">
      <failure message="the error should match: /cluster_block_exception/, found undefined: expected false to be truthy">AssertionError: the error should match: /cluster_block_exception/, found undefined: expected false to be truthy
    at doAction (/usr/src/app/test/integration/test-runner.js:544:14)
    at process.processTicksAndRejections (node:internal/process/task_queues:95:5)
    at async exec (/usr/src/app/test/integration/test-runner.js:578:9)
    at async Object.run (/usr/src/app/test/integration/test-runner.js:316:5)
    at async start (/usr/src/app/test/integration/index.js:331:11)</failure>
    </testcase>
  </testsuite>
  <testsuite id="2024-04-03T14:30:05.798Z" name="free/indices.clear_cache - /free/indices.clear_cache/10_basic.yml" time="1" tests="3" failures="0" skipped="0">
    <testcase id="2024-04-03T14:30:05.798Z" name="clear_cache test" file="node_v20.12.0: /free/indices.clear_cache/10_basic.yml" time="0"/>
    <testcase id="2024-04-03T14:30:06.127Z" name="clear_cache with request set to false" file="node_v20.12.0: /free/indices.clear_cache/10_basic.yml" time="0"/>
    <testcase id="2024-04-03T14:30:06.433Z" name="clear_cache with fielddata set to true" file="node_v20.12.0: /free/indices.clear_cache/10_basic.yml" time="0"/>
  </testsuite>
  <testsuite id="2024-04-03T14:30:06.740Z" name="free/indices.clone - /free/indices.clone/10_basic.yml" time="1" tests="2" failures="1" skipped="0">
    <testcase id="2024-04-03T14:30:06.740Z" name="Clone index via API" file="node_v20.12.0: /free/indices.clone/10_basic.yml" time="0"/>
    <testcase id="2024-04-03T14:30:07.227Z" name="Create illegal clone indices" file="node_v20.12.0: /free/indices.clone/10_basic.yml" time="0">
      <failure message="the error should match: /illegal_argument_exception/, found undefined: expected false to be truthy">AssertionError: the error should match: /illegal_argument_exception/, found undefined: expected false to be truthy
    at doAction (/usr/src/app/test/integration/test-runner.js:544:14)
    at process.processTicksAndRejections (node:internal/process/task_queues:95:5)
    at async exec (/usr/src/app/test/integration/test-runner.js:578:9)
    at async Object.run (/usr/src/app/test/integration/test-runner.js:316:5)
    at async start (/usr/src/app/test/integration/index.js:331:11)</failure>
    </testcase>
  </testsuite>
  <testsuite id="2024-04-03T14:30:07.306Z" name="free/indices.clone - /free/indices.clone/20_source_mapping.yml" time="0" tests="1" failures="1" skipped="0">
    <testcase id="2024-04-03T14:30:07.306Z" name="Clone index ignores target template mapping" file="node_v20.12.0: /free/indices.clone/20_source_mapping.yml" time="0">
      <failure message="Cannot convert undefined or null to object">TypeError: Cannot convert undefined or null to object
    at Function.entries (&lt;anonymous&gt;)
    at doRedact (/usr/src/app/node_modules/@elastic/transport/lib/security.js:22:16)
    at /usr/src/app/node_modules/@elastic/transport/lib/security.js:30:44
    at Array.map (&lt;anonymous&gt;)
    at /usr/src/app/node_modules/@elastic/transport/lib/security.js:30:35
    at Array.forEach (&lt;anonymous&gt;)
    at doRedact (/usr/src/app/node_modules/@elastic/transport/lib/security.js:22:29)
    at /usr/src/app/node_modules/@elastic/transport/lib/security.js:36:33
    at Array.forEach (&lt;anonymous&gt;)
    at doRedact (/usr/src/app/node_modules/@elastic/transport/lib/security.js:22:29)</failure>
    </testcase>
  </testsuite>
  <testsuite id="2024-04-03T14:30:07.320Z" name="free/indices.clone - /free/indices.clone/30_copy_settings.yml" time="0" tests="1" failures="1" skipped="0">
    <testcase id="2024-04-03T14:30:07.320Z" name="Copy settings during clone index" file="node_v20.12.0: /free/indices.clone/30_copy_settings.yml" time="0">
      <failure message="Cannot convert undefined or null to object">TypeError: Cannot convert undefined or null to object
    at Function.entries (&lt;anonymous&gt;)
    at doRedact (/usr/src/app/node_modules/@elastic/transport/lib/security.js:22:16)
    at /usr/src/app/node_modules/@elastic/transport/lib/security.js:30:44
    at Array.map (&lt;anonymous&gt;)
    at /usr/src/app/node_modules/@elastic/transport/lib/security.js:30:35
    at Array.forEach (&lt;anonymous&gt;)
    at doRedact (/usr/src/app/node_modules/@elastic/transport/lib/security.js:22:29)
    at /usr/src/app/node_modules/@elastic/transport/lib/security.js:36:33
    at Array.forEach (&lt;anonymous&gt;)
    at doRedact (/usr/src/app/node_modules/@elastic/transport/lib/security.js:22:29)</failure>
    </testcase>
  </testsuite>
  <testsuite id="2024-04-03T14:30:07.336Z" name="free/indices.create - /free/indices.create/10_basic.yml" time="3" tests="9" failures="2" skipped="0">
    <testcase id="2024-04-03T14:30:07.336Z" name="Create index with mappings" file="node_v20.12.0: /free/indices.create/10_basic.yml" time="0"/>
    <testcase id="2024-04-03T14:30:07.788Z" name="Create index with settings" file="node_v20.12.0: /free/indices.create/10_basic.yml" time="0"/>
    <testcase id="2024-04-03T14:30:08.156Z" name="Create index" file="node_v20.12.0: /free/indices.create/10_basic.yml" time="0"/>
    <testcase id="2024-04-03T14:30:08.523Z" name="Create index with wait_for_active_shards set to all" file="node_v20.12.0: /free/indices.create/10_basic.yml" time="0"/>
    <testcase id="2024-04-03T14:30:08.893Z" name="Create index with aliases" file="node_v20.12.0: /free/indices.create/10_basic.yml" time="0"/>
    <testcase id="2024-04-03T14:30:09.261Z" name="Create index with write aliases" file="node_v20.12.0: /free/indices.create/10_basic.yml" time="0"/>
    <testcase id="2024-04-03T14:30:09.628Z" name="Create index with invalid mappings" file="node_v20.12.0: /free/indices.create/10_basic.yml" time="0">
      <failure message="the error should match: /illegal_argument_exception/, found undefined: expected false to be truthy">AssertionError: the error should match: /illegal_argument_exception/, found undefined: expected false to be truthy
    at doAction (/usr/src/app/test/integration/test-runner.js:544:14)
    at process.processTicksAndRejections (node:internal/process/task_queues:95:5)
    at async exec (/usr/src/app/test/integration/test-runner.js:578:9)
    at async Object.run (/usr/src/app/test/integration/test-runner.js:316:5)
    at async start (/usr/src/app/test/integration/index.js:331:11)</failure>
    </testcase>
    <testcase id="2024-04-03T14:30:09.653Z" name="Create index without soft deletes" file="node_v20.12.0: /free/indices.create/10_basic.yml" time="0">
      <failure message="the error should match: /illegal_argument_exception/, found undefined: expected false to be truthy">AssertionError: the error should match: /illegal_argument_exception/, found undefined: expected false to be truthy
    at doAction (/usr/src/app/test/integration/test-runner.js:544:14)
    at process.processTicksAndRejections (node:internal/process/task_queues:95:5)
    at async exec (/usr/src/app/test/integration/test-runner.js:578:9)
    at async Object.run (/usr/src/app/test/integration/test-runner.js:316:5)
    at async start (/usr/src/app/test/integration/index.js:331:11)</failure>
    </testcase>
    <testcase id="2024-04-03T14:30:09.669Z" name="Create with alias containing date math" file="node_v20.12.0: /free/indices.create/10_basic.yml" time="0"/>
  </testsuite>
  <testsuite id="2024-04-03T14:30:10.049Z" name="free/indices.create - /free/indices.create/20_synthetic_source.yml" time="0" tests="2" failures="2" skipped="0">
    <testcase id="2024-04-03T14:30:10.049Z" name="invalid" file="node_v20.12.0: /free/indices.create/20_synthetic_source.yml" time="0">
      <failure message="the error should match: bad_request, found undefined: expected false to be truthy">AssertionError: the error should match: bad_request, found undefined: expected false to be truthy
    at doAction (/usr/src/app/test/integration/test-runner.js:544:14)
    at process.processTicksAndRejections (node:internal/process/task_queues:95:5)
    at async exec (/usr/src/app/test/integration/test-runner.js:578:9)
    at async Object.run (/usr/src/app/test/integration/test-runner.js:316:5)
    at async start (/usr/src/app/test/integration/index.js:331:11)</failure>
    </testcase>
    <testcase id="2024-04-03T14:30:10.066Z" name="nested is disabled" file="node_v20.12.0: /free/indices.create/20_synthetic_source.yml" time="0">
      <failure message="the error should match: bad_request, found undefined: expected false to be truthy">AssertionError: the error should match: bad_request, found undefined: expected false to be truthy
    at doAction (/usr/src/app/test/integration/test-runner.js:544:14)
    at process.processTicksAndRejections (node:internal/process/task_queues:95:5)
    at async exec (/usr/src/app/test/integration/test-runner.js:578:9)
    at async Object.run (/usr/src/app/test/integration/test-runner.js:316:5)
    at async start (/usr/src/app/test/integration/index.js:331:11)</failure>
    </testcase>
  </testsuite>
  <testsuite id="2024-04-03T14:30:10.082Z" name="free/indices.create - /free/indices.create/30_dynamic_template.yml" time="1" tests="3" failures="0" skipped="0">
    <testcase id="2024-04-03T14:30:10.083Z" name="Create index with dynamic_mappings, match is single-valued" file="node_v20.12.0: /free/indices.create/30_dynamic_template.yml" time="0"/>
    <testcase id="2024-04-03T14:30:10.456Z" name="Create index with dynamic_mappings, using lists for some match/unmatch sections" file="node_v20.12.0: /free/indices.create/30_dynamic_template.yml" time="0"/>
    <testcase id="2024-04-03T14:30:10.849Z" name="Create index with dynamic_mappings, with wildcard match_mapping_type and an unmatch_mapping_type array" file="node_v20.12.0: /free/indices.create/30_dynamic_template.yml" time="0"/>
  </testsuite>
  <testsuite id="2024-04-03T14:30:11.196Z" name="free/indices.delete - /free/indices.delete/10_basic.yml" time="0" tests="8" failures="8" skipped="0">
    <testcase id="2024-04-03T14:30:11.196Z" name="Delete index against alias" file="node_v20.12.0: /free/indices.delete/10_basic.yml" time="0">
      <failure message="the error should match: bad_request, found undefined: expected false to be truthy">AssertionError: the error should match: bad_request, found undefined: expected false to be truthy
    at doAction (/usr/src/app/test/integration/test-runner.js:544:14)
    at process.processTicksAndRejections (node:internal/process/task_queues:95:5)
    at async exec (/usr/src/app/test/integration/test-runner.js:578:9)
    at async Object.run (/usr/src/app/test/integration/test-runner.js:316:5)
    at async start (/usr/src/app/test/integration/index.js:331:11)</failure>
    </testcase>
    <testcase id="2024-04-03T14:30:11.296Z" name="Delete index against alias - ignore unavailable" file="node_v20.12.0: /free/indices.delete/10_basic.yml" time="0">
      <failure message="Cannot convert undefined or null to object">TypeError: Cannot convert undefined or null to object
    at Function.entries (&lt;anonymous&gt;)
    at doRedact (/usr/src/app/node_modules/@elastic/transport/lib/security.js:22:16)
    at /usr/src/app/node_modules/@elastic/transport/lib/security.js:30:44
    at Array.map (&lt;anonymous&gt;)
    at /usr/src/app/node_modules/@elastic/transport/lib/security.js:30:35
    at Array.forEach (&lt;anonymous&gt;)
    at doRedact (/usr/src/app/node_modules/@elastic/transport/lib/security.js:22:29)
    at /usr/src/app/node_modules/@elastic/transport/lib/security.js:36:33
    at Array.forEach (&lt;anonymous&gt;)
    at doRedact (/usr/src/app/node_modules/@elastic/transport/lib/security.js:22:29)</failure>
    </testcase>
    <testcase id="2024-04-03T14:30:11.317Z" name="Delete index against alias -  multiple indices" file="node_v20.12.0: /free/indices.delete/10_basic.yml" time="0">
      <failure message="Cannot convert undefined or null to object">TypeError: Cannot convert undefined or null to object
    at Function.entries (&lt;anonymous&gt;)
    at doRedact (/usr/src/app/node_modules/@elastic/transport/lib/security.js:22:16)
    at /usr/src/app/node_modules/@elastic/transport/lib/security.js:30:44
    at Array.map (&lt;anonymous&gt;)
    at /usr/src/app/node_modules/@elastic/transport/lib/security.js:30:35
    at Array.forEach (&lt;anonymous&gt;)
    at doRedact (/usr/src/app/node_modules/@elastic/transport/lib/security.js:22:29)
    at /usr/src/app/node_modules/@elastic/transport/lib/security.js:36:33
    at Array.forEach (&lt;anonymous&gt;)
    at doRedact (/usr/src/app/node_modules/@elastic/transport/lib/security.js:22:29)</failure>
    </testcase>
    <testcase id="2024-04-03T14:30:11.333Z" name="Delete index against alias -  ignore unavailable - multiple indices" file="node_v20.12.0: /free/indices.delete/10_basic.yml" time="0">
      <failure message="Cannot convert undefined or null to object">TypeError: Cannot convert undefined or null to object
    at Function.entries (&lt;anonymous&gt;)
    at doRedact (/usr/src/app/node_modules/@elastic/transport/lib/security.js:22:16)
    at /usr/src/app/node_modules/@elastic/transport/lib/security.js:30:44
    at Array.map (&lt;anonymous&gt;)
    at /usr/src/app/node_modules/@elastic/transport/lib/security.js:30:35
    at Array.forEach (&lt;anonymous&gt;)
    at doRedact (/usr/src/app/node_modules/@elastic/transport/lib/security.js:22:29)
    at /usr/src/app/node_modules/@elastic/transport/lib/security.js:36:33
    at Array.forEach (&lt;anonymous&gt;)
    at doRedact (/usr/src/app/node_modules/@elastic/transport/lib/security.js:22:29)</failure>
    </testcase>
    <testcase id="2024-04-03T14:30:11.346Z" name="Delete index against wildcard matching alias" file="node_v20.12.0: /free/indices.delete/10_basic.yml" time="0">
      <failure message="Cannot convert undefined or null to object">TypeError: Cannot convert undefined or null to object
    at Function.entries (&lt;anonymous&gt;)
    at doRedact (/usr/src/app/node_modules/@elastic/transport/lib/security.js:22:16)
    at /usr/src/app/node_modules/@elastic/transport/lib/security.js:30:44
    at Array.map (&lt;anonymous&gt;)
    at /usr/src/app/node_modules/@elastic/transport/lib/security.js:30:35
    at Array.forEach (&lt;anonymous&gt;)
    at doRedact (/usr/src/app/node_modules/@elastic/transport/lib/security.js:22:29)
    at /usr/src/app/node_modules/@elastic/transport/lib/security.js:36:33
    at Array.forEach (&lt;anonymous&gt;)
    at doRedact (/usr/src/app/node_modules/@elastic/transport/lib/security.js:22:29)</failure>
    </testcase>
    <testcase id="2024-04-03T14:30:11.364Z" name="Delete index against wildcard matching alias - disallow no indices" file="node_v20.12.0: /free/indices.delete/10_basic.yml" time="0">
      <failure message="Cannot convert undefined or null to object">TypeError: Cannot convert undefined or null to object
    at Function.entries (&lt;anonymous&gt;)
    at doRedact (/usr/src/app/node_modules/@elastic/transport/lib/security.js:22:16)
    at /usr/src/app/node_modules/@elastic/transport/lib/security.js:30:44
    at Array.map (&lt;anonymous&gt;)
    at /usr/src/app/node_modules/@elastic/transport/lib/security.js:30:35
    at Array.forEach (&lt;anonymous&gt;)
    at doRedact (/usr/src/app/node_modules/@elastic/transport/lib/security.js:22:29)
    at /usr/src/app/node_modules/@elastic/transport/lib/security.js:36:33
    at Array.forEach (&lt;anonymous&gt;)
    at doRedact (/usr/src/app/node_modules/@elastic/transport/lib/security.js:22:29)</failure>
    </testcase>
    <testcase id="2024-04-03T14:30:11.378Z" name="Delete index against wildcard matching alias - multiple indices" file="node_v20.12.0: /free/indices.delete/10_basic.yml" time="0">
      <failure message="Cannot convert undefined or null to object">TypeError: Cannot convert undefined or null to object
    at Function.entries (&lt;anonymous&gt;)
    at doRedact (/usr/src/app/node_modules/@elastic/transport/lib/security.js:22:16)
    at /usr/src/app/node_modules/@elastic/transport/lib/security.js:30:44
    at Array.map (&lt;anonymous&gt;)
    at /usr/src/app/node_modules/@elastic/transport/lib/security.js:30:35
    at Array.forEach (&lt;anonymous&gt;)
    at doRedact (/usr/src/app/node_modules/@elastic/transport/lib/security.js:22:29)
    at /usr/src/app/node_modules/@elastic/transport/lib/security.js:36:33
    at Array.forEach (&lt;anonymous&gt;)
    at doRedact (/usr/src/app/node_modules/@elastic/transport/lib/security.js:22:29)</failure>
    </testcase>
    <testcase id="2024-04-03T14:30:11.392Z" name="Delete index against wildcard matching alias - disallow no indices - multiple indices" file="node_v20.12.0: /free/indices.delete/10_basic.yml" time="0">
      <failure message="Cannot convert undefined or null to object">TypeError: Cannot convert undefined or null to object
    at Function.entries (&lt;anonymous&gt;)
    at doRedact (/usr/src/app/node_modules/@elastic/transport/lib/security.js:22:16)
    at /usr/src/app/node_modules/@elastic/transport/lib/security.js:30:44
    at Array.map (&lt;anonymous&gt;)
    at /usr/src/app/node_modules/@elastic/transport/lib/security.js:30:35
    at Array.forEach (&lt;anonymous&gt;)
    at doRedact (/usr/src/app/node_modules/@elastic/transport/lib/security.js:22:29)
    at /usr/src/app/node_modules/@elastic/transport/lib/security.js:36:33
    at Array.forEach (&lt;anonymous&gt;)
    at doRedact (/usr/src/app/node_modules/@elastic/transport/lib/security.js:22:29)</failure>
    </testcase>
  </testsuite>
  <testsuite id="2024-04-03T14:30:11.407Z" name="free/indices.delete - /free/indices.delete/20_destructive_wildcard.yml" time="0" tests="1" failures="0" skipped="0">
    <testcase id="2024-04-03T14:30:11.407Z" name="Delete nonexistent concrete index with wildcard expansion disallowed" file="node_v20.12.0: /free/indices.delete/20_destructive_wildcard.yml" time="0"/>
  </testsuite>
  <testsuite id="2024-04-03T14:30:11.788Z" name="free/indices.delete_alias - /free/indices.delete_alias/10_basic.yml" time="0" tests="1" failures="1" skipped="0">
    <testcase id="2024-04-03T14:30:11.788Z" name="Basic test for delete alias" file="node_v20.12.0: /free/indices.delete_alias/10_basic.yml" time="0">
      <failure message="the error should match: missing, found undefined: expected false to be truthy">AssertionError: the error should match: missing, found undefined: expected false to be truthy
    at doAction (/usr/src/app/test/integration/test-runner.js:544:14)
    at process.processTicksAndRejections (node:internal/process/task_queues:95:5)
    at async exec (/usr/src/app/test/integration/test-runner.js:578:9)
    at async Object.run (/usr/src/app/test/integration/test-runner.js:316:5)
    at async start (/usr/src/app/test/integration/index.js:331:11)</failure>
    </testcase>
  </testsuite>
  <testsuite id="2024-04-03T14:30:11.859Z" name="free/indices.delete_alias - /free/indices.delete_alias/all_path_options.yml" time="1" tests="10" failures="9" skipped="0">
    <testcase id="2024-04-03T14:30:11.859Z" name="check setup" file="node_v20.12.0: /free/indices.delete_alias/all_path_options.yml" time="0"/>
    <testcase id="2024-04-03T14:30:12.308Z" name="check delete with _all index" file="node_v20.12.0: /free/indices.delete_alias/all_path_options.yml" time="0">
      <failure message="the error should match: missing, found undefined: expected false to be truthy">AssertionError: the error should match: missing, found undefined: expected false to be truthy
    at doAction (/usr/src/app/test/integration/test-runner.js:544:14)
    at process.processTicksAndRejections (node:internal/process/task_queues:95:5)
    at async exec (/usr/src/app/test/integration/test-runner.js:578:9)
    at async Object.run (/usr/src/app/test/integration/test-runner.js:316:5)
    at async start (/usr/src/app/test/integration/index.js:331:11)</failure>
    </testcase>
    <testcase id="2024-04-03T14:30:12.452Z" name="check delete with * index" file="node_v20.12.0: /free/indices.delete_alias/all_path_options.yml" time="0">
      <failure message="Cannot convert undefined or null to object">TypeError: Cannot convert undefined or null to object
    at Function.entries (&lt;anonymous&gt;)
    at doRedact (/usr/src/app/node_modules/@elastic/transport/lib/security.js:22:16)
    at /usr/src/app/node_modules/@elastic/transport/lib/security.js:30:44
    at Array.map (&lt;anonymous&gt;)
    at /usr/src/app/node_modules/@elastic/transport/lib/security.js:30:35
    at Array.forEach (&lt;anonymous&gt;)
    at doRedact (/usr/src/app/node_modules/@elastic/transport/lib/security.js:22:29)
    at /usr/src/app/node_modules/@elastic/transport/lib/security.js:36:33
    at Array.forEach (&lt;anonymous&gt;)
    at doRedact (/usr/src/app/node_modules/@elastic/transport/lib/security.js:22:29)</failure>
    </testcase>
    <testcase id="2024-04-03T14:30:12.468Z" name="check delete with index list" file="node_v20.12.0: /free/indices.delete_alias/all_path_options.yml" time="0">
      <failure message="Cannot convert undefined or null to object">TypeError: Cannot convert undefined or null to object
    at Function.entries (&lt;anonymous&gt;)
    at doRedact (/usr/src/app/node_modules/@elastic/transport/lib/security.js:22:16)
    at /usr/src/app/node_modules/@elastic/transport/lib/security.js:30:44
    at Array.map (&lt;anonymous&gt;)
    at /usr/src/app/node_modules/@elastic/transport/lib/security.js:30:35
    at Array.forEach (&lt;anonymous&gt;)
    at doRedact (/usr/src/app/node_modules/@elastic/transport/lib/security.js:22:29)
    at /usr/src/app/node_modules/@elastic/transport/lib/security.js:36:33
    at Array.forEach (&lt;anonymous&gt;)
    at doRedact (/usr/src/app/node_modules/@elastic/transport/lib/security.js:22:29)</failure>
    </testcase>
    <testcase id="2024-04-03T14:30:12.485Z" name="check delete with prefix* index" file="node_v20.12.0: /free/indices.delete_alias/all_path_options.yml" time="0">
      <failure message="Cannot convert undefined or null to object">TypeError: Cannot convert undefined or null to object
    at Function.entries (&lt;anonymous&gt;)
    at doRedact (/usr/src/app/node_modules/@elastic/transport/lib/security.js:22:16)
    at /usr/src/app/node_modules/@elastic/transport/lib/security.js:30:44
    at Array.map (&lt;anonymous&gt;)
    at /usr/src/app/node_modules/@elastic/transport/lib/security.js:30:35
    at Array.forEach (&lt;anonymous&gt;)
    at doRedact (/usr/src/app/node_modules/@elastic/transport/lib/security.js:22:29)
    at /usr/src/app/node_modules/@elastic/transport/lib/security.js:36:33
    at Array.forEach (&lt;anonymous&gt;)
    at doRedact (/usr/src/app/node_modules/@elastic/transport/lib/security.js:22:29)</failure>
    </testcase>
    <testcase id="2024-04-03T14:30:12.500Z" name="check delete with index list and * aliases" file="node_v20.12.0: /free/indices.delete_alias/all_path_options.yml" time="0">
      <failure message="Cannot convert undefined or null to object">TypeError: Cannot convert undefined or null to object
    at Function.entries (&lt;anonymous&gt;)
    at doRedact (/usr/src/app/node_modules/@elastic/transport/lib/security.js:22:16)
    at /usr/src/app/node_modules/@elastic/transport/lib/security.js:30:44
    at Array.map (&lt;anonymous&gt;)
    at /usr/src/app/node_modules/@elastic/transport/lib/security.js:30:35
    at Array.forEach (&lt;anonymous&gt;)
    at doRedact (/usr/src/app/node_modules/@elastic/transport/lib/security.js:22:29)
    at /usr/src/app/node_modules/@elastic/transport/lib/security.js:36:33
    at Array.forEach (&lt;anonymous&gt;)
    at doRedact (/usr/src/app/node_modules/@elastic/transport/lib/security.js:22:29)</failure>
    </testcase>
    <testcase id="2024-04-03T14:30:12.513Z" name="check delete with index list and _all aliases" file="node_v20.12.0: /free/indices.delete_alias/all_path_options.yml" time="0">
      <failure message="Cannot convert undefined or null to object">TypeError: Cannot convert undefined or null to object
    at Function.entries (&lt;anonymous&gt;)
    at doRedact (/usr/src/app/node_modules/@elastic/transport/lib/security.js:22:16)
    at /usr/src/app/node_modules/@elastic/transport/lib/security.js:30:44
    at Array.map (&lt;anonymous&gt;)
    at /usr/src/app/node_modules/@elastic/transport/lib/security.js:30:35
    at Array.forEach (&lt;anonymous&gt;)
    at doRedact (/usr/src/app/node_modules/@elastic/transport/lib/security.js:22:29)
    at /usr/src/app/node_modules/@elastic/transport/lib/security.js:36:33
    at Array.forEach (&lt;anonymous&gt;)
    at doRedact (/usr/src/app/node_modules/@elastic/transport/lib/security.js:22:29)</failure>
    </testcase>
    <testcase id="2024-04-03T14:30:12.526Z" name="check delete with index list and wildcard aliases" file="node_v20.12.0: /free/indices.delete_alias/all_path_options.yml" time="0">
      <failure message="Cannot convert undefined or null to object">TypeError: Cannot convert undefined or null to object
    at Function.entries (&lt;anonymous&gt;)
    at doRedact (/usr/src/app/node_modules/@elastic/transport/lib/security.js:22:16)
    at /usr/src/app/node_modules/@elastic/transport/lib/security.js:30:44
    at Array.map (&lt;anonymous&gt;)
    at /usr/src/app/node_modules/@elastic/transport/lib/security.js:30:35
    at Array.forEach (&lt;anonymous&gt;)
    at doRedact (/usr/src/app/node_modules/@elastic/transport/lib/security.js:22:29)
    at /usr/src/app/node_modules/@elastic/transport/lib/security.js:36:33
    at Array.forEach (&lt;anonymous&gt;)
    at doRedact (/usr/src/app/node_modules/@elastic/transport/lib/security.js:22:29)</failure>
    </testcase>
    <testcase id="2024-04-03T14:30:12.540Z" name="check 404 on no matching alias" file="node_v20.12.0: /free/indices.delete_alias/all_path_options.yml" time="0">
      <failure message="Cannot convert undefined or null to object">TypeError: Cannot convert undefined or null to object
    at Function.entries (&lt;anonymous&gt;)
    at doRedact (/usr/src/app/node_modules/@elastic/transport/lib/security.js:22:16)
    at /usr/src/app/node_modules/@elastic/transport/lib/security.js:30:44
    at Array.map (&lt;anonymous&gt;)
    at /usr/src/app/node_modules/@elastic/transport/lib/security.js:30:35
    at Array.forEach (&lt;anonymous&gt;)
    at doRedact (/usr/src/app/node_modules/@elastic/transport/lib/security.js:22:29)
    at /usr/src/app/node_modules/@elastic/transport/lib/security.js:36:33
    at Array.forEach (&lt;anonymous&gt;)
    at doRedact (/usr/src/app/node_modules/@elastic/transport/lib/security.js:22:29)</failure>
    </testcase>
    <testcase id="2024-04-03T14:30:12.554Z" name="check delete with blank index and blank alias" file="node_v20.12.0: /free/indices.delete_alias/all_path_options.yml" time="0">
      <failure message="Cannot convert undefined or null to object">TypeError: Cannot convert undefined or null to object
    at Function.entries (&lt;anonymous&gt;)
    at doRedact (/usr/src/app/node_modules/@elastic/transport/lib/security.js:22:16)
    at /usr/src/app/node_modules/@elastic/transport/lib/security.js:30:44
    at Array.map (&lt;anonymous&gt;)
    at /usr/src/app/node_modules/@elastic/transport/lib/security.js:30:35
    at Array.forEach (&lt;anonymous&gt;)
    at doRedact (/usr/src/app/node_modules/@elastic/transport/lib/security.js:22:29)
    at /usr/src/app/node_modules/@elastic/transport/lib/security.js:36:33
    at Array.forEach (&lt;anonymous&gt;)
    at doRedact (/usr/src/app/node_modules/@elastic/transport/lib/security.js:22:29)</failure>
    </testcase>
  </testsuite>
  <testsuite id="2024-04-03T14:30:12.568Z" name="free/indices.exists - /free/indices.exists/10_basic.yml" time="1" tests="2" failures="0" skipped="0">
    <testcase id="2024-04-03T14:30:12.568Z" name="Test indices.exists" file="node_v20.12.0: /free/indices.exists/10_basic.yml" time="0"/>
    <testcase id="2024-04-03T14:30:12.927Z" name="Test indices.exists with local flag" file="node_v20.12.0: /free/indices.exists/10_basic.yml" time="0"/>
  </testsuite>
  <testsuite id="2024-04-03T14:30:13.238Z" name="free/indices.exists - /free/indices.exists/20_read_only_index.yml" time="0" tests="1" failures="0" skipped="0">
    <testcase id="2024-04-03T14:30:13.238Z" name="Test indices.exists on a read only index" file="node_v20.12.0: /free/indices.exists/20_read_only_index.yml" time="0"/>
  </testsuite>
  <testsuite id="2024-04-03T14:30:13.618Z" name="free/indices.exists_alias - /free/indices.exists_alias/10_basic.yml" time="1" tests="2" failures="0" skipped="1">
    <testcase id="2024-04-03T14:30:13.618Z" name="Test indices.exists_alias" file="node_v20.12.0: /free/indices.exists_alias/10_basic.yml" time="0"/>
    <testcase id="2024-04-03T14:30:13.994Z" name="Test indices.exists_alias with local flag" file="node_v20.12.0: /free/indices.exists_alias/10_basic.yml" time="0">
      <skipped>{
  "features": [
    "allowed_warnings"
  ]
}</skipped>
    </testcase>
  </testsuite>
  <testsuite id="2024-04-03T14:30:14.294Z" name="free/indices.exists_template - /free/indices.exists_template/10_basic.yml" time="1" tests="2" failures="0" skipped="0">
    <testcase id="2024-04-03T14:30:14.294Z" name="Test indices.exists_template" file="node_v20.12.0: /free/indices.exists_template/10_basic.yml" time="0"/>
    <testcase id="2024-04-03T14:30:14.625Z" name="Test indices.exists_template with local flag" file="node_v20.12.0: /free/indices.exists_template/10_basic.yml" time="0"/>
  </testsuite>
  <testsuite id="2024-04-03T14:30:14.959Z" name="free/indices.flush - /free/indices.flush/10_basic.yml" time="0" tests="2" failures="1" skipped="0">
    <testcase id="2024-04-03T14:30:14.959Z" name="Flush stats" file="node_v20.12.0: /free/indices.flush/10_basic.yml" time="0"/>
    <testcase id="2024-04-03T14:30:15.310Z" name="Flush parameters validation" file="node_v20.12.0: /free/indices.flush/10_basic.yml" time="0">
      <failure message="the error should match: /action_request_validation_exception.+ wait_if_ongoing must be true for a force flush/, found undefined: expected false to be truthy">AssertionError: the error should match: /action_request_validation_exception.+ wait_if_ongoing must be true for a force flush/, found undefined: expected false to be truthy
    at doAction (/usr/src/app/test/integration/test-runner.js:544:14)
    at process.processTicksAndRejections (node:internal/process/task_queues:95:5)
    at async exec (/usr/src/app/test/integration/test-runner.js:578:9)
    at async Object.run (/usr/src/app/test/integration/test-runner.js:316:5)
    at async start (/usr/src/app/test/integration/index.js:331:11)</failure>
    </testcase>
  </testsuite>
  <testsuite id="2024-04-03T14:30:15.357Z" name="free/indices.forcemerge - /free/indices.forcemerge/10_basic.yml" time="31" tests="3" failures="1" skipped="0">
    <testcase id="2024-04-03T14:30:15.357Z" name="Force merge index tests" file="node_v20.12.0: /free/indices.forcemerge/10_basic.yml" time="0"/>
    <testcase id="2024-04-03T14:30:15.706Z" name="Force merge with incompatible only_expunge_deletes and max_num_segments values" file="node_v20.12.0: /free/indices.forcemerge/10_basic.yml" time="0">
      <failure message="the error should match: bad_request, found undefined: expected false to be truthy">AssertionError: the error should match: bad_request, found undefined: expected false to be truthy
    at doAction (/usr/src/app/test/integration/test-runner.js:544:14)
    at process.processTicksAndRejections (node:internal/process/task_queues:95:5)
    at async exec (/usr/src/app/test/integration/test-runner.js:578:9)
    at async Object.run (/usr/src/app/test/integration/test-runner.js:316:5)
    at async start (/usr/src/app/test/integration/index.js:331:11)</failure>
    </testcase>
    <testcase id="2024-04-03T14:30:15.755Z" name="Force merge with wait_for_completion parameter" file="node_v20.12.0: /free/indices.forcemerge/10_basic.yml" time="30"/>
  </testsuite>
  <testsuite id="2024-04-03T14:30:46.143Z" name="free/indices.get - /free/indices.get/10_basic.yml" time="0" tests="13" failures="0" skipped="13">
    <testcase id="2024-04-03T14:30:46.143Z" name="Get index infos" file="node_v20.12.0: /free/indices.get/10_basic.yml" time="0">
      <skipped>{
  "features": [
    "allowed_warnings"
  ]
}</skipped>
    </testcase>
    <testcase id="2024-04-03T14:30:46.143Z" name="Get index infos should work for wildcards" file="node_v20.12.0: /free/indices.get/10_basic.yml" time="0">
      <skipped>{
  "features": [
    "allowed_warnings"
  ]
}</skipped>
    </testcase>
    <testcase id="2024-04-03T14:30:46.143Z" name="Get index infos with human settings should return index creation date and version in readable format" file="node_v20.12.0: /free/indices.get/10_basic.yml" time="0">
      <skipped>{
  "features": [
    "allowed_warnings"
  ]
}</skipped>
    </testcase>
    <testcase id="2024-04-03T14:30:46.143Z" name="Get index infos by default shouldn't return index creation date and version in readable format" file="node_v20.12.0: /free/indices.get/10_basic.yml" time="0">
      <skipped>{
  "features": [
    "allowed_warnings"
  ]
}</skipped>
    </testcase>
    <testcase id="2024-04-03T14:30:46.143Z" name="Missing index should throw an Error" file="node_v20.12.0: /free/indices.get/10_basic.yml" time="0">
      <skipped>{
  "features": [
    "allowed_warnings"
  ]
}</skipped>
    </testcase>
    <testcase id="2024-04-03T14:30:46.143Z" name="Missing index should return empty object if ignore_unavailable" file="node_v20.12.0: /free/indices.get/10_basic.yml" time="0">
      <skipped>{
  "features": [
    "allowed_warnings"
  ]
}</skipped>
    </testcase>
    <testcase id="2024-04-03T14:30:46.143Z" name="Should return empty object if allow_no_indices" file="node_v20.12.0: /free/indices.get/10_basic.yml" time="0">
      <skipped>{
  "features": [
    "allowed_warnings"
  ]
}</skipped>
    </testcase>
    <testcase id="2024-04-03T14:30:46.143Z" name="Should throw error if allow_no_indices=false" file="node_v20.12.0: /free/indices.get/10_basic.yml" time="0">
      <skipped>{
  "features": [
    "allowed_warnings"
  ]
}</skipped>
    </testcase>
    <testcase id="2024-04-03T14:30:46.143Z" name="Should return test_index_2 if expand_wildcards=open" file="node_v20.12.0: /free/indices.get/10_basic.yml" time="0">
      <skipped>{
  "features": [
    "allowed_warnings"
  ]
}</skipped>
    </testcase>
    <testcase id="2024-04-03T14:30:46.143Z" name="Should return test_index_3 if expand_wildcards=closed" file="node_v20.12.0: /free/indices.get/10_basic.yml" time="0">
      <skipped>{
  "features": [
    "allowed_warnings"
  ]
}</skipped>
    </testcase>
    <testcase id="2024-04-03T14:30:46.143Z" name="Should return test_index_2 and test_index_3 if expand_wildcards=open,closed" file="node_v20.12.0: /free/indices.get/10_basic.yml" time="0">
      <skipped>{
  "features": [
    "allowed_warnings"
  ]
}</skipped>
    </testcase>
    <testcase id="2024-04-03T14:30:46.143Z" name="Should return an exception when querying invalid indices" file="node_v20.12.0: /free/indices.get/10_basic.yml" time="0">
      <skipped>{
  "features": [
    "allowed_warnings"
  ]
}</skipped>
    </testcase>
    <testcase id="2024-04-03T14:30:46.143Z" name="Should return only selected features" file="node_v20.12.0: /free/indices.get/10_basic.yml" time="0">
      <skipped>{
  "features": [
    "allowed_warnings"
  ]
}</skipped>
    </testcase>
  </testsuite>
  <testsuite id="2024-04-03T14:30:46.147Z" name="free/indices.get_alias - /free/indices.get_alias/10_basic.yml" time="8" tests="24" failures="7" skipped="0">
    <testcase id="2024-04-03T14:30:46.147Z" name="Get all aliases via /_alias" file="node_v20.12.0: /free/indices.get_alias/10_basic.yml" time="0"/>
    <testcase id="2024-04-03T14:30:46.598Z" name="Get aliases via /_alias/_all" file="node_v20.12.0: /free/indices.get_alias/10_basic.yml" time="0"/>
    <testcase id="2024-04-03T14:30:47.017Z" name="Get aliases via /_alias/*" file="node_v20.12.0: /free/indices.get_alias/10_basic.yml" time="1"/>
    <testcase id="2024-04-03T14:30:47.538Z" name="Get all aliases via /{index}/_alias/" file="node_v20.12.0: /free/indices.get_alias/10_basic.yml" time="0"/>
    <testcase id="2024-04-03T14:30:48.006Z" name="Get aliases via /_all/_alias/" file="node_v20.12.0: /free/indices.get_alias/10_basic.yml" time="0"/>
    <testcase id="2024-04-03T14:30:48.479Z" name="Get aliases via /*/_alias/" file="node_v20.12.0: /free/indices.get_alias/10_basic.yml" time="0"/>
    <testcase id="2024-04-03T14:30:48.949Z" name="Get and index with no aliases via /{index}/_alias/" file="node_v20.12.0: /free/indices.get_alias/10_basic.yml" time="1"/>
    <testcase id="2024-04-03T14:30:49.473Z" name="Get specific alias via /{index}/_alias/{name}" file="node_v20.12.0: /free/indices.get_alias/10_basic.yml" time="0"/>
    <testcase id="2024-04-03T14:30:49.895Z" name="Get aliases via /{index}/_alias/_all" file="node_v20.12.0: /free/indices.get_alias/10_basic.yml" time="1"/>
    <testcase id="2024-04-03T14:30:50.421Z" name="Get aliases via /{index}/_alias/*" file="node_v20.12.0: /free/indices.get_alias/10_basic.yml" time="0"/>
    <testcase id="2024-04-03T14:30:50.832Z" name="Get aliases via /{index}/_alias/prefix*" file="node_v20.12.0: /free/indices.get_alias/10_basic.yml" time="0"/>
    <testcase id="2024-04-03T14:30:51.276Z" name="Get aliases via /{index}/_alias/name,name" file="node_v20.12.0: /free/indices.get_alias/10_basic.yml" time="0"/>
    <testcase id="2024-04-03T14:30:51.723Z" name="Get aliases via /_alias/{name}" file="node_v20.12.0: /free/indices.get_alias/10_basic.yml" time="0"/>
    <testcase id="2024-04-03T14:30:52.096Z" name="Get aliases via /_all/_alias/{name}" file="node_v20.12.0: /free/indices.get_alias/10_basic.yml" time="0"/>
    <testcase id="2024-04-03T14:30:52.538Z" name="Get aliases via /*/_alias/{name}" file="node_v20.12.0: /free/indices.get_alias/10_basic.yml" time="0"/>
    <testcase id="2024-04-03T14:30:52.997Z" name="Get aliases via /*suf/_alias/{name}" file="node_v20.12.0: /free/indices.get_alias/10_basic.yml" time="0"/>
    <testcase id="2024-04-03T14:30:53.382Z" name="Get aliases via /name,name/_alias/{name}" file="node_v20.12.0: /free/indices.get_alias/10_basic.yml" time="0"/>
    <testcase id="2024-04-03T14:30:53.830Z" name="Non-existent alias on an existing index returns 404" file="node_v20.12.0: /free/indices.get_alias/10_basic.yml" time="0">
      <failure message="the error should match: missing, found undefined: expected false to be truthy">AssertionError: the error should match: missing, found undefined: expected false to be truthy
    at doAction (/usr/src/app/test/integration/test-runner.js:544:14)
    at process.processTicksAndRejections (node:internal/process/task_queues:95:5)
    at async exec (/usr/src/app/test/integration/test-runner.js:578:9)
    at async Object.run (/usr/src/app/test/integration/test-runner.js:316:5)
    at async start (/usr/src/app/test/integration/index.js:331:11)</failure>
    </testcase>
    <testcase id="2024-04-03T14:30:53.987Z" name="Existent and non-existent alias returns 404 and the existing alias" file="node_v20.12.0: /free/indices.get_alias/10_basic.yml" time="0">
      <failure message="Cannot convert undefined or null to object">TypeError: Cannot convert undefined or null to object
    at Function.entries (&lt;anonymous&gt;)
    at doRedact (/usr/src/app/node_modules/@elastic/transport/lib/security.js:22:16)
    at /usr/src/app/node_modules/@elastic/transport/lib/security.js:30:44
    at Array.map (&lt;anonymous&gt;)
    at /usr/src/app/node_modules/@elastic/transport/lib/security.js:30:35
    at Array.forEach (&lt;anonymous&gt;)
    at doRedact (/usr/src/app/node_modules/@elastic/transport/lib/security.js:22:29)
    at /usr/src/app/node_modules/@elastic/transport/lib/security.js:36:33
    at Array.forEach (&lt;anonymous&gt;)
    at doRedact (/usr/src/app/node_modules/@elastic/transport/lib/security.js:22:29)</failure>
    </testcase>
    <testcase id="2024-04-03T14:30:54.005Z" name="Existent and non-existent aliases returns 404 and the existing alias" file="node_v20.12.0: /free/indices.get_alias/10_basic.yml" time="0">
      <failure message="Cannot convert undefined or null to object">TypeError: Cannot convert undefined or null to object
    at Function.entries (&lt;anonymous&gt;)
    at doRedact (/usr/src/app/node_modules/@elastic/transport/lib/security.js:22:16)
    at /usr/src/app/node_modules/@elastic/transport/lib/security.js:30:44
    at Array.map (&lt;anonymous&gt;)
    at /usr/src/app/node_modules/@elastic/transport/lib/security.js:30:35
    at Array.forEach (&lt;anonymous&gt;)
    at doRedact (/usr/src/app/node_modules/@elastic/transport/lib/security.js:22:29)
    at /usr/src/app/node_modules/@elastic/transport/lib/security.js:36:33
    at Array.forEach (&lt;anonymous&gt;)
    at doRedact (/usr/src/app/node_modules/@elastic/transport/lib/security.js:22:29)</failure>
    </testcase>
    <testcase id="2024-04-03T14:30:54.030Z" name="Getting alias on an non-existent index should return 404" file="node_v20.12.0: /free/indices.get_alias/10_basic.yml" time="0">
      <failure message="Cannot convert undefined or null to object">TypeError: Cannot convert undefined or null to object
    at Function.entries (&lt;anonymous&gt;)
    at doRedact (/usr/src/app/node_modules/@elastic/transport/lib/security.js:22:16)
    at /usr/src/app/node_modules/@elastic/transport/lib/security.js:30:44
    at Array.map (&lt;anonymous&gt;)
    at /usr/src/app/node_modules/@elastic/transport/lib/security.js:30:35
    at Array.forEach (&lt;anonymous&gt;)
    at doRedact (/usr/src/app/node_modules/@elastic/transport/lib/security.js:22:29)
    at /usr/src/app/node_modules/@elastic/transport/lib/security.js:36:33
    at Array.forEach (&lt;anonymous&gt;)
    at doRedact (/usr/src/app/node_modules/@elastic/transport/lib/security.js:22:29)</failure>
    </testcase>
    <testcase id="2024-04-03T14:30:54.049Z" name="Get alias with local flag" file="node_v20.12.0: /free/indices.get_alias/10_basic.yml" time="0">
      <failure message="Cannot convert undefined or null to object">TypeError: Cannot convert undefined or null to object
    at Function.entries (&lt;anonymous&gt;)
    at doRedact (/usr/src/app/node_modules/@elastic/transport/lib/security.js:22:16)
    at /usr/src/app/node_modules/@elastic/transport/lib/security.js:30:44
    at Array.map (&lt;anonymous&gt;)
    at /usr/src/app/node_modules/@elastic/transport/lib/security.js:30:35
    at Array.forEach (&lt;anonymous&gt;)
    at doRedact (/usr/src/app/node_modules/@elastic/transport/lib/security.js:22:29)
    at /usr/src/app/node_modules/@elastic/transport/lib/security.js:36:33
    at Array.forEach (&lt;anonymous&gt;)
    at doRedact (/usr/src/app/node_modules/@elastic/transport/lib/security.js:22:29)</failure>
    </testcase>
    <testcase id="2024-04-03T14:30:54.066Z" name="Get alias against closed indices" file="node_v20.12.0: /free/indices.get_alias/10_basic.yml" time="0">
      <failure message="Cannot convert undefined or null to object">TypeError: Cannot convert undefined or null to object
    at Function.entries (&lt;anonymous&gt;)
    at doRedact (/usr/src/app/node_modules/@elastic/transport/lib/security.js:22:16)
    at /usr/src/app/node_modules/@elastic/transport/lib/security.js:30:44
    at Array.map (&lt;anonymous&gt;)
    at /usr/src/app/node_modules/@elastic/transport/lib/security.js:30:35
    at Array.forEach (&lt;anonymous&gt;)
    at doRedact (/usr/src/app/node_modules/@elastic/transport/lib/security.js:22:29)
    at /usr/src/app/node_modules/@elastic/transport/lib/security.js:36:33
    at Array.forEach (&lt;anonymous&gt;)
    at doRedact (/usr/src/app/node_modules/@elastic/transport/lib/security.js:22:29)</failure>
    </testcase>
    <testcase id="2024-04-03T14:30:54.081Z" name="Deprecated local parameter" file="node_v20.12.0: /free/indices.get_alias/10_basic.yml" time="0">
      <failure message="Cannot convert undefined or null to object">TypeError: Cannot convert undefined or null to object
    at Function.entries (&lt;anonymous&gt;)
    at doRedact (/usr/src/app/node_modules/@elastic/transport/lib/security.js:22:16)
    at /usr/src/app/node_modules/@elastic/transport/lib/security.js:30:44
    at Array.map (&lt;anonymous&gt;)
    at /usr/src/app/node_modules/@elastic/transport/lib/security.js:30:35
    at Array.forEach (&lt;anonymous&gt;)
    at doRedact (/usr/src/app/node_modules/@elastic/transport/lib/security.js:22:29)
    at /usr/src/app/node_modules/@elastic/transport/lib/security.js:36:33
    at Array.forEach (&lt;anonymous&gt;)
    at doRedact (/usr/src/app/node_modules/@elastic/transport/lib/security.js:22:29)</failure>
    </testcase>
  </testsuite>
  <testsuite id="2024-04-03T14:30:54.097Z" name="free/indices.get_alias - /free/indices.get_alias/20_empty.yml" time="0" tests="1" failures="1" skipped="0">
    <testcase id="2024-04-03T14:30:54.097Z" name="Check empty aliases when getting all aliases via /_alias" file="node_v20.12.0: /free/indices.get_alias/20_empty.yml" time="0">
      <failure message="Cannot convert undefined or null to object">TypeError: Cannot convert undefined or null to object
    at Function.entries (&lt;anonymous&gt;)
    at doRedact (/usr/src/app/node_modules/@elastic/transport/lib/security.js:22:16)
    at /usr/src/app/node_modules/@elastic/transport/lib/security.js:30:44
    at Array.map (&lt;anonymous&gt;)
    at /usr/src/app/node_modules/@elastic/transport/lib/security.js:30:35
    at Array.forEach (&lt;anonymous&gt;)
    at doRedact (/usr/src/app/node_modules/@elastic/transport/lib/security.js:22:29)
    at /usr/src/app/node_modules/@elastic/transport/lib/security.js:36:33
    at Array.forEach (&lt;anonymous&gt;)
    at doRedact (/usr/src/app/node_modules/@elastic/transport/lib/security.js:22:29)</failure>
    </testcase>
  </testsuite>
  <testsuite id="2024-04-03T14:30:54.111Z" name="free/indices.get_alias - /free/indices.get_alias/30_wildcards.yml" time="0" tests="7" failures="7" skipped="0">
    <testcase id="2024-04-03T14:30:54.111Z" name="Get aliases wildcard and inclusion" file="node_v20.12.0: /free/indices.get_alias/30_wildcards.yml" time="0">
      <failure message="Cannot convert undefined or null to object">TypeError: Cannot convert undefined or null to object
    at Function.entries (&lt;anonymous&gt;)
    at doRedact (/usr/src/app/node_modules/@elastic/transport/lib/security.js:22:16)
    at /usr/src/app/node_modules/@elastic/transport/lib/security.js:30:44
    at Array.map (&lt;anonymous&gt;)
    at /usr/src/app/node_modules/@elastic/transport/lib/security.js:30:35
    at Array.forEach (&lt;anonymous&gt;)
    at doRedact (/usr/src/app/node_modules/@elastic/transport/lib/security.js:22:29)
    at /usr/src/app/node_modules/@elastic/transport/lib/security.js:36:33
    at Array.forEach (&lt;anonymous&gt;)
    at doRedact (/usr/src/app/node_modules/@elastic/transport/lib/security.js:22:29)</failure>
    </testcase>
    <testcase id="2024-04-03T14:30:54.126Z" name="Get aliases wildcard and simple exclusion" file="node_v20.12.0: /free/indices.get_alias/30_wildcards.yml" time="0">
      <failure message="Cannot convert undefined or null to object">TypeError: Cannot convert undefined or null to object
    at Function.entries (&lt;anonymous&gt;)
    at doRedact (/usr/src/app/node_modules/@elastic/transport/lib/security.js:22:16)
    at /usr/src/app/node_modules/@elastic/transport/lib/security.js:30:44
    at Array.map (&lt;anonymous&gt;)
    at /usr/src/app/node_modules/@elastic/transport/lib/security.js:30:35
    at Array.forEach (&lt;anonymous&gt;)
    at doRedact (/usr/src/app/node_modules/@elastic/transport/lib/security.js:22:29)
    at /usr/src/app/node_modules/@elastic/transport/lib/security.js:36:33
    at Array.forEach (&lt;anonymous&gt;)
    at doRedact (/usr/src/app/node_modules/@elastic/transport/lib/security.js:22:29)</failure>
    </testcase>
    <testcase id="2024-04-03T14:30:54.144Z" name="Get aliases and wildcard exclusion" file="node_v20.12.0: /free/indices.get_alias/30_wildcards.yml" time="0">
      <failure message="Cannot convert undefined or null to object">TypeError: Cannot convert undefined or null to object
    at Function.entries (&lt;anonymous&gt;)
    at doRedact (/usr/src/app/node_modules/@elastic/transport/lib/security.js:22:16)
    at /usr/src/app/node_modules/@elastic/transport/lib/security.js:30:44
    at Array.map (&lt;anonymous&gt;)
    at /usr/src/app/node_modules/@elastic/transport/lib/security.js:30:35
    at Array.forEach (&lt;anonymous&gt;)
    at doRedact (/usr/src/app/node_modules/@elastic/transport/lib/security.js:22:29)
    at /usr/src/app/node_modules/@elastic/transport/lib/security.js:36:33
    at Array.forEach (&lt;anonymous&gt;)
    at doRedact (/usr/src/app/node_modules/@elastic/transport/lib/security.js:22:29)</failure>
    </testcase>
    <testcase id="2024-04-03T14:30:54.163Z" name="Non-existent exclusion alias before wildcard returns 404" file="node_v20.12.0: /free/indices.get_alias/30_wildcards.yml" time="0">
      <failure message="Cannot convert undefined or null to object">TypeError: Cannot convert undefined or null to object
    at Function.entries (&lt;anonymous&gt;)
    at doRedact (/usr/src/app/node_modules/@elastic/transport/lib/security.js:22:16)
    at /usr/src/app/node_modules/@elastic/transport/lib/security.js:30:44
    at Array.map (&lt;anonymous&gt;)
    at /usr/src/app/node_modules/@elastic/transport/lib/security.js:30:35
    at Array.forEach (&lt;anonymous&gt;)
    at doRedact (/usr/src/app/node_modules/@elastic/transport/lib/security.js:22:29)
    at /usr/src/app/node_modules/@elastic/transport/lib/security.js:36:33
    at Array.forEach (&lt;anonymous&gt;)
    at doRedact (/usr/src/app/node_modules/@elastic/transport/lib/security.js:22:29)</failure>
    </testcase>
    <testcase id="2024-04-03T14:30:54.187Z" name="Missing exclusions does not fire 404" file="node_v20.12.0: /free/indices.get_alias/30_wildcards.yml" time="0">
      <failure message="Cannot convert undefined or null to object">TypeError: Cannot convert undefined or null to object
    at Function.entries (&lt;anonymous&gt;)
    at doRedact (/usr/src/app/node_modules/@elastic/transport/lib/security.js:22:16)
    at /usr/src/app/node_modules/@elastic/transport/lib/security.js:30:44
    at Array.map (&lt;anonymous&gt;)
    at /usr/src/app/node_modules/@elastic/transport/lib/security.js:30:35
    at Array.forEach (&lt;anonymous&gt;)
    at doRedact (/usr/src/app/node_modules/@elastic/transport/lib/security.js:22:29)
    at /usr/src/app/node_modules/@elastic/transport/lib/security.js:36:33
    at Array.forEach (&lt;anonymous&gt;)
    at doRedact (/usr/src/app/node_modules/@elastic/transport/lib/security.js:22:29)</failure>
    </testcase>
    <testcase id="2024-04-03T14:30:54.202Z" name="Exclusion of non wildcarded aliases" file="node_v20.12.0: /free/indices.get_alias/30_wildcards.yml" time="0">
      <failure message="Cannot convert undefined or null to object">TypeError: Cannot convert undefined or null to object
    at Function.entries (&lt;anonymous&gt;)
    at doRedact (/usr/src/app/node_modules/@elastic/transport/lib/security.js:22:16)
    at /usr/src/app/node_modules/@elastic/transport/lib/security.js:30:44
    at Array.map (&lt;anonymous&gt;)
    at /usr/src/app/node_modules/@elastic/transport/lib/security.js:30:35
    at Array.forEach (&lt;anonymous&gt;)
    at doRedact (/usr/src/app/node_modules/@elastic/transport/lib/security.js:22:29)
    at /usr/src/app/node_modules/@elastic/transport/lib/security.js:36:33
    at Array.forEach (&lt;anonymous&gt;)
    at doRedact (/usr/src/app/node_modules/@elastic/transport/lib/security.js:22:29)</failure>
    </testcase>
    <testcase id="2024-04-03T14:30:54.216Z" name="Wildcard exclusions does not trigger 404" file="node_v20.12.0: /free/indices.get_alias/30_wildcards.yml" time="0">
      <failure message="Cannot convert undefined or null to object">TypeError: Cannot convert undefined or null to object
    at Function.entries (&lt;anonymous&gt;)
    at doRedact (/usr/src/app/node_modules/@elastic/transport/lib/security.js:22:16)
    at /usr/src/app/node_modules/@elastic/transport/lib/security.js:30:44
    at Array.map (&lt;anonymous&gt;)
    at /usr/src/app/node_modules/@elastic/transport/lib/security.js:30:35
    at Array.forEach (&lt;anonymous&gt;)
    at doRedact (/usr/src/app/node_modules/@elastic/transport/lib/security.js:22:29)
    at /usr/src/app/node_modules/@elastic/transport/lib/security.js:36:33
    at Array.forEach (&lt;anonymous&gt;)
    at doRedact (/usr/src/app/node_modules/@elastic/transport/lib/security.js:22:29)</failure>
    </testcase>
  </testsuite>
  <testsuite id="2024-04-03T14:30:54.231Z" name="free/indices.get_field_mapping - /free/indices.get_field_mapping/10_basic.yml" time="0" tests="5" failures="5" skipped="0">
    <testcase id="2024-04-03T14:30:54.231Z" name="Get field mapping with no index" file="node_v20.12.0: /free/indices.get_field_mapping/10_basic.yml" time="0">
      <failure message="Cannot convert undefined or null to object">TypeError: Cannot convert undefined or null to object
    at Function.entries (&lt;anonymous&gt;)
    at doRedact (/usr/src/app/node_modules/@elastic/transport/lib/security.js:22:16)
    at /usr/src/app/node_modules/@elastic/transport/lib/security.js:30:44
    at Array.map (&lt;anonymous&gt;)
    at /usr/src/app/node_modules/@elastic/transport/lib/security.js:30:35
    at Array.forEach (&lt;anonymous&gt;)
    at doRedact (/usr/src/app/node_modules/@elastic/transport/lib/security.js:22:29)
    at /usr/src/app/node_modules/@elastic/transport/lib/security.js:36:33
    at Array.forEach (&lt;anonymous&gt;)
    at doRedact (/usr/src/app/node_modules/@elastic/transport/lib/security.js:22:29)</failure>
    </testcase>
    <testcase id="2024-04-03T14:30:54.246Z" name="Get field mapping by index only" file="node_v20.12.0: /free/indices.get_field_mapping/10_basic.yml" time="0">
      <failure message="Cannot convert undefined or null to object">TypeError: Cannot convert undefined or null to object
    at Function.entries (&lt;anonymous&gt;)
    at doRedact (/usr/src/app/node_modules/@elastic/transport/lib/security.js:22:16)
    at /usr/src/app/node_modules/@elastic/transport/lib/security.js:30:44
    at Array.map (&lt;anonymous&gt;)
    at /usr/src/app/node_modules/@elastic/transport/lib/security.js:30:35
    at Array.forEach (&lt;anonymous&gt;)
    at doRedact (/usr/src/app/node_modules/@elastic/transport/lib/security.js:22:29)
    at /usr/src/app/node_modules/@elastic/transport/lib/security.js:36:33
    at Array.forEach (&lt;anonymous&gt;)
    at doRedact (/usr/src/app/node_modules/@elastic/transport/lib/security.js:22:29)</failure>
    </testcase>
    <testcase id="2024-04-03T14:30:54.261Z" name="Get field mapping by field, with another field that doesn't exist" file="node_v20.12.0: /free/indices.get_field_mapping/10_basic.yml" time="0">
      <failure message="Cannot convert undefined or null to object">TypeError: Cannot convert undefined or null to object
    at Function.entries (&lt;anonymous&gt;)
    at doRedact (/usr/src/app/node_modules/@elastic/transport/lib/security.js:22:16)
    at /usr/src/app/node_modules/@elastic/transport/lib/security.js:30:44
    at Array.map (&lt;anonymous&gt;)
    at /usr/src/app/node_modules/@elastic/transport/lib/security.js:30:35
    at Array.forEach (&lt;anonymous&gt;)
    at doRedact (/usr/src/app/node_modules/@elastic/transport/lib/security.js:22:29)
    at /usr/src/app/node_modules/@elastic/transport/lib/security.js:36:33
    at Array.forEach (&lt;anonymous&gt;)
    at doRedact (/usr/src/app/node_modules/@elastic/transport/lib/security.js:22:29)</failure>
    </testcase>
    <testcase id="2024-04-03T14:30:54.275Z" name="Get field mapping with include_defaults" file="node_v20.12.0: /free/indices.get_field_mapping/10_basic.yml" time="0">
      <failure message="Cannot convert undefined or null to object">TypeError: Cannot convert undefined or null to object
    at Function.entries (&lt;anonymous&gt;)
    at doRedact (/usr/src/app/node_modules/@elastic/transport/lib/security.js:22:16)
    at /usr/src/app/node_modules/@elastic/transport/lib/security.js:30:44
    at Array.map (&lt;anonymous&gt;)
    at /usr/src/app/node_modules/@elastic/transport/lib/security.js:30:35
    at Array.forEach (&lt;anonymous&gt;)
    at doRedact (/usr/src/app/node_modules/@elastic/transport/lib/security.js:22:29)
    at /usr/src/app/node_modules/@elastic/transport/lib/security.js:36:33
    at Array.forEach (&lt;anonymous&gt;)
    at doRedact (/usr/src/app/node_modules/@elastic/transport/lib/security.js:22:29)</failure>
    </testcase>
    <testcase id="2024-04-03T14:30:54.289Z" name="Get field mapping with local parameter should fail" file="node_v20.12.0: /free/indices.get_field_mapping/10_basic.yml" time="0">
      <failure message="Cannot convert undefined or null to object">TypeError: Cannot convert undefined or null to object
    at Function.entries (&lt;anonymous&gt;)
    at doRedact (/usr/src/app/node_modules/@elastic/transport/lib/security.js:22:16)
    at /usr/src/app/node_modules/@elastic/transport/lib/security.js:30:44
    at Array.map (&lt;anonymous&gt;)
    at /usr/src/app/node_modules/@elastic/transport/lib/security.js:30:35
    at Array.forEach (&lt;anonymous&gt;)
    at doRedact (/usr/src/app/node_modules/@elastic/transport/lib/security.js:22:29)
    at /usr/src/app/node_modules/@elastic/transport/lib/security.js:36:33
    at Array.forEach (&lt;anonymous&gt;)
    at doRedact (/usr/src/app/node_modules/@elastic/transport/lib/security.js:22:29)</failure>
    </testcase>
  </testsuite>
  <testsuite id="2024-04-03T14:30:54.303Z" name="free/indices.get_field_mapping - /free/indices.get_field_mapping/20_missing_field.yml" time="0" tests="1" failures="1" skipped="0">
    <testcase id="2024-04-03T14:30:54.303Z" name="Return empty object if field doesn't exist, but index does" file="node_v20.12.0: /free/indices.get_field_mapping/20_missing_field.yml" time="0">
      <failure message="Cannot convert undefined or null to object">TypeError: Cannot convert undefined or null to object
    at Function.entries (&lt;anonymous&gt;)
    at doRedact (/usr/src/app/node_modules/@elastic/transport/lib/security.js:22:16)
    at /usr/src/app/node_modules/@elastic/transport/lib/security.js:30:44
    at Array.map (&lt;anonymous&gt;)
    at /usr/src/app/node_modules/@elastic/transport/lib/security.js:30:35
    at Array.forEach (&lt;anonymous&gt;)
    at doRedact (/usr/src/app/node_modules/@elastic/transport/lib/security.js:22:29)
    at /usr/src/app/node_modules/@elastic/transport/lib/security.js:36:33
    at Array.forEach (&lt;anonymous&gt;)
    at doRedact (/usr/src/app/node_modules/@elastic/transport/lib/security.js:22:29)</failure>
    </testcase>
  </testsuite>
  <testsuite id="2024-04-03T14:30:54.317Z" name="free/indices.get_field_mapping - /free/indices.get_field_mapping/40_missing_index.yml" time="0" tests="1" failures="1" skipped="0">
    <testcase id="2024-04-03T14:30:54.317Z" name="Raise 404 when index doesn't exist" file="node_v20.12.0: /free/indices.get_field_mapping/40_missing_index.yml" time="0">
      <failure message="Expecting an error, but instead got null, the response was {&quot;body&quot;:{&quot;test_index&quot;:{&quot;mappings&quot;:{}}},&quot;statusCode&quot;:200,&quot;headers&quot;:{&quot;x-elastic-product&quot;:&quot;Elasticsearch&quot;,&quot;content-type&quot;:&quot;application/json&quot;,&quot;content-length&quot;:&quot;30&quot;},&quot;meta&quot;:{&quot;context&quot;:null,&quot;request&quot;:{&quot;params&quot;:{&quot;method&quot;:&quot;GET&quot;,&quot;path&quot;:&quot;/test_index/_mapping/field/field&quot;,&quot;querystring&quot;:&quot;&quot;,&quot;headers&quot;:{&quot;user-agent&quot;:&quot;elasticsearch-js/8.13.1 (linux 6.6.23-1-lts-x64; Node.js 20.12.0; Transport 8.5.0)&quot;,&quot;x-elastic-client-meta&quot;:&quot;es=8.13.1,js=20.12.0,t=8.5.0,hc=20.12.0&quot;,&quot;authorization&quot;:&quot;Basic ZWxhc3RpYzpjaGFuZ2VtZQ==&quot;,&quot;accept&quot;:&quot;application/vnd.elasticsearch+json; compatible-with=8,text/plain&quot;}},&quot;options&quot;:{&quot;ignore&quot;:[null],&quot;meta&quot;:true},&quot;id&quot;:21502},&quot;name&quot;:&quot;elasticsearch-js&quot;,&quot;connection&quot;:{&quot;url&quot;:&quot;http://instance:9200/&quot;,&quot;id&quot;:&quot;http://instance:9200/&quot;,&quot;headers&quot;:{&quot;user-agent&quot;:&quot;elasticsearch-js/8.13.1 (linux 6.6.23-1-lts-x64; Node.js 20.12.0; Transport 8.5.0)&quot;,&quot;x-elastic-client-meta&quot;:&quot;es=8.13.1,js=20.12.0,t=8.5.0,hc=20.12.0&quot;},&quot;status&quot;:&quot;alive&quot;},&quot;attempts&quot;:0,&quot;aborted&quot;:false},&quot;warnings&quot;:null}: expected null to be truthy">AssertionError: Expecting an error, but instead got null, the response was {"body":{"test_index":{"mappings":{}}},"statusCode":200,"headers":{"x-elastic-product":"Elasticsearch","content-type":"application/json","content-length":"30"},"meta":{"context":null,"request":{"params":{"method":"GET","path":"/test_index/_mapping/field/field","querystring":"","headers":{"user-agent":"elasticsearch-js/8.13.1 (linux 6.6.23-1-lts-x64; Node.js 20.12.0; Transport 8.5.0)","x-elastic-client-meta":"es=8.13.1,js=20.12.0,t=8.5.0,hc=20.12.0","authorization":"Basic ZWxhc3RpYzpjaGFuZ2VtZQ==","accept":"application/vnd.elasticsearch+json; compatible-with=8,text/plain"}},"options":{"ignore":[null],"meta":true},"id":21502},"name":"elasticsearch-js","connection":{"url":"http://instance:9200/","id":"http://instance:9200/","headers":{"user-agent":"elasticsearch-js/8.13.1 (linux 6.6.23-1-lts-x64; Node.js 20.12.0; Transport 8.5.0)","x-elastic-client-meta":"es=8.13.1,js=20.12.0,t=8.5.0,hc=20.12.0"},"status":"alive"},"attempts":0,"aborted":false},"warnings":null}: expected null to be truthy
    at doAction (/usr/src/app/test/integration/test-runner.js:543:14)
    at process.processTicksAndRejections (node:internal/process/task_queues:95:5)
    at async exec (/usr/src/app/test/integration/test-runner.js:578:9)
    at async Object.run (/usr/src/app/test/integration/test-runner.js:316:5)
    at async start (/usr/src/app/test/integration/index.js:331:11)</failure>
    </testcase>
  </testsuite>
  <testsuite id="2024-04-03T14:30:54.335Z" name="free/indices.get_field_mapping - /free/indices.get_field_mapping/50_field_wildcards.yml" time="0" tests="7" failures="7" skipped="0">
    <testcase id="2024-04-03T14:30:54.335Z" name="Get field mapping with * for fields" file="node_v20.12.0: /free/indices.get_field_mapping/50_field_wildcards.yml" time="0">
      <failure message="Cannot convert undefined or null to object">TypeError: Cannot convert undefined or null to object
    at Function.entries (&lt;anonymous&gt;)
    at doRedact (/usr/src/app/node_modules/@elastic/transport/lib/security.js:22:16)
    at /usr/src/app/node_modules/@elastic/transport/lib/security.js:30:44
    at Array.map (&lt;anonymous&gt;)
    at /usr/src/app/node_modules/@elastic/transport/lib/security.js:30:35
    at Array.forEach (&lt;anonymous&gt;)
    at doRedact (/usr/src/app/node_modules/@elastic/transport/lib/security.js:22:29)
    at /usr/src/app/node_modules/@elastic/transport/lib/security.js:36:33
    at Array.forEach (&lt;anonymous&gt;)
    at doRedact (/usr/src/app/node_modules/@elastic/transport/lib/security.js:22:29)</failure>
    </testcase>
    <testcase id="2024-04-03T14:30:54.349Z" name="Get field mapping with t* for fields" file="node_v20.12.0: /free/indices.get_field_mapping/50_field_wildcards.yml" time="0">
      <failure message="Cannot convert undefined or null to object">TypeError: Cannot convert undefined or null to object
    at Function.entries (&lt;anonymous&gt;)
    at doRedact (/usr/src/app/node_modules/@elastic/transport/lib/security.js:22:16)
    at /usr/src/app/node_modules/@elastic/transport/lib/security.js:30:44
    at Array.map (&lt;anonymous&gt;)
    at /usr/src/app/node_modules/@elastic/transport/lib/security.js:30:35
    at Array.forEach (&lt;anonymous&gt;)
    at doRedact (/usr/src/app/node_modules/@elastic/transport/lib/security.js:22:29)
    at /usr/src/app/node_modules/@elastic/transport/lib/security.js:36:33
    at Array.forEach (&lt;anonymous&gt;)
    at doRedact (/usr/src/app/node_modules/@elastic/transport/lib/security.js:22:29)</failure>
    </testcase>
    <testcase id="2024-04-03T14:30:54.375Z" name="Get field mapping with *t1 for fields" file="node_v20.12.0: /free/indices.get_field_mapping/50_field_wildcards.yml" time="0">
      <failure message="Cannot convert undefined or null to object">TypeError: Cannot convert undefined or null to object
    at Function.entries (&lt;anonymous&gt;)
    at doRedact (/usr/src/app/node_modules/@elastic/transport/lib/security.js:22:16)
    at /usr/src/app/node_modules/@elastic/transport/lib/security.js:30:44
    at Array.map (&lt;anonymous&gt;)
    at /usr/src/app/node_modules/@elastic/transport/lib/security.js:30:35
    at Array.forEach (&lt;anonymous&gt;)
    at doRedact (/usr/src/app/node_modules/@elastic/transport/lib/security.js:22:29)
    at /usr/src/app/node_modules/@elastic/transport/lib/security.js:36:33
    at Array.forEach (&lt;anonymous&gt;)
    at doRedact (/usr/src/app/node_modules/@elastic/transport/lib/security.js:22:29)</failure>
    </testcase>
    <testcase id="2024-04-03T14:30:54.392Z" name="Get field mapping with wildcarded relative names" file="node_v20.12.0: /free/indices.get_field_mapping/50_field_wildcards.yml" time="0">
      <failure message="Cannot convert undefined or null to object">TypeError: Cannot convert undefined or null to object
    at Function.entries (&lt;anonymous&gt;)
    at doRedact (/usr/src/app/node_modules/@elastic/transport/lib/security.js:22:16)
    at /usr/src/app/node_modules/@elastic/transport/lib/security.js:30:44
    at Array.map (&lt;anonymous&gt;)
    at /usr/src/app/node_modules/@elastic/transport/lib/security.js:30:35
    at Array.forEach (&lt;anonymous&gt;)
    at doRedact (/usr/src/app/node_modules/@elastic/transport/lib/security.js:22:29)
    at /usr/src/app/node_modules/@elastic/transport/lib/security.js:36:33
    at Array.forEach (&lt;anonymous&gt;)
    at doRedact (/usr/src/app/node_modules/@elastic/transport/lib/security.js:22:29)</failure>
    </testcase>
    <testcase id="2024-04-03T14:30:54.413Z" name="Get field mapping should work using '_all' for index" file="node_v20.12.0: /free/indices.get_field_mapping/50_field_wildcards.yml" time="0">
      <failure message="Cannot convert undefined or null to object">TypeError: Cannot convert undefined or null to object
    at Function.entries (&lt;anonymous&gt;)
    at doRedact (/usr/src/app/node_modules/@elastic/transport/lib/security.js:22:16)
    at /usr/src/app/node_modules/@elastic/transport/lib/security.js:30:44
    at Array.map (&lt;anonymous&gt;)
    at /usr/src/app/node_modules/@elastic/transport/lib/security.js:30:35
    at Array.forEach (&lt;anonymous&gt;)
    at doRedact (/usr/src/app/node_modules/@elastic/transport/lib/security.js:22:29)
    at /usr/src/app/node_modules/@elastic/transport/lib/security.js:36:33
    at Array.forEach (&lt;anonymous&gt;)
    at doRedact (/usr/src/app/node_modules/@elastic/transport/lib/security.js:22:29)</failure>
    </testcase>
    <testcase id="2024-04-03T14:30:54.427Z" name="Get field mapping should work using '*' for index" file="node_v20.12.0: /free/indices.get_field_mapping/50_field_wildcards.yml" time="0">
      <failure message="Cannot convert undefined or null to object">TypeError: Cannot convert undefined or null to object
    at Function.entries (&lt;anonymous&gt;)
    at doRedact (/usr/src/app/node_modules/@elastic/transport/lib/security.js:22:16)
    at /usr/src/app/node_modules/@elastic/transport/lib/security.js:30:44
    at Array.map (&lt;anonymous&gt;)
    at /usr/src/app/node_modules/@elastic/transport/lib/security.js:30:35
    at Array.forEach (&lt;anonymous&gt;)
    at doRedact (/usr/src/app/node_modules/@elastic/transport/lib/security.js:22:29)
    at /usr/src/app/node_modules/@elastic/transport/lib/security.js:36:33
    at Array.forEach (&lt;anonymous&gt;)
    at doRedact (/usr/src/app/node_modules/@elastic/transport/lib/security.js:22:29)</failure>
    </testcase>
    <testcase id="2024-04-03T14:30:54.444Z" name="Get field mapping should work using comma_separated values for indices" file="node_v20.12.0: /free/indices.get_field_mapping/50_field_wildcards.yml" time="0">
      <failure message="Cannot convert undefined or null to object">TypeError: Cannot convert undefined or null to object
    at Function.entries (&lt;anonymous&gt;)
    at doRedact (/usr/src/app/node_modules/@elastic/transport/lib/security.js:22:16)
    at /usr/src/app/node_modules/@elastic/transport/lib/security.js:30:44
    at Array.map (&lt;anonymous&gt;)
    at /usr/src/app/node_modules/@elastic/transport/lib/security.js:30:35
    at Array.forEach (&lt;anonymous&gt;)
    at doRedact (/usr/src/app/node_modules/@elastic/transport/lib/security.js:22:29)
    at /usr/src/app/node_modules/@elastic/transport/lib/security.js:36:33
    at Array.forEach (&lt;anonymous&gt;)
    at doRedact (/usr/src/app/node_modules/@elastic/transport/lib/security.js:22:29)</failure>
    </testcase>
  </testsuite>
  <testsuite id="2024-04-03T14:30:54.462Z" name="free/indices.get_index_template - /free/indices.get_index_template/10_basic.yml" time="0" tests="8" failures="0" skipped="8">
    <testcase id="2024-04-03T14:30:54.462Z" name="Get index template" file="node_v20.12.0: /free/indices.get_index_template/10_basic.yml" time="0">
      <skipped>{
  "version": " - 7.7.99",
  "reason": "index template v2 API unavailable before 7.8",
  "features": [
    "allowed_warnings"
  ]
}</skipped>
    </testcase>
    <testcase id="2024-04-03T14:30:54.462Z" name="Get all index templates" file="node_v20.12.0: /free/indices.get_index_template/10_basic.yml" time="0">
      <skipped>{
  "version": " - 7.7.99",
  "reason": "index template v2 API unavailable before 7.8",
  "features": [
    "allowed_warnings"
  ]
}</skipped>
    </testcase>
    <testcase id="2024-04-03T14:30:54.462Z" name="Pattern matching in index templates" file="node_v20.12.0: /free/indices.get_index_template/10_basic.yml" time="0">
      <skipped>{
  "version": " - 7.7.99",
  "reason": "index template v2 API unavailable before 7.8",
  "features": [
    "allowed_warnings"
  ]
}</skipped>
    </testcase>
    <testcase id="2024-04-03T14:30:54.462Z" name="Get index template with local flag" file="node_v20.12.0: /free/indices.get_index_template/10_basic.yml" time="0">
      <skipped>{
  "version": " - 7.7.99",
  "reason": "index template v2 API unavailable before 7.8",
  "features": [
    "allowed_warnings"
  ]
}</skipped>
    </testcase>
    <testcase id="2024-04-03T14:30:54.462Z" name="Add data stream lifecycle" file="node_v20.12.0: /free/indices.get_index_template/10_basic.yml" time="0">
      <skipped>{
  "version": " - 7.7.99",
  "reason": "index template v2 API unavailable before 7.8",
  "features": [
    "allowed_warnings"
  ]
}</skipped>
    </testcase>
    <testcase id="2024-04-03T14:30:54.462Z" name="Get data stream lifecycle with default rollover" file="node_v20.12.0: /free/indices.get_index_template/10_basic.yml" time="0">
      <skipped>{
  "version": " - 7.7.99",
  "reason": "index template v2 API unavailable before 7.8",
  "features": [
    "allowed_warnings"
  ]
}</skipped>
    </testcase>
    <testcase id="2024-04-03T14:30:54.462Z" name="Reject data stream lifecycle without data stream configuration" file="node_v20.12.0: /free/indices.get_index_template/10_basic.yml" time="0">
      <skipped>{
  "version": " - 7.7.99",
  "reason": "index template v2 API unavailable before 7.8",
  "features": [
    "allowed_warnings"
  ]
}</skipped>
    </testcase>
    <testcase id="2024-04-03T14:30:54.462Z" name="Get index template always shows composed_of" file="node_v20.12.0: /free/indices.get_index_template/10_basic.yml" time="0">
      <skipped>{
  "version": " - 7.7.99",
  "reason": "index template v2 API unavailable before 7.8",
  "features": [
    "allowed_warnings"
  ]
}</skipped>
    </testcase>
  </testsuite>
  <testsuite id="2024-04-03T14:30:54.462Z" name="free/indices.get_index_template - /free/indices.get_index_template/20_get_missing.yml" time="0" tests="3" failures="3" skipped="0">
    <testcase id="2024-04-03T14:30:54.462Z" name="Get missing template" file="node_v20.12.0: /free/indices.get_index_template/20_get_missing.yml" time="0">
      <failure message="the error should match: missing, found undefined: expected false to be truthy">AssertionError: the error should match: missing, found undefined: expected false to be truthy
    at doAction (/usr/src/app/test/integration/test-runner.js:544:14)
    at process.processTicksAndRejections (node:internal/process/task_queues:95:5)
    at async exec (/usr/src/app/test/integration/test-runner.js:578:9)
    at async Object.run (/usr/src/app/test/integration/test-runner.js:316:5)
    at async start (/usr/src/app/test/integration/index.js:331:11)</failure>
    </testcase>
    <testcase id="2024-04-03T14:30:54.490Z" name="Get non-matching wildcard" file="node_v20.12.0: /free/indices.get_index_template/20_get_missing.yml" time="0">
      <failure message="the error should match: missing, found undefined: expected false to be truthy">AssertionError: the error should match: missing, found undefined: expected false to be truthy
    at doAction (/usr/src/app/test/integration/test-runner.js:544:14)
    at process.processTicksAndRejections (node:internal/process/task_queues:95:5)
    at async exec (/usr/src/app/test/integration/test-runner.js:578:9)
    at async Object.run (/usr/src/app/test/integration/test-runner.js:316:5)
    at async start (/usr/src/app/test/integration/index.js:331:11)</failure>
    </testcase>
    <testcase id="2024-04-03T14:30:54.548Z" name="Reject request containing comma" file="node_v20.12.0: /free/indices.get_index_template/20_get_missing.yml" time="0">
      <failure message="the error should match: bad_request, found undefined: expected false to be truthy">AssertionError: the error should match: bad_request, found undefined: expected false to be truthy
    at doAction (/usr/src/app/test/integration/test-runner.js:544:14)
    at process.processTicksAndRejections (node:internal/process/task_queues:95:5)
    at async exec (/usr/src/app/test/integration/test-runner.js:578:9)
    at async Object.run (/usr/src/app/test/integration/test-runner.js:316:5)
    at async start (/usr/src/app/test/integration/index.js:331:11)</failure>
    </testcase>
  </testsuite>
  <testsuite id="2024-04-03T14:30:54.605Z" name="free/indices.get_mapping - /free/indices.get_mapping/10_basic.yml" time="3" tests="7" failures="0" skipped="0">
    <testcase id="2024-04-03T14:30:54.605Z" name="Get /{index}/_mapping with empty mappings" file="node_v20.12.0: /free/indices.get_mapping/10_basic.yml" time="1"/>
    <testcase id="2024-04-03T14:30:55.178Z" name="Get /_mapping" file="node_v20.12.0: /free/indices.get_mapping/10_basic.yml" time="0"/>
    <testcase id="2024-04-03T14:30:55.609Z" name="Get /{index}/_mapping" file="node_v20.12.0: /free/indices.get_mapping/10_basic.yml" time="0"/>
    <testcase id="2024-04-03T14:30:56.009Z" name="Get /_all/_mapping" file="node_v20.12.0: /free/indices.get_mapping/10_basic.yml" time="1"/>
    <testcase id="2024-04-03T14:30:56.526Z" name="Get /*/_mapping" file="node_v20.12.0: /free/indices.get_mapping/10_basic.yml" time="0"/>
    <testcase id="2024-04-03T14:30:56.935Z" name="Get /index,index/_mapping" file="node_v20.12.0: /free/indices.get_mapping/10_basic.yml" time="1"/>
    <testcase id="2024-04-03T14:30:57.486Z" name="Get /index*/_mapping/" file="node_v20.12.0: /free/indices.get_mapping/10_basic.yml" time="0"/>
  </testsuite>
  <testsuite id="2024-04-03T14:30:57.935Z" name="free/indices.get_mapping - /free/indices.get_mapping/30_missing_index.yml" time="0" tests="4" failures="3" skipped="0">
    <testcase id="2024-04-03T14:30:57.935Z" name="Raise 404 when index doesn't exist" file="node_v20.12.0: /free/indices.get_mapping/30_missing_index.yml" time="0">
      <failure message="the error should match: missing, found undefined: expected false to be truthy">AssertionError: the error should match: missing, found undefined: expected false to be truthy
    at doAction (/usr/src/app/test/integration/test-runner.js:544:14)
    at process.processTicksAndRejections (node:internal/process/task_queues:95:5)
    at async exec (/usr/src/app/test/integration/test-runner.js:578:9)
    at async Object.run (/usr/src/app/test/integration/test-runner.js:316:5)
    at async start (/usr/src/app/test/integration/index.js:331:11)</failure>
    </testcase>
    <testcase id="2024-04-03T14:30:57.951Z" name="Index missing, no indexes" file="node_v20.12.0: /free/indices.get_mapping/30_missing_index.yml" time="0">
      <failure message="the error should match: missing, found undefined: expected false to be truthy">AssertionError: the error should match: missing, found undefined: expected false to be truthy
    at doAction (/usr/src/app/test/integration/test-runner.js:544:14)
    at process.processTicksAndRejections (node:internal/process/task_queues:95:5)
    at async exec (/usr/src/app/test/integration/test-runner.js:578:9)
    at async Object.run (/usr/src/app/test/integration/test-runner.js:316:5)
    at async start (/usr/src/app/test/integration/index.js:331:11)</failure>
    </testcase>
    <testcase id="2024-04-03T14:30:57.967Z" name="Index missing, ignore_unavailable=true" file="node_v20.12.0: /free/indices.get_mapping/30_missing_index.yml" time="0"/>
    <testcase id="2024-04-03T14:30:58.295Z" name="Index missing, ignore_unavailable=true, allow_no_indices=false" file="node_v20.12.0: /free/indices.get_mapping/30_missing_index.yml" time="0">
      <failure message="the error should match: missing, found undefined: expected false to be truthy">AssertionError: the error should match: missing, found undefined: expected false to be truthy
    at doAction (/usr/src/app/test/integration/test-runner.js:544:14)
    at process.processTicksAndRejections (node:internal/process/task_queues:95:5)
    at async exec (/usr/src/app/test/integration/test-runner.js:578:9)
    at async Object.run (/usr/src/app/test/integration/test-runner.js:316:5)
    at async start (/usr/src/app/test/integration/index.js:331:11)</failure>
    </testcase>
  </testsuite>
  <testsuite id="2024-04-03T14:30:58.324Z" name="free/indices.get_mapping - /free/indices.get_mapping/40_aliases.yml" time="0" tests="1" failures="0" skipped="0">
    <testcase id="2024-04-03T14:30:58.324Z" name="Getting mapping for aliases should return the real index as key" file="node_v20.12.0: /free/indices.get_mapping/40_aliases.yml" time="0"/>
  </testsuite>
  <testsuite id="2024-04-03T14:30:58.728Z" name="free/indices.get_mapping - /free/indices.get_mapping/50_wildcard_expansion.yml" time="0" tests="8" failures="0" skipped="8">
    <testcase id="2024-04-03T14:30:58.728Z" name="Get test-* with defaults" file="node_v20.12.0: /free/indices.get_mapping/50_wildcard_expansion.yml" time="0">
      <skipped>{
  "features": [
    "allowed_warnings"
  ]
}</skipped>
    </testcase>
    <testcase id="2024-04-03T14:30:58.728Z" name="Get test-* with wildcard_expansion=all" file="node_v20.12.0: /free/indices.get_mapping/50_wildcard_expansion.yml" time="0">
      <skipped>{
  "features": [
    "allowed_warnings"
  ]
}</skipped>
    </testcase>
    <testcase id="2024-04-03T14:30:58.728Z" name="Get test-* with wildcard_expansion=open" file="node_v20.12.0: /free/indices.get_mapping/50_wildcard_expansion.yml" time="0">
      <skipped>{
  "features": [
    "allowed_warnings"
  ]
}</skipped>
    </testcase>
    <testcase id="2024-04-03T14:30:58.728Z" name="Get test-* with wildcard_expansion=closed" file="node_v20.12.0: /free/indices.get_mapping/50_wildcard_expansion.yml" time="0">
      <skipped>{
  "features": [
    "allowed_warnings"
  ]
}</skipped>
    </testcase>
    <testcase id="2024-04-03T14:30:58.728Z" name="Get test-* with wildcard_expansion=none" file="node_v20.12.0: /free/indices.get_mapping/50_wildcard_expansion.yml" time="0">
      <skipped>{
  "features": [
    "allowed_warnings"
  ]
}</skipped>
    </testcase>
    <testcase id="2024-04-03T14:30:58.728Z" name="Get test-* with wildcard_expansion=none allow_no_indices=false" file="node_v20.12.0: /free/indices.get_mapping/50_wildcard_expansion.yml" time="0">
      <skipped>{
  "features": [
    "allowed_warnings"
  ]
}</skipped>
    </testcase>
    <testcase id="2024-04-03T14:30:58.728Z" name="Get test-* with wildcard_expansion=none ignore_unavailable=false" file="node_v20.12.0: /free/indices.get_mapping/50_wildcard_expansion.yml" time="0">
      <skipped>{
  "features": [
    "allowed_warnings"
  ]
}</skipped>
    </testcase>
    <testcase id="2024-04-03T14:30:58.728Z" name="Get test-* with wildcard_expansion=open,closed" file="node_v20.12.0: /free/indices.get_mapping/50_wildcard_expansion.yml" time="0">
      <skipped>{
  "features": [
    "allowed_warnings"
  ]
}</skipped>
    </testcase>
  </testsuite>
  <testsuite id="2024-04-03T14:30:58.729Z" name="free/indices.get_mapping - /free/indices.get_mapping/60_empty.yml" time="0" tests="1" failures="0" skipped="0">
    <testcase id="2024-04-03T14:30:58.729Z" name="Check empty mapping when getting all mappings via /_mapping" file="node_v20.12.0: /free/indices.get_mapping/60_empty.yml" time="0"/>
  </testsuite>
  <testsuite id="2024-04-03T14:30:59.216Z" name="free/indices.get_settings - /free/indices.get_settings/10_basic.yml" time="6" tests="13" failures="0" skipped="0">
    <testcase id="2024-04-03T14:30:59.216Z" name="Get /_settings" file="node_v20.12.0: /free/indices.get_settings/10_basic.yml" time="0"/>
    <testcase id="2024-04-03T14:30:59.647Z" name="Get /{index}/_settings" file="node_v20.12.0: /free/indices.get_settings/10_basic.yml" time="1"/>
    <testcase id="2024-04-03T14:31:00.237Z" name="Get /{index}/_settings/_all" file="node_v20.12.0: /free/indices.get_settings/10_basic.yml" time="0"/>
    <testcase id="2024-04-03T14:31:00.683Z" name="Get /{index}/_settings/*" file="node_v20.12.0: /free/indices.get_settings/10_basic.yml" time="0"/>
    <testcase id="2024-04-03T14:31:01.147Z" name="Get /{index}/_settings/{name}" file="node_v20.12.0: /free/indices.get_settings/10_basic.yml" time="0"/>
    <testcase id="2024-04-03T14:31:01.641Z" name="Get /{index}/_settings/{name,name}" file="node_v20.12.0: /free/indices.get_settings/10_basic.yml" time="0"/>
    <testcase id="2024-04-03T14:31:02.066Z" name="Get /{index}/_settings/{name*}" file="node_v20.12.0: /free/indices.get_settings/10_basic.yml" time="1"/>
    <testcase id="2024-04-03T14:31:02.594Z" name="Get /_settings/{name}" file="node_v20.12.0: /free/indices.get_settings/10_basic.yml" time="0"/>
    <testcase id="2024-04-03T14:31:03.038Z" name="Get /_all/_settings/{name}" file="node_v20.12.0: /free/indices.get_settings/10_basic.yml" time="0"/>
    <testcase id="2024-04-03T14:31:03.533Z" name="Get /*/_settings/{name}" file="node_v20.12.0: /free/indices.get_settings/10_basic.yml" time="1"/>
    <testcase id="2024-04-03T14:31:04.055Z" name="Get /index,index/_settings/{name}" file="node_v20.12.0: /free/indices.get_settings/10_basic.yml" time="0"/>
    <testcase id="2024-04-03T14:31:04.504Z" name="Get /index*/_settings/{name}" file="node_v20.12.0: /free/indices.get_settings/10_basic.yml" time="0"/>
    <testcase id="2024-04-03T14:31:04.966Z" name="Get /_settings with local flag" file="node_v20.12.0: /free/indices.get_settings/10_basic.yml" time="0"/>
  </testsuite>
  <testsuite id="2024-04-03T14:31:05.452Z" name="free/indices.get_settings - /free/indices.get_settings/20_aliases.yml" time="0" tests="1" failures="0" skipped="0">
    <testcase id="2024-04-03T14:31:05.452Z" name="Getting settings for aliases should return the real index as key" file="node_v20.12.0: /free/indices.get_settings/20_aliases.yml" time="0"/>
  </testsuite>
  <testsuite id="2024-04-03T14:31:05.875Z" name="free/indices.get_settings - /free/indices.get_settings/30_defaults.yml" time="0" tests="1" failures="0" skipped="0">
    <testcase id="2024-04-03T14:31:05.875Z" name="Test retrieval of default settings" file="node_v20.12.0: /free/indices.get_settings/30_defaults.yml" time="0"/>
  </testsuite>
  <testsuite id="2024-04-03T14:31:06.363Z" name="free/indices.get_template - /free/indices.get_template/10_basic.yml" time="2" tests="5" failures="0" skipped="0">
    <testcase id="2024-04-03T14:31:06.363Z" name="Get template" file="node_v20.12.0: /free/indices.get_template/10_basic.yml" time="0"/>
    <testcase id="2024-04-03T14:31:06.688Z" name="Get template with no mappings" file="node_v20.12.0: /free/indices.get_template/10_basic.yml" time="0"/>
    <testcase id="2024-04-03T14:31:07.154Z" name="Get all templates" file="node_v20.12.0: /free/indices.get_template/10_basic.yml" time="0"/>
    <testcase id="2024-04-03T14:31:07.537Z" name="Get template with local flag" file="node_v20.12.0: /free/indices.get_template/10_basic.yml" time="0"/>
    <testcase id="2024-04-03T14:31:07.865Z" name="Get template with flat settings and master timeout" file="node_v20.12.0: /free/indices.get_template/10_basic.yml" time="0"/>
  </testsuite>
  <testsuite id="2024-04-03T14:31:08.204Z" name="free/indices.get_template - /free/indices.get_template/20_get_missing.yml" time="0" tests="1" failures="1" skipped="0">
    <testcase id="2024-04-03T14:31:08.204Z" name="Get missing template" file="node_v20.12.0: /free/indices.get_template/20_get_missing.yml" time="0">
      <failure message="the error should match: missing, found undefined: expected false to be truthy">AssertionError: the error should match: missing, found undefined: expected false to be truthy
    at doAction (/usr/src/app/test/integration/test-runner.js:544:14)
    at process.processTicksAndRejections (node:internal/process/task_queues:95:5)
    at async exec (/usr/src/app/test/integration/test-runner.js:578:9)
    at async Object.run (/usr/src/app/test/integration/test-runner.js:316:5)
    at async start (/usr/src/app/test/integration/index.js:331:11)</failure>
    </testcase>
  </testsuite>
  <testsuite id="2024-04-03T14:31:08.241Z" name="free/indices.open - /free/indices.open/10_basic.yml" time="2" tests="5" failures="0" skipped="4">
    <testcase id="2024-04-03T14:31:08.241Z" name="Basic test for index open/close" file="node_v20.12.0: /free/indices.open/10_basic.yml" time="0">
      <skipped>{
  "features": [
    "allowed_warnings"
  ]
}</skipped>
    </testcase>
    <testcase id="2024-04-03T14:31:08.583Z" name="Open index with wait_for_active_shards set to all" file="node_v20.12.0: /free/indices.open/10_basic.yml" time="0">
      <skipped>{
  "features": [
    "allowed_warnings"
  ]
}</skipped>
    </testcase>
    <testcase id="2024-04-03T14:31:08.996Z" name="Close index with wait_for_active_shards set to all" file="node_v20.12.0: /free/indices.open/10_basic.yml" time="0"/>
    <testcase id="2024-04-03T14:31:09.418Z" name="Close index response with result per index" file="node_v20.12.0: /free/indices.open/10_basic.yml" time="0">
      <skipped>{
  "features": [
    "allowed_warnings"
  ]
}</skipped>
    </testcase>
    <testcase id="2024-04-03T14:31:09.714Z" name="?wait_for_active_shards=index-setting is deprecated" file="node_v20.12.0: /free/indices.open/10_basic.yml" time="0">
      <skipped>{
  "version": " - 7.99.99",
  "reason": "required deprecation warning is only emitted in 8.0 and later",
  "features": [
    "warnings",
    "node_selector"
  ]
}</skipped>
    </testcase>
  </testsuite>
  <testsuite id="2024-04-03T14:31:10.040Z" name="free/indices.open - /free/indices.open/20_multiple_indices.yml" time="1" tests="3" failures="0" skipped="3">
    <testcase id="2024-04-03T14:31:10.040Z" name="All indices" file="node_v20.12.0: /free/indices.open/20_multiple_indices.yml" time="0">
      <skipped>{
  "features": [
    "allowed_warnings"
  ]
}</skipped>
    </testcase>
    <testcase id="2024-04-03T14:31:10.441Z" name="Trailing wildcard" file="node_v20.12.0: /free/indices.open/20_multiple_indices.yml" time="1">
      <skipped>{
  "features": [
    "allowed_warnings"
  ]
}</skipped>
    </testcase>
    <testcase id="2024-04-03T14:31:10.959Z" name="Only wildcard" file="node_v20.12.0: /free/indices.open/20_multiple_indices.yml" time="0">
      <skipped>{
  "features": [
    "allowed_warnings"
  ]
}</skipped>
    </testcase>
  </testsuite>
  <testsuite id="2024-04-03T14:31:11.446Z" name="free/indices.put_alias - /free/indices.put_alias/10_basic.yml" time="0" tests="5" failures="4" skipped="0">
    <testcase id="2024-04-03T14:31:11.446Z" name="Basic test for put alias" file="node_v20.12.0: /free/indices.put_alias/10_basic.yml" time="0"/>
    <testcase id="2024-04-03T14:31:11.816Z" name="Can't create alias with invalid characters" file="node_v20.12.0: /free/indices.put_alias/10_basic.yml" time="0">
      <failure message="the error should match: bad_request, found undefined: expected false to be truthy">AssertionError: the error should match: bad_request, found undefined: expected false to be truthy
    at doAction (/usr/src/app/test/integration/test-runner.js:544:14)
    at process.processTicksAndRejections (node:internal/process/task_queues:95:5)
    at async exec (/usr/src/app/test/integration/test-runner.js:578:9)
    at async Object.run (/usr/src/app/test/integration/test-runner.js:316:5)
    at async start (/usr/src/app/test/integration/index.js:331:11)</failure>
    </testcase>
    <testcase id="2024-04-03T14:31:11.888Z" name="Can't create alias with the same name as an index" file="node_v20.12.0: /free/indices.put_alias/10_basic.yml" time="0">
      <failure message="Cannot convert undefined or null to object">TypeError: Cannot convert undefined or null to object
    at Function.entries (&lt;anonymous&gt;)
    at doRedact (/usr/src/app/node_modules/@elastic/transport/lib/security.js:22:16)
    at /usr/src/app/node_modules/@elastic/transport/lib/security.js:30:44
    at Array.map (&lt;anonymous&gt;)
    at /usr/src/app/node_modules/@elastic/transport/lib/security.js:30:35
    at Array.forEach (&lt;anonymous&gt;)
    at doRedact (/usr/src/app/node_modules/@elastic/transport/lib/security.js:22:29)
    at /usr/src/app/node_modules/@elastic/transport/lib/security.js:36:33
    at Array.forEach (&lt;anonymous&gt;)
    at doRedact (/usr/src/app/node_modules/@elastic/transport/lib/security.js:22:29)</failure>
    </testcase>
    <testcase id="2024-04-03T14:31:11.904Z" name="Can set is_write_index" file="node_v20.12.0: /free/indices.put_alias/10_basic.yml" time="0">
      <failure message="Cannot convert undefined or null to object">TypeError: Cannot convert undefined or null to object
    at Function.entries (&lt;anonymous&gt;)
    at doRedact (/usr/src/app/node_modules/@elastic/transport/lib/security.js:22:16)
    at /usr/src/app/node_modules/@elastic/transport/lib/security.js:30:44
    at Array.map (&lt;anonymous&gt;)
    at /usr/src/app/node_modules/@elastic/transport/lib/security.js:30:35
    at Array.forEach (&lt;anonymous&gt;)
    at doRedact (/usr/src/app/node_modules/@elastic/transport/lib/security.js:22:29)
    at /usr/src/app/node_modules/@elastic/transport/lib/security.js:36:33
    at Array.forEach (&lt;anonymous&gt;)
    at doRedact (/usr/src/app/node_modules/@elastic/transport/lib/security.js:22:29)</failure>
    </testcase>
    <testcase id="2024-04-03T14:31:11.921Z" name="Can create filtered alias with a date_nanos range query" file="node_v20.12.0: /free/indices.put_alias/10_basic.yml" time="0">
      <failure message="Cannot convert undefined or null to object">TypeError: Cannot convert undefined or null to object
    at Function.entries (&lt;anonymous&gt;)
    at doRedact (/usr/src/app/node_modules/@elastic/transport/lib/security.js:22:16)
    at /usr/src/app/node_modules/@elastic/transport/lib/security.js:30:44
    at Array.map (&lt;anonymous&gt;)
    at /usr/src/app/node_modules/@elastic/transport/lib/security.js:30:35
    at Array.forEach (&lt;anonymous&gt;)
    at doRedact (/usr/src/app/node_modules/@elastic/transport/lib/security.js:22:29)
    at /usr/src/app/node_modules/@elastic/transport/lib/security.js:36:33
    at Array.forEach (&lt;anonymous&gt;)
    at doRedact (/usr/src/app/node_modules/@elastic/transport/lib/security.js:22:29)</failure>
    </testcase>
  </testsuite>
  <testsuite id="2024-04-03T14:31:11.944Z" name="free/indices.put_alias - /free/indices.put_alias/all_path_options.yml" time="4" tests="7" failures="0" skipped="0">
    <testcase id="2024-04-03T14:31:11.944Z" name="put alias per index" file="node_v20.12.0: /free/indices.put_alias/all_path_options.yml" time="1"/>
    <testcase id="2024-04-03T14:31:12.552Z" name="put alias in _all index" file="node_v20.12.0: /free/indices.put_alias/all_path_options.yml" time="0"/>
    <testcase id="2024-04-03T14:31:12.986Z" name="put alias in * index" file="node_v20.12.0: /free/indices.put_alias/all_path_options.yml" time="1"/>
    <testcase id="2024-04-03T14:31:13.523Z" name="put alias prefix* index" file="node_v20.12.0: /free/indices.put_alias/all_path_options.yml" time="1"/>
    <testcase id="2024-04-03T14:31:14.046Z" name="put alias in list of indices" file="node_v20.12.0: /free/indices.put_alias/all_path_options.yml" time="1"/>
    <testcase id="2024-04-03T14:31:14.561Z" name="put alias with blank index" file="node_v20.12.0: /free/indices.put_alias/all_path_options.yml" time="1"/>
    <testcase id="2024-04-03T14:31:15.080Z" name="put alias with missing name" file="node_v20.12.0: /free/indices.put_alias/all_path_options.yml" time="1"/>
  </testsuite>
  <testsuite id="2024-04-03T14:31:15.584Z" name="free/indices.put_index_template - /free/indices.put_index_template/10_basic.yml" time="1" tests="5" failures="1" skipped="4">
    <testcase id="2024-04-03T14:31:15.584Z" name="Put index template" file="node_v20.12.0: /free/indices.put_index_template/10_basic.yml" time="0">
      <skipped>{
  "version": " - 7.7.99",
  "reason": "index template v2 API unavailable before 7.8",
  "features": [
    "allowed_warnings"
  ]
}</skipped>
    </testcase>
    <testcase id="2024-04-03T14:31:15.967Z" name="Put multiple index templates" file="node_v20.12.0: /free/indices.put_index_template/10_basic.yml" time="0">
      <skipped>{
  "version": " - 7.7.99",
  "reason": "index template v2 API unavailable before 7.8",
  "features": [
    "allowed_warnings"
  ]
}</skipped>
    </testcase>
    <testcase id="2024-04-03T14:31:16.295Z" name="Put index template with 'create' flag" file="node_v20.12.0: /free/indices.put_index_template/10_basic.yml" time="0">
      <skipped>{
  "version": " - 7.7.99",
  "reason": "index template v2 API unavailable before 7.8",
  "features": [
    "allowed_warnings"
  ]
}</skipped>
    </testcase>
    <testcase id="2024-04-03T14:31:16.638Z" name="Put index template without index_patterns" file="node_v20.12.0: /free/indices.put_index_template/10_basic.yml" time="0">
      <failure message="the error should match: bad_request, found undefined: expected false to be truthy">AssertionError: the error should match: bad_request, found undefined: expected false to be truthy
    at doAction (/usr/src/app/test/integration/test-runner.js:544:14)
    at process.processTicksAndRejections (node:internal/process/task_queues:95:5)
    at async exec (/usr/src/app/test/integration/test-runner.js:578:9)
    at async Object.run (/usr/src/app/test/integration/test-runner.js:316:5)
    at async start (/usr/src/app/test/integration/index.js:331:11)</failure>
    </testcase>
    <testcase id="2024-04-03T14:31:16.682Z" name="Delete multiple templates" file="node_v20.12.0: /free/indices.put_index_template/10_basic.yml" time="0">
      <skipped>{
  "version": " - 7.99.99",
  "reason": "not yet backported",
  "features": [
    "allowed_warnings"
  ]
}</skipped>
    </testcase>
  </testsuite>
  <testsuite id="2024-04-03T14:31:17.011Z" name="free/indices.put_index_template - /free/indices.put_index_template/15_composition.yml" time="4" tests="11" failures="0" skipped="11">
    <testcase id="2024-04-03T14:31:17.012Z" name="Component and index template composition" file="node_v20.12.0: /free/indices.put_index_template/15_composition.yml" time="0">
      <skipped>{
  "version": " - 7.7.99",
  "reason": "index template v2 API unavailable before 7.8",
  "features": [
    "allowed_warnings"
  ]
}</skipped>
    </testcase>
    <testcase id="2024-04-03T14:31:17.376Z" name="Index template priority" file="node_v20.12.0: /free/indices.put_index_template/15_composition.yml" time="0">
      <skipped>{
  "version": " - 7.7.99",
  "reason": "index template v2 API unavailable before 7.8",
  "features": [
    "allowed_warnings"
  ]
}</skipped>
    </testcase>
    <testcase id="2024-04-03T14:31:17.689Z" name="Component template only composition" file="node_v20.12.0: /free/indices.put_index_template/15_composition.yml" time="0">
      <skipped>{
  "version": " - 7.7.99",
  "reason": "index template v2 API unavailable before 7.8",
  "features": [
    "allowed_warnings"
  ]
}</skipped>
    </testcase>
    <testcase id="2024-04-03T14:31:18.034Z" name="Index template without component templates" file="node_v20.12.0: /free/indices.put_index_template/15_composition.yml" time="0">
      <skipped>{
  "version": " - 7.7.99",
  "reason": "index template v2 API unavailable before 7.8",
  "features": [
    "allowed_warnings"
  ]
}</skipped>
    </testcase>
    <testcase id="2024-04-03T14:31:18.421Z" name="Index template mapping merging" file="node_v20.12.0: /free/indices.put_index_template/15_composition.yml" time="0">
      <skipped>{
  "version": " - 7.8.99",
  "reason": "index template v2 mapping merging not available before 7.9",
  "features": [
    "allowed_warnings"
  ]
}</skipped>
    </testcase>
    <testcase id="2024-04-03T14:31:18.766Z" name="Index template ignore_missing_component_template valid" file="node_v20.12.0: /free/indices.put_index_template/15_composition.yml" time="0">
      <skipped>{
  "version": " - 8.6.99",
  "reason": "index template v2 ignore_missing_component_template config not available before 8.7",
  "features": [
    "allowed_warnings"
  ]
}</skipped>
    </testcase>
    <testcase id="2024-04-03T14:31:19.076Z" name="Index template ignore_missing_component_template invalid" file="node_v20.12.0: /free/indices.put_index_template/15_composition.yml" time="0">
      <skipped>{
  "version": " - 8.6.99",
  "reason": "index template v2 ignore_missing_component_template config not available before 8.7",
  "features": [
    "allowed_warnings"
  ]
}</skipped>
    </testcase>
    <testcase id="2024-04-03T14:31:19.418Z" name="Composable index templates that include subobjects: false at root" file="node_v20.12.0: /free/indices.put_index_template/15_composition.yml" time="0">
      <skipped>{
  "version": " - 8.10.99",
  "reason": "https://github.com/elastic/elasticsearch/issues/96768 fixed at 8.11.0",
  "features": [
    "allowed_warnings"
  ]
}</skipped>
    </testcase>
    <testcase id="2024-04-03T14:31:19.796Z" name="Composable index templates that include subobjects: false on arbitrary field" file="node_v20.12.0: /free/indices.put_index_template/15_composition.yml" time="0">
      <skipped>{
  "version": " - 8.10.99",
  "reason": "https://github.com/elastic/elasticsearch/issues/96768 fixed at 8.11.0",
  "features": [
    "allowed_warnings"
  ]
}</skipped>
    </testcase>
    <testcase id="2024-04-03T14:31:20.181Z" name="Composition of component templates with different legal field mappings" file="node_v20.12.0: /free/indices.put_index_template/15_composition.yml" time="0">
      <skipped>{
  "features": [
    "allowed_warnings"
  ]
}</skipped>
    </testcase>
    <testcase id="2024-04-03T14:31:20.529Z" name="Using deprecated component templates and pipelines in index template" file="node_v20.12.0: /free/indices.put_index_template/15_composition.yml" time="0">
      <skipped>{
  "version": " - 8.11.99",
  "reason": "The deprecated flags have been introduced in 8.12.0",
  "features": [
    "allowed_warnings"
  ]
}</skipped>
    </testcase>
  </testsuite>
  <testsuite id="2024-04-03T14:31:20.897Z" name="free/indices.put_mapping - /free/indices.put_mapping/10_basic.yml" time="1" tests="9" failures="6" skipped="1">
    <testcase id="2024-04-03T14:31:20.897Z" name="Test Create and update mapping" file="node_v20.12.0: /free/indices.put_mapping/10_basic.yml" time="0"/>
    <testcase id="2024-04-03T14:31:21.335Z" name="Create index with invalid mappings" file="node_v20.12.0: /free/indices.put_mapping/10_basic.yml" time="0">
      <failure message="the error should match: /illegal_argument_exception/, found undefined: expected false to be truthy">AssertionError: the error should match: /illegal_argument_exception/, found undefined: expected false to be truthy
    at doAction (/usr/src/app/test/integration/test-runner.js:544:14)
    at process.processTicksAndRejections (node:internal/process/task_queues:95:5)
    at async exec (/usr/src/app/test/integration/test-runner.js:578:9)
    at async Object.run (/usr/src/app/test/integration/test-runner.js:316:5)
    at async start (/usr/src/app/test/integration/index.js:331:11)</failure>
    </testcase>
    <testcase id="2024-04-03T14:31:21.415Z" name="Put mappings with explicit _doc type" file="node_v20.12.0: /free/indices.put_mapping/10_basic.yml" time="0">
      <failure message="Cannot convert undefined or null to object">TypeError: Cannot convert undefined or null to object
    at Function.entries (&lt;anonymous&gt;)
    at doRedact (/usr/src/app/node_modules/@elastic/transport/lib/security.js:22:16)
    at /usr/src/app/node_modules/@elastic/transport/lib/security.js:30:44
    at Array.map (&lt;anonymous&gt;)
    at /usr/src/app/node_modules/@elastic/transport/lib/security.js:30:35
    at Array.forEach (&lt;anonymous&gt;)
    at doRedact (/usr/src/app/node_modules/@elastic/transport/lib/security.js:22:29)
    at /usr/src/app/node_modules/@elastic/transport/lib/security.js:36:33
    at Array.forEach (&lt;anonymous&gt;)
    at doRedact (/usr/src/app/node_modules/@elastic/transport/lib/security.js:22:29)</failure>
    </testcase>
    <testcase id="2024-04-03T14:31:21.431Z" name="Put mappings with explicit _doc type bwc" file="node_v20.12.0: /free/indices.put_mapping/10_basic.yml" time="0">
      <skipped>{
  "version": "8.0.0 - ",
  "reason": "old deprecation message for pre 8.0",
  "features": "node_selector"
}</skipped>
    </testcase>
    <testcase id="2024-04-03T14:31:21.742Z" name="Update per-field metadata" file="node_v20.12.0: /free/indices.put_mapping/10_basic.yml" time="0"/>
    <testcase id="2024-04-03T14:31:22.119Z" name="disabling synthetic source fails" file="node_v20.12.0: /free/indices.put_mapping/10_basic.yml" time="0">
      <failure message="the error should match: /Cannot update parameter \[mode\] from \[synthetic\] to \[stored\]/, found undefined: expected false to be truthy">AssertionError: the error should match: /Cannot update parameter \[mode\] from \[synthetic\] to \[stored\]/, found undefined: expected false to be truthy
    at doAction (/usr/src/app/test/integration/test-runner.js:544:14)
    at process.processTicksAndRejections (node:internal/process/task_queues:95:5)
    at async exec (/usr/src/app/test/integration/test-runner.js:578:9)
    at async Object.run (/usr/src/app/test/integration/test-runner.js:316:5)
    at async start (/usr/src/app/test/integration/index.js:331:11)</failure>
    </testcase>
    <testcase id="2024-04-03T14:31:22.207Z" name="enabling synthetic source from explicit succeeds" file="node_v20.12.0: /free/indices.put_mapping/10_basic.yml" time="0">
      <failure message="Cannot convert undefined or null to object">TypeError: Cannot convert undefined or null to object
    at Function.entries (&lt;anonymous&gt;)
    at doRedact (/usr/src/app/node_modules/@elastic/transport/lib/security.js:22:16)
    at /usr/src/app/node_modules/@elastic/transport/lib/security.js:30:44
    at Array.map (&lt;anonymous&gt;)
    at /usr/src/app/node_modules/@elastic/transport/lib/security.js:30:35
    at Array.forEach (&lt;anonymous&gt;)
    at doRedact (/usr/src/app/node_modules/@elastic/transport/lib/security.js:22:29)
    at /usr/src/app/node_modules/@elastic/transport/lib/security.js:36:33
    at Array.forEach (&lt;anonymous&gt;)
    at doRedact (/usr/src/app/node_modules/@elastic/transport/lib/security.js:22:29)</failure>
    </testcase>
    <testcase id="2024-04-03T14:31:22.225Z" name="enabling synthetic source succeeds" file="node_v20.12.0: /free/indices.put_mapping/10_basic.yml" time="0">
      <failure message="Cannot convert undefined or null to object">TypeError: Cannot convert undefined or null to object
    at Function.entries (&lt;anonymous&gt;)
    at doRedact (/usr/src/app/node_modules/@elastic/transport/lib/security.js:22:16)
    at /usr/src/app/node_modules/@elastic/transport/lib/security.js:30:44
    at Array.map (&lt;anonymous&gt;)
    at /usr/src/app/node_modules/@elastic/transport/lib/security.js:30:35
    at Array.forEach (&lt;anonymous&gt;)
    at doRedact (/usr/src/app/node_modules/@elastic/transport/lib/security.js:22:29)
    at /usr/src/app/node_modules/@elastic/transport/lib/security.js:36:33
    at Array.forEach (&lt;anonymous&gt;)
    at doRedact (/usr/src/app/node_modules/@elastic/transport/lib/security.js:22:29)</failure>
    </testcase>
    <testcase id="2024-04-03T14:31:22.241Z" name="enabling synthetic source when no mapping succeeds" file="node_v20.12.0: /free/indices.put_mapping/10_basic.yml" time="0">
      <failure message="Cannot convert undefined or null to object">TypeError: Cannot convert undefined or null to object
    at Function.entries (&lt;anonymous&gt;)
    at doRedact (/usr/src/app/node_modules/@elastic/transport/lib/security.js:22:16)
    at /usr/src/app/node_modules/@elastic/transport/lib/security.js:30:44
    at Array.map (&lt;anonymous&gt;)
    at /usr/src/app/node_modules/@elastic/transport/lib/security.js:30:35
    at Array.forEach (&lt;anonymous&gt;)
    at doRedact (/usr/src/app/node_modules/@elastic/transport/lib/security.js:22:29)
    at /usr/src/app/node_modules/@elastic/transport/lib/security.js:36:33
    at Array.forEach (&lt;anonymous&gt;)
    at doRedact (/usr/src/app/node_modules/@elastic/transport/lib/security.js:22:29)</failure>
    </testcase>
  </testsuite>
  <testsuite id="2024-04-03T14:31:22.257Z" name="free/indices.put_mapping - /free/indices.put_mapping/all_path_options.yml" time="3" tests="6" failures="0" skipped="0">
    <testcase id="2024-04-03T14:31:22.257Z" name="put one mapping per index" file="node_v20.12.0: /free/indices.put_mapping/all_path_options.yml" time="0"/>
    <testcase id="2024-04-03T14:31:22.753Z" name="put mapping in _all index" file="node_v20.12.0: /free/indices.put_mapping/all_path_options.yml" time="0"/>
    <testcase id="2024-04-03T14:31:23.234Z" name="put mapping in * index" file="node_v20.12.0: /free/indices.put_mapping/all_path_options.yml" time="1"/>
    <testcase id="2024-04-03T14:31:23.797Z" name="put mapping in prefix* index" file="node_v20.12.0: /free/indices.put_mapping/all_path_options.yml" time="1"/>
    <testcase id="2024-04-03T14:31:24.326Z" name="put mapping in list of indices" file="node_v20.12.0: /free/indices.put_mapping/all_path_options.yml" time="0"/>
    <testcase id="2024-04-03T14:31:24.811Z" name="post a mapping with default analyzer twice" file="node_v20.12.0: /free/indices.put_mapping/all_path_options.yml" time="1"/>
  </testsuite>
  <testsuite id="2024-04-03T14:31:25.325Z" name="free/indices.put_settings - /free/indices.put_settings/10_basic.yml" time="2" tests="5" failures="1" skipped="1">
    <testcase id="2024-04-03T14:31:25.325Z" name="Test indices settings" file="node_v20.12.0: /free/indices.put_settings/10_basic.yml" time="0"/>
    <testcase id="2024-04-03T14:31:25.772Z" name="Test indices settings ignore_unavailable" file="node_v20.12.0: /free/indices.put_settings/10_basic.yml" time="0"/>
    <testcase id="2024-04-03T14:31:26.244Z" name="Test indices settings allow_no_indices" file="node_v20.12.0: /free/indices.put_settings/10_basic.yml" time="0"/>
    <testcase id="2024-04-03T14:31:26.686Z" name="Test preserve_existing settings" file="node_v20.12.0: /free/indices.put_settings/10_basic.yml" time="0">
      <skipped>{
  "features": [
    "allowed_warnings"
  ]
}</skipped>
    </testcase>
    <testcase id="2024-04-03T14:31:27.180Z" name="put unsupported setting" file="node_v20.12.0: /free/indices.put_settings/10_basic.yml" time="0">
      <failure message="the error should match: bad_request, found undefined: expected false to be truthy">AssertionError: the error should match: bad_request, found undefined: expected false to be truthy
    at doAction (/usr/src/app/test/integration/test-runner.js:544:14)
    at process.processTicksAndRejections (node:internal/process/task_queues:95:5)
    at async exec (/usr/src/app/test/integration/test-runner.js:578:9)
    at async Object.run (/usr/src/app/test/integration/test-runner.js:316:5)
    at async start (/usr/src/app/test/integration/index.js:331:11)</failure>
    </testcase>
  </testsuite>
  <testsuite id="2024-04-03T14:31:27.283Z" name="free/indices.put_settings - /free/indices.put_settings/11_reset.yml" time="0" tests="1" failures="1" skipped="0">
    <testcase id="2024-04-03T14:31:27.283Z" name="Test reset index settings" file="node_v20.12.0: /free/indices.put_settings/11_reset.yml" time="0">
      <failure message="Cannot convert undefined or null to object">TypeError: Cannot convert undefined or null to object
    at Function.entries (&lt;anonymous&gt;)
    at doRedact (/usr/src/app/node_modules/@elastic/transport/lib/security.js:22:16)
    at /usr/src/app/node_modules/@elastic/transport/lib/security.js:30:44
    at Array.map (&lt;anonymous&gt;)
    at /usr/src/app/node_modules/@elastic/transport/lib/security.js:30:35
    at Array.forEach (&lt;anonymous&gt;)
    at doRedact (/usr/src/app/node_modules/@elastic/transport/lib/security.js:22:29)
    at /usr/src/app/node_modules/@elastic/transport/lib/security.js:36:33
    at Array.forEach (&lt;anonymous&gt;)
    at doRedact (/usr/src/app/node_modules/@elastic/transport/lib/security.js:22:29)</failure>
    </testcase>
  </testsuite>
  <testsuite id="2024-04-03T14:31:27.299Z" name="free/indices.put_settings - /free/indices.put_settings/20_update_non_dynamic_settings.yml" time="0" tests="1" failures="1" skipped="0">
    <testcase id="2024-04-03T14:31:27.299Z" name="Test update non dynamic settings" file="node_v20.12.0: /free/indices.put_settings/20_update_non_dynamic_settings.yml" time="0">
      <failure message="Cannot convert undefined or null to object">TypeError: Cannot convert undefined or null to object
    at Function.entries (&lt;anonymous&gt;)
    at doRedact (/usr/src/app/node_modules/@elastic/transport/lib/security.js:22:16)
    at /usr/src/app/node_modules/@elastic/transport/lib/security.js:30:44
    at Array.map (&lt;anonymous&gt;)
    at /usr/src/app/node_modules/@elastic/transport/lib/security.js:30:35
    at Array.forEach (&lt;anonymous&gt;)
    at doRedact (/usr/src/app/node_modules/@elastic/transport/lib/security.js:22:29)
    at /usr/src/app/node_modules/@elastic/transport/lib/security.js:36:33
    at Array.forEach (&lt;anonymous&gt;)
    at doRedact (/usr/src/app/node_modules/@elastic/transport/lib/security.js:22:29)</failure>
    </testcase>
  </testsuite>
  <testsuite id="2024-04-03T14:31:27.314Z" name="free/indices.put_settings - /free/indices.put_settings/all_path_options.yml" time="3" tests="6" failures="0" skipped="1">
    <testcase id="2024-04-03T14:31:27.314Z" name="put settings per index" file="node_v20.12.0: /free/indices.put_settings/all_path_options.yml" time="1"/>
    <testcase id="2024-04-03T14:31:27.846Z" name="put settings in _all index" file="node_v20.12.0: /free/indices.put_settings/all_path_options.yml" time="1"/>
    <testcase id="2024-04-03T14:31:28.407Z" name="put settings in * index" file="node_v20.12.0: /free/indices.put_settings/all_path_options.yml" time="1"/>
    <testcase id="2024-04-03T14:31:28.947Z" name="put settings in prefix* index" file="node_v20.12.0: /free/indices.put_settings/all_path_options.yml" time="1"/>
    <testcase id="2024-04-03T14:31:29.535Z" name="put settings in list of indices" file="node_v20.12.0: /free/indices.put_settings/all_path_options.yml" time="1">
      <skipped>{
  "version": "all",
  "reason": "list of indices not implemented yet"
}</skipped>
    </testcase>
    <testcase id="2024-04-03T14:31:30.164Z" name="put settings in blank index" file="node_v20.12.0: /free/indices.put_settings/all_path_options.yml" time="1"/>
  </testsuite>
  <testsuite id="2024-04-03T14:31:30.691Z" name="free/indices.put_template - /free/indices.put_template/10_basic.yml" time="2" tests="7" failures="3" skipped="0">
    <testcase id="2024-04-03T14:31:30.691Z" name="Put template" file="node_v20.12.0: /free/indices.put_template/10_basic.yml" time="0"/>
    <testcase id="2024-04-03T14:31:31.108Z" name="Put multiple template" file="node_v20.12.0: /free/indices.put_template/10_basic.yml" time="0"/>
    <testcase id="2024-04-03T14:31:31.501Z" name="Put template with empty mappings" file="node_v20.12.0: /free/indices.put_template/10_basic.yml" time="0"/>
    <testcase id="2024-04-03T14:31:31.938Z" name="Put template with aliases" file="node_v20.12.0: /free/indices.put_template/10_basic.yml" time="0"/>
    <testcase id="2024-04-03T14:31:32.273Z" name="Put template create" file="node_v20.12.0: /free/indices.put_template/10_basic.yml" time="0">
      <failure message="the error should match: bad_request, found undefined: expected false to be truthy">AssertionError: the error should match: bad_request, found undefined: expected false to be truthy
    at doAction (/usr/src/app/test/integration/test-runner.js:544:14)
    at process.processTicksAndRejections (node:internal/process/task_queues:95:5)
    at async exec (/usr/src/app/test/integration/test-runner.js:578:9)
    at async Object.run (/usr/src/app/test/integration/test-runner.js:316:5)
    at async start (/usr/src/app/test/integration/index.js:331:11)</failure>
    </testcase>
    <testcase id="2024-04-03T14:31:32.331Z" name="Test Put Versioned Template" file="node_v20.12.0: /free/indices.put_template/10_basic.yml" time="0">
      <failure message="the error should match: missing, found undefined: expected false to be truthy">AssertionError: the error should match: missing, found undefined: expected false to be truthy
    at doAction (/usr/src/app/test/integration/test-runner.js:544:14)
    at process.processTicksAndRejections (node:internal/process/task_queues:95:5)
    at async exec (/usr/src/app/test/integration/test-runner.js:578:9)
    at async Object.run (/usr/src/app/test/integration/test-runner.js:316:5)
    at async start (/usr/src/app/test/integration/index.js:331:11)</failure>
    </testcase>
    <testcase id="2024-04-03T14:31:32.407Z" name="Put index template without index_patterns" file="node_v20.12.0: /free/indices.put_template/10_basic.yml" time="0">
      <failure message="the error should match: /index patterns are missing/, found undefined: expected false to be truthy">AssertionError: the error should match: /index patterns are missing/, found undefined: expected false to be truthy
    at doAction (/usr/src/app/test/integration/test-runner.js:544:14)
    at process.processTicksAndRejections (node:internal/process/task_queues:95:5)
    at async exec (/usr/src/app/test/integration/test-runner.js:578:9)
    at async Object.run (/usr/src/app/test/integration/test-runner.js:316:5)
    at async start (/usr/src/app/test/integration/index.js:331:11)</failure>
    </testcase>
  </testsuite>
  <testsuite id="2024-04-03T14:31:32.424Z" name="free/indices.recovery - /free/indices.recovery/10_basic.yml" time="1" tests="5" failures="2" skipped="1">
    <testcase id="2024-04-03T14:31:32.424Z" name="Indices recovery test" file="node_v20.12.0: /free/indices.recovery/10_basic.yml" time="0"/>
    <testcase id="2024-04-03T14:31:32.847Z" name="Indices recovery test for closed index" file="node_v20.12.0: /free/indices.recovery/10_basic.yml" time="0">
      <skipped>{
  "version": " - 7.1.99",
  "reason": "closed indices are replicated starting version 7.2.0",
  "features": [
    "allowed_warnings"
  ]
}</skipped>
    </testcase>
    <testcase id="2024-04-03T14:31:33.275Z" name="Indices recovery test index name not matching" file="node_v20.12.0: /free/indices.recovery/10_basic.yml" time="0">
      <failure message="the error should match: missing, found undefined: expected false to be truthy">AssertionError: the error should match: missing, found undefined: expected false to be truthy
    at doAction (/usr/src/app/test/integration/test-runner.js:544:14)
    at process.processTicksAndRejections (node:internal/process/task_queues:95:5)
    at async exec (/usr/src/app/test/integration/test-runner.js:578:9)
    at async Object.run (/usr/src/app/test/integration/test-runner.js:316:5)
    at async start (/usr/src/app/test/integration/index.js:331:11)</failure>
    </testcase>
    <testcase id="2024-04-03T14:31:33.382Z" name="Indices recovery test, wildcard not matching any index" file="node_v20.12.0: /free/indices.recovery/10_basic.yml" time="0">
      <failure message="Cannot convert undefined or null to object">TypeError: Cannot convert undefined or null to object
    at Function.entries (&lt;anonymous&gt;)
    at doRedact (/usr/src/app/node_modules/@elastic/transport/lib/security.js:22:16)
    at /usr/src/app/node_modules/@elastic/transport/lib/security.js:30:44
    at Array.map (&lt;anonymous&gt;)
    at /usr/src/app/node_modules/@elastic/transport/lib/security.js:30:35
    at Array.forEach (&lt;anonymous&gt;)
    at doRedact (/usr/src/app/node_modules/@elastic/transport/lib/security.js:22:29)
    at /usr/src/app/node_modules/@elastic/transport/lib/security.js:36:33
    at Array.forEach (&lt;anonymous&gt;)
    at doRedact (/usr/src/app/node_modules/@elastic/transport/lib/security.js:22:29)</failure>
    </testcase>
    <testcase id="2024-04-03T14:31:33.407Z" name="Indices recovery test with detailed parameter" file="node_v20.12.0: /free/indices.recovery/10_basic.yml" time="0"/>
  </testsuite>
  <testsuite id="2024-04-03T14:31:33.804Z" name="free/indices.refresh - /free/indices.refresh/10_basic.yml" time="2" tests="3" failures="0" skipped="0">
    <testcase id="2024-04-03T14:31:33.805Z" name="Indices refresh test _all" file="node_v20.12.0: /free/indices.refresh/10_basic.yml" time="1"/>
    <testcase id="2024-04-03T14:31:34.400Z" name="Indices refresh test empty array" file="node_v20.12.0: /free/indices.refresh/10_basic.yml" time="1"/>
    <testcase id="2024-04-03T14:31:34.992Z" name="Indices refresh test no-match wildcard" file="node_v20.12.0: /free/indices.refresh/10_basic.yml" time="1"/>
  </testsuite>
  <testsuite id="2024-04-03T14:31:35.546Z" name="free/indices.resolve_cluster - /free/indices.resolve_cluster/10_basic_resolve_cluster.yml" time="0" tests="5" failures="0" skipped="5">
    <testcase id="2024-04-03T14:31:35.546Z" name="Resolve cluster with indices and aliases" file="node_v20.12.0: /free/indices.resolve_cluster/10_basic_resolve_cluster.yml" time="0">
      <skipped>{
  "version": " - 8.12.99",
  "reason": "resolve cluster introduced in 8.13",
  "features": [
    "allowed_warnings"
  ]
}</skipped>
    </testcase>
    <testcase id="2024-04-03T14:31:35.546Z" name="Resolve cluster with closed index" file="node_v20.12.0: /free/indices.resolve_cluster/10_basic_resolve_cluster.yml" time="0">
      <skipped>{
  "version": " - 8.12.99",
  "reason": "resolve cluster introduced in 8.13",
  "features": [
    "allowed_warnings"
  ]
}</skipped>
    </testcase>
    <testcase id="2024-04-03T14:31:35.546Z" name="Resolve cluster using alias" file="node_v20.12.0: /free/indices.resolve_cluster/10_basic_resolve_cluster.yml" time="0">
      <skipped>{
  "version": " - 8.12.99",
  "reason": "resolve cluster introduced in 8.13",
  "features": [
    "allowed_warnings"
  ]
}</skipped>
    </testcase>
    <testcase id="2024-04-03T14:31:35.546Z" name="Resolve cluster using alias and index that does not exist" file="node_v20.12.0: /free/indices.resolve_cluster/10_basic_resolve_cluster.yml" time="0">
      <skipped>{
  "version": " - 8.12.99",
  "reason": "resolve cluster introduced in 8.13",
  "features": [
    "allowed_warnings"
  ]
}</skipped>
    </testcase>
    <testcase id="2024-04-03T14:31:35.546Z" name="Test resolve cluster optional params are accepted" file="node_v20.12.0: /free/indices.resolve_cluster/10_basic_resolve_cluster.yml" time="0">
      <skipped>{
  "version": " - 8.12.99",
  "reason": "resolve cluster introduced in 8.13",
  "features": [
    "allowed_warnings"
  ]
}</skipped>
    </testcase>
  </testsuite>
  <testsuite id="2024-04-03T14:31:35.547Z" name="free/indices.resolve_cluster - /free/indices.resolve_cluster/20_resolve_system_index.yml" time="0" tests="1" failures="0" skipped="1">
    <testcase id="2024-04-03T14:31:35.547Z" name="Resolve system index via resolve/cluster" file="node_v20.12.0: /free/indices.resolve_cluster/20_resolve_system_index.yml" time="0">
      <skipped>{
  "version": " - 8.12.99",
  "reason": "resolve cluster introduced in 8.13",
  "features": [
    "warnings"
  ]
}</skipped>
    </testcase>
  </testsuite>
  <testsuite id="2024-04-03T14:31:35.548Z" name="free/indices.resolve_index - /free/indices.resolve_index/10_basic_resolve_index.yml" time="0" tests="2" failures="0" skipped="2">
    <testcase id="2024-04-03T14:31:35.548Z" name="Resolve index with indices and aliases" file="node_v20.12.0: /free/indices.resolve_index/10_basic_resolve_index.yml" time="0">
      <skipped>{
  "version": " - 7.8.99",
  "reason": "resolve index introduced in 7.9",
  "features": [
    "allowed_warnings"
  ]
}</skipped>
    </testcase>
    <testcase id="2024-04-03T14:31:35.548Z" name="Resolve index with hidden and closed indices" file="node_v20.12.0: /free/indices.resolve_index/10_basic_resolve_index.yml" time="0">
      <skipped>{
  "version": " - 7.8.99",
  "reason": "resolve index introduced in 7.9",
  "features": [
    "allowed_warnings"
  ]
}</skipped>
    </testcase>
  </testsuite>
  <testsuite id="2024-04-03T14:31:35.548Z" name="free/indices.resolve_index - /free/indices.resolve_index/20_resolve_system_index.yml" time="0" tests="1" failures="0" skipped="1">
    <testcase id="2024-04-03T14:31:35.548Z" name="Resolve system index" file="node_v20.12.0: /free/indices.resolve_index/20_resolve_system_index.yml" time="0">
      <skipped>{
  "version": " - 8.1.99",
  "reason": "system index attribute introduced in 8.2",
  "features": [
    "warnings"
  ]
}</skipped>
    </testcase>
  </testsuite>
  <testsuite id="2024-04-03T14:31:35.549Z" name="free/indices.rollover - /free/indices.rollover/10_basic.yml" time="1" tests="4" failures="2" skipped="0">
    <testcase id="2024-04-03T14:31:35.549Z" name="Rollover index via API" file="node_v20.12.0: /free/indices.rollover/10_basic.yml" time="1"/>
    <testcase id="2024-04-03T14:31:36.126Z" name="Rollover no condition matched" file="node_v20.12.0: /free/indices.rollover/10_basic.yml" time="0"/>
    <testcase id="2024-04-03T14:31:36.494Z" name="Rollover with dry-run but target index exists" file="node_v20.12.0: /free/indices.rollover/10_basic.yml" time="0">
      <failure message="the error should match: /(index|resource)_already_exists_exception/, found undefined: expected false to be truthy">AssertionError: the error should match: /(index|resource)_already_exists_exception/, found undefined: expected false to be truthy
    at doAction (/usr/src/app/test/integration/test-runner.js:544:14)
    at process.processTicksAndRejections (node:internal/process/task_queues:95:5)
    at async exec (/usr/src/app/test/integration/test-runner.js:578:9)
    at async Object.run (/usr/src/app/test/integration/test-runner.js:316:5)
    at async start (/usr/src/app/test/integration/index.js:331:11)</failure>
    </testcase>
    <testcase id="2024-04-03T14:31:36.642Z" name="Will not rollover with only min_* conditions" file="node_v20.12.0: /free/indices.rollover/10_basic.yml" time="0">
      <failure message="Cannot convert undefined or null to object">TypeError: Cannot convert undefined or null to object
    at Function.entries (&lt;anonymous&gt;)
    at doRedact (/usr/src/app/node_modules/@elastic/transport/lib/security.js:22:16)
    at /usr/src/app/node_modules/@elastic/transport/lib/security.js:30:44
    at Array.map (&lt;anonymous&gt;)
    at /usr/src/app/node_modules/@elastic/transport/lib/security.js:30:35
    at Array.forEach (&lt;anonymous&gt;)
    at doRedact (/usr/src/app/node_modules/@elastic/transport/lib/security.js:22:29)
    at /usr/src/app/node_modules/@elastic/transport/lib/security.js:36:33
    at Array.forEach (&lt;anonymous&gt;)
    at doRedact (/usr/src/app/node_modules/@elastic/transport/lib/security.js:22:29)</failure>
    </testcase>
  </testsuite>
  <testsuite id="2024-04-03T14:31:36.659Z" name="free/indices.rollover - /free/indices.rollover/20_max_doc_condition.yml" time="0" tests="1" failures="1" skipped="0">
    <testcase id="2024-04-03T14:31:36.659Z" name="Max docs rollover conditions matches only primary shards" file="node_v20.12.0: /free/indices.rollover/20_max_doc_condition.yml" time="0">
      <failure message="Cannot convert undefined or null to object">TypeError: Cannot convert undefined or null to object
    at Function.entries (&lt;anonymous&gt;)
    at doRedact (/usr/src/app/node_modules/@elastic/transport/lib/security.js:22:16)
    at /usr/src/app/node_modules/@elastic/transport/lib/security.js:30:44
    at Array.map (&lt;anonymous&gt;)
    at /usr/src/app/node_modules/@elastic/transport/lib/security.js:30:35
    at Array.forEach (&lt;anonymous&gt;)
    at doRedact (/usr/src/app/node_modules/@elastic/transport/lib/security.js:22:29)
    at /usr/src/app/node_modules/@elastic/transport/lib/security.js:36:33
    at Array.forEach (&lt;anonymous&gt;)
    at doRedact (/usr/src/app/node_modules/@elastic/transport/lib/security.js:22:29)</failure>
    </testcase>
  </testsuite>
  <testsuite id="2024-04-03T14:31:36.676Z" name="free/indices.rollover - /free/indices.rollover/25_max_shard_doc_condition.yml" time="0" tests="1" failures="1" skipped="0">
    <testcase id="2024-04-03T14:31:36.676Z" name="Rollover with max_primary_shard_docs condition" file="node_v20.12.0: /free/indices.rollover/25_max_shard_doc_condition.yml" time="0">
      <failure message="Cannot convert undefined or null to object">TypeError: Cannot convert undefined or null to object
    at Function.entries (&lt;anonymous&gt;)
    at doRedact (/usr/src/app/node_modules/@elastic/transport/lib/security.js:22:16)
    at /usr/src/app/node_modules/@elastic/transport/lib/security.js:30:44
    at Array.map (&lt;anonymous&gt;)
    at /usr/src/app/node_modules/@elastic/transport/lib/security.js:30:35
    at Array.forEach (&lt;anonymous&gt;)
    at doRedact (/usr/src/app/node_modules/@elastic/transport/lib/security.js:22:29)
    at /usr/src/app/node_modules/@elastic/transport/lib/security.js:36:33
    at Array.forEach (&lt;anonymous&gt;)
    at doRedact (/usr/src/app/node_modules/@elastic/transport/lib/security.js:22:29)</failure>
    </testcase>
  </testsuite>
  <testsuite id="2024-04-03T14:31:36.696Z" name="free/indices.rollover - /free/indices.rollover/30_max_size_condition.yml" time="0" tests="1" failures="1" skipped="0">
    <testcase id="2024-04-03T14:31:36.696Z" name="Rollover with max_size condition" file="node_v20.12.0: /free/indices.rollover/30_max_size_condition.yml" time="0">
      <failure message="Cannot convert undefined or null to object">TypeError: Cannot convert undefined or null to object
    at Function.entries (&lt;anonymous&gt;)
    at doRedact (/usr/src/app/node_modules/@elastic/transport/lib/security.js:22:16)
    at /usr/src/app/node_modules/@elastic/transport/lib/security.js:30:44
    at Array.map (&lt;anonymous&gt;)
    at /usr/src/app/node_modules/@elastic/transport/lib/security.js:30:35
    at Array.forEach (&lt;anonymous&gt;)
    at doRedact (/usr/src/app/node_modules/@elastic/transport/lib/security.js:22:29)
    at /usr/src/app/node_modules/@elastic/transport/lib/security.js:36:33
    at Array.forEach (&lt;anonymous&gt;)
    at doRedact (/usr/src/app/node_modules/@elastic/transport/lib/security.js:22:29)</failure>
    </testcase>
  </testsuite>
  <testsuite id="2024-04-03T14:31:36.718Z" name="free/indices.rollover - /free/indices.rollover/35_max_primary_shard_size_condition.yml" time="0" tests="1" failures="1" skipped="0">
    <testcase id="2024-04-03T14:31:36.718Z" name="Rollover with max_primary_shard_size condition" file="node_v20.12.0: /free/indices.rollover/35_max_primary_shard_size_condition.yml" time="0">
      <failure message="Cannot convert undefined or null to object">TypeError: Cannot convert undefined or null to object
    at Function.entries (&lt;anonymous&gt;)
    at doRedact (/usr/src/app/node_modules/@elastic/transport/lib/security.js:22:16)
    at /usr/src/app/node_modules/@elastic/transport/lib/security.js:30:44
    at Array.map (&lt;anonymous&gt;)
    at /usr/src/app/node_modules/@elastic/transport/lib/security.js:30:35
    at Array.forEach (&lt;anonymous&gt;)
    at doRedact (/usr/src/app/node_modules/@elastic/transport/lib/security.js:22:29)
    at /usr/src/app/node_modules/@elastic/transport/lib/security.js:36:33
    at Array.forEach (&lt;anonymous&gt;)
    at doRedact (/usr/src/app/node_modules/@elastic/transport/lib/security.js:22:29)</failure>
    </testcase>
  </testsuite>
  <testsuite id="2024-04-03T14:31:36.735Z" name="free/indices.rollover - /free/indices.rollover/40_mapping.yml" time="0" tests="1" failures="1" skipped="0">
    <testcase id="2024-04-03T14:31:36.735Z" name="Typeless mapping" file="node_v20.12.0: /free/indices.rollover/40_mapping.yml" time="0">
      <failure message="Cannot convert undefined or null to object">TypeError: Cannot convert undefined or null to object
    at Function.entries (&lt;anonymous&gt;)
    at doRedact (/usr/src/app/node_modules/@elastic/transport/lib/security.js:22:16)
    at /usr/src/app/node_modules/@elastic/transport/lib/security.js:30:44
    at Array.map (&lt;anonymous&gt;)
    at /usr/src/app/node_modules/@elastic/transport/lib/security.js:30:35
    at Array.forEach (&lt;anonymous&gt;)
    at doRedact (/usr/src/app/node_modules/@elastic/transport/lib/security.js:22:29)
    at /usr/src/app/node_modules/@elastic/transport/lib/security.js:36:33
    at Array.forEach (&lt;anonymous&gt;)
    at doRedact (/usr/src/app/node_modules/@elastic/transport/lib/security.js:22:29)</failure>
    </testcase>
  </testsuite>
  <testsuite id="2024-04-03T14:31:36.752Z" name="free/indices.rollover - /free/indices.rollover/50_min_age_condition.yml" time="0" tests="1" failures="1" skipped="0">
    <testcase id="2024-04-03T14:31:36.752Z" name="Rollover with min_age condition" file="node_v20.12.0: /free/indices.rollover/50_min_age_condition.yml" time="0">
      <failure message="Cannot convert undefined or null to object">TypeError: Cannot convert undefined or null to object
    at Function.entries (&lt;anonymous&gt;)
    at doRedact (/usr/src/app/node_modules/@elastic/transport/lib/security.js:22:16)
    at /usr/src/app/node_modules/@elastic/transport/lib/security.js:30:44
    at Array.map (&lt;anonymous&gt;)
    at /usr/src/app/node_modules/@elastic/transport/lib/security.js:30:35
    at Array.forEach (&lt;anonymous&gt;)
    at doRedact (/usr/src/app/node_modules/@elastic/transport/lib/security.js:22:29)
    at /usr/src/app/node_modules/@elastic/transport/lib/security.js:36:33
    at Array.forEach (&lt;anonymous&gt;)
    at doRedact (/usr/src/app/node_modules/@elastic/transport/lib/security.js:22:29)</failure>
    </testcase>
  </testsuite>
  <testsuite id="2024-04-03T14:31:36.769Z" name="free/indices.rollover - /free/indices.rollover/55_min_docs_condition.yml" time="0" tests="1" failures="1" skipped="0">
    <testcase id="2024-04-03T14:31:36.769Z" name="Rollover with min_docs condition" file="node_v20.12.0: /free/indices.rollover/55_min_docs_condition.yml" time="0">
      <failure message="Cannot convert undefined or null to object">TypeError: Cannot convert undefined or null to object
    at Function.entries (&lt;anonymous&gt;)
    at doRedact (/usr/src/app/node_modules/@elastic/transport/lib/security.js:22:16)
    at /usr/src/app/node_modules/@elastic/transport/lib/security.js:30:44
    at Array.map (&lt;anonymous&gt;)
    at /usr/src/app/node_modules/@elastic/transport/lib/security.js:30:35
    at Array.forEach (&lt;anonymous&gt;)
    at doRedact (/usr/src/app/node_modules/@elastic/transport/lib/security.js:22:29)
    at /usr/src/app/node_modules/@elastic/transport/lib/security.js:36:33
    at Array.forEach (&lt;anonymous&gt;)
    at doRedact (/usr/src/app/node_modules/@elastic/transport/lib/security.js:22:29)</failure>
    </testcase>
  </testsuite>
  <testsuite id="2024-04-03T14:31:36.786Z" name="free/indices.rollover - /free/indices.rollover/60_min_primary_shard_docs_condition.yml" time="0" tests="1" failures="1" skipped="0">
    <testcase id="2024-04-03T14:31:36.786Z" name="Rollover with min_primary_shard_docs condition" file="node_v20.12.0: /free/indices.rollover/60_min_primary_shard_docs_condition.yml" time="0">
      <failure message="Cannot convert undefined or null to object">TypeError: Cannot convert undefined or null to object
    at Function.entries (&lt;anonymous&gt;)
    at doRedact (/usr/src/app/node_modules/@elastic/transport/lib/security.js:22:16)
    at /usr/src/app/node_modules/@elastic/transport/lib/security.js:30:44
    at Array.map (&lt;anonymous&gt;)
    at /usr/src/app/node_modules/@elastic/transport/lib/security.js:30:35
    at Array.forEach (&lt;anonymous&gt;)
    at doRedact (/usr/src/app/node_modules/@elastic/transport/lib/security.js:22:29)
    at /usr/src/app/node_modules/@elastic/transport/lib/security.js:36:33
    at Array.forEach (&lt;anonymous&gt;)
    at doRedact (/usr/src/app/node_modules/@elastic/transport/lib/security.js:22:29)</failure>
    </testcase>
  </testsuite>
  <testsuite id="2024-04-03T14:31:36.812Z" name="free/indices.rollover - /free/indices.rollover/65_min_primary_shard_size_condition.yml" time="0" tests="1" failures="1" skipped="0">
    <testcase id="2024-04-03T14:31:36.812Z" name="Rollover with min_primary_shard_size condition" file="node_v20.12.0: /free/indices.rollover/65_min_primary_shard_size_condition.yml" time="0">
      <failure message="Cannot convert undefined or null to object">TypeError: Cannot convert undefined or null to object
    at Function.entries (&lt;anonymous&gt;)
    at doRedact (/usr/src/app/node_modules/@elastic/transport/lib/security.js:22:16)
    at /usr/src/app/node_modules/@elastic/transport/lib/security.js:30:44
    at Array.map (&lt;anonymous&gt;)
    at /usr/src/app/node_modules/@elastic/transport/lib/security.js:30:35
    at Array.forEach (&lt;anonymous&gt;)
    at doRedact (/usr/src/app/node_modules/@elastic/transport/lib/security.js:22:29)
    at /usr/src/app/node_modules/@elastic/transport/lib/security.js:36:33
    at Array.forEach (&lt;anonymous&gt;)
    at doRedact (/usr/src/app/node_modules/@elastic/transport/lib/security.js:22:29)</failure>
    </testcase>
  </testsuite>
  <testsuite id="2024-04-03T14:31:36.831Z" name="free/indices.rollover - /free/indices.rollover/70_min_size_condition.yml" time="0" tests="1" failures="1" skipped="0">
    <testcase id="2024-04-03T14:31:36.831Z" name="Rollover with min_size condition" file="node_v20.12.0: /free/indices.rollover/70_min_size_condition.yml" time="0">
      <failure message="Cannot convert undefined or null to object">TypeError: Cannot convert undefined or null to object
    at Function.entries (&lt;anonymous&gt;)
    at doRedact (/usr/src/app/node_modules/@elastic/transport/lib/security.js:22:16)
    at /usr/src/app/node_modules/@elastic/transport/lib/security.js:30:44
    at Array.map (&lt;anonymous&gt;)
    at /usr/src/app/node_modules/@elastic/transport/lib/security.js:30:35
    at Array.forEach (&lt;anonymous&gt;)
    at doRedact (/usr/src/app/node_modules/@elastic/transport/lib/security.js:22:29)
    at /usr/src/app/node_modules/@elastic/transport/lib/security.js:36:33
    at Array.forEach (&lt;anonymous&gt;)
    at doRedact (/usr/src/app/node_modules/@elastic/transport/lib/security.js:22:29)</failure>
    </testcase>
  </testsuite>
  <testsuite id="2024-04-03T14:31:36.848Z" name="free/indices.segments - /free/indices.segments/10_basic.yml" time="31" tests="4" failures="3" skipped="1">
    <testcase id="2024-04-03T14:31:36.848Z" name="no segments test" file="node_v20.12.0: /free/indices.segments/10_basic.yml" time="0">
      <failure message="should be equal: 4 - 0, action: {&quot;_shards.total&quot;:0}: expected 4 to equal +0">AssertionError: should be equal: 4 - 0, action: {"_shards.total":0}: expected 4 to equal +0
    at match (/usr/src/app/test/integration/test-runner.js:746:14)
    at exec (/usr/src/app/test/integration/test-runner.js:594:9)
    at process.processTicksAndRejections (node:internal/process/task_queues:95:5)
    at async Object.run (/usr/src/app/test/integration/test-runner.js:316:5)
    at async start (/usr/src/app/test/integration/index.js:331:11)</failure>
    </testcase>
    <testcase id="2024-04-03T14:31:36.867Z" name="basic segments test" file="node_v20.12.0: /free/indices.segments/10_basic.yml" time="30">
      <failure message="Cannot convert undefined or null to object">TypeError: Cannot convert undefined or null to object
    at Function.entries (&lt;anonymous&gt;)
    at doRedact (/usr/src/app/node_modules/@elastic/transport/lib/security.js:22:16)
    at /usr/src/app/node_modules/@elastic/transport/lib/security.js:30:44
    at Array.map (&lt;anonymous&gt;)
    at /usr/src/app/node_modules/@elastic/transport/lib/security.js:30:35
    at Array.forEach (&lt;anonymous&gt;)
    at doRedact (/usr/src/app/node_modules/@elastic/transport/lib/security.js:22:29)
    at /usr/src/app/node_modules/@elastic/transport/lib/security.js:36:33
    at Array.forEach (&lt;anonymous&gt;)
    at doRedact (/usr/src/app/node_modules/@elastic/transport/lib/security.js:22:29)</failure>
    </testcase>
    <testcase id="2024-04-03T14:32:06.989Z" name="segments from multiple indices" file="node_v20.12.0: /free/indices.segments/10_basic.yml" time="0">
      <failure message="Cannot convert undefined or null to object">TypeError: Cannot convert undefined or null to object
    at Function.entries (&lt;anonymous&gt;)
    at doRedact (/usr/src/app/node_modules/@elastic/transport/lib/security.js:22:16)
    at /usr/src/app/node_modules/@elastic/transport/lib/security.js:30:44
    at Array.map (&lt;anonymous&gt;)
    at /usr/src/app/node_modules/@elastic/transport/lib/security.js:30:35
    at Array.forEach (&lt;anonymous&gt;)
    at doRedact (/usr/src/app/node_modules/@elastic/transport/lib/security.js:22:29)
    at /usr/src/app/node_modules/@elastic/transport/lib/security.js:36:33
    at Array.forEach (&lt;anonymous&gt;)
    at doRedact (/usr/src/app/node_modules/@elastic/transport/lib/security.js:22:29)</failure>
    </testcase>
    <testcase id="2024-04-03T14:32:07.012Z" name="closed segments test" file="node_v20.12.0: /free/indices.segments/10_basic.yml" time="0">
      <skipped>{
  "features": [
    "allowed_warnings"
  ]
}</skipped>
    </testcase>
  </testsuite>
  <testsuite id="2024-04-03T14:32:07.370Z" name="free/indices.shard_stores - /free/indices.shard_stores/10_basic.yml" time="1" tests="3" failures="1" skipped="0">
    <testcase id="2024-04-03T14:32:07.370Z" name="no indices test" file="node_v20.12.0: /free/indices.shard_stores/10_basic.yml" time="0">
      <failure message="the error should match: missing, found undefined: expected false to be truthy">AssertionError: the error should match: missing, found undefined: expected false to be truthy
    at doAction (/usr/src/app/test/integration/test-runner.js:544:14)
    at process.processTicksAndRejections (node:internal/process/task_queues:95:5)
    at async exec (/usr/src/app/test/integration/test-runner.js:578:9)
    at async Object.run (/usr/src/app/test/integration/test-runner.js:316:5)
    at async start (/usr/src/app/test/integration/index.js:331:11)</failure>
    </testcase>
    <testcase id="2024-04-03T14:32:07.412Z" name="basic index test" file="node_v20.12.0: /free/indices.shard_stores/10_basic.yml" time="0"/>
    <testcase id="2024-04-03T14:32:07.794Z" name="multiple indices test" file="node_v20.12.0: /free/indices.shard_stores/10_basic.yml" time="0"/>
  </testsuite>
  <testsuite id="2024-04-03T14:32:08.271Z" name="free/indices.shrink - /free/indices.shrink/10_basic.yml" time="1" tests="1" failures="0" skipped="0">
    <testcase id="2024-04-03T14:32:08.271Z" name="Shrink index via API" file="node_v20.12.0: /free/indices.shrink/10_basic.yml" time="1"/>
  </testsuite>
  <testsuite id="2024-04-03T14:32:08.870Z" name="free/indices.shrink - /free/indices.shrink/20_source_mapping.yml" time="1" tests="1" failures="0" skipped="0">
    <testcase id="2024-04-03T14:32:08.870Z" name="Shrink index ignores target template mapping" file="node_v20.12.0: /free/indices.shrink/20_source_mapping.yml" time="1"/>
  </testsuite>
  <testsuite id="2024-04-03T14:32:09.398Z" name="free/indices.shrink - /free/indices.shrink/30_copy_settings.yml" time="0" tests="1" failures="0" skipped="0">
    <testcase id="2024-04-03T14:32:09.399Z" name="Copy settings during shrink index" file="node_v20.12.0: /free/indices.shrink/30_copy_settings.yml" time="0"/>
  </testsuite>
  <testsuite id="2024-04-03T14:32:09.827Z" name="free/indices.simulate_index_template - /free/indices.simulate_index_template/10_basic.yml" time="2" tests="6" failures="0" skipped="6">
    <testcase id="2024-04-03T14:32:09.827Z" name="Simulate index template without new template in the body" file="node_v20.12.0: /free/indices.simulate_index_template/10_basic.yml" time="0">
      <skipped>{
  "version": " - 7.7.99",
  "reason": "simulate index template API is only in 7.8.0+",
  "features": [
    "default_shards"
  ]
}</skipped>
    </testcase>
    <testcase id="2024-04-03T14:32:10.158Z" name="Simulate index template specifying a new template" file="node_v20.12.0: /free/indices.simulate_index_template/10_basic.yml" time="0">
      <skipped>{
  "version": " - 7.7.99",
  "reason": "simulate index template API is only in 7.8.0+",
  "features": [
    "default_shards"
  ]
}</skipped>
    </testcase>
    <testcase id="2024-04-03T14:32:10.465Z" name="Simulate index template with index not matching any template" file="node_v20.12.0: /free/indices.simulate_index_template/10_basic.yml" time="0">
      <skipped>{
  "version": " - 7.7.99",
  "reason": "simulate index template API is only in 7.8.0+",
  "features": [
    "allowed_warnings"
  ]
}</skipped>
    </testcase>
    <testcase id="2024-04-03T14:32:10.754Z" name="Simulate index matches overlapping legacy and composable templates" file="node_v20.12.0: /free/indices.simulate_index_template/10_basic.yml" time="0">
      <skipped>{
  "version": " - 7.7.99",
  "reason": "simulate index template API is only in 7.8.0+",
  "features": [
    "allowed_warnings",
    "default_shards"
  ]
}</skipped>
    </testcase>
    <testcase id="2024-04-03T14:32:11.103Z" name="Simulate an index for and index or alias that already exists" file="node_v20.12.0: /free/indices.simulate_index_template/10_basic.yml" time="0">
      <skipped>{
  "version": " - 8.1.99",
  "reason": "simulating index template API for an existing index has not yet been backported",
  "features": [
    "default_shards"
  ]
}</skipped>
    </testcase>
    <testcase id="2024-04-03T14:32:11.452Z" name="Simulate index template with lifecycle and include defaults" file="node_v20.12.0: /free/indices.simulate_index_template/10_basic.yml" time="0">
      <skipped>{
  "version": " - 8.10.99",
  "reason": "Lifecycle is only available in 8.11+",
  "features": [
    "default_shards"
  ]
}</skipped>
    </testcase>
  </testsuite>
  <testsuite id="2024-04-03T14:32:11.792Z" name="free/indices.simulate_template - /free/indices.simulate_template/10_basic.yml" time="2" tests="5" failures="0" skipped="5">
    <testcase id="2024-04-03T14:32:11.792Z" name="Simulate template without a template in the body" file="node_v20.12.0: /free/indices.simulate_template/10_basic.yml" time="0">
      <skipped>{
  "version": " - 7.8.99",
  "reason": "only available in 7.9+",
  "features": [
    "default_shards"
  ]
}</skipped>
    </testcase>
    <testcase id="2024-04-03T14:32:12.079Z" name="Simulate index template specifying a new template" file="node_v20.12.0: /free/indices.simulate_template/10_basic.yml" time="0">
      <skipped>{
  "version": " - 7.8.99",
  "reason": "only available in 7.9+",
  "features": [
    "default_shards"
  ]
}</skipped>
    </testcase>
    <testcase id="2024-04-03T14:32:12.452Z" name="Simulate template matches overlapping legacy and composable templates" file="node_v20.12.0: /free/indices.simulate_template/10_basic.yml" time="0">
      <skipped>{
  "version": " - 7.8.99",
  "reason": "only available in 7.9+",
  "features": [
    "allowed_warnings",
    "default_shards"
  ]
}</skipped>
    </testcase>
    <testcase id="2024-04-03T14:32:12.781Z" name="Simulate replacing a template with a newer version" file="node_v20.12.0: /free/indices.simulate_template/10_basic.yml" time="0">
      <skipped>{
  "version": " - 7.99.99",
  "reason": "not yet backported",
  "features": [
    "allowed_warnings",
    "default_shards"
  ]
}</skipped>
    </testcase>
    <testcase id="2024-04-03T14:32:13.142Z" name="Simulate template with lifecycle and include defaults" file="node_v20.12.0: /free/indices.simulate_template/10_basic.yml" time="0">
      <skipped>{
  "version": " - 8.10.99",
  "reason": "Lifecycle is only available in 8.11+",
  "features": [
    "default_shards"
  ]
}</skipped>
    </testcase>
  </testsuite>
  <testsuite id="2024-04-03T14:32:13.489Z" name="free/indices.sort - /free/indices.sort/10_basic.yml" time="0" tests="1" failures="1" skipped="0">
    <testcase id="2024-04-03T14:32:13.489Z" name="Index Sort" file="node_v20.12.0: /free/indices.sort/10_basic.yml" time="0">
      <failure message="the error should match: /disabling \[track_total_hits\] is not allowed in a scroll context/, found undefined: expected false to be truthy">AssertionError: the error should match: /disabling \[track_total_hits\] is not allowed in a scroll context/, found undefined: expected false to be truthy
    at doAction (/usr/src/app/test/integration/test-runner.js:544:14)
    at process.processTicksAndRejections (node:internal/process/task_queues:95:5)
    at async exec (/usr/src/app/test/integration/test-runner.js:578:9)
    at async Object.run (/usr/src/app/test/integration/test-runner.js:316:5)
    at async start (/usr/src/app/test/integration/index.js:331:11)</failure>
    </testcase>
  </testsuite>
  <testsuite id="2024-04-03T14:32:13.698Z" name="free/indices.split - /free/indices.split/10_basic.yml" time="30" tests="3" failures="3" skipped="0">
    <testcase id="2024-04-03T14:32:13.698Z" name="Split index via API" file="node_v20.12.0: /free/indices.split/10_basic.yml" time="30">
      <failure message="Cannot convert undefined or null to object">TypeError: Cannot convert undefined or null to object
    at Function.entries (&lt;anonymous&gt;)
    at doRedact (/usr/src/app/node_modules/@elastic/transport/lib/security.js:22:16)
    at /usr/src/app/node_modules/@elastic/transport/lib/security.js:30:44
    at Array.map (&lt;anonymous&gt;)
    at /usr/src/app/node_modules/@elastic/transport/lib/security.js:30:35
    at Array.forEach (&lt;anonymous&gt;)
    at doRedact (/usr/src/app/node_modules/@elastic/transport/lib/security.js:22:29)
    at /usr/src/app/node_modules/@elastic/transport/lib/security.js:36:33
    at Array.forEach (&lt;anonymous&gt;)
    at doRedact (/usr/src/app/node_modules/@elastic/transport/lib/security.js:22:29)</failure>
    </testcase>
    <testcase id="2024-04-03T14:32:43.896Z" name="Split from 1 to N" file="node_v20.12.0: /free/indices.split/10_basic.yml" time="0">
      <failure message="Cannot convert undefined or null to object">TypeError: Cannot convert undefined or null to object
    at Function.entries (&lt;anonymous&gt;)
    at doRedact (/usr/src/app/node_modules/@elastic/transport/lib/security.js:22:16)
    at /usr/src/app/node_modules/@elastic/transport/lib/security.js:30:44
    at Array.map (&lt;anonymous&gt;)
    at /usr/src/app/node_modules/@elastic/transport/lib/security.js:30:35
    at Array.forEach (&lt;anonymous&gt;)
    at doRedact (/usr/src/app/node_modules/@elastic/transport/lib/security.js:22:29)
    at /usr/src/app/node_modules/@elastic/transport/lib/security.js:36:33
    at Array.forEach (&lt;anonymous&gt;)
    at doRedact (/usr/src/app/node_modules/@elastic/transport/lib/security.js:22:29)</failure>
    </testcase>
    <testcase id="2024-04-03T14:32:43.916Z" name="Create illegal split indices" file="node_v20.12.0: /free/indices.split/10_basic.yml" time="0">
      <failure message="Cannot convert undefined or null to object">TypeError: Cannot convert undefined or null to object
    at Function.entries (&lt;anonymous&gt;)
    at doRedact (/usr/src/app/node_modules/@elastic/transport/lib/security.js:22:16)
    at /usr/src/app/node_modules/@elastic/transport/lib/security.js:30:44
    at Array.map (&lt;anonymous&gt;)
    at /usr/src/app/node_modules/@elastic/transport/lib/security.js:30:35
    at Array.forEach (&lt;anonymous&gt;)
    at doRedact (/usr/src/app/node_modules/@elastic/transport/lib/security.js:22:29)
    at /usr/src/app/node_modules/@elastic/transport/lib/security.js:36:33
    at Array.forEach (&lt;anonymous&gt;)
    at doRedact (/usr/src/app/node_modules/@elastic/transport/lib/security.js:22:29)</failure>
    </testcase>
  </testsuite>
  <testsuite id="2024-04-03T14:32:43.948Z" name="free/indices.split - /free/indices.split/20_source_mapping.yml" time="0" tests="1" failures="1" skipped="0">
    <testcase id="2024-04-03T14:32:43.948Z" name="Split index ignores target template mapping" file="node_v20.12.0: /free/indices.split/20_source_mapping.yml" time="0">
      <failure message="Cannot convert undefined or null to object">TypeError: Cannot convert undefined or null to object
    at Function.entries (&lt;anonymous&gt;)
    at doRedact (/usr/src/app/node_modules/@elastic/transport/lib/security.js:22:16)
    at /usr/src/app/node_modules/@elastic/transport/lib/security.js:30:44
    at Array.map (&lt;anonymous&gt;)
    at /usr/src/app/node_modules/@elastic/transport/lib/security.js:30:35
    at Array.forEach (&lt;anonymous&gt;)
    at doRedact (/usr/src/app/node_modules/@elastic/transport/lib/security.js:22:29)
    at /usr/src/app/node_modules/@elastic/transport/lib/security.js:36:33
    at Array.forEach (&lt;anonymous&gt;)
    at doRedact (/usr/src/app/node_modules/@elastic/transport/lib/security.js:22:29)</failure>
    </testcase>
  </testsuite>
  <testsuite id="2024-04-03T14:32:43.971Z" name="free/indices.split - /free/indices.split/30_copy_settings.yml" time="0" tests="1" failures="1" skipped="0">
    <testcase id="2024-04-03T14:32:43.971Z" name="Copy settings during split index" file="node_v20.12.0: /free/indices.split/30_copy_settings.yml" time="0">
      <failure message="Cannot convert undefined or null to object">TypeError: Cannot convert undefined or null to object
    at Function.entries (&lt;anonymous&gt;)
    at doRedact (/usr/src/app/node_modules/@elastic/transport/lib/security.js:22:16)
    at /usr/src/app/node_modules/@elastic/transport/lib/security.js:30:44
    at Array.map (&lt;anonymous&gt;)
    at /usr/src/app/node_modules/@elastic/transport/lib/security.js:30:35
    at Array.forEach (&lt;anonymous&gt;)
    at doRedact (/usr/src/app/node_modules/@elastic/transport/lib/security.js:22:29)
    at /usr/src/app/node_modules/@elastic/transport/lib/security.js:36:33
    at Array.forEach (&lt;anonymous&gt;)
    at doRedact (/usr/src/app/node_modules/@elastic/transport/lib/security.js:22:29)</failure>
    </testcase>
  </testsuite>
  <testsuite id="2024-04-03T14:32:44.007Z" name="free/indices.split - /free/indices.split/40_routing_partition_size.yml" time="0" tests="3" failures="3" skipped="0">
    <testcase id="2024-04-03T14:32:44.007Z" name="more than 1" file="node_v20.12.0: /free/indices.split/40_routing_partition_size.yml" time="0">
      <failure message="Cannot convert undefined or null to object">TypeError: Cannot convert undefined or null to object
    at Function.entries (&lt;anonymous&gt;)
    at doRedact (/usr/src/app/node_modules/@elastic/transport/lib/security.js:22:16)
    at /usr/src/app/node_modules/@elastic/transport/lib/security.js:30:44
    at Array.map (&lt;anonymous&gt;)
    at /usr/src/app/node_modules/@elastic/transport/lib/security.js:30:35
    at Array.forEach (&lt;anonymous&gt;)
    at doRedact (/usr/src/app/node_modules/@elastic/transport/lib/security.js:22:29)
    at /usr/src/app/node_modules/@elastic/transport/lib/security.js:36:33
    at Array.forEach (&lt;anonymous&gt;)
    at doRedact (/usr/src/app/node_modules/@elastic/transport/lib/security.js:22:29)</failure>
    </testcase>
    <testcase id="2024-04-03T14:32:44.026Z" name="exactly 1" file="node_v20.12.0: /free/indices.split/40_routing_partition_size.yml" time="0">
      <failure message="Cannot convert undefined or null to object">TypeError: Cannot convert undefined or null to object
    at Function.entries (&lt;anonymous&gt;)
    at doRedact (/usr/src/app/node_modules/@elastic/transport/lib/security.js:22:16)
    at /usr/src/app/node_modules/@elastic/transport/lib/security.js:30:44
    at Array.map (&lt;anonymous&gt;)
    at /usr/src/app/node_modules/@elastic/transport/lib/security.js:30:35
    at Array.forEach (&lt;anonymous&gt;)
    at doRedact (/usr/src/app/node_modules/@elastic/transport/lib/security.js:22:29)
    at /usr/src/app/node_modules/@elastic/transport/lib/security.js:36:33
    at Array.forEach (&lt;anonymous&gt;)
    at doRedact (/usr/src/app/node_modules/@elastic/transport/lib/security.js:22:29)</failure>
    </testcase>
    <testcase id="2024-04-03T14:32:44.044Z" name="nested" file="node_v20.12.0: /free/indices.split/40_routing_partition_size.yml" time="0">
      <failure message="Cannot convert undefined or null to object">TypeError: Cannot convert undefined or null to object
    at Function.entries (&lt;anonymous&gt;)
    at doRedact (/usr/src/app/node_modules/@elastic/transport/lib/security.js:22:16)
    at /usr/src/app/node_modules/@elastic/transport/lib/security.js:30:44
    at Array.map (&lt;anonymous&gt;)
    at /usr/src/app/node_modules/@elastic/transport/lib/security.js:30:35
    at Array.forEach (&lt;anonymous&gt;)
    at doRedact (/usr/src/app/node_modules/@elastic/transport/lib/security.js:22:29)
    at /usr/src/app/node_modules/@elastic/transport/lib/security.js:36:33
    at Array.forEach (&lt;anonymous&gt;)
    at doRedact (/usr/src/app/node_modules/@elastic/transport/lib/security.js:22:29)</failure>
    </testcase>
  </testsuite>
  <testsuite id="2024-04-03T14:32:44.062Z" name="free/indices.split - /free/indices.split/50_routing_required.yml" time="0" tests="2" failures="2" skipped="0">
    <testcase id="2024-04-03T14:32:44.062Z" name="routing required" file="node_v20.12.0: /free/indices.split/50_routing_required.yml" time="0">
      <failure message="Cannot convert undefined or null to object">TypeError: Cannot convert undefined or null to object
    at Function.entries (&lt;anonymous&gt;)
    at doRedact (/usr/src/app/node_modules/@elastic/transport/lib/security.js:22:16)
    at /usr/src/app/node_modules/@elastic/transport/lib/security.js:30:44
    at Array.map (&lt;anonymous&gt;)
    at /usr/src/app/node_modules/@elastic/transport/lib/security.js:30:35
    at Array.forEach (&lt;anonymous&gt;)
    at doRedact (/usr/src/app/node_modules/@elastic/transport/lib/security.js:22:29)
    at /usr/src/app/node_modules/@elastic/transport/lib/security.js:36:33
    at Array.forEach (&lt;anonymous&gt;)
    at doRedact (/usr/src/app/node_modules/@elastic/transport/lib/security.js:22:29)</failure>
    </testcase>
    <testcase id="2024-04-03T14:32:44.081Z" name="nested" file="node_v20.12.0: /free/indices.split/50_routing_required.yml" time="0">
      <failure message="Cannot convert undefined or null to object">TypeError: Cannot convert undefined or null to object
    at Function.entries (&lt;anonymous&gt;)
    at doRedact (/usr/src/app/node_modules/@elastic/transport/lib/security.js:22:16)
    at /usr/src/app/node_modules/@elastic/transport/lib/security.js:30:44
    at Array.map (&lt;anonymous&gt;)
    at /usr/src/app/node_modules/@elastic/transport/lib/security.js:30:35
    at Array.forEach (&lt;anonymous&gt;)
    at doRedact (/usr/src/app/node_modules/@elastic/transport/lib/security.js:22:29)
    at /usr/src/app/node_modules/@elastic/transport/lib/security.js:36:33
    at Array.forEach (&lt;anonymous&gt;)
    at doRedact (/usr/src/app/node_modules/@elastic/transport/lib/security.js:22:29)</failure>
    </testcase>
  </testsuite>
  <testsuite id="2024-04-03T14:32:44.098Z" name="free/indices.split - /free/indices.split/60_nested.yml" time="0" tests="1" failures="1" skipped="0">
    <testcase id="2024-04-03T14:32:44.098Z" name="nested" file="node_v20.12.0: /free/indices.split/60_nested.yml" time="0">
      <failure message="Cannot convert undefined or null to object">TypeError: Cannot convert undefined or null to object
    at Function.entries (&lt;anonymous&gt;)
    at doRedact (/usr/src/app/node_modules/@elastic/transport/lib/security.js:22:16)
    at /usr/src/app/node_modules/@elastic/transport/lib/security.js:30:44
    at Array.map (&lt;anonymous&gt;)
    at /usr/src/app/node_modules/@elastic/transport/lib/security.js:30:35
    at Array.forEach (&lt;anonymous&gt;)
    at doRedact (/usr/src/app/node_modules/@elastic/transport/lib/security.js:22:29)
    at /usr/src/app/node_modules/@elastic/transport/lib/security.js:36:33
    at Array.forEach (&lt;anonymous&gt;)
    at doRedact (/usr/src/app/node_modules/@elastic/transport/lib/security.js:22:29)</failure>
    </testcase>
  </testsuite>
  <testsuite id="2024-04-03T14:32:44.115Z" name="free/indices.stats - /free/indices.stats/100_search_idle.yml" time="0" tests="1" failures="1" skipped="0">
    <testcase id="2024-04-03T14:32:44.115Z" name="Search idle stats" file="node_v20.12.0: /free/indices.stats/100_search_idle.yml" time="0">
      <failure message="Cannot convert undefined or null to object">TypeError: Cannot convert undefined or null to object
    at Function.entries (&lt;anonymous&gt;)
    at doRedact (/usr/src/app/node_modules/@elastic/transport/lib/security.js:22:16)
    at /usr/src/app/node_modules/@elastic/transport/lib/security.js:30:44
    at Array.map (&lt;anonymous&gt;)
    at /usr/src/app/node_modules/@elastic/transport/lib/security.js:30:35
    at Array.forEach (&lt;anonymous&gt;)
    at doRedact (/usr/src/app/node_modules/@elastic/transport/lib/security.js:22:29)
    at /usr/src/app/node_modules/@elastic/transport/lib/security.js:36:33
    at Array.forEach (&lt;anonymous&gt;)
    at doRedact (/usr/src/app/node_modules/@elastic/transport/lib/security.js:22:29)</failure>
    </testcase>
  </testsuite>
  <testsuite id="2024-04-03T14:32:44.133Z" name="free/indices.stats - /free/indices.stats/10_index.yml" time="0" tests="8" failures="8" skipped="0">
    <testcase id="2024-04-03T14:32:44.133Z" name="Index - blank" file="node_v20.12.0: /free/indices.stats/10_index.yml" time="0">
      <failure message="should be equal: 26 - 18, action: {&quot;_shards.total&quot;:18}: expected 26 to equal 18">AssertionError: should be equal: 26 - 18, action: {"_shards.total":18}: expected 26 to equal 18
    at match (/usr/src/app/test/integration/test-runner.js:746:14)
    at exec (/usr/src/app/test/integration/test-runner.js:594:9)
    at process.processTicksAndRejections (node:internal/process/task_queues:95:5)
    at async Object.run (/usr/src/app/test/integration/test-runner.js:316:5)
    at async start (/usr/src/app/test/integration/index.js:331:11)</failure>
    </testcase>
    <testcase id="2024-04-03T14:32:44.355Z" name="Index - all" file="node_v20.12.0: /free/indices.stats/10_index.yml" time="0">
      <failure message="Cannot convert undefined or null to object">TypeError: Cannot convert undefined or null to object
    at Function.entries (&lt;anonymous&gt;)
    at doRedact (/usr/src/app/node_modules/@elastic/transport/lib/security.js:22:16)
    at /usr/src/app/node_modules/@elastic/transport/lib/security.js:30:44
    at Array.map (&lt;anonymous&gt;)
    at /usr/src/app/node_modules/@elastic/transport/lib/security.js:30:35
    at Array.forEach (&lt;anonymous&gt;)
    at doRedact (/usr/src/app/node_modules/@elastic/transport/lib/security.js:22:29)
    at /usr/src/app/node_modules/@elastic/transport/lib/security.js:36:33
    at Array.forEach (&lt;anonymous&gt;)
    at doRedact (/usr/src/app/node_modules/@elastic/transport/lib/security.js:22:29)</failure>
    </testcase>
    <testcase id="2024-04-03T14:32:44.375Z" name="Index - star" file="node_v20.12.0: /free/indices.stats/10_index.yml" time="0">
      <failure message="Cannot convert undefined or null to object">TypeError: Cannot convert undefined or null to object
    at Function.entries (&lt;anonymous&gt;)
    at doRedact (/usr/src/app/node_modules/@elastic/transport/lib/security.js:22:16)
    at /usr/src/app/node_modules/@elastic/transport/lib/security.js:30:44
    at Array.map (&lt;anonymous&gt;)
    at /usr/src/app/node_modules/@elastic/transport/lib/security.js:30:35
    at Array.forEach (&lt;anonymous&gt;)
    at doRedact (/usr/src/app/node_modules/@elastic/transport/lib/security.js:22:29)
    at /usr/src/app/node_modules/@elastic/transport/lib/security.js:36:33
    at Array.forEach (&lt;anonymous&gt;)
    at doRedact (/usr/src/app/node_modules/@elastic/transport/lib/security.js:22:29)</failure>
    </testcase>
    <testcase id="2024-04-03T14:32:44.393Z" name="Index - star, no match" file="node_v20.12.0: /free/indices.stats/10_index.yml" time="0">
      <failure message="Cannot convert undefined or null to object">TypeError: Cannot convert undefined or null to object
    at Function.entries (&lt;anonymous&gt;)
    at doRedact (/usr/src/app/node_modules/@elastic/transport/lib/security.js:22:16)
    at /usr/src/app/node_modules/@elastic/transport/lib/security.js:30:44
    at Array.map (&lt;anonymous&gt;)
    at /usr/src/app/node_modules/@elastic/transport/lib/security.js:30:35
    at Array.forEach (&lt;anonymous&gt;)
    at doRedact (/usr/src/app/node_modules/@elastic/transport/lib/security.js:22:29)
    at /usr/src/app/node_modules/@elastic/transport/lib/security.js:36:33
    at Array.forEach (&lt;anonymous&gt;)
    at doRedact (/usr/src/app/node_modules/@elastic/transport/lib/security.js:22:29)</failure>
    </testcase>
    <testcase id="2024-04-03T14:32:44.410Z" name="Index - one index" file="node_v20.12.0: /free/indices.stats/10_index.yml" time="0">
      <failure message="Cannot convert undefined or null to object">TypeError: Cannot convert undefined or null to object
    at Function.entries (&lt;anonymous&gt;)
    at doRedact (/usr/src/app/node_modules/@elastic/transport/lib/security.js:22:16)
    at /usr/src/app/node_modules/@elastic/transport/lib/security.js:30:44
    at Array.map (&lt;anonymous&gt;)
    at /usr/src/app/node_modules/@elastic/transport/lib/security.js:30:35
    at Array.forEach (&lt;anonymous&gt;)
    at doRedact (/usr/src/app/node_modules/@elastic/transport/lib/security.js:22:29)
    at /usr/src/app/node_modules/@elastic/transport/lib/security.js:36:33
    at Array.forEach (&lt;anonymous&gt;)
    at doRedact (/usr/src/app/node_modules/@elastic/transport/lib/security.js:22:29)</failure>
    </testcase>
    <testcase id="2024-04-03T14:32:44.426Z" name="Index - multi-index" file="node_v20.12.0: /free/indices.stats/10_index.yml" time="0">
      <failure message="Cannot convert undefined or null to object">TypeError: Cannot convert undefined or null to object
    at Function.entries (&lt;anonymous&gt;)
    at doRedact (/usr/src/app/node_modules/@elastic/transport/lib/security.js:22:16)
    at /usr/src/app/node_modules/@elastic/transport/lib/security.js:30:44
    at Array.map (&lt;anonymous&gt;)
    at /usr/src/app/node_modules/@elastic/transport/lib/security.js:30:35
    at Array.forEach (&lt;anonymous&gt;)
    at doRedact (/usr/src/app/node_modules/@elastic/transport/lib/security.js:22:29)
    at /usr/src/app/node_modules/@elastic/transport/lib/security.js:36:33
    at Array.forEach (&lt;anonymous&gt;)
    at doRedact (/usr/src/app/node_modules/@elastic/transport/lib/security.js:22:29)</failure>
    </testcase>
    <testcase id="2024-04-03T14:32:44.444Z" name="Index - pattern" file="node_v20.12.0: /free/indices.stats/10_index.yml" time="0">
      <failure message="Cannot convert undefined or null to object">TypeError: Cannot convert undefined or null to object
    at Function.entries (&lt;anonymous&gt;)
    at doRedact (/usr/src/app/node_modules/@elastic/transport/lib/security.js:22:16)
    at /usr/src/app/node_modules/@elastic/transport/lib/security.js:30:44
    at Array.map (&lt;anonymous&gt;)
    at /usr/src/app/node_modules/@elastic/transport/lib/security.js:30:35
    at Array.forEach (&lt;anonymous&gt;)
    at doRedact (/usr/src/app/node_modules/@elastic/transport/lib/security.js:22:29)
    at /usr/src/app/node_modules/@elastic/transport/lib/security.js:36:33
    at Array.forEach (&lt;anonymous&gt;)
    at doRedact (/usr/src/app/node_modules/@elastic/transport/lib/security.js:22:29)</failure>
    </testcase>
    <testcase id="2024-04-03T14:32:44.463Z" name="Indices stats unrecognized parameter" file="node_v20.12.0: /free/indices.stats/10_index.yml" time="0">
      <failure message="Cannot convert undefined or null to object">TypeError: Cannot convert undefined or null to object
    at Function.entries (&lt;anonymous&gt;)
    at doRedact (/usr/src/app/node_modules/@elastic/transport/lib/security.js:22:16)
    at /usr/src/app/node_modules/@elastic/transport/lib/security.js:30:44
    at Array.map (&lt;anonymous&gt;)
    at /usr/src/app/node_modules/@elastic/transport/lib/security.js:30:35
    at Array.forEach (&lt;anonymous&gt;)
    at doRedact (/usr/src/app/node_modules/@elastic/transport/lib/security.js:22:29)
    at /usr/src/app/node_modules/@elastic/transport/lib/security.js:36:33
    at Array.forEach (&lt;anonymous&gt;)
    at doRedact (/usr/src/app/node_modules/@elastic/transport/lib/security.js:22:29)</failure>
    </testcase>
  </testsuite>
  <testsuite id="2024-04-03T14:32:44.481Z" name="free/indices.stats - /free/indices.stats/11_metric.yml" time="4" tests="9" failures="0" skipped="0">
    <testcase id="2024-04-03T14:32:44.481Z" name="Metric - blank" file="node_v20.12.0: /free/indices.stats/11_metric.yml" time="0"/>
    <testcase id="2024-04-03T14:32:44.805Z" name="Metric - _all" file="node_v20.12.0: /free/indices.stats/11_metric.yml" time="0"/>
    <testcase id="2024-04-03T14:32:45.279Z" name="Metric - one" file="node_v20.12.0: /free/indices.stats/11_metric.yml" time="1"/>
    <testcase id="2024-04-03T14:32:45.779Z" name="Metric - multi" file="node_v20.12.0: /free/indices.stats/11_metric.yml" time="0"/>
    <testcase id="2024-04-03T14:32:46.226Z" name="Metric - recovery" file="node_v20.12.0: /free/indices.stats/11_metric.yml" time="1"/>
    <testcase id="2024-04-03T14:32:46.750Z" name="Metric - _all include_segment_file_sizes" file="node_v20.12.0: /free/indices.stats/11_metric.yml" time="0"/>
    <testcase id="2024-04-03T14:32:47.149Z" name="Metric - segments include_segment_file_sizes" file="node_v20.12.0: /free/indices.stats/11_metric.yml" time="0"/>
    <testcase id="2024-04-03T14:32:47.636Z" name="Metric - _all include_unloaded_segments" file="node_v20.12.0: /free/indices.stats/11_metric.yml" time="0"/>
    <testcase id="2024-04-03T14:32:48.112Z" name="Metric - segments include_unloaded_segments" file="node_v20.12.0: /free/indices.stats/11_metric.yml" time="1"/>
  </testsuite>
  <testsuite id="2024-04-03T14:32:48.616Z" name="free/indices.stats - /free/indices.stats/12_level.yml" time="2" tests="4" failures="0" skipped="0">
    <testcase id="2024-04-03T14:32:48.616Z" name="Level - blank" file="node_v20.12.0: /free/indices.stats/12_level.yml" time="0"/>
    <testcase id="2024-04-03T14:32:49.085Z" name="Level - indices" file="node_v20.12.0: /free/indices.stats/12_level.yml" time="0"/>
    <testcase id="2024-04-03T14:32:49.519Z" name="Level - cluster" file="node_v20.12.0: /free/indices.stats/12_level.yml" time="1"/>
    <testcase id="2024-04-03T14:32:50.019Z" name="Level - shards" file="node_v20.12.0: /free/indices.stats/12_level.yml" time="0"/>
  </testsuite>
  <testsuite id="2024-04-03T14:32:50.481Z" name="free/indices.stats - /free/indices.stats/13_fields.yml" time="11" tests="23" failures="0" skipped="0">
    <testcase id="2024-04-03T14:32:50.481Z" name="Fields - blank" file="node_v20.12.0: /free/indices.stats/13_fields.yml" time="0"/>
    <testcase id="2024-04-03T14:32:50.950Z" name="Fields - one" file="node_v20.12.0: /free/indices.stats/13_fields.yml" time="0"/>
    <testcase id="2024-04-03T14:32:51.413Z" name="Fields - multi" file="node_v20.12.0: /free/indices.stats/13_fields.yml" time="0"/>
    <testcase id="2024-04-03T14:32:51.855Z" name="Fields - star" file="node_v20.12.0: /free/indices.stats/13_fields.yml" time="0"/>
    <testcase id="2024-04-03T14:32:52.259Z" name="Fields - pattern" file="node_v20.12.0: /free/indices.stats/13_fields.yml" time="1"/>
    <testcase id="2024-04-03T14:32:52.759Z" name="Fields - _all metric" file="node_v20.12.0: /free/indices.stats/13_fields.yml" time="0"/>
    <testcase id="2024-04-03T14:32:53.216Z" name="Fields - fielddata metric" file="node_v20.12.0: /free/indices.stats/13_fields.yml" time="0"/>
    <testcase id="2024-04-03T14:32:53.656Z" name="Fields - completion metric" file="node_v20.12.0: /free/indices.stats/13_fields.yml" time="0"/>
    <testcase id="2024-04-03T14:32:54.126Z" name="Fields - multi metric" file="node_v20.12.0: /free/indices.stats/13_fields.yml" time="0"/>
    <testcase id="2024-04-03T14:32:54.592Z" name="Fielddata fields - one" file="node_v20.12.0: /free/indices.stats/13_fields.yml" time="0"/>
    <testcase id="2024-04-03T14:32:55.065Z" name="Fielddata fields - multi" file="node_v20.12.0: /free/indices.stats/13_fields.yml" time="0"/>
    <testcase id="2024-04-03T14:32:55.529Z" name="Fielddata fields - star" file="node_v20.12.0: /free/indices.stats/13_fields.yml" time="0"/>
    <testcase id="2024-04-03T14:32:55.935Z" name="Fielddata fields - pattern" file="node_v20.12.0: /free/indices.stats/13_fields.yml" time="0"/>
    <testcase id="2024-04-03T14:32:56.389Z" name="Fielddata fields - all metric" file="node_v20.12.0: /free/indices.stats/13_fields.yml" time="0"/>
    <testcase id="2024-04-03T14:32:56.855Z" name="Fielddata fields - one metric" file="node_v20.12.0: /free/indices.stats/13_fields.yml" time="0"/>
    <testcase id="2024-04-03T14:32:57.338Z" name="Fielddata fields - multi metric" file="node_v20.12.0: /free/indices.stats/13_fields.yml" time="0"/>
    <testcase id="2024-04-03T14:32:57.788Z" name="Completion fields - one" file="node_v20.12.0: /free/indices.stats/13_fields.yml" time="0"/>
    <testcase id="2024-04-03T14:32:58.286Z" name="Completion fields - multi" file="node_v20.12.0: /free/indices.stats/13_fields.yml" time="0"/>
    <testcase id="2024-04-03T14:32:58.763Z" name="Completion fields - star" file="node_v20.12.0: /free/indices.stats/13_fields.yml" time="0"/>
    <testcase id="2024-04-03T14:32:59.195Z" name="Completion - pattern" file="node_v20.12.0: /free/indices.stats/13_fields.yml" time="1"/>
    <testcase id="2024-04-03T14:32:59.763Z" name="Completion - all metric" file="node_v20.12.0: /free/indices.stats/13_fields.yml" time="0"/>
    <testcase id="2024-04-03T14:33:00.146Z" name="Completion - one metric" file="node_v20.12.0: /free/indices.stats/13_fields.yml" time="0"/>
    <testcase id="2024-04-03T14:33:00.640Z" name="Completion - multi metric" file="node_v20.12.0: /free/indices.stats/13_fields.yml" time="1"/>
  </testsuite>
  <testsuite id="2024-04-03T14:33:01.202Z" name="free/indices.stats - /free/indices.stats/14_groups.yml" time="4" tests="8" failures="0" skipped="0">
    <testcase id="2024-04-03T14:33:01.202Z" name="Groups - blank" file="node_v20.12.0: /free/indices.stats/14_groups.yml" time="0"/>
    <testcase id="2024-04-03T14:33:01.586Z" name="Groups - one" file="node_v20.12.0: /free/indices.stats/14_groups.yml" time="0"/>
    <testcase id="2024-04-03T14:33:02.080Z" name="Groups - multi" file="node_v20.12.0: /free/indices.stats/14_groups.yml" time="0"/>
    <testcase id="2024-04-03T14:33:02.576Z" name="Groups - star" file="node_v20.12.0: /free/indices.stats/14_groups.yml" time="0"/>
    <testcase id="2024-04-03T14:33:02.982Z" name="Groups - pattern" file="node_v20.12.0: /free/indices.stats/14_groups.yml" time="0"/>
    <testcase id="2024-04-03T14:33:03.447Z" name="Groups - _all metric" file="node_v20.12.0: /free/indices.stats/14_groups.yml" time="0"/>
    <testcase id="2024-04-03T14:33:03.894Z" name="Groups - search metric" file="node_v20.12.0: /free/indices.stats/14_groups.yml" time="0"/>
    <testcase id="2024-04-03T14:33:04.316Z" name="Groups - multi metric" file="node_v20.12.0: /free/indices.stats/14_groups.yml" time="0"/>
  </testsuite>
  <testsuite id="2024-04-03T14:33:04.777Z" name="free/indices.stats - /free/indices.stats/20_translog.yml" time="2" tests="4" failures="1" skipped="0">
    <testcase id="2024-04-03T14:33:04.777Z" name="Translog retention" file="node_v20.12.0: /free/indices.stats/20_translog.yml" time="0"/>
    <testcase id="2024-04-03T14:33:05.271Z" name="Translog retention settings are no long supported" file="node_v20.12.0: /free/indices.stats/20_translog.yml" time="0">
      <failure message="the error should match: /illegal_argument_exception/, found undefined: expected false to be truthy">AssertionError: the error should match: /illegal_argument_exception/, found undefined: expected false to be truthy
    at doAction (/usr/src/app/test/integration/test-runner.js:544:14)
    at process.processTicksAndRejections (node:internal/process/task_queues:95:5)
    at async exec (/usr/src/app/test/integration/test-runner.js:578:9)
    at async Object.run (/usr/src/app/test/integration/test-runner.js:316:5)
    at async start (/usr/src/app/test/integration/index.js:331:11)</failure>
    </testcase>
    <testcase id="2024-04-03T14:33:05.324Z" name="Translog last modified age stats" file="node_v20.12.0: /free/indices.stats/20_translog.yml" time="1"/>
    <testcase id="2024-04-03T14:33:05.827Z" name="Translog stats on closed indices" file="node_v20.12.0: /free/indices.stats/20_translog.yml" time="1"/>
  </testsuite>
  <testsuite id="2024-04-03T14:33:06.394Z" name="free/indices.stats - /free/indices.stats/30_segments.yml" time="1" tests="2" failures="0" skipped="0">
    <testcase id="2024-04-03T14:33:06.394Z" name="Segment Stats" file="node_v20.12.0: /free/indices.stats/30_segments.yml" time="0"/>
    <testcase id="2024-04-03T14:33:06.881Z" name="Indices Stats API with extended files stats" file="node_v20.12.0: /free/indices.stats/30_segments.yml" time="0"/>
  </testsuite>
  <testsuite id="2024-04-03T14:33:07.319Z" name="free/indices.stats - /free/indices.stats/40_updates_on_refresh.yml" time="0" tests="1" failures="0" skipped="0">
    <testcase id="2024-04-03T14:33:07.319Z" name="Completion stats" file="node_v20.12.0: /free/indices.stats/40_updates_on_refresh.yml" time="0"/>
  </testsuite>
  <testsuite id="2024-04-03T14:33:07.768Z" name="free/indices.stats - /free/indices.stats/50_disk_usage.yml" time="1" tests="3" failures="0" skipped="0">
    <testcase id="2024-04-03T14:33:07.768Z" name="Name the index" file="node_v20.12.0: /free/indices.stats/50_disk_usage.yml" time="0"/>
    <testcase id="2024-04-03T14:33:08.156Z" name="Star" file="node_v20.12.0: /free/indices.stats/50_disk_usage.yml" time="0"/>
    <testcase id="2024-04-03T14:33:08.559Z" name="Dense vectors" file="node_v20.12.0: /free/indices.stats/50_disk_usage.yml" time="0"/>
  </testsuite>
  <testsuite id="2024-04-03T14:33:08.999Z" name="free/indices.stats - /free/indices.stats/60_field_usage.yml" time="0" tests="1" failures="0" skipped="1">
    <testcase id="2024-04-03T14:33:08.999Z" name="Field usage stats" file="node_v20.12.0: /free/indices.stats/60_field_usage.yml" time="0">
      <skipped>This test is in the skip list of the client</skipped>
    </testcase>
  </testsuite>
  <testsuite id="2024-04-03T14:33:08.999Z" name="free/indices.stats - /free/indices.stats/70_write_load.yml" time="0" tests="1" failures="0" skipped="0">
    <testcase id="2024-04-03T14:33:08.999Z" name="Write load average is tracked at shard level" file="node_v20.12.0: /free/indices.stats/70_write_load.yml" time="0"/>
  </testsuite>
  <testsuite id="2024-04-03T14:33:09.371Z" name="free/indices.stats - /free/indices.stats/90_global_ordinals.yml" time="2" tests="4" failures="0" skipped="0">
    <testcase id="2024-04-03T14:33:09.371Z" name="global_ordinals - blank" file="node_v20.12.0: /free/indices.stats/90_global_ordinals.yml" time="0"/>
    <testcase id="2024-04-03T14:33:09.819Z" name="global_ordinals - fields" file="node_v20.12.0: /free/indices.stats/90_global_ordinals.yml" time="0"/>
    <testcase id="2024-04-03T14:33:10.275Z" name="global_ordinals - fields and metrics" file="node_v20.12.0: /free/indices.stats/90_global_ordinals.yml" time="0"/>
    <testcase id="2024-04-03T14:33:10.660Z" name="global_ordinals - fielddata_fields" file="node_v20.12.0: /free/indices.stats/90_global_ordinals.yml" time="0"/>
  </testsuite>
  <testsuite id="2024-04-03T14:33:11.149Z" name="free/indices.update_aliases - /free/indices.update_aliases/10_basic.yml" time="2" tests="4" failures="0" skipped="0">
    <testcase id="2024-04-03T14:33:11.149Z" name="Basic test for aliases" file="node_v20.12.0: /free/indices.update_aliases/10_basic.yml" time="0"/>
    <testcase id="2024-04-03T14:33:11.556Z" name="Basic test for multiple aliases" file="node_v20.12.0: /free/indices.update_aliases/10_basic.yml" time="0"/>
    <testcase id="2024-04-03T14:33:11.907Z" name="Remove alias" file="node_v20.12.0: /free/indices.update_aliases/10_basic.yml" time="0"/>
    <testcase id="2024-04-03T14:33:12.386Z" name="Aliases with date math" file="node_v20.12.0: /free/indices.update_aliases/10_basic.yml" time="0"/>
  </testsuite>
  <testsuite id="2024-04-03T14:33:12.824Z" name="free/indices.update_aliases - /free/indices.update_aliases/20_routing.yml" time="3" tests="7" failures="0" skipped="0">
    <testcase id="2024-04-03T14:33:12.824Z" name="Routing" file="node_v20.12.0: /free/indices.update_aliases/20_routing.yml" time="0"/>
    <testcase id="2024-04-03T14:33:13.168Z" name="Index Routing" file="node_v20.12.0: /free/indices.update_aliases/20_routing.yml" time="0"/>
    <testcase id="2024-04-03T14:33:13.575Z" name="Search Routing" file="node_v20.12.0: /free/indices.update_aliases/20_routing.yml" time="0"/>
    <testcase id="2024-04-03T14:33:13.984Z" name="Index, Default Routing" file="node_v20.12.0: /free/indices.update_aliases/20_routing.yml" time="0"/>
    <testcase id="2024-04-03T14:33:14.456Z" name="Search, Default Routing" file="node_v20.12.0: /free/indices.update_aliases/20_routing.yml" time="0"/>
    <testcase id="2024-04-03T14:33:14.861Z" name="Index, Search, Default Routing" file="node_v20.12.0: /free/indices.update_aliases/20_routing.yml" time="1"/>
    <testcase id="2024-04-03T14:33:15.380Z" name="Numeric Routing" file="node_v20.12.0: /free/indices.update_aliases/20_routing.yml" time="0"/>
  </testsuite>
  <testsuite id="2024-04-03T14:33:15.860Z" name="free/indices.update_aliases - /free/indices.update_aliases/30_remove_index_and_replace_with_alias.yml" time="1" tests="1" failures="0" skipped="0">
    <testcase id="2024-04-03T14:33:15.860Z" name="Remove an index and replace it with an alias" file="node_v20.12.0: /free/indices.update_aliases/30_remove_index_and_replace_with_alias.yml" time="1"/>
  </testsuite>
  <testsuite id="2024-04-03T14:33:16.362Z" name="free/indices.update_aliases - /free/indices.update_aliases/40_must_exist.yml" time="0" tests="2" failures="2" skipped="0">
    <testcase id="2024-04-03T14:33:16.362Z" name="Remove alias with must_exist" file="node_v20.12.0: /free/indices.update_aliases/40_must_exist.yml" time="0">
      <failure message="the error should match: missing, found undefined: expected false to be truthy">AssertionError: the error should match: missing, found undefined: expected false to be truthy
    at doAction (/usr/src/app/test/integration/test-runner.js:544:14)
    at process.processTicksAndRejections (node:internal/process/task_queues:95:5)
    at async exec (/usr/src/app/test/integration/test-runner.js:578:9)
    at async Object.run (/usr/src/app/test/integration/test-runner.js:316:5)
    at async start (/usr/src/app/test/integration/index.js:331:11)</failure>
    </testcase>
    <testcase id="2024-04-03T14:33:16.486Z" name="Alias must_exist only on remove" file="node_v20.12.0: /free/indices.update_aliases/40_must_exist.yml" time="0">
      <failure message="Cannot convert undefined or null to object">TypeError: Cannot convert undefined or null to object
    at Function.entries (&lt;anonymous&gt;)
    at doRedact (/usr/src/app/node_modules/@elastic/transport/lib/security.js:22:16)
    at /usr/src/app/node_modules/@elastic/transport/lib/security.js:30:44
    at Array.map (&lt;anonymous&gt;)
    at /usr/src/app/node_modules/@elastic/transport/lib/security.js:30:35
    at Array.forEach (&lt;anonymous&gt;)
    at doRedact (/usr/src/app/node_modules/@elastic/transport/lib/security.js:22:29)
    at /usr/src/app/node_modules/@elastic/transport/lib/security.js:36:33
    at Array.forEach (&lt;anonymous&gt;)
    at doRedact (/usr/src/app/node_modules/@elastic/transport/lib/security.js:22:29)</failure>
    </testcase>
  </testsuite>
  <testsuite id="2024-04-03T14:33:16.508Z" name="free/indices.validate_query - /free/indices.validate_query/10_basic.yml" time="0" tests="2" failures="2" skipped="0">
    <testcase id="2024-04-03T14:33:16.508Z" name="Validate query api" file="node_v20.12.0: /free/indices.validate_query/10_basic.yml" time="0">
      <failure message="should include pattern provided: testing, but got: test_index: {&quot;explanations.0.index&quot;:&quot;testing&quot;}: expected 'test_index' to include 'testing'">AssertionError: should include pattern provided: testing, but got: test_index: {"explanations.0.index":"testing"}: expected 'test_index' to include 'testing'
    at match (/usr/src/app/test/integration/test-runner.js:743:14)
    at exec (/usr/src/app/test/integration/test-runner.js:594:9)
    at process.processTicksAndRejections (node:internal/process/task_queues:95:5)
    at async Object.run (/usr/src/app/test/integration/test-runner.js:316:5)
    at async start (/usr/src/app/test/integration/index.js:331:11)</failure>
    </testcase>
    <testcase id="2024-04-03T14:33:16.593Z" name="Validate body without query element" file="node_v20.12.0: /free/indices.validate_query/10_basic.yml" time="0">
      <failure message="Cannot convert undefined or null to object">TypeError: Cannot convert undefined or null to object
    at Function.entries (&lt;anonymous&gt;)
    at doRedact (/usr/src/app/node_modules/@elastic/transport/lib/security.js:22:16)
    at /usr/src/app/node_modules/@elastic/transport/lib/security.js:30:44
    at Array.map (&lt;anonymous&gt;)
    at /usr/src/app/node_modules/@elastic/transport/lib/security.js:30:35
    at Array.forEach (&lt;anonymous&gt;)
    at doRedact (/usr/src/app/node_modules/@elastic/transport/lib/security.js:22:29)
    at /usr/src/app/node_modules/@elastic/transport/lib/security.js:36:33
    at Array.forEach (&lt;anonymous&gt;)
    at doRedact (/usr/src/app/node_modules/@elastic/transport/lib/security.js:22:29)</failure>
    </testcase>
  </testsuite>
  <testsuite id="2024-04-03T14:33:16.611Z" name="free/indices.validate_query - /free/indices.validate_query/20_query_string.yml" time="0" tests="1" failures="0" skipped="0">
    <testcase id="2024-04-03T14:33:16.611Z" name="validate_query with query_string parameters" file="node_v20.12.0: /free/indices.validate_query/20_query_string.yml" time="0"/>
  </testsuite>
  <testsuite id="2024-04-03T14:33:17.067Z" name="free/ingest - /free/ingest/10_basic.yml" time="1" tests="5" failures="3" skipped="0">
    <testcase id="2024-04-03T14:33:17.067Z" name="Test basic pipeline crud" file="node_v20.12.0: /free/ingest/10_basic.yml" time="0">
      <failure message="the error should match: missing, found undefined: expected false to be truthy">AssertionError: the error should match: missing, found undefined: expected false to be truthy
    at doAction (/usr/src/app/test/integration/test-runner.js:544:14)
    at process.processTicksAndRejections (node:internal/process/task_queues:95:5)
    at async exec (/usr/src/app/test/integration/test-runner.js:578:9)
    at async Object.run (/usr/src/app/test/integration/test-runner.js:316:5)
    at async start (/usr/src/app/test/integration/index.js:331:11)</failure>
    </testcase>
    <testcase id="2024-04-03T14:33:17.144Z" name="Test Put Versioned Pipeline" file="node_v20.12.0: /free/ingest/10_basic.yml" time="0">
      <failure message="the error should match: missing, found undefined: expected false to be truthy">AssertionError: the error should match: missing, found undefined: expected false to be truthy
    at doAction (/usr/src/app/test/integration/test-runner.js:544:14)
    at process.processTicksAndRejections (node:internal/process/task_queues:95:5)
    at async exec (/usr/src/app/test/integration/test-runner.js:578:9)
    at async Object.run (/usr/src/app/test/integration/test-runner.js:316:5)
    at async start (/usr/src/app/test/integration/index.js:331:11)</failure>
    </testcase>
    <testcase id="2024-04-03T14:33:17.263Z" name="Test Get All Pipelines" file="node_v20.12.0: /free/ingest/10_basic.yml" time="0"/>
    <testcase id="2024-04-03T14:33:17.637Z" name="Test invalid config" file="node_v20.12.0: /free/ingest/10_basic.yml" time="0">
      <failure message="the error should match: /parse_exception/, found undefined: expected false to be truthy">AssertionError: the error should match: /parse_exception/, found undefined: expected false to be truthy
    at doAction (/usr/src/app/test/integration/test-runner.js:544:14)
    at process.processTicksAndRejections (node:internal/process/task_queues:95:5)
    at async exec (/usr/src/app/test/integration/test-runner.js:578:9)
    at async Object.run (/usr/src/app/test/integration/test-runner.js:316:5)
    at async start (/usr/src/app/test/integration/index.js:331:11)</failure>
    </testcase>
    <testcase id="2024-04-03T14:33:17.667Z" name="Test Get Summarized Pipelines" file="node_v20.12.0: /free/ingest/10_basic.yml" time="0"/>
  </testsuite>
  <testsuite id="2024-04-03T14:33:17.985Z" name="free/mget - /free/mget/10_basic.yml" time="1" tests="1" failures="0" skipped="0">
    <testcase id="2024-04-03T14:33:17.985Z" name="Basic multi-get" file="node_v20.12.0: /free/mget/10_basic.yml" time="1"/>
  </testsuite>
  <testsuite id="2024-04-03T14:33:18.505Z" name="free/mget - /free/mget/12_non_existent_index.yml" time="0" tests="1" failures="0" skipped="0">
    <testcase id="2024-04-03T14:33:18.505Z" name="Non-existent index" file="node_v20.12.0: /free/mget/12_non_existent_index.yml" time="0"/>
  </testsuite>
  <testsuite id="2024-04-03T14:33:18.950Z" name="free/mget - /free/mget/13_missing_metadata.yml" time="0" tests="1" failures="1" skipped="0">
    <testcase id="2024-04-03T14:33:18.950Z" name="Missing metadata" file="node_v20.12.0: /free/mget/13_missing_metadata.yml" time="0">
      <failure message="the error should match: /action_request_validation_exception.+ id is missing/, found undefined: expected false to be truthy">AssertionError: the error should match: /action_request_validation_exception.+ id is missing/, found undefined: expected false to be truthy
    at doAction (/usr/src/app/test/integration/test-runner.js:544:14)
    at process.processTicksAndRejections (node:internal/process/task_queues:95:5)
    at async exec (/usr/src/app/test/integration/test-runner.js:578:9)
    at async Object.run (/usr/src/app/test/integration/test-runner.js:316:5)
    at async start (/usr/src/app/test/integration/index.js:331:11)</failure>
    </testcase>
  </testsuite>
  <testsuite id="2024-04-03T14:33:19.059Z" name="free/mget - /free/mget/14_alias_to_multiple_indices.yml" time="0" tests="1" failures="0" skipped="0">
    <testcase id="2024-04-03T14:33:19.059Z" name="Multi Get with alias that resolves to multiple indices" file="node_v20.12.0: /free/mget/14_alias_to_multiple_indices.yml" time="0"/>
  </testsuite>
  <testsuite id="2024-04-03T14:33:19.512Z" name="free/mget - /free/mget/15_ids.yml" time="0" tests="1" failures="1" skipped="0">
    <testcase id="2024-04-03T14:33:19.512Z" name="IDs" file="node_v20.12.0: /free/mget/15_ids.yml" time="0">
      <failure message="the error should match: /action_request_validation_exception.+ no documents to get/, found undefined: expected false to be truthy">AssertionError: the error should match: /action_request_validation_exception.+ no documents to get/, found undefined: expected false to be truthy
    at doAction (/usr/src/app/test/integration/test-runner.js:544:14)
    at process.processTicksAndRejections (node:internal/process/task_queues:95:5)
    at async exec (/usr/src/app/test/integration/test-runner.js:578:9)
    at async Object.run (/usr/src/app/test/integration/test-runner.js:316:5)
    at async start (/usr/src/app/test/integration/index.js:331:11)</failure>
    </testcase>
  </testsuite>
  <testsuite id="2024-04-03T14:33:19.633Z" name="free/mget - /free/mget/17_default_index.yml" time="0" tests="1" failures="1" skipped="0">
    <testcase id="2024-04-03T14:33:19.633Z" name="Default index/type" file="node_v20.12.0: /free/mget/17_default_index.yml" time="0">
      <failure message="expect falsey value: docs.1.found - value: true: expected false to be truthy">AssertionError: expect falsey value: docs.1.found - value: true: expected false to be truthy
    at is_false (/usr/src/app/test/integration/test-runner.js:711:12)
    at exec (/usr/src/app/test/integration/test-runner.js:674:9)
    at process.processTicksAndRejections (node:internal/process/task_queues:95:5)
    at async Object.run (/usr/src/app/test/integration/test-runner.js:316:5)
    at async start (/usr/src/app/test/integration/index.js:331:11)</failure>
    </testcase>
  </testsuite>
  <testsuite id="2024-04-03T14:33:19.712Z" name="free/mget - /free/mget/20_stored_fields.yml" time="0" tests="1" failures="1" skipped="0">
    <testcase id="2024-04-03T14:33:19.712Z" name="Stored fields" file="node_v20.12.0: /free/mget/20_stored_fields.yml" time="0">
      <failure message="Cannot convert undefined or null to object">TypeError: Cannot convert undefined or null to object
    at Function.entries (&lt;anonymous&gt;)
    at doRedact (/usr/src/app/node_modules/@elastic/transport/lib/security.js:22:16)
    at /usr/src/app/node_modules/@elastic/transport/lib/security.js:30:44
    at Array.map (&lt;anonymous&gt;)
    at /usr/src/app/node_modules/@elastic/transport/lib/security.js:30:35
    at Array.forEach (&lt;anonymous&gt;)
    at doRedact (/usr/src/app/node_modules/@elastic/transport/lib/security.js:22:29)
    at /usr/src/app/node_modules/@elastic/transport/lib/security.js:36:33
    at Array.forEach (&lt;anonymous&gt;)
    at doRedact (/usr/src/app/node_modules/@elastic/transport/lib/security.js:22:29)</failure>
    </testcase>
  </testsuite>
  <testsuite id="2024-04-03T14:33:19.733Z" name="free/mget - /free/mget/40_routing.yml" time="0" tests="2" failures="2" skipped="0">
    <testcase id="2024-04-03T14:33:19.733Z" name="routing" file="node_v20.12.0: /free/mget/40_routing.yml" time="0">
      <failure message="Cannot convert undefined or null to object">TypeError: Cannot convert undefined or null to object
    at Function.entries (&lt;anonymous&gt;)
    at doRedact (/usr/src/app/node_modules/@elastic/transport/lib/security.js:22:16)
    at /usr/src/app/node_modules/@elastic/transport/lib/security.js:30:44
    at Array.map (&lt;anonymous&gt;)
    at /usr/src/app/node_modules/@elastic/transport/lib/security.js:30:35
    at Array.forEach (&lt;anonymous&gt;)
    at doRedact (/usr/src/app/node_modules/@elastic/transport/lib/security.js:22:29)
    at /usr/src/app/node_modules/@elastic/transport/lib/security.js:36:33
    at Array.forEach (&lt;anonymous&gt;)
    at doRedact (/usr/src/app/node_modules/@elastic/transport/lib/security.js:22:29)</failure>
    </testcase>
    <testcase id="2024-04-03T14:33:19.764Z" name="requires routing" file="node_v20.12.0: /free/mget/40_routing.yml" time="0">
      <failure message="Cannot convert undefined or null to object">TypeError: Cannot convert undefined or null to object
    at Function.entries (&lt;anonymous&gt;)
    at doRedact (/usr/src/app/node_modules/@elastic/transport/lib/security.js:22:16)
    at /usr/src/app/node_modules/@elastic/transport/lib/security.js:30:44
    at Array.map (&lt;anonymous&gt;)
    at /usr/src/app/node_modules/@elastic/transport/lib/security.js:30:35
    at Array.forEach (&lt;anonymous&gt;)
    at doRedact (/usr/src/app/node_modules/@elastic/transport/lib/security.js:22:29)
    at /usr/src/app/node_modules/@elastic/transport/lib/security.js:36:33
    at Array.forEach (&lt;anonymous&gt;)
    at doRedact (/usr/src/app/node_modules/@elastic/transport/lib/security.js:22:29)</failure>
    </testcase>
  </testsuite>
  <testsuite id="2024-04-03T14:33:19.783Z" name="free/mget - /free/mget/60_realtime_refresh.yml" time="0" tests="1" failures="1" skipped="0">
    <testcase id="2024-04-03T14:33:19.783Z" name="Realtime Refresh" file="node_v20.12.0: /free/mget/60_realtime_refresh.yml" time="0">
      <failure message="Cannot convert undefined or null to object">TypeError: Cannot convert undefined or null to object
    at Function.entries (&lt;anonymous&gt;)
    at doRedact (/usr/src/app/node_modules/@elastic/transport/lib/security.js:22:16)
    at /usr/src/app/node_modules/@elastic/transport/lib/security.js:30:44
    at Array.map (&lt;anonymous&gt;)
    at /usr/src/app/node_modules/@elastic/transport/lib/security.js:30:35
    at Array.forEach (&lt;anonymous&gt;)
    at doRedact (/usr/src/app/node_modules/@elastic/transport/lib/security.js:22:29)
    at /usr/src/app/node_modules/@elastic/transport/lib/security.js:36:33
    at Array.forEach (&lt;anonymous&gt;)
    at doRedact (/usr/src/app/node_modules/@elastic/transport/lib/security.js:22:29)</failure>
    </testcase>
  </testsuite>
  <testsuite id="2024-04-03T14:33:19.801Z" name="free/mget - /free/mget/70_source_filtering.yml" time="3" tests="8" failures="0" skipped="0">
    <testcase id="2024-04-03T14:33:19.801Z" name="Source filtering -  true/false" file="node_v20.12.0: /free/mget/70_source_filtering.yml" time="0"/>
    <testcase id="2024-04-03T14:33:20.184Z" name="Source filtering -  include field" file="node_v20.12.0: /free/mget/70_source_filtering.yml" time="0"/>
    <testcase id="2024-04-03T14:33:20.620Z" name="Source filtering -  include nested field" file="node_v20.12.0: /free/mget/70_source_filtering.yml" time="0"/>
    <testcase id="2024-04-03T14:33:21.010Z" name="Source filtering -  exclude field" file="node_v20.12.0: /free/mget/70_source_filtering.yml" time="0"/>
    <testcase id="2024-04-03T14:33:21.449Z" name="Source filtering -  ids and true/false" file="node_v20.12.0: /free/mget/70_source_filtering.yml" time="0"/>
    <testcase id="2024-04-03T14:33:21.905Z" name="Source filtering -  ids and include field" file="node_v20.12.0: /free/mget/70_source_filtering.yml" time="0"/>
    <testcase id="2024-04-03T14:33:22.320Z" name="Source filtering -  ids and include nested field" file="node_v20.12.0: /free/mget/70_source_filtering.yml" time="0"/>
    <testcase id="2024-04-03T14:33:22.713Z" name="Source filtering -  ids and exclude field" file="node_v20.12.0: /free/mget/70_source_filtering.yml" time="0"/>
  </testsuite>
  <testsuite id="2024-04-03T14:33:23.120Z" name="free/mget - /free/mget/80_deprecated.yml" time="0" tests="1" failures="0" skipped="1">
    <testcase id="2024-04-03T14:33:23.120Z" name="Deprecated parameters should fail in Multi Get query" file="node_v20.12.0: /free/mget/80_deprecated.yml" time="0">
      <skipped>{
  "features": [
    "warnings"
  ]
}</skipped>
    </testcase>
  </testsuite>
  <testsuite id="2024-04-03T14:33:23.533Z" name="free/mget - /free/mget/90_synthetic_source.yml" time="2" tests="4" failures="0" skipped="0">
    <testcase id="2024-04-03T14:33:23.533Z" name="keyword" file="node_v20.12.0: /free/mget/90_synthetic_source.yml" time="0"/>
    <testcase id="2024-04-03T14:33:23.964Z" name="stored text" file="node_v20.12.0: /free/mget/90_synthetic_source.yml" time="0"/>
    <testcase id="2024-04-03T14:33:24.452Z" name="force_synthetic_source_ok" file="node_v20.12.0: /free/mget/90_synthetic_source.yml" time="0"/>
    <testcase id="2024-04-03T14:33:24.850Z" name="force_synthetic_source_bad_mapping" file="node_v20.12.0: /free/mget/90_synthetic_source.yml" time="0"/>
  </testsuite>
  <testsuite id="2024-04-03T14:33:25.285Z" name="free/migration - /free/migration/10_get_feature_upgrade_status.yml" time="0" tests="1" failures="0" skipped="0">
    <testcase id="2024-04-03T14:33:25.285Z" name="Get feature upgrade status" file="node_v20.12.0: /free/migration/10_get_feature_upgrade_status.yml" time="0"/>
  </testsuite>
  <testsuite id="2024-04-03T14:33:25.629Z" name="free/migration - /free/migration/20_post_feature_upgrade.yml" time="0" tests="1" failures="0" skipped="0">
    <testcase id="2024-04-03T14:33:25.629Z" name="Get feature upgrade status" file="node_v20.12.0: /free/migration/20_post_feature_upgrade.yml" time="0"/>
  </testsuite>
  <testsuite id="2024-04-03T14:33:25.960Z" name="free/mlt - /free/mlt/10_basic.yml" time="0" tests="1" failures="0" skipped="0">
    <testcase id="2024-04-03T14:33:25.960Z" name="Basic mlt" file="node_v20.12.0: /free/mlt/10_basic.yml" time="0"/>
  </testsuite>
  <testsuite id="2024-04-03T14:33:26.426Z" name="free/mlt - /free/mlt/20_docs.yml" time="0" tests="1" failures="0" skipped="0">
    <testcase id="2024-04-03T14:33:26.426Z" name="Basic mlt query with docs" file="node_v20.12.0: /free/mlt/20_docs.yml" time="0"/>
  </testsuite>
  <testsuite id="2024-04-03T14:33:26.925Z" name="free/mlt - /free/mlt/25_docs_one_shard.yml" time="0" tests="1" failures="0" skipped="0">
    <testcase id="2024-04-03T14:33:26.925Z" name="Basic mlt query with docs - explicitly on same shard" file="node_v20.12.0: /free/mlt/25_docs_one_shard.yml" time="0"/>
  </testsuite>
  <testsuite id="2024-04-03T14:33:27.386Z" name="free/mlt - /free/mlt/30_unlike.yml" time="0" tests="1" failures="0" skipped="0">
    <testcase id="2024-04-03T14:33:27.386Z" name="Basic mlt query with unlike" file="node_v20.12.0: /free/mlt/30_unlike.yml" time="0"/>
  </testsuite>
  <testsuite id="2024-04-03T14:33:27.876Z" name="free/msearch - /free/msearch/10_basic.yml" time="1" tests="3" failures="1" skipped="0">
    <testcase id="2024-04-03T14:33:27.876Z" name="Basic multi-search" file="node_v20.12.0: /free/msearch/10_basic.yml" time="0"/>
    <testcase id="2024-04-03T14:33:28.366Z" name="Least impact smoke test" file="node_v20.12.0: /free/msearch/10_basic.yml" time="1"/>
    <testcase id="2024-04-03T14:33:28.893Z" name="Search with new response format" file="node_v20.12.0: /free/msearch/10_basic.yml" time="0">
      <failure message="the error should match: /\[rest_total_hits_as_int\] cannot be used if the tracking of total hits is not accurate, got 10/, found undefined: expected false to be truthy">AssertionError: the error should match: /\[rest_total_hits_as_int\] cannot be used if the tracking of total hits is not accurate, got 10/, found undefined: expected false to be truthy
    at doAction (/usr/src/app/test/integration/test-runner.js:544:14)
    at process.processTicksAndRejections (node:internal/process/task_queues:95:5)
    at async exec (/usr/src/app/test/integration/test-runner.js:578:9)
    at async Object.run (/usr/src/app/test/integration/test-runner.js:316:5)
    at async start (/usr/src/app/test/integration/index.js:331:11)</failure>
    </testcase>
  </testsuite>
  <testsuite id="2024-04-03T14:33:29.080Z" name="free/msearch - /free/msearch/11_status.yml" time="0" tests="1" failures="0" skipped="0">
    <testcase id="2024-04-03T14:33:29.080Z" name="Check Status" file="node_v20.12.0: /free/msearch/11_status.yml" time="0"/>
  </testsuite>
  <testsuite id="2024-04-03T14:33:29.516Z" name="free/msearch - /free/msearch/20_typed_keys.yml" time="1" tests="2" failures="0" skipped="0">
    <testcase id="2024-04-03T14:33:29.516Z" name="Multisearch test with typed_keys parameter" file="node_v20.12.0: /free/msearch/20_typed_keys.yml" time="0"/>
    <testcase id="2024-04-03T14:33:29.984Z" name="Multisearch test with typed_keys parameter for sampler and significant terms" file="node_v20.12.0: /free/msearch/20_typed_keys.yml" time="0"/>
  </testsuite>
  <testsuite id="2024-04-03T14:33:30.382Z" name="free/mtermvectors - /free/mtermvectors/10_basic.yml" time="1" tests="3" failures="0" skipped="0">
    <testcase id="2024-04-03T14:33:30.382Z" name="Basic tests for multi termvector get" file="node_v20.12.0: /free/mtermvectors/10_basic.yml" time="0"/>
    <testcase id="2024-04-03T14:33:30.811Z" name="Tests index not found error in item" file="node_v20.12.0: /free/mtermvectors/10_basic.yml" time="0"/>
    <testcase id="2024-04-03T14:33:31.250Z" name="Tests catching other exceptions per item" file="node_v20.12.0: /free/mtermvectors/10_basic.yml" time="0"/>
  </testsuite>
  <testsuite id="2024-04-03T14:33:31.742Z" name="free/mtermvectors - /free/mtermvectors/20_deprecated.yml" time="0" tests="1" failures="0" skipped="1">
    <testcase id="2024-04-03T14:33:31.742Z" name="Deprecated camel case and _ parameters should fail in Term Vectors query" file="node_v20.12.0: /free/mtermvectors/20_deprecated.yml" time="0">
      <skipped>{
  "features": [
    "warnings"
  ]
}</skipped>
    </testcase>
  </testsuite>
  <testsuite id="2024-04-03T14:33:32.079Z" name="free/mtermvectors - /free/mtermvectors/30_routing.yml" time="1" tests="2" failures="0" skipped="0">
    <testcase id="2024-04-03T14:33:32.079Z" name="routing" file="node_v20.12.0: /free/mtermvectors/30_routing.yml" time="0"/>
    <testcase id="2024-04-03T14:33:32.558Z" name="requires routing" file="node_v20.12.0: /free/mtermvectors/30_routing.yml" time="1"/>
  </testsuite>
  <testsuite id="2024-04-03T14:33:33.110Z" name="free/nodes.hot_threads - /free/nodes.hot_threads/10_basic.yml" time="5" tests="6" failures="1" skipped="0">
    <testcase id="2024-04-03T14:33:33.110Z" name="Nodes hot threads - CPU" file="node_v20.12.0: /free/nodes.hot_threads/10_basic.yml" time="1"/>
    <testcase id="2024-04-03T14:33:34.105Z" name="Nodes hot threads - CPU sort" file="node_v20.12.0: /free/nodes.hot_threads/10_basic.yml" time="1"/>
    <testcase id="2024-04-03T14:33:35.079Z" name="Nodes hot threads - WAIT" file="node_v20.12.0: /free/nodes.hot_threads/10_basic.yml" time="1"/>
    <testcase id="2024-04-03T14:33:36.040Z" name="Nodes hot threads - BLOCK" file="node_v20.12.0: /free/nodes.hot_threads/10_basic.yml" time="1"/>
    <testcase id="2024-04-03T14:33:37.039Z" name="Nodes hot threads - MEM" file="node_v20.12.0: /free/nodes.hot_threads/10_basic.yml" time="1"/>
    <testcase id="2024-04-03T14:33:38.019Z" name="Nodes hot threads - BAD" file="node_v20.12.0: /free/nodes.hot_threads/10_basic.yml" time="0">
      <failure message="the error should match: bad_request, found undefined: expected false to be truthy">AssertionError: the error should match: bad_request, found undefined: expected false to be truthy
    at doAction (/usr/src/app/test/integration/test-runner.js:544:14)
    at process.processTicksAndRejections (node:internal/process/task_queues:95:5)
    at async exec (/usr/src/app/test/integration/test-runner.js:578:9)
    at async Object.run (/usr/src/app/test/integration/test-runner.js:316:5)
    at async start (/usr/src/app/test/integration/index.js:331:11)</failure>
    </testcase>
  </testsuite>
  <testsuite id="2024-04-03T14:33:38.074Z" name="free/nodes.info - /free/nodes.info/10_basic.yml" time="1" tests="2" failures="0" skipped="1">
    <testcase id="2024-04-03T14:33:38.074Z" name="node_info test" file="node_v20.12.0: /free/nodes.info/10_basic.yml" time="0"/>
    <testcase id="2024-04-03T14:33:38.389Z" name="node_info role test" file="node_v20.12.0: /free/nodes.info/10_basic.yml" time="0">
      <skipped>{
  "version": " - 7.7.99",
  "reason": "node roles were not sorted before 7.8.0",
  "features": [
    "no_xpack"
  ]
}</skipped>
    </testcase>
  </testsuite>
  <testsuite id="2024-04-03T14:33:38.757Z" name="free/nodes.info - /free/nodes.info/20_transport.yml" time="0" tests="1" failures="0" skipped="0">
    <testcase id="2024-04-03T14:33:38.757Z" name="node_info test profile is empty" file="node_v20.12.0: /free/nodes.info/20_transport.yml" time="0"/>
  </testsuite>
  <testsuite id="2024-04-03T14:33:39.133Z" name="free/nodes.info - /free/nodes.info/30_settings.yml" time="0" tests="1" failures="0" skipped="0">
    <testcase id="2024-04-03T14:33:39.133Z" name="node_info test flat_settings" file="node_v20.12.0: /free/nodes.info/30_settings.yml" time="0"/>
  </testsuite>
  <testsuite id="2024-04-03T14:33:39.535Z" name="free/nodes.info - /free/nodes.info/40_aggs.yml" time="0" tests="1" failures="0" skipped="0">
    <testcase id="2024-04-03T14:33:39.535Z" name="node_info test aggregations" file="node_v20.12.0: /free/nodes.info/40_aggs.yml" time="0"/>
  </testsuite>
  <testsuite id="2024-04-03T14:33:39.870Z" name="free/nodes.info - /free/nodes.info/50_metrics.yml" time="5" tests="14" failures="0" skipped="0">
    <testcase id="2024-04-03T14:33:39.870Z" name="_all metrics" file="node_v20.12.0: /free/nodes.info/50_metrics.yml" time="0"/>
    <testcase id="2024-04-03T14:33:40.251Z" name="settings metric" file="node_v20.12.0: /free/nodes.info/50_metrics.yml" time="0"/>
    <testcase id="2024-04-03T14:33:40.647Z" name="os metric" file="node_v20.12.0: /free/nodes.info/50_metrics.yml" time="0"/>
    <testcase id="2024-04-03T14:33:40.998Z" name="process metric" file="node_v20.12.0: /free/nodes.info/50_metrics.yml" time="0"/>
    <testcase id="2024-04-03T14:33:41.445Z" name="jvm metric" file="node_v20.12.0: /free/nodes.info/50_metrics.yml" time="0"/>
    <testcase id="2024-04-03T14:33:41.797Z" name="thread_pool metric" file="node_v20.12.0: /free/nodes.info/50_metrics.yml" time="0"/>
    <testcase id="2024-04-03T14:33:42.175Z" name="transport metric" file="node_v20.12.0: /free/nodes.info/50_metrics.yml" time="0"/>
    <testcase id="2024-04-03T14:33:42.560Z" name="http metric" file="node_v20.12.0: /free/nodes.info/50_metrics.yml" time="0"/>
    <testcase id="2024-04-03T14:33:42.937Z" name="plugins metric" file="node_v20.12.0: /free/nodes.info/50_metrics.yml" time="0"/>
    <testcase id="2024-04-03T14:33:43.249Z" name="ingest metric" file="node_v20.12.0: /free/nodes.info/50_metrics.yml" time="0"/>
    <testcase id="2024-04-03T14:33:43.536Z" name="indices metric" file="node_v20.12.0: /free/nodes.info/50_metrics.yml" time="0"/>
    <testcase id="2024-04-03T14:33:43.858Z" name="aggregations metric" file="node_v20.12.0: /free/nodes.info/50_metrics.yml" time="0"/>
    <testcase id="2024-04-03T14:33:44.249Z" name="lists of metrics" file="node_v20.12.0: /free/nodes.info/50_metrics.yml" time="0"/>
    <testcase id="2024-04-03T14:33:44.589Z" name="no metrics" file="node_v20.12.0: /free/nodes.info/50_metrics.yml" time="0"/>
  </testsuite>
  <testsuite id="2024-04-03T14:33:44.972Z" name="free/nodes.reload_secure_settings - /free/nodes.reload_secure_settings/10_basic.yml" time="1" tests="2" failures="0" skipped="1">
    <testcase id="2024-04-03T14:33:44.972Z" name="node_reload_secure_settings test wrong password" file="node_v20.12.0: /free/nodes.reload_secure_settings/10_basic.yml" time="0"/>
    <testcase id="2024-04-03T14:33:45.306Z" name="node_reload_secure_settings test correct(empty) password" file="node_v20.12.0: /free/nodes.reload_secure_settings/10_basic.yml" time="0">
      <skipped>{
  "features": [
    "fips_140"
  ],
  "reason": "In FIPS 140 mode, we use a password protected elasticsearch keystore"
}</skipped>
    </testcase>
  </testsuite>
  <testsuite id="2024-04-03T14:33:45.675Z" name="free/nodes.stats - /free/nodes.stats/10_basic.yml" time="1" tests="3" failures="1" skipped="0">
    <testcase id="2024-04-03T14:33:45.675Z" name="Nodes stats" file="node_v20.12.0: /free/nodes.stats/10_basic.yml" time="0"/>
    <testcase id="2024-04-03T14:33:45.965Z" name="Nodes stats level" file="node_v20.12.0: /free/nodes.stats/10_basic.yml" time="0"/>
    <testcase id="2024-04-03T14:33:46.334Z" name="Nodes stats unrecognized parameter" file="node_v20.12.0: /free/nodes.stats/10_basic.yml" time="0">
      <failure message="the error should match: bad_request, found undefined: expected false to be truthy">AssertionError: the error should match: bad_request, found undefined: expected false to be truthy
    at doAction (/usr/src/app/test/integration/test-runner.js:544:14)
    at process.processTicksAndRejections (node:internal/process/task_queues:95:5)
    at async exec (/usr/src/app/test/integration/test-runner.js:578:9)
    at async Object.run (/usr/src/app/test/integration/test-runner.js:316:5)
    at async start (/usr/src/app/test/integration/index.js:331:11)</failure>
    </testcase>
  </testsuite>
  <testsuite id="2024-04-03T14:33:46.374Z" name="free/nodes.stats - /free/nodes.stats/11_indices_metrics.yml" time="6" tests="17" failures="0" skipped="1">
    <testcase id="2024-04-03T14:33:46.374Z" name="Metric - blank" file="node_v20.12.0: /free/nodes.stats/11_indices_metrics.yml" time="0"/>
    <testcase id="2024-04-03T14:33:46.739Z" name="Metric - _all" file="node_v20.12.0: /free/nodes.stats/11_indices_metrics.yml" time="0"/>
    <testcase id="2024-04-03T14:33:47.057Z" name="Metric - indices _all" file="node_v20.12.0: /free/nodes.stats/11_indices_metrics.yml" time="0"/>
    <testcase id="2024-04-03T14:33:47.340Z" name="Metric - one" file="node_v20.12.0: /free/nodes.stats/11_indices_metrics.yml" time="0"/>
    <testcase id="2024-04-03T14:33:47.663Z" name="Metric - multi" file="node_v20.12.0: /free/nodes.stats/11_indices_metrics.yml" time="0"/>
    <testcase id="2024-04-03T14:33:47.984Z" name="Metric - recovery" file="node_v20.12.0: /free/nodes.stats/11_indices_metrics.yml" time="0"/>
    <testcase id="2024-04-03T14:33:48.313Z" name="Metric - _all include_segment_file_sizes" file="node_v20.12.0: /free/nodes.stats/11_indices_metrics.yml" time="0"/>
    <testcase id="2024-04-03T14:33:48.598Z" name="Metric - segments include_segment_file_sizes" file="node_v20.12.0: /free/nodes.stats/11_indices_metrics.yml" time="0"/>
    <testcase id="2024-04-03T14:33:48.917Z" name="Metric - segments include_unloaded_segments" file="node_v20.12.0: /free/nodes.stats/11_indices_metrics.yml" time="0"/>
    <testcase id="2024-04-03T14:33:49.272Z" name="Metric - _all include_unloaded_segments" file="node_v20.12.0: /free/nodes.stats/11_indices_metrics.yml" time="0"/>
    <testcase id="2024-04-03T14:33:49.652Z" name="Metric - http" file="node_v20.12.0: /free/nodes.stats/11_indices_metrics.yml" time="0"/>
    <testcase id="2024-04-03T14:33:49.956Z" name="Metric - blank for indices shard_stats" file="node_v20.12.0: /free/nodes.stats/11_indices_metrics.yml" time="0"/>
    <testcase id="2024-04-03T14:33:50.296Z" name="Metric - _all for indices shard_stats" file="node_v20.12.0: /free/nodes.stats/11_indices_metrics.yml" time="0"/>
    <testcase id="2024-04-03T14:33:50.679Z" name="indices shard_stats total count test" file="node_v20.12.0: /free/nodes.stats/11_indices_metrics.yml" time="0">
      <skipped>{
  "features": [
    "allowed_warnings",
    "arbitrary_key"
  ],
  "version": " - 7.15.0",
  "reason": "total shard count added in version 7.15.0, and fixed in 7.15.1"
}</skipped>
    </testcase>
    <testcase id="2024-04-03T14:33:51.016Z" name="Metric - blank for indices mappings" file="node_v20.12.0: /free/nodes.stats/11_indices_metrics.yml" time="0"/>
    <testcase id="2024-04-03T14:33:51.311Z" name="indices mappings exact count test for indices level" file="node_v20.12.0: /free/nodes.stats/11_indices_metrics.yml" time="0"/>
    <testcase id="2024-04-03T14:33:51.745Z" name="indices mappings does not exist in shards level" file="node_v20.12.0: /free/nodes.stats/11_indices_metrics.yml" time="0"/>
  </testsuite>
  <testsuite id="2024-04-03T14:33:52.185Z" name="free/nodes.stats - /free/nodes.stats/20_response_filtering.yml" time="1" tests="2" failures="0" skipped="0">
    <testcase id="2024-04-03T14:33:52.185Z" name="Nodes Stats with response filtering" file="node_v20.12.0: /free/nodes.stats/20_response_filtering.yml" time="0"/>
    <testcase id="2024-04-03T14:33:52.546Z" name="Nodes Stats filtered using both includes and excludes filters" file="node_v20.12.0: /free/nodes.stats/20_response_filtering.yml" time="0"/>
  </testsuite>
  <testsuite id="2024-04-03T14:33:52.931Z" name="free/nodes.stats - /free/nodes.stats/30_discovery.yml" time="0" tests="4" failures="0" skipped="4">
    <testcase id="2024-04-03T14:33:52.931Z" name="Discovery stats" file="node_v20.12.0: /free/nodes.stats/30_discovery.yml" time="0">
      <skipped>This test is in the skip list of the client</skipped>
    </testcase>
    <testcase id="2024-04-03T14:33:52.931Z" name="Master timing stats" file="node_v20.12.0: /free/nodes.stats/30_discovery.yml" time="0">
      <skipped>This test is in the skip list of the client</skipped>
    </testcase>
    <testcase id="2024-04-03T14:33:52.931Z" name="Master cluster applier stats" file="node_v20.12.0: /free/nodes.stats/30_discovery.yml" time="0">
      <skipped>This test is in the skip list of the client</skipped>
    </testcase>
    <testcase id="2024-04-03T14:33:52.931Z" name="Master serialization stats" file="node_v20.12.0: /free/nodes.stats/30_discovery.yml" time="0">
      <skipped>This test is in the skip list of the client</skipped>
    </testcase>
  </testsuite>
  <testsuite id="2024-04-03T14:33:52.931Z" name="free/nodes.stats - /free/nodes.stats/40_store_stats.yml" time="1" tests="2" failures="0" skipped="0">
    <testcase id="2024-04-03T14:33:52.931Z" name="Store stats" file="node_v20.12.0: /free/nodes.stats/40_store_stats.yml" time="0"/>
    <testcase id="2024-04-03T14:33:53.319Z" name="Store stats bwc" file="node_v20.12.0: /free/nodes.stats/40_store_stats.yml" time="0"/>
  </testsuite>
  <testsuite id="2024-04-03T14:33:53.688Z" name="free/nodes.stats - /free/nodes.stats/50_indexing_pressure.yml" time="1" tests="2" failures="0" skipped="0">
    <testcase id="2024-04-03T14:33:53.688Z" name="Indexing pressure stats" file="node_v20.12.0: /free/nodes.stats/50_indexing_pressure.yml" time="0"/>
    <testcase id="2024-04-03T14:33:53.996Z" name="Indexing pressure memory limit" file="node_v20.12.0: /free/nodes.stats/50_indexing_pressure.yml" time="0"/>
  </testsuite>
  <testsuite id="2024-04-03T14:33:54.358Z" name="free/nodes.stats - /free/nodes.stats/60_transport_stats.yml" time="1" tests="2" failures="0" skipped="0">
    <testcase id="2024-04-03T14:33:54.358Z" name="Transport stats" file="node_v20.12.0: /free/nodes.stats/60_transport_stats.yml" time="0"/>
    <testcase id="2024-04-03T14:33:54.745Z" name="Transport handling time histogram" file="node_v20.12.0: /free/nodes.stats/60_transport_stats.yml" time="0"/>
  </testsuite>
  <testsuite id="2024-04-03T14:33:55.071Z" name="free/nodes.stats - /free/nodes.stats/70_repository_throttling_stats.yml" time="1" tests="2" failures="0" skipped="0">
    <testcase id="2024-04-03T14:33:55.071Z" name="Repository throttling stats (no repository exists)" file="node_v20.12.0: /free/nodes.stats/70_repository_throttling_stats.yml" time="0"/>
    <testcase id="2024-04-03T14:33:55.377Z" name="Repository throttling stats (some repositories exist)" file="node_v20.12.0: /free/nodes.stats/70_repository_throttling_stats.yml" time="0"/>
  </testsuite>
  <testsuite id="2024-04-03T14:33:55.842Z" name="free/range - /free/range/10_basic.yml" time="3" tests="7" failures="0" skipped="0">
    <testcase id="2024-04-03T14:33:55.842Z" name="Integer range" file="node_v20.12.0: /free/range/10_basic.yml" time="0"/>
    <testcase id="2024-04-03T14:33:56.269Z" name="Long range" file="node_v20.12.0: /free/range/10_basic.yml" time="0"/>
    <testcase id="2024-04-03T14:33:56.638Z" name="Float range" file="node_v20.12.0: /free/range/10_basic.yml" time="0"/>
    <testcase id="2024-04-03T14:33:57.042Z" name="Double range" file="node_v20.12.0: /free/range/10_basic.yml" time="0"/>
    <testcase id="2024-04-03T14:33:57.518Z" name="IP range" file="node_v20.12.0: /free/range/10_basic.yml" time="0"/>
    <testcase id="2024-04-03T14:33:57.881Z" name="Date range" file="node_v20.12.0: /free/range/10_basic.yml" time="0"/>
    <testcase id="2024-04-03T14:33:58.327Z" name="Date range rounding" file="node_v20.12.0: /free/range/10_basic.yml" time="0"/>
  </testsuite>
  <testsuite id="2024-04-03T14:33:58.814Z" name="free/scripts - /free/scripts/20_get_script_context.yml" time="0" tests="1" failures="0" skipped="0">
    <testcase id="2024-04-03T14:33:58.814Z" name="Action to get all contexts" file="node_v20.12.0: /free/scripts/20_get_script_context.yml" time="0"/>
  </testsuite>
  <testsuite id="2024-04-03T14:33:59.102Z" name="free/scripts - /free/scripts/25_get_script_languages.yml" time="0" tests="1" failures="0" skipped="0">
    <testcase id="2024-04-03T14:33:59.102Z" name="Action to get script languages" file="node_v20.12.0: /free/scripts/25_get_script_languages.yml" time="0"/>
  </testsuite>
  <testsuite id="2024-04-03T14:33:59.487Z" name="free/scroll - /free/scroll/10_basic.yml" time="1" tests="7" failures="4" skipped="1">
    <testcase id="2024-04-03T14:33:59.487Z" name="Basic scroll" file="node_v20.12.0: /free/scroll/10_basic.yml" time="1"/>
    <testcase id="2024-04-03T14:33:59.998Z" name="Basic scroll with 1 shard" file="node_v20.12.0: /free/scroll/10_basic.yml" time="0"/>
    <testcase id="2024-04-03T14:34:00.415Z" name="Body params override query string" file="node_v20.12.0: /free/scroll/10_basic.yml" time="0">
      <skipped>This test is in the skip list of the client</skipped>
    </testcase>
    <testcase id="2024-04-03T14:34:00.415Z" name="Scroll cannot used the request cache" file="node_v20.12.0: /free/scroll/10_basic.yml" time="0">
      <failure message="the error should match: /\[request_cache\] cannot be used in a scroll context/, found undefined: expected false to be truthy">AssertionError: the error should match: /\[request_cache\] cannot be used in a scroll context/, found undefined: expected false to be truthy
    at doAction (/usr/src/app/test/integration/test-runner.js:544:14)
    at process.processTicksAndRejections (node:internal/process/task_queues:95:5)
    at async exec (/usr/src/app/test/integration/test-runner.js:578:9)
    at async Object.run (/usr/src/app/test/integration/test-runner.js:316:5)
    at async start (/usr/src/app/test/integration/index.js:331:11)</failure>
    </testcase>
    <testcase id="2024-04-03T14:34:00.495Z" name="Scroll with size 0" file="node_v20.12.0: /free/scroll/10_basic.yml" time="0">
      <failure message="Cannot convert undefined or null to object">TypeError: Cannot convert undefined or null to object
    at Function.entries (&lt;anonymous&gt;)
    at doRedact (/usr/src/app/node_modules/@elastic/transport/lib/security.js:22:16)
    at /usr/src/app/node_modules/@elastic/transport/lib/security.js:30:44
    at Array.map (&lt;anonymous&gt;)
    at /usr/src/app/node_modules/@elastic/transport/lib/security.js:30:35
    at Array.forEach (&lt;anonymous&gt;)
    at doRedact (/usr/src/app/node_modules/@elastic/transport/lib/security.js:22:29)
    at /usr/src/app/node_modules/@elastic/transport/lib/security.js:36:33
    at Array.forEach (&lt;anonymous&gt;)
    at doRedact (/usr/src/app/node_modules/@elastic/transport/lib/security.js:22:29)</failure>
    </testcase>
    <testcase id="2024-04-03T14:34:00.531Z" name="Scroll max_score is null" file="node_v20.12.0: /free/scroll/10_basic.yml" time="0">
      <failure message="Cannot convert undefined or null to object">TypeError: Cannot convert undefined or null to object
    at Function.entries (&lt;anonymous&gt;)
    at doRedact (/usr/src/app/node_modules/@elastic/transport/lib/security.js:22:16)
    at /usr/src/app/node_modules/@elastic/transport/lib/security.js:30:44
    at Array.map (&lt;anonymous&gt;)
    at /usr/src/app/node_modules/@elastic/transport/lib/security.js:30:35
    at Array.forEach (&lt;anonymous&gt;)
    at doRedact (/usr/src/app/node_modules/@elastic/transport/lib/security.js:22:29)
    at /usr/src/app/node_modules/@elastic/transport/lib/security.js:36:33
    at Array.forEach (&lt;anonymous&gt;)
    at doRedact (/usr/src/app/node_modules/@elastic/transport/lib/security.js:22:29)</failure>
    </testcase>
    <testcase id="2024-04-03T14:34:00.560Z" name="Scroll with new response format" file="node_v20.12.0: /free/scroll/10_basic.yml" time="0">
      <failure message="Cannot convert undefined or null to object">TypeError: Cannot convert undefined or null to object
    at Function.entries (&lt;anonymous&gt;)
    at doRedact (/usr/src/app/node_modules/@elastic/transport/lib/security.js:22:16)
    at /usr/src/app/node_modules/@elastic/transport/lib/security.js:30:44
    at Array.map (&lt;anonymous&gt;)
    at /usr/src/app/node_modules/@elastic/transport/lib/security.js:30:35
    at Array.forEach (&lt;anonymous&gt;)
    at doRedact (/usr/src/app/node_modules/@elastic/transport/lib/security.js:22:29)
    at /usr/src/app/node_modules/@elastic/transport/lib/security.js:36:33
    at Array.forEach (&lt;anonymous&gt;)
    at doRedact (/usr/src/app/node_modules/@elastic/transport/lib/security.js:22:29)</failure>
    </testcase>
  </testsuite>
  <testsuite id="2024-04-03T14:34:00.581Z" name="free/scroll - /free/scroll/11_clear.yml" time="0" tests="3" failures="1" skipped="2">
    <testcase id="2024-04-03T14:34:00.581Z" name="Clear scroll" file="node_v20.12.0: /free/scroll/11_clear.yml" time="0">
      <failure message="Cannot convert undefined or null to object">TypeError: Cannot convert undefined or null to object
    at Function.entries (&lt;anonymous&gt;)
    at doRedact (/usr/src/app/node_modules/@elastic/transport/lib/security.js:22:16)
    at /usr/src/app/node_modules/@elastic/transport/lib/security.js:30:44
    at Array.map (&lt;anonymous&gt;)
    at /usr/src/app/node_modules/@elastic/transport/lib/security.js:30:35
    at Array.forEach (&lt;anonymous&gt;)
    at doRedact (/usr/src/app/node_modules/@elastic/transport/lib/security.js:22:29)
    at /usr/src/app/node_modules/@elastic/transport/lib/security.js:36:33
    at Array.forEach (&lt;anonymous&gt;)
    at doRedact (/usr/src/app/node_modules/@elastic/transport/lib/security.js:22:29)</failure>
    </testcase>
    <testcase id="2024-04-03T14:34:00.600Z" name="Body params with array param override query string" file="node_v20.12.0: /free/scroll/11_clear.yml" time="0">
      <skipped>This test is in the skip list of the client</skipped>
    </testcase>
    <testcase id="2024-04-03T14:34:00.600Z" name="Body params with string param scroll id override query string" file="node_v20.12.0: /free/scroll/11_clear.yml" time="0">
      <skipped>This test is in the skip list of the client</skipped>
    </testcase>
  </testsuite>
  <testsuite id="2024-04-03T14:34:00.601Z" name="free/scroll - /free/scroll/12_slices.yml" time="1" tests="3" failures="2" skipped="0">
    <testcase id="2024-04-03T14:34:00.601Z" name="Sliced scroll" file="node_v20.12.0: /free/scroll/12_slices.yml" time="1"/>
    <testcase id="2024-04-03T14:34:01.150Z" name="Sliced scroll with invalid arguments" file="node_v20.12.0: /free/scroll/12_slices.yml" time="0">
      <failure message="the error should match: bad_request, found undefined: expected false to be truthy">AssertionError: the error should match: bad_request, found undefined: expected false to be truthy
    at doAction (/usr/src/app/test/integration/test-runner.js:544:14)
    at process.processTicksAndRejections (node:internal/process/task_queues:95:5)
    at async exec (/usr/src/app/test/integration/test-runner.js:578:9)
    at async Object.run (/usr/src/app/test/integration/test-runner.js:316:5)
    at async start (/usr/src/app/test/integration/index.js:331:11)</failure>
    </testcase>
    <testcase id="2024-04-03T14:34:01.359Z" name="Sliced scroll with doc values" file="node_v20.12.0: /free/scroll/12_slices.yml" time="0">
      <failure message="Cannot convert undefined or null to object">TypeError: Cannot convert undefined or null to object
    at Function.entries (&lt;anonymous&gt;)
    at doRedact (/usr/src/app/node_modules/@elastic/transport/lib/security.js:22:16)
    at /usr/src/app/node_modules/@elastic/transport/lib/security.js:30:44
    at Array.map (&lt;anonymous&gt;)
    at /usr/src/app/node_modules/@elastic/transport/lib/security.js:30:35
    at Array.forEach (&lt;anonymous&gt;)
    at doRedact (/usr/src/app/node_modules/@elastic/transport/lib/security.js:22:29)
    at /usr/src/app/node_modules/@elastic/transport/lib/security.js:36:33
    at Array.forEach (&lt;anonymous&gt;)
    at doRedact (/usr/src/app/node_modules/@elastic/transport/lib/security.js:22:29)</failure>
    </testcase>
  </testsuite>
  <testsuite id="2024-04-03T14:34:01.381Z" name="free/scroll - /free/scroll/20_keep_alive.yml" time="0" tests="1" failures="1" skipped="0">
    <testcase id="2024-04-03T14:34:01.381Z" name="Max keep alive" file="node_v20.12.0: /free/scroll/20_keep_alive.yml" time="0">
      <failure message="the error should match: /.*Keep alive for.*is too large.*/, found undefined: expected false to be truthy">AssertionError: the error should match: /.*Keep alive for.*is too large.*/, found undefined: expected false to be truthy
    at doAction (/usr/src/app/test/integration/test-runner.js:544:14)
    at process.processTicksAndRejections (node:internal/process/task_queues:95:5)
    at async exec (/usr/src/app/test/integration/test-runner.js:578:9)
    at async Object.run (/usr/src/app/test/integration/test-runner.js:316:5)
    at async start (/usr/src/app/test/integration/index.js:331:11)</failure>
    </testcase>
  </testsuite>
  <testsuite id="2024-04-03T14:34:01.472Z" name="free/search - /free/search/100_stored_fields.yml" time="0" tests="1" failures="0" skipped="0">
    <testcase id="2024-04-03T14:34:01.472Z" name="Stored fields" file="node_v20.12.0: /free/search/100_stored_fields.yml" time="0"/>
  </testsuite>
  <testsuite id="2024-04-03T14:34:01.851Z" name="free/search - /free/search/10_source_filtering.yml" time="9" tests="19" failures="0" skipped="0">
    <testcase id="2024-04-03T14:34:01.851Z" name="_source: true" file="node_v20.12.0: /free/search/10_source_filtering.yml" time="0"/>
    <testcase id="2024-04-03T14:34:02.307Z" name="_source: false" file="node_v20.12.0: /free/search/10_source_filtering.yml" time="1"/>
    <testcase id="2024-04-03T14:34:02.842Z" name="no filtering" file="node_v20.12.0: /free/search/10_source_filtering.yml" time="0"/>
    <testcase id="2024-04-03T14:34:03.246Z" name="_source in body" file="node_v20.12.0: /free/search/10_source_filtering.yml" time="1"/>
    <testcase id="2024-04-03T14:34:03.768Z" name="_source_includes and _source in body" file="node_v20.12.0: /free/search/10_source_filtering.yml" time="0"/>
    <testcase id="2024-04-03T14:34:04.239Z" name="_source_includes" file="node_v20.12.0: /free/search/10_source_filtering.yml" time="0"/>
    <testcase id="2024-04-03T14:34:04.649Z" name="_source_excludes" file="node_v20.12.0: /free/search/10_source_filtering.yml" time="0"/>
    <testcase id="2024-04-03T14:34:05.128Z" name="_source field1 field2" file="node_v20.12.0: /free/search/10_source_filtering.yml" time="0"/>
    <testcase id="2024-04-03T14:34:05.606Z" name="_source.include field1 field2" file="node_v20.12.0: /free/search/10_source_filtering.yml" time="0"/>
    <testcase id="2024-04-03T14:34:06.074Z" name="_source includes and excludes" file="node_v20.12.0: /free/search/10_source_filtering.yml" time="0"/>
    <testcase id="2024-04-03T14:34:06.510Z" name="_source include on bigint" file="node_v20.12.0: /free/search/10_source_filtering.yml" time="0"/>
    <testcase id="2024-04-03T14:34:06.914Z" name="_source filtering on bigint" file="node_v20.12.0: /free/search/10_source_filtering.yml" time="0"/>
    <testcase id="2024-04-03T14:34:07.337Z" name="fields in body" file="node_v20.12.0: /free/search/10_source_filtering.yml" time="1"/>
    <testcase id="2024-04-03T14:34:07.846Z" name="fields in body with source" file="node_v20.12.0: /free/search/10_source_filtering.yml" time="1"/>
    <testcase id="2024-04-03T14:34:08.377Z" name="docvalue_fields" file="node_v20.12.0: /free/search/10_source_filtering.yml" time="1"/>
    <testcase id="2024-04-03T14:34:08.884Z" name="multiple docvalue_fields" file="node_v20.12.0: /free/search/10_source_filtering.yml" time="1"/>
    <testcase id="2024-04-03T14:34:09.388Z" name="docvalue_fields as url param" file="node_v20.12.0: /free/search/10_source_filtering.yml" time="1"/>
    <testcase id="2024-04-03T14:34:09.930Z" name="docvalue_fields with explicit format" file="node_v20.12.0: /free/search/10_source_filtering.yml" time="0"/>
    <testcase id="2024-04-03T14:34:10.429Z" name="docvalue_fields - double" file="node_v20.12.0: /free/search/10_source_filtering.yml" time="1"/>
  </testsuite>
  <testsuite id="2024-04-03T14:34:10.947Z" name="free/search - /free/search/110_field_collapsing.yml" time="3" tests="16" failures="11" skipped="0">
    <testcase id="2024-04-03T14:34:10.947Z" name="field collapsing" file="node_v20.12.0: /free/search/110_field_collapsing.yml" time="1"/>
    <testcase id="2024-04-03T14:34:11.460Z" name="field collapsing and from" file="node_v20.12.0: /free/search/110_field_collapsing.yml" time="0"/>
    <testcase id="2024-04-03T14:34:11.932Z" name="field collapsing and inner_hits" file="node_v20.12.0: /free/search/110_field_collapsing.yml" time="0"/>
    <testcase id="2024-04-03T14:34:12.361Z" name="field collapsing, inner_hits, and fields" file="node_v20.12.0: /free/search/110_field_collapsing.yml" time="0"/>
    <testcase id="2024-04-03T14:34:12.739Z" name="field collapsing, inner_hits and maxConcurrentGroupRequests" file="node_v20.12.0: /free/search/110_field_collapsing.yml" time="0"/>
    <testcase id="2024-04-03T14:34:13.202Z" name="field collapsing and scroll" file="node_v20.12.0: /free/search/110_field_collapsing.yml" time="0">
      <failure message="the error should match: /cannot use \`collapse\` in a scroll context/, found undefined: expected false to be truthy">AssertionError: the error should match: /cannot use \`collapse\` in a scroll context/, found undefined: expected false to be truthy
    at doAction (/usr/src/app/test/integration/test-runner.js:544:14)
    at process.processTicksAndRejections (node:internal/process/task_queues:95:5)
    at async exec (/usr/src/app/test/integration/test-runner.js:578:9)
    at async Object.run (/usr/src/app/test/integration/test-runner.js:316:5)
    at async start (/usr/src/app/test/integration/index.js:331:11)</failure>
    </testcase>
    <testcase id="2024-04-03T14:34:13.353Z" name="field collapsing and search_after with invalid sort" file="node_v20.12.0: /free/search/110_field_collapsing.yml" time="0">
      <failure message="Cannot convert undefined or null to object">TypeError: Cannot convert undefined or null to object
    at Function.entries (&lt;anonymous&gt;)
    at doRedact (/usr/src/app/node_modules/@elastic/transport/lib/security.js:22:16)
    at /usr/src/app/node_modules/@elastic/transport/lib/security.js:30:44
    at Array.map (&lt;anonymous&gt;)
    at /usr/src/app/node_modules/@elastic/transport/lib/security.js:30:35
    at Array.forEach (&lt;anonymous&gt;)
    at doRedact (/usr/src/app/node_modules/@elastic/transport/lib/security.js:22:29)
    at /usr/src/app/node_modules/@elastic/transport/lib/security.js:36:33
    at Array.forEach (&lt;anonymous&gt;)
    at doRedact (/usr/src/app/node_modules/@elastic/transport/lib/security.js:22:29)</failure>
    </testcase>
    <testcase id="2024-04-03T14:34:13.391Z" name="field collapsing and search_after" file="node_v20.12.0: /free/search/110_field_collapsing.yml" time="0">
      <failure message="Cannot convert undefined or null to object">TypeError: Cannot convert undefined or null to object
    at Function.entries (&lt;anonymous&gt;)
    at doRedact (/usr/src/app/node_modules/@elastic/transport/lib/security.js:22:16)
    at /usr/src/app/node_modules/@elastic/transport/lib/security.js:30:44
    at Array.map (&lt;anonymous&gt;)
    at /usr/src/app/node_modules/@elastic/transport/lib/security.js:30:35
    at Array.forEach (&lt;anonymous&gt;)
    at doRedact (/usr/src/app/node_modules/@elastic/transport/lib/security.js:22:29)
    at /usr/src/app/node_modules/@elastic/transport/lib/security.js:36:33
    at Array.forEach (&lt;anonymous&gt;)
    at doRedact (/usr/src/app/node_modules/@elastic/transport/lib/security.js:22:29)</failure>
    </testcase>
    <testcase id="2024-04-03T14:34:13.420Z" name="field collapsing and rescore" file="node_v20.12.0: /free/search/110_field_collapsing.yml" time="0">
      <failure message="Cannot convert undefined or null to object">TypeError: Cannot convert undefined or null to object
    at Function.entries (&lt;anonymous&gt;)
    at doRedact (/usr/src/app/node_modules/@elastic/transport/lib/security.js:22:16)
    at /usr/src/app/node_modules/@elastic/transport/lib/security.js:30:44
    at Array.map (&lt;anonymous&gt;)
    at /usr/src/app/node_modules/@elastic/transport/lib/security.js:30:35
    at Array.forEach (&lt;anonymous&gt;)
    at doRedact (/usr/src/app/node_modules/@elastic/transport/lib/security.js:22:29)
    at /usr/src/app/node_modules/@elastic/transport/lib/security.js:36:33
    at Array.forEach (&lt;anonymous&gt;)
    at doRedact (/usr/src/app/node_modules/@elastic/transport/lib/security.js:22:29)</failure>
    </testcase>
    <testcase id="2024-04-03T14:34:13.445Z" name="no hits and inner_hits" file="node_v20.12.0: /free/search/110_field_collapsing.yml" time="0">
      <failure message="Cannot convert undefined or null to object">TypeError: Cannot convert undefined or null to object
    at Function.entries (&lt;anonymous&gt;)
    at doRedact (/usr/src/app/node_modules/@elastic/transport/lib/security.js:22:16)
    at /usr/src/app/node_modules/@elastic/transport/lib/security.js:30:44
    at Array.map (&lt;anonymous&gt;)
    at /usr/src/app/node_modules/@elastic/transport/lib/security.js:30:35
    at Array.forEach (&lt;anonymous&gt;)
    at doRedact (/usr/src/app/node_modules/@elastic/transport/lib/security.js:22:29)
    at /usr/src/app/node_modules/@elastic/transport/lib/security.js:36:33
    at Array.forEach (&lt;anonymous&gt;)
    at doRedact (/usr/src/app/node_modules/@elastic/transport/lib/security.js:22:29)</failure>
    </testcase>
    <testcase id="2024-04-03T14:34:13.478Z" name="no hits and inner_hits max_score null" file="node_v20.12.0: /free/search/110_field_collapsing.yml" time="0">
      <failure message="Cannot convert undefined or null to object">TypeError: Cannot convert undefined or null to object
    at Function.entries (&lt;anonymous&gt;)
    at doRedact (/usr/src/app/node_modules/@elastic/transport/lib/security.js:22:16)
    at /usr/src/app/node_modules/@elastic/transport/lib/security.js:30:44
    at Array.map (&lt;anonymous&gt;)
    at /usr/src/app/node_modules/@elastic/transport/lib/security.js:30:35
    at Array.forEach (&lt;anonymous&gt;)
    at doRedact (/usr/src/app/node_modules/@elastic/transport/lib/security.js:22:29)
    at /usr/src/app/node_modules/@elastic/transport/lib/security.js:36:33
    at Array.forEach (&lt;anonymous&gt;)
    at doRedact (/usr/src/app/node_modules/@elastic/transport/lib/security.js:22:29)</failure>
    </testcase>
    <testcase id="2024-04-03T14:34:13.502Z" name="field collapsing and multiple inner_hits" file="node_v20.12.0: /free/search/110_field_collapsing.yml" time="0">
      <failure message="Cannot convert undefined or null to object">TypeError: Cannot convert undefined or null to object
    at Function.entries (&lt;anonymous&gt;)
    at doRedact (/usr/src/app/node_modules/@elastic/transport/lib/security.js:22:16)
    at /usr/src/app/node_modules/@elastic/transport/lib/security.js:30:44
    at Array.map (&lt;anonymous&gt;)
    at /usr/src/app/node_modules/@elastic/transport/lib/security.js:30:35
    at Array.forEach (&lt;anonymous&gt;)
    at doRedact (/usr/src/app/node_modules/@elastic/transport/lib/security.js:22:29)
    at /usr/src/app/node_modules/@elastic/transport/lib/security.js:36:33
    at Array.forEach (&lt;anonymous&gt;)
    at doRedact (/usr/src/app/node_modules/@elastic/transport/lib/security.js:22:29)</failure>
    </testcase>
    <testcase id="2024-04-03T14:34:13.523Z" name="field collapsing, inner_hits and version" file="node_v20.12.0: /free/search/110_field_collapsing.yml" time="0">
      <failure message="Cannot convert undefined or null to object">TypeError: Cannot convert undefined or null to object
    at Function.entries (&lt;anonymous&gt;)
    at doRedact (/usr/src/app/node_modules/@elastic/transport/lib/security.js:22:16)
    at /usr/src/app/node_modules/@elastic/transport/lib/security.js:30:44
    at Array.map (&lt;anonymous&gt;)
    at /usr/src/app/node_modules/@elastic/transport/lib/security.js:30:35
    at Array.forEach (&lt;anonymous&gt;)
    at doRedact (/usr/src/app/node_modules/@elastic/transport/lib/security.js:22:29)
    at /usr/src/app/node_modules/@elastic/transport/lib/security.js:36:33
    at Array.forEach (&lt;anonymous&gt;)
    at doRedact (/usr/src/app/node_modules/@elastic/transport/lib/security.js:22:29)</failure>
    </testcase>
    <testcase id="2024-04-03T14:34:13.543Z" name="field collapsing on a field alias" file="node_v20.12.0: /free/search/110_field_collapsing.yml" time="0">
      <failure message="Cannot convert undefined or null to object">TypeError: Cannot convert undefined or null to object
    at Function.entries (&lt;anonymous&gt;)
    at doRedact (/usr/src/app/node_modules/@elastic/transport/lib/security.js:22:16)
    at /usr/src/app/node_modules/@elastic/transport/lib/security.js:30:44
    at Array.map (&lt;anonymous&gt;)
    at /usr/src/app/node_modules/@elastic/transport/lib/security.js:30:35
    at Array.forEach (&lt;anonymous&gt;)
    at doRedact (/usr/src/app/node_modules/@elastic/transport/lib/security.js:22:29)
    at /usr/src/app/node_modules/@elastic/transport/lib/security.js:36:33
    at Array.forEach (&lt;anonymous&gt;)
    at doRedact (/usr/src/app/node_modules/@elastic/transport/lib/security.js:22:29)</failure>
    </testcase>
    <testcase id="2024-04-03T14:34:13.565Z" name="field collapsing, inner_hits and seq_no" file="node_v20.12.0: /free/search/110_field_collapsing.yml" time="0">
      <failure message="Cannot convert undefined or null to object">TypeError: Cannot convert undefined or null to object
    at Function.entries (&lt;anonymous&gt;)
    at doRedact (/usr/src/app/node_modules/@elastic/transport/lib/security.js:22:16)
    at /usr/src/app/node_modules/@elastic/transport/lib/security.js:30:44
    at Array.map (&lt;anonymous&gt;)
    at /usr/src/app/node_modules/@elastic/transport/lib/security.js:30:35
    at Array.forEach (&lt;anonymous&gt;)
    at doRedact (/usr/src/app/node_modules/@elastic/transport/lib/security.js:22:29)
    at /usr/src/app/node_modules/@elastic/transport/lib/security.js:36:33
    at Array.forEach (&lt;anonymous&gt;)
    at doRedact (/usr/src/app/node_modules/@elastic/transport/lib/security.js:22:29)</failure>
    </testcase>
    <testcase id="2024-04-03T14:34:13.589Z" name="Test collapse with inner_hits and missing name fails" file="node_v20.12.0: /free/search/110_field_collapsing.yml" time="0">
      <failure message="Cannot convert undefined or null to object">TypeError: Cannot convert undefined or null to object
    at Function.entries (&lt;anonymous&gt;)
    at doRedact (/usr/src/app/node_modules/@elastic/transport/lib/security.js:22:16)
    at /usr/src/app/node_modules/@elastic/transport/lib/security.js:30:44
    at Array.map (&lt;anonymous&gt;)
    at /usr/src/app/node_modules/@elastic/transport/lib/security.js:30:35
    at Array.forEach (&lt;anonymous&gt;)
    at doRedact (/usr/src/app/node_modules/@elastic/transport/lib/security.js:22:29)
    at /usr/src/app/node_modules/@elastic/transport/lib/security.js:36:33
    at Array.forEach (&lt;anonymous&gt;)
    at doRedact (/usr/src/app/node_modules/@elastic/transport/lib/security.js:22:29)</failure>
    </testcase>
  </testsuite>
  <testsuite id="2024-04-03T14:34:13.623Z" name="free/search - /free/search/111_field_collapsing_with_max_score.yml" time="0" tests="4" failures="0" skipped="4">
    <testcase id="2024-04-03T14:34:13.623Z" name="Max score returned when there is no sort" file="node_v20.12.0: /free/search/111_field_collapsing_with_max_score.yml" time="0">
      <skipped>{
  "version": " - 8.9.99",
  "reason": "Collapse with max score was fixed in 8.10.0",
  "features": [
    "close_to"
  ]
}</skipped>
    </testcase>
    <testcase id="2024-04-03T14:34:13.623Z" name="Max score is not returned when there is sort and track_scores is false (by default)" file="node_v20.12.0: /free/search/111_field_collapsing_with_max_score.yml" time="0">
      <skipped>{
  "version": " - 8.9.99",
  "reason": "Collapse with max score was fixed in 8.10.0",
  "features": [
    "close_to"
  ]
}</skipped>
    </testcase>
    <testcase id="2024-04-03T14:34:13.623Z" name="Max score returned when there is sort and track_scores is true" file="node_v20.12.0: /free/search/111_field_collapsing_with_max_score.yml" time="0">
      <skipped>{
  "version": " - 8.9.99",
  "reason": "Collapse with max score was fixed in 8.10.0",
  "features": [
    "close_to"
  ]
}</skipped>
    </testcase>
    <testcase id="2024-04-03T14:34:13.623Z" name="Max score returned over all documents not only top hits" file="node_v20.12.0: /free/search/111_field_collapsing_with_max_score.yml" time="0">
      <skipped>{
  "version": " - 8.9.99",
  "reason": "Collapse with max score was fixed in 8.10.0",
  "features": [
    "close_to"
  ]
}</skipped>
    </testcase>
  </testsuite>
  <testsuite id="2024-04-03T14:34:13.624Z" name="free/search - /free/search/115_multiple_field_collapsing.yml" time="0" tests="1" failures="1" skipped="0">
    <testcase id="2024-04-03T14:34:13.624Z" name="two levels fields collapsing" file="node_v20.12.0: /free/search/115_multiple_field_collapsing.yml" time="0">
      <failure message="the error should match: /parse_exception/, found undefined: expected false to be truthy">AssertionError: the error should match: /parse_exception/, found undefined: expected false to be truthy
    at doAction (/usr/src/app/test/integration/test-runner.js:544:14)
    at process.processTicksAndRejections (node:internal/process/task_queues:95:5)
    at async exec (/usr/src/app/test/integration/test-runner.js:578:9)
    at async Object.run (/usr/src/app/test/integration/test-runner.js:316:5)
    at async start (/usr/src/app/test/integration/index.js:331:11)</failure>
    </testcase>
  </testsuite>
  <testsuite id="2024-04-03T14:34:13.711Z" name="free/search - /free/search/120_batch_reduce_size.yml" time="0" tests="2" failures="2" skipped="0">
    <testcase id="2024-04-03T14:34:13.711Z" name="batched_reduce_size lower limit" file="node_v20.12.0: /free/search/120_batch_reduce_size.yml" time="0">
      <failure message="the error should match: /batchedReduceSize must be &gt;= 2/, found undefined: expected false to be truthy">AssertionError: the error should match: /batchedReduceSize must be &gt;= 2/, found undefined: expected false to be truthy
    at doAction (/usr/src/app/test/integration/test-runner.js:544:14)
    at process.processTicksAndRejections (node:internal/process/task_queues:95:5)
    at async exec (/usr/src/app/test/integration/test-runner.js:578:9)
    at async Object.run (/usr/src/app/test/integration/test-runner.js:316:5)
    at async start (/usr/src/app/test/integration/index.js:331:11)</failure>
    </testcase>
    <testcase id="2024-04-03T14:34:13.850Z" name="batched_reduce_size 2 with 5 shards" file="node_v20.12.0: /free/search/120_batch_reduce_size.yml" time="0">
      <failure message="Cannot convert undefined or null to object">TypeError: Cannot convert undefined or null to object
    at Function.entries (&lt;anonymous&gt;)
    at doRedact (/usr/src/app/node_modules/@elastic/transport/lib/security.js:22:16)
    at /usr/src/app/node_modules/@elastic/transport/lib/security.js:30:44
    at Array.map (&lt;anonymous&gt;)
    at /usr/src/app/node_modules/@elastic/transport/lib/security.js:30:35
    at Array.forEach (&lt;anonymous&gt;)
    at doRedact (/usr/src/app/node_modules/@elastic/transport/lib/security.js:22:29)
    at /usr/src/app/node_modules/@elastic/transport/lib/security.js:36:33
    at Array.forEach (&lt;anonymous&gt;)
    at doRedact (/usr/src/app/node_modules/@elastic/transport/lib/security.js:22:29)</failure>
    </testcase>
  </testsuite>
  <testsuite id="2024-04-03T14:34:13.874Z" name="free/search - /free/search/140_pre_filter_search_shards.yml" time="0" tests="3" failures="3" skipped="0">
    <testcase id="2024-04-03T14:34:13.874Z" name="pre_filter_shard_size with invalid parameter" file="node_v20.12.0: /free/search/140_pre_filter_search_shards.yml" time="0">
      <failure message="the error should match: /preFilterShardSize must be &gt;= 1/, found undefined: expected false to be truthy">AssertionError: the error should match: /preFilterShardSize must be &gt;= 1/, found undefined: expected false to be truthy
    at doAction (/usr/src/app/test/integration/test-runner.js:544:14)
    at process.processTicksAndRejections (node:internal/process/task_queues:95:5)
    at async exec (/usr/src/app/test/integration/test-runner.js:578:9)
    at async Object.run (/usr/src/app/test/integration/test-runner.js:316:5)
    at async start (/usr/src/app/test/integration/index.js:331:11)</failure>
    </testcase>
    <testcase id="2024-04-03T14:34:14.096Z" name="pre_filter_shard_size with shards that have no hit" file="node_v20.12.0: /free/search/140_pre_filter_search_shards.yml" time="0">
      <failure message="Cannot convert undefined or null to object">TypeError: Cannot convert undefined or null to object
    at Function.entries (&lt;anonymous&gt;)
    at doRedact (/usr/src/app/node_modules/@elastic/transport/lib/security.js:22:16)
    at /usr/src/app/node_modules/@elastic/transport/lib/security.js:30:44
    at Array.map (&lt;anonymous&gt;)
    at /usr/src/app/node_modules/@elastic/transport/lib/security.js:30:35
    at Array.forEach (&lt;anonymous&gt;)
    at doRedact (/usr/src/app/node_modules/@elastic/transport/lib/security.js:22:29)
    at /usr/src/app/node_modules/@elastic/transport/lib/security.js:36:33
    at Array.forEach (&lt;anonymous&gt;)
    at doRedact (/usr/src/app/node_modules/@elastic/transport/lib/security.js:22:29)</failure>
    </testcase>
    <testcase id="2024-04-03T14:34:14.119Z" name="prefilter on non-indexed date fields" file="node_v20.12.0: /free/search/140_pre_filter_search_shards.yml" time="0">
      <failure message="Cannot convert undefined or null to object">TypeError: Cannot convert undefined or null to object
    at Function.entries (&lt;anonymous&gt;)
    at doRedact (/usr/src/app/node_modules/@elastic/transport/lib/security.js:22:16)
    at /usr/src/app/node_modules/@elastic/transport/lib/security.js:30:44
    at Array.map (&lt;anonymous&gt;)
    at /usr/src/app/node_modules/@elastic/transport/lib/security.js:30:35
    at Array.forEach (&lt;anonymous&gt;)
    at doRedact (/usr/src/app/node_modules/@elastic/transport/lib/security.js:22:29)
    at /usr/src/app/node_modules/@elastic/transport/lib/security.js:36:33
    at Array.forEach (&lt;anonymous&gt;)
    at doRedact (/usr/src/app/node_modules/@elastic/transport/lib/security.js:22:29)</failure>
    </testcase>
  </testsuite>
  <testsuite id="2024-04-03T14:34:14.154Z" name="free/search - /free/search/150_rewrite_on_coordinator.yml" time="0" tests="1" failures="1" skipped="0">
    <testcase id="2024-04-03T14:34:14.154Z" name="Ensure that we fetch the document only once" file="node_v20.12.0: /free/search/150_rewrite_on_coordinator.yml" time="0">
      <failure message="the error should match: /no such index/, found undefined: expected false to be truthy">AssertionError: the error should match: /no such index/, found undefined: expected false to be truthy
    at doAction (/usr/src/app/test/integration/test-runner.js:544:14)
    at process.processTicksAndRejections (node:internal/process/task_queues:95:5)
    at async exec (/usr/src/app/test/integration/test-runner.js:578:9)
    at async Object.run (/usr/src/app/test/integration/test-runner.js:316:5)
    at async start (/usr/src/app/test/integration/index.js:331:11)</failure>
    </testcase>
  </testsuite>
  <testsuite id="2024-04-03T14:34:14.330Z" name="free/search - /free/search/160_exists_query.yml" time="0" tests="71" failures="0" skipped="71">
    <testcase id="2024-04-03T14:34:14.330Z" name="Test exists query on mapped binary field" file="node_v20.12.0: /free/search/160_exists_query.yml" time="0">
      <skipped>{
  "features": [
    "headers",
    "allowed_warnings"
  ]
}</skipped>
    </testcase>
    <testcase id="2024-04-03T14:34:14.330Z" name="Test exists query on mapped boolean field" file="node_v20.12.0: /free/search/160_exists_query.yml" time="0">
      <skipped>{
  "features": [
    "headers",
    "allowed_warnings"
  ]
}</skipped>
    </testcase>
    <testcase id="2024-04-03T14:34:14.330Z" name="Test exists query on mapped date field" file="node_v20.12.0: /free/search/160_exists_query.yml" time="0">
      <skipped>{
  "features": [
    "headers",
    "allowed_warnings"
  ]
}</skipped>
    </testcase>
    <testcase id="2024-04-03T14:34:14.330Z" name="Test exists query on mapped geo_point field" file="node_v20.12.0: /free/search/160_exists_query.yml" time="0">
      <skipped>{
  "features": [
    "headers",
    "allowed_warnings"
  ]
}</skipped>
    </testcase>
    <testcase id="2024-04-03T14:34:14.330Z" name="Test exists query on mapped ip field" file="node_v20.12.0: /free/search/160_exists_query.yml" time="0">
      <skipped>{
  "features": [
    "headers",
    "allowed_warnings"
  ]
}</skipped>
    </testcase>
    <testcase id="2024-04-03T14:34:14.330Z" name="Test exists query on mapped keyword field" file="node_v20.12.0: /free/search/160_exists_query.yml" time="0">
      <skipped>{
  "features": [
    "headers",
    "allowed_warnings"
  ]
}</skipped>
    </testcase>
    <testcase id="2024-04-03T14:34:14.330Z" name="Test exists query on mapped byte field" file="node_v20.12.0: /free/search/160_exists_query.yml" time="0">
      <skipped>{
  "features": [
    "headers",
    "allowed_warnings"
  ]
}</skipped>
    </testcase>
    <testcase id="2024-04-03T14:34:14.330Z" name="Test exists query on mapped double field" file="node_v20.12.0: /free/search/160_exists_query.yml" time="0">
      <skipped>{
  "features": [
    "headers",
    "allowed_warnings"
  ]
}</skipped>
    </testcase>
    <testcase id="2024-04-03T14:34:14.330Z" name="Test exists query on mapped float field" file="node_v20.12.0: /free/search/160_exists_query.yml" time="0">
      <skipped>{
  "features": [
    "headers",
    "allowed_warnings"
  ]
}</skipped>
    </testcase>
    <testcase id="2024-04-03T14:34:14.330Z" name="Test exists query on mapped half_float field" file="node_v20.12.0: /free/search/160_exists_query.yml" time="0">
      <skipped>{
  "features": [
    "headers",
    "allowed_warnings"
  ]
}</skipped>
    </testcase>
    <testcase id="2024-04-03T14:34:14.330Z" name="Test exists query on mapped integer field" file="node_v20.12.0: /free/search/160_exists_query.yml" time="0">
      <skipped>{
  "features": [
    "headers",
    "allowed_warnings"
  ]
}</skipped>
    </testcase>
    <testcase id="2024-04-03T14:34:14.330Z" name="Test exists query on mapped long field" file="node_v20.12.0: /free/search/160_exists_query.yml" time="0">
      <skipped>{
  "features": [
    "headers",
    "allowed_warnings"
  ]
}</skipped>
    </testcase>
    <testcase id="2024-04-03T14:34:14.330Z" name="Test exists query on mapped short field" file="node_v20.12.0: /free/search/160_exists_query.yml" time="0">
      <skipped>{
  "features": [
    "headers",
    "allowed_warnings"
  ]
}</skipped>
    </testcase>
    <testcase id="2024-04-03T14:34:14.330Z" name="Test exists query on mapped object field" file="node_v20.12.0: /free/search/160_exists_query.yml" time="0">
      <skipped>{
  "features": [
    "headers",
    "allowed_warnings"
  ]
}</skipped>
    </testcase>
    <testcase id="2024-04-03T14:34:14.330Z" name="Test exists query on mapped object inner field" file="node_v20.12.0: /free/search/160_exists_query.yml" time="0">
      <skipped>{
  "features": [
    "headers",
    "allowed_warnings"
  ]
}</skipped>
    </testcase>
    <testcase id="2024-04-03T14:34:14.330Z" name="Test exists query on mapped text field" file="node_v20.12.0: /free/search/160_exists_query.yml" time="0">
      <skipped>{
  "features": [
    "headers",
    "allowed_warnings"
  ]
}</skipped>
    </testcase>
    <testcase id="2024-04-03T14:34:14.330Z" name="Test exists query on _id field" file="node_v20.12.0: /free/search/160_exists_query.yml" time="0">
      <skipped>{
  "features": [
    "headers",
    "allowed_warnings"
  ]
}</skipped>
    </testcase>
    <testcase id="2024-04-03T14:34:14.330Z" name="Test exists query on _index field" file="node_v20.12.0: /free/search/160_exists_query.yml" time="0">
      <skipped>{
  "features": [
    "headers",
    "allowed_warnings"
  ]
}</skipped>
    </testcase>
    <testcase id="2024-04-03T14:34:14.331Z" name="Test exists query on _routing field" file="node_v20.12.0: /free/search/160_exists_query.yml" time="0">
      <skipped>{
  "features": [
    "headers",
    "allowed_warnings"
  ]
}</skipped>
    </testcase>
    <testcase id="2024-04-03T14:34:14.331Z" name="Test exists query on _seq_no field" file="node_v20.12.0: /free/search/160_exists_query.yml" time="0">
      <skipped>{
  "features": [
    "headers",
    "allowed_warnings"
  ]
}</skipped>
    </testcase>
    <testcase id="2024-04-03T14:34:14.331Z" name="Test exists query on _source field" file="node_v20.12.0: /free/search/160_exists_query.yml" time="0">
      <skipped>{
  "features": [
    "headers",
    "allowed_warnings"
  ]
}</skipped>
    </testcase>
    <testcase id="2024-04-03T14:34:14.331Z" name="Test exists query on _version field" file="node_v20.12.0: /free/search/160_exists_query.yml" time="0">
      <skipped>{
  "features": [
    "headers",
    "allowed_warnings"
  ]
}</skipped>
    </testcase>
    <testcase id="2024-04-03T14:34:14.331Z" name="Test exists query on unmapped binary field" file="node_v20.12.0: /free/search/160_exists_query.yml" time="0">
      <skipped>{
  "features": [
    "headers",
    "allowed_warnings"
  ]
}</skipped>
    </testcase>
    <testcase id="2024-04-03T14:34:14.331Z" name="Test exists query on unmapped boolean field" file="node_v20.12.0: /free/search/160_exists_query.yml" time="0">
      <skipped>{
  "features": [
    "headers",
    "allowed_warnings"
  ]
}</skipped>
    </testcase>
    <testcase id="2024-04-03T14:34:14.331Z" name="Test exists query on unmapped date field" file="node_v20.12.0: /free/search/160_exists_query.yml" time="0">
      <skipped>{
  "features": [
    "headers",
    "allowed_warnings"
  ]
}</skipped>
    </testcase>
    <testcase id="2024-04-03T14:34:14.331Z" name="Test exists query on unmapped geo_point field" file="node_v20.12.0: /free/search/160_exists_query.yml" time="0">
      <skipped>{
  "features": [
    "headers",
    "allowed_warnings"
  ]
}</skipped>
    </testcase>
    <testcase id="2024-04-03T14:34:14.331Z" name="Test exists query on unmapped ip field" file="node_v20.12.0: /free/search/160_exists_query.yml" time="0">
      <skipped>{
  "features": [
    "headers",
    "allowed_warnings"
  ]
}</skipped>
    </testcase>
    <testcase id="2024-04-03T14:34:14.331Z" name="Test exists query on unmapped keyword field" file="node_v20.12.0: /free/search/160_exists_query.yml" time="0">
      <skipped>{
  "features": [
    "headers",
    "allowed_warnings"
  ]
}</skipped>
    </testcase>
    <testcase id="2024-04-03T14:34:14.331Z" name="Test exists query on unmapped byte field" file="node_v20.12.0: /free/search/160_exists_query.yml" time="0">
      <skipped>{
  "features": [
    "headers",
    "allowed_warnings"
  ]
}</skipped>
    </testcase>
    <testcase id="2024-04-03T14:34:14.331Z" name="Test exists query on unmapped double field" file="node_v20.12.0: /free/search/160_exists_query.yml" time="0">
      <skipped>{
  "features": [
    "headers",
    "allowed_warnings"
  ]
}</skipped>
    </testcase>
    <testcase id="2024-04-03T14:34:14.331Z" name="Test exists query on unmapped float field" file="node_v20.12.0: /free/search/160_exists_query.yml" time="0">
      <skipped>{
  "features": [
    "headers",
    "allowed_warnings"
  ]
}</skipped>
    </testcase>
    <testcase id="2024-04-03T14:34:14.331Z" name="Test exists query on unmapped half_float field" file="node_v20.12.0: /free/search/160_exists_query.yml" time="0">
      <skipped>{
  "features": [
    "headers",
    "allowed_warnings"
  ]
}</skipped>
    </testcase>
    <testcase id="2024-04-03T14:34:14.331Z" name="Test exists query on unmapped integer field" file="node_v20.12.0: /free/search/160_exists_query.yml" time="0">
      <skipped>{
  "features": [
    "headers",
    "allowed_warnings"
  ]
}</skipped>
    </testcase>
    <testcase id="2024-04-03T14:34:14.331Z" name="Test exists query on unmapped long field" file="node_v20.12.0: /free/search/160_exists_query.yml" time="0">
      <skipped>{
  "features": [
    "headers",
    "allowed_warnings"
  ]
}</skipped>
    </testcase>
    <testcase id="2024-04-03T14:34:14.331Z" name="Test exists query on unmapped short field" file="node_v20.12.0: /free/search/160_exists_query.yml" time="0">
      <skipped>{
  "features": [
    "headers",
    "allowed_warnings"
  ]
}</skipped>
    </testcase>
    <testcase id="2024-04-03T14:34:14.331Z" name="Test exists query on unmapped object field" file="node_v20.12.0: /free/search/160_exists_query.yml" time="0">
      <skipped>{
  "features": [
    "headers",
    "allowed_warnings"
  ]
}</skipped>
    </testcase>
    <testcase id="2024-04-03T14:34:14.331Z" name="Test exists query on unmapped object inner field" file="node_v20.12.0: /free/search/160_exists_query.yml" time="0">
      <skipped>{
  "features": [
    "headers",
    "allowed_warnings"
  ]
}</skipped>
    </testcase>
    <testcase id="2024-04-03T14:34:14.331Z" name="Test exists query on unmapped text field" file="node_v20.12.0: /free/search/160_exists_query.yml" time="0">
      <skipped>{
  "features": [
    "headers",
    "allowed_warnings"
  ]
}</skipped>
    </testcase>
    <testcase id="2024-04-03T14:34:14.331Z" name="Test exists query on binary field in empty index" file="node_v20.12.0: /free/search/160_exists_query.yml" time="0">
      <skipped>{
  "features": [
    "headers",
    "allowed_warnings"
  ]
}</skipped>
    </testcase>
    <testcase id="2024-04-03T14:34:14.331Z" name="Test exists query on boolean field in empty index" file="node_v20.12.0: /free/search/160_exists_query.yml" time="0">
      <skipped>{
  "features": [
    "headers",
    "allowed_warnings"
  ]
}</skipped>
    </testcase>
    <testcase id="2024-04-03T14:34:14.331Z" name="Test exists query on date field in empty index" file="node_v20.12.0: /free/search/160_exists_query.yml" time="0">
      <skipped>{
  "features": [
    "headers",
    "allowed_warnings"
  ]
}</skipped>
    </testcase>
    <testcase id="2024-04-03T14:34:14.331Z" name="Test exists query on geo_point field in empty index" file="node_v20.12.0: /free/search/160_exists_query.yml" time="0">
      <skipped>{
  "features": [
    "headers",
    "allowed_warnings"
  ]
}</skipped>
    </testcase>
    <testcase id="2024-04-03T14:34:14.331Z" name="Test exists query on ip field in empty index" file="node_v20.12.0: /free/search/160_exists_query.yml" time="0">
      <skipped>{
  "features": [
    "headers",
    "allowed_warnings"
  ]
}</skipped>
    </testcase>
    <testcase id="2024-04-03T14:34:14.331Z" name="Test exists query on keyword field in empty index" file="node_v20.12.0: /free/search/160_exists_query.yml" time="0">
      <skipped>{
  "features": [
    "headers",
    "allowed_warnings"
  ]
}</skipped>
    </testcase>
    <testcase id="2024-04-03T14:34:14.331Z" name="Test exists query on byte field in empty index" file="node_v20.12.0: /free/search/160_exists_query.yml" time="0">
      <skipped>{
  "features": [
    "headers",
    "allowed_warnings"
  ]
}</skipped>
    </testcase>
    <testcase id="2024-04-03T14:34:14.331Z" name="Test exists query on double field in empty index" file="node_v20.12.0: /free/search/160_exists_query.yml" time="0">
      <skipped>{
  "features": [
    "headers",
    "allowed_warnings"
  ]
}</skipped>
    </testcase>
    <testcase id="2024-04-03T14:34:14.331Z" name="Test exists query on float field in empty index" file="node_v20.12.0: /free/search/160_exists_query.yml" time="0">
      <skipped>{
  "features": [
    "headers",
    "allowed_warnings"
  ]
}</skipped>
    </testcase>
    <testcase id="2024-04-03T14:34:14.331Z" name="Test exists query on half_float field in empty index" file="node_v20.12.0: /free/search/160_exists_query.yml" time="0">
      <skipped>{
  "features": [
    "headers",
    "allowed_warnings"
  ]
}</skipped>
    </testcase>
    <testcase id="2024-04-03T14:34:14.331Z" name="Test exists query on integer field in empty index" file="node_v20.12.0: /free/search/160_exists_query.yml" time="0">
      <skipped>{
  "features": [
    "headers",
    "allowed_warnings"
  ]
}</skipped>
    </testcase>
    <testcase id="2024-04-03T14:34:14.331Z" name="Test exists query on long field in empty index" file="node_v20.12.0: /free/search/160_exists_query.yml" time="0">
      <skipped>{
  "features": [
    "headers",
    "allowed_warnings"
  ]
}</skipped>
    </testcase>
    <testcase id="2024-04-03T14:34:14.331Z" name="Test exists query on short field in empty index" file="node_v20.12.0: /free/search/160_exists_query.yml" time="0">
      <skipped>{
  "features": [
    "headers",
    "allowed_warnings"
  ]
}</skipped>
    </testcase>
    <testcase id="2024-04-03T14:34:14.331Z" name="Test exists query on object field in empty index" file="node_v20.12.0: /free/search/160_exists_query.yml" time="0">
      <skipped>{
  "features": [
    "headers",
    "allowed_warnings"
  ]
}</skipped>
    </testcase>
    <testcase id="2024-04-03T14:34:14.331Z" name="Test exists query on object inner field in empty index" file="node_v20.12.0: /free/search/160_exists_query.yml" time="0">
      <skipped>{
  "features": [
    "headers",
    "allowed_warnings"
  ]
}</skipped>
    </testcase>
    <testcase id="2024-04-03T14:34:14.331Z" name="Test exists query on text field in empty index" file="node_v20.12.0: /free/search/160_exists_query.yml" time="0">
      <skipped>{
  "features": [
    "headers",
    "allowed_warnings"
  ]
}</skipped>
    </testcase>
    <testcase id="2024-04-03T14:34:14.331Z" name="Test exists query on mapped binary field with no doc values" file="node_v20.12.0: /free/search/160_exists_query.yml" time="0">
      <skipped>{
  "features": [
    "headers",
    "allowed_warnings"
  ]
}</skipped>
    </testcase>
    <testcase id="2024-04-03T14:34:14.331Z" name="Test exists query on mapped boolean field with no doc values" file="node_v20.12.0: /free/search/160_exists_query.yml" time="0">
      <skipped>{
  "features": [
    "headers",
    "allowed_warnings"
  ]
}</skipped>
    </testcase>
    <testcase id="2024-04-03T14:34:14.331Z" name="Test exists query on mapped date field with no doc values" file="node_v20.12.0: /free/search/160_exists_query.yml" time="0">
      <skipped>{
  "features": [
    "headers",
    "allowed_warnings"
  ]
}</skipped>
    </testcase>
    <testcase id="2024-04-03T14:34:14.331Z" name="Test exists query on mapped geo_point field with no doc values" file="node_v20.12.0: /free/search/160_exists_query.yml" time="0">
      <skipped>{
  "features": [
    "headers",
    "allowed_warnings"
  ]
}</skipped>
    </testcase>
    <testcase id="2024-04-03T14:34:14.331Z" name="Test exists query on mapped ip field with no doc values" file="node_v20.12.0: /free/search/160_exists_query.yml" time="0">
      <skipped>{
  "features": [
    "headers",
    "allowed_warnings"
  ]
}</skipped>
    </testcase>
    <testcase id="2024-04-03T14:34:14.331Z" name="Test exists query on mapped keyword field with no doc values" file="node_v20.12.0: /free/search/160_exists_query.yml" time="0">
      <skipped>{
  "features": [
    "headers",
    "allowed_warnings"
  ]
}</skipped>
    </testcase>
    <testcase id="2024-04-03T14:34:14.331Z" name="Test exists query on mapped byte field with no doc values" file="node_v20.12.0: /free/search/160_exists_query.yml" time="0">
      <skipped>{
  "features": [
    "headers",
    "allowed_warnings"
  ]
}</skipped>
    </testcase>
    <testcase id="2024-04-03T14:34:14.331Z" name="Test exists query on mapped double field with no doc values" file="node_v20.12.0: /free/search/160_exists_query.yml" time="0">
      <skipped>{
  "features": [
    "headers",
    "allowed_warnings"
  ]
}</skipped>
    </testcase>
    <testcase id="2024-04-03T14:34:14.331Z" name="Test exists query on mapped float field with no doc values" file="node_v20.12.0: /free/search/160_exists_query.yml" time="0">
      <skipped>{
  "features": [
    "headers",
    "allowed_warnings"
  ]
}</skipped>
    </testcase>
    <testcase id="2024-04-03T14:34:14.331Z" name="Test exists query on mapped half_float field with no doc values" file="node_v20.12.0: /free/search/160_exists_query.yml" time="0">
      <skipped>{
  "features": [
    "headers",
    "allowed_warnings"
  ]
}</skipped>
    </testcase>
    <testcase id="2024-04-03T14:34:14.331Z" name="Test exists query on mapped integer field with no doc values" file="node_v20.12.0: /free/search/160_exists_query.yml" time="0">
      <skipped>{
  "features": [
    "headers",
    "allowed_warnings"
  ]
}</skipped>
    </testcase>
    <testcase id="2024-04-03T14:34:14.331Z" name="Test exists query on mapped long field with no doc values" file="node_v20.12.0: /free/search/160_exists_query.yml" time="0">
      <skipped>{
  "features": [
    "headers",
    "allowed_warnings"
  ]
}</skipped>
    </testcase>
    <testcase id="2024-04-03T14:34:14.331Z" name="Test exists query on mapped short field with no doc values" file="node_v20.12.0: /free/search/160_exists_query.yml" time="0">
      <skipped>{
  "features": [
    "headers",
    "allowed_warnings"
  ]
}</skipped>
    </testcase>
    <testcase id="2024-04-03T14:34:14.331Z" name="Test exists query on mapped object field with no doc values" file="node_v20.12.0: /free/search/160_exists_query.yml" time="0">
      <skipped>{
  "features": [
    "headers",
    "allowed_warnings"
  ]
}</skipped>
    </testcase>
    <testcase id="2024-04-03T14:34:14.331Z" name="Test exists query on mapped object inner field with no doc values" file="node_v20.12.0: /free/search/160_exists_query.yml" time="0">
      <skipped>{
  "features": [
    "headers",
    "allowed_warnings"
  ]
}</skipped>
    </testcase>
    <testcase id="2024-04-03T14:34:14.331Z" name="Test exists query on mapped text field with no doc values" file="node_v20.12.0: /free/search/160_exists_query.yml" time="0">
      <skipped>{
  "features": [
    "headers",
    "allowed_warnings"
  ]
}</skipped>
    </testcase>
    <testcase id="2024-04-03T14:34:14.331Z" name="Test exists query on text field with empty values" file="node_v20.12.0: /free/search/160_exists_query.yml" time="0">
      <skipped>{
  "features": [
    "headers",
    "allowed_warnings"
  ]
}</skipped>
    </testcase>
  </testsuite>
  <testsuite id="2024-04-03T14:34:14.333Z" name="free/search - /free/search/161_exists_query_within_nested_query.yml" time="0" tests="32" failures="0" skipped="32">
    <testcase id="2024-04-03T14:34:14.333Z" name="Test exists query within nested query on mapped binary field" file="node_v20.12.0: /free/search/161_exists_query_within_nested_query.yml" time="0">
      <skipped>{
  "features": [
    "headers",
    "allowed_warnings"
  ]
}</skipped>
    </testcase>
    <testcase id="2024-04-03T14:34:14.333Z" name="Test exists query within nested query on mapped boolean field" file="node_v20.12.0: /free/search/161_exists_query_within_nested_query.yml" time="0">
      <skipped>{
  "features": [
    "headers",
    "allowed_warnings"
  ]
}</skipped>
    </testcase>
    <testcase id="2024-04-03T14:34:14.333Z" name="Test exists query within nested query on mapped date field" file="node_v20.12.0: /free/search/161_exists_query_within_nested_query.yml" time="0">
      <skipped>{
  "features": [
    "headers",
    "allowed_warnings"
  ]
}</skipped>
    </testcase>
    <testcase id="2024-04-03T14:34:14.333Z" name="Test exists query within nested query on mapped geo_point field" file="node_v20.12.0: /free/search/161_exists_query_within_nested_query.yml" time="0">
      <skipped>{
  "features": [
    "headers",
    "allowed_warnings"
  ]
}</skipped>
    </testcase>
    <testcase id="2024-04-03T14:34:14.333Z" name="Test exists query within nested query on mapped ip field" file="node_v20.12.0: /free/search/161_exists_query_within_nested_query.yml" time="0">
      <skipped>{
  "features": [
    "headers",
    "allowed_warnings"
  ]
}</skipped>
    </testcase>
    <testcase id="2024-04-03T14:34:14.333Z" name="Test exists query within nested query on mapped keyword field" file="node_v20.12.0: /free/search/161_exists_query_within_nested_query.yml" time="0">
      <skipped>{
  "features": [
    "headers",
    "allowed_warnings"
  ]
}</skipped>
    </testcase>
    <testcase id="2024-04-03T14:34:14.333Z" name="Test exists query within nested query on mapped byte field" file="node_v20.12.0: /free/search/161_exists_query_within_nested_query.yml" time="0">
      <skipped>{
  "features": [
    "headers",
    "allowed_warnings"
  ]
}</skipped>
    </testcase>
    <testcase id="2024-04-03T14:34:14.333Z" name="Test exists query within nested query on mapped double field" file="node_v20.12.0: /free/search/161_exists_query_within_nested_query.yml" time="0">
      <skipped>{
  "features": [
    "headers",
    "allowed_warnings"
  ]
}</skipped>
    </testcase>
    <testcase id="2024-04-03T14:34:14.333Z" name="Test exists query within nested query on mapped float field" file="node_v20.12.0: /free/search/161_exists_query_within_nested_query.yml" time="0">
      <skipped>{
  "features": [
    "headers",
    "allowed_warnings"
  ]
}</skipped>
    </testcase>
    <testcase id="2024-04-03T14:34:14.334Z" name="Test exists query within nested query on mapped half_float field" file="node_v20.12.0: /free/search/161_exists_query_within_nested_query.yml" time="0">
      <skipped>{
  "features": [
    "headers",
    "allowed_warnings"
  ]
}</skipped>
    </testcase>
    <testcase id="2024-04-03T14:34:14.334Z" name="Test exists query within nested query on mapped integer field" file="node_v20.12.0: /free/search/161_exists_query_within_nested_query.yml" time="0">
      <skipped>{
  "features": [
    "headers",
    "allowed_warnings"
  ]
}</skipped>
    </testcase>
    <testcase id="2024-04-03T14:34:14.334Z" name="Test exists query within nested query on mapped long field" file="node_v20.12.0: /free/search/161_exists_query_within_nested_query.yml" time="0">
      <skipped>{
  "features": [
    "headers",
    "allowed_warnings"
  ]
}</skipped>
    </testcase>
    <testcase id="2024-04-03T14:34:14.334Z" name="Test exists query within nested query on mapped short field" file="node_v20.12.0: /free/search/161_exists_query_within_nested_query.yml" time="0">
      <skipped>{
  "features": [
    "headers",
    "allowed_warnings"
  ]
}</skipped>
    </testcase>
    <testcase id="2024-04-03T14:34:14.334Z" name="Test exists query within nested query on mapped object field" file="node_v20.12.0: /free/search/161_exists_query_within_nested_query.yml" time="0">
      <skipped>{
  "features": [
    "headers",
    "allowed_warnings"
  ]
}</skipped>
    </testcase>
    <testcase id="2024-04-03T14:34:14.334Z" name="Test exists query within nested query on mapped object inner field" file="node_v20.12.0: /free/search/161_exists_query_within_nested_query.yml" time="0">
      <skipped>{
  "features": [
    "headers",
    "allowed_warnings"
  ]
}</skipped>
    </testcase>
    <testcase id="2024-04-03T14:34:14.334Z" name="Test exists query within nested query on mapped text field" file="node_v20.12.0: /free/search/161_exists_query_within_nested_query.yml" time="0">
      <skipped>{
  "features": [
    "headers",
    "allowed_warnings"
  ]
}</skipped>
    </testcase>
    <testcase id="2024-04-03T14:34:14.334Z" name="Test exists query within nested query on mapped binary field with no doc values" file="node_v20.12.0: /free/search/161_exists_query_within_nested_query.yml" time="0">
      <skipped>{
  "features": [
    "headers",
    "allowed_warnings"
  ]
}</skipped>
    </testcase>
    <testcase id="2024-04-03T14:34:14.334Z" name="Test exists query within nested query on mapped boolean field with no doc values" file="node_v20.12.0: /free/search/161_exists_query_within_nested_query.yml" time="0">
      <skipped>{
  "features": [
    "headers",
    "allowed_warnings"
  ]
}</skipped>
    </testcase>
    <testcase id="2024-04-03T14:34:14.334Z" name="Test exists query within nested query on mapped date field with no doc values" file="node_v20.12.0: /free/search/161_exists_query_within_nested_query.yml" time="0">
      <skipped>{
  "features": [
    "headers",
    "allowed_warnings"
  ]
}</skipped>
    </testcase>
    <testcase id="2024-04-03T14:34:14.334Z" name="Test exists query within nested query on mapped geo_point field with no doc values" file="node_v20.12.0: /free/search/161_exists_query_within_nested_query.yml" time="0">
      <skipped>{
  "features": [
    "headers",
    "allowed_warnings"
  ]
}</skipped>
    </testcase>
    <testcase id="2024-04-03T14:34:14.334Z" name="Test exists query within nested query on mapped ip field with no doc values" file="node_v20.12.0: /free/search/161_exists_query_within_nested_query.yml" time="0">
      <skipped>{
  "features": [
    "headers",
    "allowed_warnings"
  ]
}</skipped>
    </testcase>
    <testcase id="2024-04-03T14:34:14.334Z" name="Test exists query within nested query on mapped keyword field with no doc values" file="node_v20.12.0: /free/search/161_exists_query_within_nested_query.yml" time="0">
      <skipped>{
  "features": [
    "headers",
    "allowed_warnings"
  ]
}</skipped>
    </testcase>
    <testcase id="2024-04-03T14:34:14.334Z" name="Test exists query within nested query on mapped byte field with no doc values" file="node_v20.12.0: /free/search/161_exists_query_within_nested_query.yml" time="0">
      <skipped>{
  "features": [
    "headers",
    "allowed_warnings"
  ]
}</skipped>
    </testcase>
    <testcase id="2024-04-03T14:34:14.334Z" name="Test exists query within nested query on mapped double field with no doc values" file="node_v20.12.0: /free/search/161_exists_query_within_nested_query.yml" time="0">
      <skipped>{
  "features": [
    "headers",
    "allowed_warnings"
  ]
}</skipped>
    </testcase>
    <testcase id="2024-04-03T14:34:14.334Z" name="Test exists query within nested query on mapped float field with no doc values" file="node_v20.12.0: /free/search/161_exists_query_within_nested_query.yml" time="0">
      <skipped>{
  "features": [
    "headers",
    "allowed_warnings"
  ]
}</skipped>
    </testcase>
    <testcase id="2024-04-03T14:34:14.334Z" name="Test exists query within nested query on mapped half_float field with no doc values" file="node_v20.12.0: /free/search/161_exists_query_within_nested_query.yml" time="0">
      <skipped>{
  "features": [
    "headers",
    "allowed_warnings"
  ]
}</skipped>
    </testcase>
    <testcase id="2024-04-03T14:34:14.334Z" name="Test exists query within nested query on mapped integer field with no doc values" file="node_v20.12.0: /free/search/161_exists_query_within_nested_query.yml" time="0">
      <skipped>{
  "features": [
    "headers",
    "allowed_warnings"
  ]
}</skipped>
    </testcase>
    <testcase id="2024-04-03T14:34:14.334Z" name="Test exists query within nested query on mapped long field with no doc values" file="node_v20.12.0: /free/search/161_exists_query_within_nested_query.yml" time="0">
      <skipped>{
  "features": [
    "headers",
    "allowed_warnings"
  ]
}</skipped>
    </testcase>
    <testcase id="2024-04-03T14:34:14.334Z" name="Test exists query within nested query on mapped short field with no doc values" file="node_v20.12.0: /free/search/161_exists_query_within_nested_query.yml" time="0">
      <skipped>{
  "features": [
    "headers",
    "allowed_warnings"
  ]
}</skipped>
    </testcase>
    <testcase id="2024-04-03T14:34:14.334Z" name="Test exists query within nested query on mapped object field with no doc values" file="node_v20.12.0: /free/search/161_exists_query_within_nested_query.yml" time="0">
      <skipped>{
  "features": [
    "headers",
    "allowed_warnings"
  ]
}</skipped>
    </testcase>
    <testcase id="2024-04-03T14:34:14.334Z" name="Test exists query within nested query on mapped object inner field with no doc values" file="node_v20.12.0: /free/search/161_exists_query_within_nested_query.yml" time="0">
      <skipped>{
  "features": [
    "headers",
    "allowed_warnings"
  ]
}</skipped>
    </testcase>
    <testcase id="2024-04-03T14:34:14.334Z" name="Test exists query within nested query on mapped text field with no doc values" file="node_v20.12.0: /free/search/161_exists_query_within_nested_query.yml" time="0">
      <skipped>{
  "features": [
    "headers",
    "allowed_warnings"
  ]
}</skipped>
    </testcase>
  </testsuite>
  <testsuite id="2024-04-03T14:34:14.334Z" name="free/search - /free/search/170_terms_query.yml" time="0" tests="1" failures="1" skipped="0">
    <testcase id="2024-04-03T14:34:14.334Z" name="Terms Query with No.of terms exceeding index.max_terms_count should FAIL" file="node_v20.12.0: /free/search/170_terms_query.yml" time="0">
      <failure message="the error should match: bad_request, found undefined: expected false to be truthy">AssertionError: the error should match: bad_request, found undefined: expected false to be truthy
    at doAction (/usr/src/app/test/integration/test-runner.js:544:14)
    at process.processTicksAndRejections (node:internal/process/task_queues:95:5)
    at async exec (/usr/src/app/test/integration/test-runner.js:578:9)
    at async Object.run (/usr/src/app/test/integration/test-runner.js:316:5)
    at async start (/usr/src/app/test/integration/index.js:331:11)</failure>
    </testcase>
  </testsuite>
  <testsuite id="2024-04-03T14:34:14.451Z" name="free/search - /free/search/180_locale_dependent_mapping.yml" time="0" tests="1" failures="1" skipped="0">
    <testcase id="2024-04-03T14:34:14.451Z" name="Test Index and Search locale dependent mappings / dates" file="node_v20.12.0: /free/search/180_locale_dependent_mapping.yml" time="0">
      <failure message="Cannot convert undefined or null to object">TypeError: Cannot convert undefined or null to object
    at Function.entries (&lt;anonymous&gt;)
    at doRedact (/usr/src/app/node_modules/@elastic/transport/lib/security.js:22:16)
    at /usr/src/app/node_modules/@elastic/transport/lib/security.js:30:44
    at Array.map (&lt;anonymous&gt;)
    at /usr/src/app/node_modules/@elastic/transport/lib/security.js:30:35
    at Array.forEach (&lt;anonymous&gt;)
    at doRedact (/usr/src/app/node_modules/@elastic/transport/lib/security.js:22:29)
    at /usr/src/app/node_modules/@elastic/transport/lib/security.js:36:33
    at Array.forEach (&lt;anonymous&gt;)
    at doRedact (/usr/src/app/node_modules/@elastic/transport/lib/security.js:22:29)</failure>
    </testcase>
  </testsuite>
  <testsuite id="2024-04-03T14:34:14.475Z" name="free/search - /free/search/190_index_prefix_search.yml" time="0" tests="2" failures="2" skipped="0">
    <testcase id="2024-04-03T14:34:14.475Z" name="search with index prefixes" file="node_v20.12.0: /free/search/190_index_prefix_search.yml" time="0">
      <failure message="Cannot convert undefined or null to object">TypeError: Cannot convert undefined or null to object
    at Function.entries (&lt;anonymous&gt;)
    at doRedact (/usr/src/app/node_modules/@elastic/transport/lib/security.js:22:16)
    at /usr/src/app/node_modules/@elastic/transport/lib/security.js:30:44
    at Array.map (&lt;anonymous&gt;)
    at /usr/src/app/node_modules/@elastic/transport/lib/security.js:30:35
    at Array.forEach (&lt;anonymous&gt;)
    at doRedact (/usr/src/app/node_modules/@elastic/transport/lib/security.js:22:29)
    at /usr/src/app/node_modules/@elastic/transport/lib/security.js:36:33
    at Array.forEach (&lt;anonymous&gt;)
    at doRedact (/usr/src/app/node_modules/@elastic/transport/lib/security.js:22:29)</failure>
    </testcase>
    <testcase id="2024-04-03T14:34:14.498Z" name="search index prefixes with span_multi" file="node_v20.12.0: /free/search/190_index_prefix_search.yml" time="0">
      <failure message="Cannot convert undefined or null to object">TypeError: Cannot convert undefined or null to object
    at Function.entries (&lt;anonymous&gt;)
    at doRedact (/usr/src/app/node_modules/@elastic/transport/lib/security.js:22:16)
    at /usr/src/app/node_modules/@elastic/transport/lib/security.js:30:44
    at Array.map (&lt;anonymous&gt;)
    at /usr/src/app/node_modules/@elastic/transport/lib/security.js:30:35
    at Array.forEach (&lt;anonymous&gt;)
    at doRedact (/usr/src/app/node_modules/@elastic/transport/lib/security.js:22:29)
    at /usr/src/app/node_modules/@elastic/transport/lib/security.js:36:33
    at Array.forEach (&lt;anonymous&gt;)
    at doRedact (/usr/src/app/node_modules/@elastic/transport/lib/security.js:22:29)</failure>
    </testcase>
  </testsuite>
  <testsuite id="2024-04-03T14:34:14.522Z" name="free/search - /free/search/200_ignore_malformed.yml" time="0" tests="6" failures="6" skipped="0">
    <testcase id="2024-04-03T14:34:14.522Z" name="Exists on _ignored" file="node_v20.12.0: /free/search/200_ignore_malformed.yml" time="0">
      <failure message="Cannot convert undefined or null to object">TypeError: Cannot convert undefined or null to object
    at Function.entries (&lt;anonymous&gt;)
    at doRedact (/usr/src/app/node_modules/@elastic/transport/lib/security.js:22:16)
    at /usr/src/app/node_modules/@elastic/transport/lib/security.js:30:44
    at Array.map (&lt;anonymous&gt;)
    at /usr/src/app/node_modules/@elastic/transport/lib/security.js:30:35
    at Array.forEach (&lt;anonymous&gt;)
    at doRedact (/usr/src/app/node_modules/@elastic/transport/lib/security.js:22:29)
    at /usr/src/app/node_modules/@elastic/transport/lib/security.js:36:33
    at Array.forEach (&lt;anonymous&gt;)
    at doRedact (/usr/src/app/node_modules/@elastic/transport/lib/security.js:22:29)</failure>
    </testcase>
    <testcase id="2024-04-03T14:34:14.545Z" name="Search on _ignored with term" file="node_v20.12.0: /free/search/200_ignore_malformed.yml" time="0">
      <failure message="Cannot convert undefined or null to object">TypeError: Cannot convert undefined or null to object
    at Function.entries (&lt;anonymous&gt;)
    at doRedact (/usr/src/app/node_modules/@elastic/transport/lib/security.js:22:16)
    at /usr/src/app/node_modules/@elastic/transport/lib/security.js:30:44
    at Array.map (&lt;anonymous&gt;)
    at /usr/src/app/node_modules/@elastic/transport/lib/security.js:30:35
    at Array.forEach (&lt;anonymous&gt;)
    at doRedact (/usr/src/app/node_modules/@elastic/transport/lib/security.js:22:29)
    at /usr/src/app/node_modules/@elastic/transport/lib/security.js:36:33
    at Array.forEach (&lt;anonymous&gt;)
    at doRedact (/usr/src/app/node_modules/@elastic/transport/lib/security.js:22:29)</failure>
    </testcase>
    <testcase id="2024-04-03T14:34:14.571Z" name="Search on _ignored with terms" file="node_v20.12.0: /free/search/200_ignore_malformed.yml" time="0">
      <failure message="Cannot convert undefined or null to object">TypeError: Cannot convert undefined or null to object
    at Function.entries (&lt;anonymous&gt;)
    at doRedact (/usr/src/app/node_modules/@elastic/transport/lib/security.js:22:16)
    at /usr/src/app/node_modules/@elastic/transport/lib/security.js:30:44
    at Array.map (&lt;anonymous&gt;)
    at /usr/src/app/node_modules/@elastic/transport/lib/security.js:30:35
    at Array.forEach (&lt;anonymous&gt;)
    at doRedact (/usr/src/app/node_modules/@elastic/transport/lib/security.js:22:29)
    at /usr/src/app/node_modules/@elastic/transport/lib/security.js:36:33
    at Array.forEach (&lt;anonymous&gt;)
    at doRedact (/usr/src/app/node_modules/@elastic/transport/lib/security.js:22:29)</failure>
    </testcase>
    <testcase id="2024-04-03T14:34:14.594Z" name="_ignored is returned by default" file="node_v20.12.0: /free/search/200_ignore_malformed.yml" time="0">
      <failure message="Cannot convert undefined or null to object">TypeError: Cannot convert undefined or null to object
    at Function.entries (&lt;anonymous&gt;)
    at doRedact (/usr/src/app/node_modules/@elastic/transport/lib/security.js:22:16)
    at /usr/src/app/node_modules/@elastic/transport/lib/security.js:30:44
    at Array.map (&lt;anonymous&gt;)
    at /usr/src/app/node_modules/@elastic/transport/lib/security.js:30:35
    at Array.forEach (&lt;anonymous&gt;)
    at doRedact (/usr/src/app/node_modules/@elastic/transport/lib/security.js:22:29)
    at /usr/src/app/node_modules/@elastic/transport/lib/security.js:36:33
    at Array.forEach (&lt;anonymous&gt;)
    at doRedact (/usr/src/app/node_modules/@elastic/transport/lib/security.js:22:29)</failure>
    </testcase>
    <testcase id="2024-04-03T14:34:14.616Z" name="_ignored is still returned with explicit list of stored fields" file="node_v20.12.0: /free/search/200_ignore_malformed.yml" time="0">
      <failure message="Cannot convert undefined or null to object">TypeError: Cannot convert undefined or null to object
    at Function.entries (&lt;anonymous&gt;)
    at doRedact (/usr/src/app/node_modules/@elastic/transport/lib/security.js:22:16)
    at /usr/src/app/node_modules/@elastic/transport/lib/security.js:30:44
    at Array.map (&lt;anonymous&gt;)
    at /usr/src/app/node_modules/@elastic/transport/lib/security.js:30:35
    at Array.forEach (&lt;anonymous&gt;)
    at doRedact (/usr/src/app/node_modules/@elastic/transport/lib/security.js:22:29)
    at /usr/src/app/node_modules/@elastic/transport/lib/security.js:36:33
    at Array.forEach (&lt;anonymous&gt;)
    at doRedact (/usr/src/app/node_modules/@elastic/transport/lib/security.js:22:29)</failure>
    </testcase>
    <testcase id="2024-04-03T14:34:14.639Z" name="ignored_field_values is returned by default" file="node_v20.12.0: /free/search/200_ignore_malformed.yml" time="0">
      <failure message="Cannot convert undefined or null to object">TypeError: Cannot convert undefined or null to object
    at Function.entries (&lt;anonymous&gt;)
    at doRedact (/usr/src/app/node_modules/@elastic/transport/lib/security.js:22:16)
    at /usr/src/app/node_modules/@elastic/transport/lib/security.js:30:44
    at Array.map (&lt;anonymous&gt;)
    at /usr/src/app/node_modules/@elastic/transport/lib/security.js:30:35
    at Array.forEach (&lt;anonymous&gt;)
    at doRedact (/usr/src/app/node_modules/@elastic/transport/lib/security.js:22:29)
    at /usr/src/app/node_modules/@elastic/transport/lib/security.js:36:33
    at Array.forEach (&lt;anonymous&gt;)
    at doRedact (/usr/src/app/node_modules/@elastic/transport/lib/security.js:22:29)</failure>
    </testcase>
  </testsuite>
  <testsuite id="2024-04-03T14:34:14.663Z" name="free/search - /free/search/200_index_phrase_search.yml" time="0" tests="1" failures="1" skipped="0">
    <testcase id="2024-04-03T14:34:14.663Z" name="search with indexed phrases" file="node_v20.12.0: /free/search/200_index_phrase_search.yml" time="0">
      <failure message="Cannot convert undefined or null to object">TypeError: Cannot convert undefined or null to object
    at Function.entries (&lt;anonymous&gt;)
    at doRedact (/usr/src/app/node_modules/@elastic/transport/lib/security.js:22:16)
    at /usr/src/app/node_modules/@elastic/transport/lib/security.js:30:44
    at Array.map (&lt;anonymous&gt;)
    at /usr/src/app/node_modules/@elastic/transport/lib/security.js:30:35
    at Array.forEach (&lt;anonymous&gt;)
    at doRedact (/usr/src/app/node_modules/@elastic/transport/lib/security.js:22:29)
    at /usr/src/app/node_modules/@elastic/transport/lib/security.js:36:33
    at Array.forEach (&lt;anonymous&gt;)
    at doRedact (/usr/src/app/node_modules/@elastic/transport/lib/security.js:22:29)</failure>
    </testcase>
  </testsuite>
  <testsuite id="2024-04-03T14:34:14.688Z" name="free/search - /free/search/20_default_values.yml" time="0" tests="3" failures="3" skipped="0">
    <testcase id="2024-04-03T14:34:14.688Z" name="Basic search" file="node_v20.12.0: /free/search/20_default_values.yml" time="0">
      <failure message="Cannot convert undefined or null to object">TypeError: Cannot convert undefined or null to object
    at Function.entries (&lt;anonymous&gt;)
    at doRedact (/usr/src/app/node_modules/@elastic/transport/lib/security.js:22:16)
    at /usr/src/app/node_modules/@elastic/transport/lib/security.js:30:44
    at Array.map (&lt;anonymous&gt;)
    at /usr/src/app/node_modules/@elastic/transport/lib/security.js:30:35
    at Array.forEach (&lt;anonymous&gt;)
    at doRedact (/usr/src/app/node_modules/@elastic/transport/lib/security.js:22:29)
    at /usr/src/app/node_modules/@elastic/transport/lib/security.js:36:33
    at Array.forEach (&lt;anonymous&gt;)
    at doRedact (/usr/src/app/node_modules/@elastic/transport/lib/security.js:22:29)</failure>
    </testcase>
    <testcase id="2024-04-03T14:34:14.763Z" name="Search body without query element" file="node_v20.12.0: /free/search/20_default_values.yml" time="0">
      <failure message="Cannot convert undefined or null to object">TypeError: Cannot convert undefined or null to object
    at Function.entries (&lt;anonymous&gt;)
    at doRedact (/usr/src/app/node_modules/@elastic/transport/lib/security.js:22:16)
    at /usr/src/app/node_modules/@elastic/transport/lib/security.js:30:44
    at Array.map (&lt;anonymous&gt;)
    at /usr/src/app/node_modules/@elastic/transport/lib/security.js:30:35
    at Array.forEach (&lt;anonymous&gt;)
    at doRedact (/usr/src/app/node_modules/@elastic/transport/lib/security.js:22:29)
    at /usr/src/app/node_modules/@elastic/transport/lib/security.js:36:33
    at Array.forEach (&lt;anonymous&gt;)
    at doRedact (/usr/src/app/node_modules/@elastic/transport/lib/security.js:22:29)</failure>
    </testcase>
    <testcase id="2024-04-03T14:34:14.787Z" name="Search with new response format" file="node_v20.12.0: /free/search/20_default_values.yml" time="0">
      <failure message="Cannot convert undefined or null to object">TypeError: Cannot convert undefined or null to object
    at Function.entries (&lt;anonymous&gt;)
    at doRedact (/usr/src/app/node_modules/@elastic/transport/lib/security.js:22:16)
    at /usr/src/app/node_modules/@elastic/transport/lib/security.js:30:44
    at Array.map (&lt;anonymous&gt;)
    at /usr/src/app/node_modules/@elastic/transport/lib/security.js:30:35
    at Array.forEach (&lt;anonymous&gt;)
    at doRedact (/usr/src/app/node_modules/@elastic/transport/lib/security.js:22:29)
    at /usr/src/app/node_modules/@elastic/transport/lib/security.js:36:33
    at Array.forEach (&lt;anonymous&gt;)
    at doRedact (/usr/src/app/node_modules/@elastic/transport/lib/security.js:22:29)</failure>
    </testcase>
  </testsuite>
  <testsuite id="2024-04-03T14:34:14.810Z" name="free/search - /free/search/210_rescore_explain.yml" time="0" tests="1" failures="1" skipped="0">
    <testcase id="2024-04-03T14:34:14.810Z" name="Score should match explanation in rescore" file="node_v20.12.0: /free/search/210_rescore_explain.yml" time="0">
      <failure message="Cannot convert undefined or null to object">TypeError: Cannot convert undefined or null to object
    at Function.entries (&lt;anonymous&gt;)
    at doRedact (/usr/src/app/node_modules/@elastic/transport/lib/security.js:22:16)
    at /usr/src/app/node_modules/@elastic/transport/lib/security.js:30:44
    at Array.map (&lt;anonymous&gt;)
    at /usr/src/app/node_modules/@elastic/transport/lib/security.js:30:35
    at Array.forEach (&lt;anonymous&gt;)
    at doRedact (/usr/src/app/node_modules/@elastic/transport/lib/security.js:22:29)
    at /usr/src/app/node_modules/@elastic/transport/lib/security.js:36:33
    at Array.forEach (&lt;anonymous&gt;)
    at doRedact (/usr/src/app/node_modules/@elastic/transport/lib/security.js:22:29)</failure>
    </testcase>
  </testsuite>
  <testsuite id="2024-04-03T14:34:14.838Z" name="free/search - /free/search/220_total_hits_object.yml" time="0" tests="2" failures="2" skipped="0">
    <testcase id="2024-04-03T14:34:14.838Z" name="hits.total as an object" file="node_v20.12.0: /free/search/220_total_hits_object.yml" time="0">
      <failure message="Cannot convert undefined or null to object">TypeError: Cannot convert undefined or null to object
    at Function.entries (&lt;anonymous&gt;)
    at doRedact (/usr/src/app/node_modules/@elastic/transport/lib/security.js:22:16)
    at /usr/src/app/node_modules/@elastic/transport/lib/security.js:30:44
    at Array.map (&lt;anonymous&gt;)
    at /usr/src/app/node_modules/@elastic/transport/lib/security.js:30:35
    at Array.forEach (&lt;anonymous&gt;)
    at doRedact (/usr/src/app/node_modules/@elastic/transport/lib/security.js:22:29)
    at /usr/src/app/node_modules/@elastic/transport/lib/security.js:36:33
    at Array.forEach (&lt;anonymous&gt;)
    at doRedact (/usr/src/app/node_modules/@elastic/transport/lib/security.js:22:29)</failure>
    </testcase>
    <testcase id="2024-04-03T14:34:14.869Z" name="track_total_hits with rest_total_hits_as_int" file="node_v20.12.0: /free/search/220_total_hits_object.yml" time="0">
      <failure message="Cannot convert undefined or null to object">TypeError: Cannot convert undefined or null to object
    at Function.entries (&lt;anonymous&gt;)
    at doRedact (/usr/src/app/node_modules/@elastic/transport/lib/security.js:22:16)
    at /usr/src/app/node_modules/@elastic/transport/lib/security.js:30:44
    at Array.map (&lt;anonymous&gt;)
    at /usr/src/app/node_modules/@elastic/transport/lib/security.js:30:35
    at Array.forEach (&lt;anonymous&gt;)
    at doRedact (/usr/src/app/node_modules/@elastic/transport/lib/security.js:22:29)
    at /usr/src/app/node_modules/@elastic/transport/lib/security.js:36:33
    at Array.forEach (&lt;anonymous&gt;)
    at doRedact (/usr/src/app/node_modules/@elastic/transport/lib/security.js:22:29)</failure>
    </testcase>
  </testsuite>
  <testsuite id="2024-04-03T14:34:14.897Z" name="free/search - /free/search/230_interval_query.yml" time="1" tests="22" failures="22" skipped="0">
    <testcase id="2024-04-03T14:34:14.897Z" name="Test ordered matching" file="node_v20.12.0: /free/search/230_interval_query.yml" time="0">
      <failure message="Cannot convert undefined or null to object">TypeError: Cannot convert undefined or null to object
    at Function.entries (&lt;anonymous&gt;)
    at doRedact (/usr/src/app/node_modules/@elastic/transport/lib/security.js:22:16)
    at /usr/src/app/node_modules/@elastic/transport/lib/security.js:30:44
    at Array.map (&lt;anonymous&gt;)
    at /usr/src/app/node_modules/@elastic/transport/lib/security.js:30:35
    at Array.forEach (&lt;anonymous&gt;)
    at doRedact (/usr/src/app/node_modules/@elastic/transport/lib/security.js:22:29)
    at /usr/src/app/node_modules/@elastic/transport/lib/security.js:36:33
    at Array.forEach (&lt;anonymous&gt;)
    at doRedact (/usr/src/app/node_modules/@elastic/transport/lib/security.js:22:29)</failure>
    </testcase>
    <testcase id="2024-04-03T14:34:14.922Z" name="Test default unordered matching" file="node_v20.12.0: /free/search/230_interval_query.yml" time="0">
      <failure message="Cannot convert undefined or null to object">TypeError: Cannot convert undefined or null to object
    at Function.entries (&lt;anonymous&gt;)
    at doRedact (/usr/src/app/node_modules/@elastic/transport/lib/security.js:22:16)
    at /usr/src/app/node_modules/@elastic/transport/lib/security.js:30:44
    at Array.map (&lt;anonymous&gt;)
    at /usr/src/app/node_modules/@elastic/transport/lib/security.js:30:35
    at Array.forEach (&lt;anonymous&gt;)
    at doRedact (/usr/src/app/node_modules/@elastic/transport/lib/security.js:22:29)
    at /usr/src/app/node_modules/@elastic/transport/lib/security.js:36:33
    at Array.forEach (&lt;anonymous&gt;)
    at doRedact (/usr/src/app/node_modules/@elastic/transport/lib/security.js:22:29)</failure>
    </testcase>
    <testcase id="2024-04-03T14:34:14.944Z" name="Test explicit unordered matching" file="node_v20.12.0: /free/search/230_interval_query.yml" time="0">
      <failure message="Cannot convert undefined or null to object">TypeError: Cannot convert undefined or null to object
    at Function.entries (&lt;anonymous&gt;)
    at doRedact (/usr/src/app/node_modules/@elastic/transport/lib/security.js:22:16)
    at /usr/src/app/node_modules/@elastic/transport/lib/security.js:30:44
    at Array.map (&lt;anonymous&gt;)
    at /usr/src/app/node_modules/@elastic/transport/lib/security.js:30:35
    at Array.forEach (&lt;anonymous&gt;)
    at doRedact (/usr/src/app/node_modules/@elastic/transport/lib/security.js:22:29)
    at /usr/src/app/node_modules/@elastic/transport/lib/security.js:36:33
    at Array.forEach (&lt;anonymous&gt;)
    at doRedact (/usr/src/app/node_modules/@elastic/transport/lib/security.js:22:29)</failure>
    </testcase>
    <testcase id="2024-04-03T14:34:14.970Z" name="Test phrase matching" file="node_v20.12.0: /free/search/230_interval_query.yml" time="0">
      <failure message="Cannot convert undefined or null to object">TypeError: Cannot convert undefined or null to object
    at Function.entries (&lt;anonymous&gt;)
    at doRedact (/usr/src/app/node_modules/@elastic/transport/lib/security.js:22:16)
    at /usr/src/app/node_modules/@elastic/transport/lib/security.js:30:44
    at Array.map (&lt;anonymous&gt;)
    at /usr/src/app/node_modules/@elastic/transport/lib/security.js:30:35
    at Array.forEach (&lt;anonymous&gt;)
    at doRedact (/usr/src/app/node_modules/@elastic/transport/lib/security.js:22:29)
    at /usr/src/app/node_modules/@elastic/transport/lib/security.js:36:33
    at Array.forEach (&lt;anonymous&gt;)
    at doRedact (/usr/src/app/node_modules/@elastic/transport/lib/security.js:22:29)</failure>
    </testcase>
    <testcase id="2024-04-03T14:34:14.992Z" name="Test unordered max_gaps matching" file="node_v20.12.0: /free/search/230_interval_query.yml" time="0">
      <failure message="Cannot convert undefined or null to object">TypeError: Cannot convert undefined or null to object
    at Function.entries (&lt;anonymous&gt;)
    at doRedact (/usr/src/app/node_modules/@elastic/transport/lib/security.js:22:16)
    at /usr/src/app/node_modules/@elastic/transport/lib/security.js:30:44
    at Array.map (&lt;anonymous&gt;)
    at /usr/src/app/node_modules/@elastic/transport/lib/security.js:30:35
    at Array.forEach (&lt;anonymous&gt;)
    at doRedact (/usr/src/app/node_modules/@elastic/transport/lib/security.js:22:29)
    at /usr/src/app/node_modules/@elastic/transport/lib/security.js:36:33
    at Array.forEach (&lt;anonymous&gt;)
    at doRedact (/usr/src/app/node_modules/@elastic/transport/lib/security.js:22:29)</failure>
    </testcase>
    <testcase id="2024-04-03T14:34:15.015Z" name="Test ordered max_gaps matching" file="node_v20.12.0: /free/search/230_interval_query.yml" time="0">
      <failure message="Cannot convert undefined or null to object">TypeError: Cannot convert undefined or null to object
    at Function.entries (&lt;anonymous&gt;)
    at doRedact (/usr/src/app/node_modules/@elastic/transport/lib/security.js:22:16)
    at /usr/src/app/node_modules/@elastic/transport/lib/security.js:30:44
    at Array.map (&lt;anonymous&gt;)
    at /usr/src/app/node_modules/@elastic/transport/lib/security.js:30:35
    at Array.forEach (&lt;anonymous&gt;)
    at doRedact (/usr/src/app/node_modules/@elastic/transport/lib/security.js:22:29)
    at /usr/src/app/node_modules/@elastic/transport/lib/security.js:36:33
    at Array.forEach (&lt;anonymous&gt;)
    at doRedact (/usr/src/app/node_modules/@elastic/transport/lib/security.js:22:29)</failure>
    </testcase>
    <testcase id="2024-04-03T14:34:15.038Z" name="Test ordered combination with disjunction" file="node_v20.12.0: /free/search/230_interval_query.yml" time="0">
      <failure message="Cannot convert undefined or null to object">TypeError: Cannot convert undefined or null to object
    at Function.entries (&lt;anonymous&gt;)
    at doRedact (/usr/src/app/node_modules/@elastic/transport/lib/security.js:22:16)
    at /usr/src/app/node_modules/@elastic/transport/lib/security.js:30:44
    at Array.map (&lt;anonymous&gt;)
    at /usr/src/app/node_modules/@elastic/transport/lib/security.js:30:35
    at Array.forEach (&lt;anonymous&gt;)
    at doRedact (/usr/src/app/node_modules/@elastic/transport/lib/security.js:22:29)
    at /usr/src/app/node_modules/@elastic/transport/lib/security.js:36:33
    at Array.forEach (&lt;anonymous&gt;)
    at doRedact (/usr/src/app/node_modules/@elastic/transport/lib/security.js:22:29)</failure>
    </testcase>
    <testcase id="2024-04-03T14:34:15.061Z" name="Test ordered combination with max_gaps" file="node_v20.12.0: /free/search/230_interval_query.yml" time="0">
      <failure message="Cannot convert undefined or null to object">TypeError: Cannot convert undefined or null to object
    at Function.entries (&lt;anonymous&gt;)
    at doRedact (/usr/src/app/node_modules/@elastic/transport/lib/security.js:22:16)
    at /usr/src/app/node_modules/@elastic/transport/lib/security.js:30:44
    at Array.map (&lt;anonymous&gt;)
    at /usr/src/app/node_modules/@elastic/transport/lib/security.js:30:35
    at Array.forEach (&lt;anonymous&gt;)
    at doRedact (/usr/src/app/node_modules/@elastic/transport/lib/security.js:22:29)
    at /usr/src/app/node_modules/@elastic/transport/lib/security.js:36:33
    at Array.forEach (&lt;anonymous&gt;)
    at doRedact (/usr/src/app/node_modules/@elastic/transport/lib/security.js:22:29)</failure>
    </testcase>
    <testcase id="2024-04-03T14:34:15.087Z" name="Test ordered combination" file="node_v20.12.0: /free/search/230_interval_query.yml" time="0">
      <failure message="Cannot convert undefined or null to object">TypeError: Cannot convert undefined or null to object
    at Function.entries (&lt;anonymous&gt;)
    at doRedact (/usr/src/app/node_modules/@elastic/transport/lib/security.js:22:16)
    at /usr/src/app/node_modules/@elastic/transport/lib/security.js:30:44
    at Array.map (&lt;anonymous&gt;)
    at /usr/src/app/node_modules/@elastic/transport/lib/security.js:30:35
    at Array.forEach (&lt;anonymous&gt;)
    at doRedact (/usr/src/app/node_modules/@elastic/transport/lib/security.js:22:29)
    at /usr/src/app/node_modules/@elastic/transport/lib/security.js:36:33
    at Array.forEach (&lt;anonymous&gt;)
    at doRedact (/usr/src/app/node_modules/@elastic/transport/lib/security.js:22:29)</failure>
    </testcase>
    <testcase id="2024-04-03T14:34:15.109Z" name="Test unordered combination" file="node_v20.12.0: /free/search/230_interval_query.yml" time="0">
      <failure message="Cannot convert undefined or null to object">TypeError: Cannot convert undefined or null to object
    at Function.entries (&lt;anonymous&gt;)
    at doRedact (/usr/src/app/node_modules/@elastic/transport/lib/security.js:22:16)
    at /usr/src/app/node_modules/@elastic/transport/lib/security.js:30:44
    at Array.map (&lt;anonymous&gt;)
    at /usr/src/app/node_modules/@elastic/transport/lib/security.js:30:35
    at Array.forEach (&lt;anonymous&gt;)
    at doRedact (/usr/src/app/node_modules/@elastic/transport/lib/security.js:22:29)
    at /usr/src/app/node_modules/@elastic/transport/lib/security.js:36:33
    at Array.forEach (&lt;anonymous&gt;)
    at doRedact (/usr/src/app/node_modules/@elastic/transport/lib/security.js:22:29)</failure>
    </testcase>
    <testcase id="2024-04-03T14:34:15.138Z" name="Test block combination" file="node_v20.12.0: /free/search/230_interval_query.yml" time="0">
      <failure message="Cannot convert undefined or null to object">TypeError: Cannot convert undefined or null to object
    at Function.entries (&lt;anonymous&gt;)
    at doRedact (/usr/src/app/node_modules/@elastic/transport/lib/security.js:22:16)
    at /usr/src/app/node_modules/@elastic/transport/lib/security.js:30:44
    at Array.map (&lt;anonymous&gt;)
    at /usr/src/app/node_modules/@elastic/transport/lib/security.js:30:35
    at Array.forEach (&lt;anonymous&gt;)
    at doRedact (/usr/src/app/node_modules/@elastic/transport/lib/security.js:22:29)
    at /usr/src/app/node_modules/@elastic/transport/lib/security.js:36:33
    at Array.forEach (&lt;anonymous&gt;)
    at doRedact (/usr/src/app/node_modules/@elastic/transport/lib/security.js:22:29)</failure>
    </testcase>
    <testcase id="2024-04-03T14:34:15.172Z" name="Test containing" file="node_v20.12.0: /free/search/230_interval_query.yml" time="0">
      <failure message="Cannot convert undefined or null to object">TypeError: Cannot convert undefined or null to object
    at Function.entries (&lt;anonymous&gt;)
    at doRedact (/usr/src/app/node_modules/@elastic/transport/lib/security.js:22:16)
    at /usr/src/app/node_modules/@elastic/transport/lib/security.js:30:44
    at Array.map (&lt;anonymous&gt;)
    at /usr/src/app/node_modules/@elastic/transport/lib/security.js:30:35
    at Array.forEach (&lt;anonymous&gt;)
    at doRedact (/usr/src/app/node_modules/@elastic/transport/lib/security.js:22:29)
    at /usr/src/app/node_modules/@elastic/transport/lib/security.js:36:33
    at Array.forEach (&lt;anonymous&gt;)
    at doRedact (/usr/src/app/node_modules/@elastic/transport/lib/security.js:22:29)</failure>
    </testcase>
    <testcase id="2024-04-03T14:34:15.198Z" name="Test not containing" file="node_v20.12.0: /free/search/230_interval_query.yml" time="0">
      <failure message="Cannot convert undefined or null to object">TypeError: Cannot convert undefined or null to object
    at Function.entries (&lt;anonymous&gt;)
    at doRedact (/usr/src/app/node_modules/@elastic/transport/lib/security.js:22:16)
    at /usr/src/app/node_modules/@elastic/transport/lib/security.js:30:44
    at Array.map (&lt;anonymous&gt;)
    at /usr/src/app/node_modules/@elastic/transport/lib/security.js:30:35
    at Array.forEach (&lt;anonymous&gt;)
    at doRedact (/usr/src/app/node_modules/@elastic/transport/lib/security.js:22:29)
    at /usr/src/app/node_modules/@elastic/transport/lib/security.js:36:33
    at Array.forEach (&lt;anonymous&gt;)
    at doRedact (/usr/src/app/node_modules/@elastic/transport/lib/security.js:22:29)</failure>
    </testcase>
    <testcase id="2024-04-03T14:34:15.224Z" name="Test contained_by" file="node_v20.12.0: /free/search/230_interval_query.yml" time="0">
      <failure message="Cannot convert undefined or null to object">TypeError: Cannot convert undefined or null to object
    at Function.entries (&lt;anonymous&gt;)
    at doRedact (/usr/src/app/node_modules/@elastic/transport/lib/security.js:22:16)
    at /usr/src/app/node_modules/@elastic/transport/lib/security.js:30:44
    at Array.map (&lt;anonymous&gt;)
    at /usr/src/app/node_modules/@elastic/transport/lib/security.js:30:35
    at Array.forEach (&lt;anonymous&gt;)
    at doRedact (/usr/src/app/node_modules/@elastic/transport/lib/security.js:22:29)
    at /usr/src/app/node_modules/@elastic/transport/lib/security.js:36:33
    at Array.forEach (&lt;anonymous&gt;)
    at doRedact (/usr/src/app/node_modules/@elastic/transport/lib/security.js:22:29)</failure>
    </testcase>
    <testcase id="2024-04-03T14:34:15.253Z" name="Test not_contained_by" file="node_v20.12.0: /free/search/230_interval_query.yml" time="0">
      <failure message="Cannot convert undefined or null to object">TypeError: Cannot convert undefined or null to object
    at Function.entries (&lt;anonymous&gt;)
    at doRedact (/usr/src/app/node_modules/@elastic/transport/lib/security.js:22:16)
    at /usr/src/app/node_modules/@elastic/transport/lib/security.js:30:44
    at Array.map (&lt;anonymous&gt;)
    at /usr/src/app/node_modules/@elastic/transport/lib/security.js:30:35
    at Array.forEach (&lt;anonymous&gt;)
    at doRedact (/usr/src/app/node_modules/@elastic/transport/lib/security.js:22:29)
    at /usr/src/app/node_modules/@elastic/transport/lib/security.js:36:33
    at Array.forEach (&lt;anonymous&gt;)
    at doRedact (/usr/src/app/node_modules/@elastic/transport/lib/security.js:22:29)</failure>
    </testcase>
    <testcase id="2024-04-03T14:34:15.276Z" name="Test not_overlapping" file="node_v20.12.0: /free/search/230_interval_query.yml" time="0">
      <failure message="Cannot convert undefined or null to object">TypeError: Cannot convert undefined or null to object
    at Function.entries (&lt;anonymous&gt;)
    at doRedact (/usr/src/app/node_modules/@elastic/transport/lib/security.js:22:16)
    at /usr/src/app/node_modules/@elastic/transport/lib/security.js:30:44
    at Array.map (&lt;anonymous&gt;)
    at /usr/src/app/node_modules/@elastic/transport/lib/security.js:30:35
    at Array.forEach (&lt;anonymous&gt;)
    at doRedact (/usr/src/app/node_modules/@elastic/transport/lib/security.js:22:29)
    at /usr/src/app/node_modules/@elastic/transport/lib/security.js:36:33
    at Array.forEach (&lt;anonymous&gt;)
    at doRedact (/usr/src/app/node_modules/@elastic/transport/lib/security.js:22:29)</failure>
    </testcase>
    <testcase id="2024-04-03T14:34:15.299Z" name="Test overlapping" file="node_v20.12.0: /free/search/230_interval_query.yml" time="0">
      <failure message="Cannot convert undefined or null to object">TypeError: Cannot convert undefined or null to object
    at Function.entries (&lt;anonymous&gt;)
    at doRedact (/usr/src/app/node_modules/@elastic/transport/lib/security.js:22:16)
    at /usr/src/app/node_modules/@elastic/transport/lib/security.js:30:44
    at Array.map (&lt;anonymous&gt;)
    at /usr/src/app/node_modules/@elastic/transport/lib/security.js:30:35
    at Array.forEach (&lt;anonymous&gt;)
    at doRedact (/usr/src/app/node_modules/@elastic/transport/lib/security.js:22:29)
    at /usr/src/app/node_modules/@elastic/transport/lib/security.js:36:33
    at Array.forEach (&lt;anonymous&gt;)
    at doRedact (/usr/src/app/node_modules/@elastic/transport/lib/security.js:22:29)</failure>
    </testcase>
    <testcase id="2024-04-03T14:34:15.337Z" name="Test before" file="node_v20.12.0: /free/search/230_interval_query.yml" time="0">
      <failure message="Cannot convert undefined or null to object">TypeError: Cannot convert undefined or null to object
    at Function.entries (&lt;anonymous&gt;)
    at doRedact (/usr/src/app/node_modules/@elastic/transport/lib/security.js:22:16)
    at /usr/src/app/node_modules/@elastic/transport/lib/security.js:30:44
    at Array.map (&lt;anonymous&gt;)
    at /usr/src/app/node_modules/@elastic/transport/lib/security.js:30:35
    at Array.forEach (&lt;anonymous&gt;)
    at doRedact (/usr/src/app/node_modules/@elastic/transport/lib/security.js:22:29)
    at /usr/src/app/node_modules/@elastic/transport/lib/security.js:36:33
    at Array.forEach (&lt;anonymous&gt;)
    at doRedact (/usr/src/app/node_modules/@elastic/transport/lib/security.js:22:29)</failure>
    </testcase>
    <testcase id="2024-04-03T14:34:15.362Z" name="Test after" file="node_v20.12.0: /free/search/230_interval_query.yml" time="0">
      <failure message="Cannot convert undefined or null to object">TypeError: Cannot convert undefined or null to object
    at Function.entries (&lt;anonymous&gt;)
    at doRedact (/usr/src/app/node_modules/@elastic/transport/lib/security.js:22:16)
    at /usr/src/app/node_modules/@elastic/transport/lib/security.js:30:44
    at Array.map (&lt;anonymous&gt;)
    at /usr/src/app/node_modules/@elastic/transport/lib/security.js:30:35
    at Array.forEach (&lt;anonymous&gt;)
    at doRedact (/usr/src/app/node_modules/@elastic/transport/lib/security.js:22:29)
    at /usr/src/app/node_modules/@elastic/transport/lib/security.js:36:33
    at Array.forEach (&lt;anonymous&gt;)
    at doRedact (/usr/src/app/node_modules/@elastic/transport/lib/security.js:22:29)</failure>
    </testcase>
    <testcase id="2024-04-03T14:34:15.386Z" name="Test prefix" file="node_v20.12.0: /free/search/230_interval_query.yml" time="0">
      <failure message="Cannot convert undefined or null to object">TypeError: Cannot convert undefined or null to object
    at Function.entries (&lt;anonymous&gt;)
    at doRedact (/usr/src/app/node_modules/@elastic/transport/lib/security.js:22:16)
    at /usr/src/app/node_modules/@elastic/transport/lib/security.js:30:44
    at Array.map (&lt;anonymous&gt;)
    at /usr/src/app/node_modules/@elastic/transport/lib/security.js:30:35
    at Array.forEach (&lt;anonymous&gt;)
    at doRedact (/usr/src/app/node_modules/@elastic/transport/lib/security.js:22:29)
    at /usr/src/app/node_modules/@elastic/transport/lib/security.js:36:33
    at Array.forEach (&lt;anonymous&gt;)
    at doRedact (/usr/src/app/node_modules/@elastic/transport/lib/security.js:22:29)</failure>
    </testcase>
    <testcase id="2024-04-03T14:34:15.412Z" name="Test wildcard" file="node_v20.12.0: /free/search/230_interval_query.yml" time="0">
      <failure message="Cannot convert undefined or null to object">TypeError: Cannot convert undefined or null to object
    at Function.entries (&lt;anonymous&gt;)
    at doRedact (/usr/src/app/node_modules/@elastic/transport/lib/security.js:22:16)
    at /usr/src/app/node_modules/@elastic/transport/lib/security.js:30:44
    at Array.map (&lt;anonymous&gt;)
    at /usr/src/app/node_modules/@elastic/transport/lib/security.js:30:35
    at Array.forEach (&lt;anonymous&gt;)
    at doRedact (/usr/src/app/node_modules/@elastic/transport/lib/security.js:22:29)
    at /usr/src/app/node_modules/@elastic/transport/lib/security.js:36:33
    at Array.forEach (&lt;anonymous&gt;)
    at doRedact (/usr/src/app/node_modules/@elastic/transport/lib/security.js:22:29)</failure>
    </testcase>
    <testcase id="2024-04-03T14:34:15.434Z" name="Test fuzzy match" file="node_v20.12.0: /free/search/230_interval_query.yml" time="0">
      <failure message="Cannot convert undefined or null to object">TypeError: Cannot convert undefined or null to object
    at Function.entries (&lt;anonymous&gt;)
    at doRedact (/usr/src/app/node_modules/@elastic/transport/lib/security.js:22:16)
    at /usr/src/app/node_modules/@elastic/transport/lib/security.js:30:44
    at Array.map (&lt;anonymous&gt;)
    at /usr/src/app/node_modules/@elastic/transport/lib/security.js:30:35
    at Array.forEach (&lt;anonymous&gt;)
    at doRedact (/usr/src/app/node_modules/@elastic/transport/lib/security.js:22:29)
    at /usr/src/app/node_modules/@elastic/transport/lib/security.js:36:33
    at Array.forEach (&lt;anonymous&gt;)
    at doRedact (/usr/src/app/node_modules/@elastic/transport/lib/security.js:22:29)</failure>
    </testcase>
  </testsuite>
  <testsuite id="2024-04-03T14:34:15.459Z" name="free/search - /free/search/240_date_nanos.yml" time="2" tests="3" failures="0" skipped="0">
    <testcase id="2024-04-03T14:34:15.459Z" name="test sorting against date_nanos only fields" file="node_v20.12.0: /free/search/240_date_nanos.yml" time="1"/>
    <testcase id="2024-04-03T14:34:16.028Z" name="doc value fields are working as expected across date and date_nanos fields" file="node_v20.12.0: /free/search/240_date_nanos.yml" time="0"/>
    <testcase id="2024-04-03T14:34:16.517Z" name="date histogram aggregation with date and date_nanos mapping" file="node_v20.12.0: /free/search/240_date_nanos.yml" time="1"/>
  </testsuite>
  <testsuite id="2024-04-03T14:34:17.072Z" name="free/search - /free/search/250_distance_feature.yml" time="1" tests="3" failures="0" skipped="0">
    <testcase id="2024-04-03T14:34:17.072Z" name="test distance_feature query on date type" file="node_v20.12.0: /free/search/250_distance_feature.yml" time="0"/>
    <testcase id="2024-04-03T14:34:17.473Z" name="test distance_feature query on date_nanos type" file="node_v20.12.0: /free/search/250_distance_feature.yml" time="0"/>
    <testcase id="2024-04-03T14:34:17.860Z" name="test distance_feature query on geo_point type" file="node_v20.12.0: /free/search/250_distance_feature.yml" time="0"/>
  </testsuite>
  <testsuite id="2024-04-03T14:34:18.275Z" name="free/search - /free/search/260_parameter_validation.yml" time="0" tests="2" failures="2" skipped="0">
    <testcase id="2024-04-03T14:34:18.275Z" name="test negative size throws IAE" file="node_v20.12.0: /free/search/260_parameter_validation.yml" time="0">
      <failure message="the error should match: /\[size\] parameter cannot be negative, found \[-5\]/, found undefined: expected false to be truthy">AssertionError: the error should match: /\[size\] parameter cannot be negative, found \[-5\]/, found undefined: expected false to be truthy
    at doAction (/usr/src/app/test/integration/test-runner.js:544:14)
    at process.processTicksAndRejections (node:internal/process/task_queues:95:5)
    at async exec (/usr/src/app/test/integration/test-runner.js:578:9)
    at async Object.run (/usr/src/app/test/integration/test-runner.js:316:5)
    at async start (/usr/src/app/test/integration/index.js:331:11)</failure>
    </testcase>
    <testcase id="2024-04-03T14:34:18.372Z" name="test negative terminate_after throws IAE" file="node_v20.12.0: /free/search/260_parameter_validation.yml" time="0">
      <failure message="Cannot convert undefined or null to object">TypeError: Cannot convert undefined or null to object
    at Function.entries (&lt;anonymous&gt;)
    at doRedact (/usr/src/app/node_modules/@elastic/transport/lib/security.js:22:16)
    at /usr/src/app/node_modules/@elastic/transport/lib/security.js:30:44
    at Array.map (&lt;anonymous&gt;)
    at /usr/src/app/node_modules/@elastic/transport/lib/security.js:30:35
    at Array.forEach (&lt;anonymous&gt;)
    at doRedact (/usr/src/app/node_modules/@elastic/transport/lib/security.js:22:29)
    at /usr/src/app/node_modules/@elastic/transport/lib/security.js:36:33
    at Array.forEach (&lt;anonymous&gt;)
    at doRedact (/usr/src/app/node_modules/@elastic/transport/lib/security.js:22:29)</failure>
    </testcase>
  </testsuite>
  <testsuite id="2024-04-03T14:34:18.396Z" name="free/search - /free/search/300_sequence_numbers.yml" time="1" tests="3" failures="0" skipped="0">
    <testcase id="2024-04-03T14:34:18.396Z" name="sequence numbers are returned if requested from body" file="node_v20.12.0: /free/search/300_sequence_numbers.yml" time="0"/>
    <testcase id="2024-04-03T14:34:18.873Z" name="sequence numbers are returned if requested from url" file="node_v20.12.0: /free/search/300_sequence_numbers.yml" time="0"/>
    <testcase id="2024-04-03T14:34:19.298Z" name="sequence numbers are not returned if not requested" file="node_v20.12.0: /free/search/300_sequence_numbers.yml" time="0"/>
  </testsuite>
  <testsuite id="2024-04-03T14:34:19.720Z" name="free/search - /free/search/30_limits.yml" time="0" tests="8" failures="8" skipped="0">
    <testcase id="2024-04-03T14:34:19.720Z" name="Request window limits without scroll" file="node_v20.12.0: /free/search/30_limits.yml" time="0">
      <failure message="the error should match: /Result window is too large, from \+ size must be less than or equal to[:] \[10000\] but was \[10010\]\. See the scroll api for a more efficient way to request large data sets\./, found undefined: expected false to be truthy">AssertionError: the error should match: /Result window is too large, from \+ size must be less than or equal to[:] \[10000\] but was \[10010\]\. See the scroll api for a more efficient way to request large data sets\./, found undefined: expected false to be truthy
    at doAction (/usr/src/app/test/integration/test-runner.js:544:14)
    at process.processTicksAndRejections (node:internal/process/task_queues:95:5)
    at async exec (/usr/src/app/test/integration/test-runner.js:578:9)
    at async Object.run (/usr/src/app/test/integration/test-runner.js:316:5)
    at async start (/usr/src/app/test/integration/index.js:331:11)</failure>
    </testcase>
    <testcase id="2024-04-03T14:34:19.842Z" name="Request with negative from value url parameter" file="node_v20.12.0: /free/search/30_limits.yml" time="0">
      <failure message="Cannot convert undefined or null to object">TypeError: Cannot convert undefined or null to object
    at Function.entries (&lt;anonymous&gt;)
    at doRedact (/usr/src/app/node_modules/@elastic/transport/lib/security.js:22:16)
    at /usr/src/app/node_modules/@elastic/transport/lib/security.js:30:44
    at Array.map (&lt;anonymous&gt;)
    at /usr/src/app/node_modules/@elastic/transport/lib/security.js:30:35
    at Array.forEach (&lt;anonymous&gt;)
    at doRedact (/usr/src/app/node_modules/@elastic/transport/lib/security.js:22:29)
    at /usr/src/app/node_modules/@elastic/transport/lib/security.js:36:33
    at Array.forEach (&lt;anonymous&gt;)
    at doRedact (/usr/src/app/node_modules/@elastic/transport/lib/security.js:22:29)</failure>
    </testcase>
    <testcase id="2024-04-03T14:34:19.865Z" name="Request with negative from value in body" file="node_v20.12.0: /free/search/30_limits.yml" time="0">
      <failure message="Cannot convert undefined or null to object">TypeError: Cannot convert undefined or null to object
    at Function.entries (&lt;anonymous&gt;)
    at doRedact (/usr/src/app/node_modules/@elastic/transport/lib/security.js:22:16)
    at /usr/src/app/node_modules/@elastic/transport/lib/security.js:30:44
    at Array.map (&lt;anonymous&gt;)
    at /usr/src/app/node_modules/@elastic/transport/lib/security.js:30:35
    at Array.forEach (&lt;anonymous&gt;)
    at doRedact (/usr/src/app/node_modules/@elastic/transport/lib/security.js:22:29)
    at /usr/src/app/node_modules/@elastic/transport/lib/security.js:36:33
    at Array.forEach (&lt;anonymous&gt;)
    at doRedact (/usr/src/app/node_modules/@elastic/transport/lib/security.js:22:29)</failure>
    </testcase>
    <testcase id="2024-04-03T14:34:19.888Z" name="Request window limits with scroll" file="node_v20.12.0: /free/search/30_limits.yml" time="0">
      <failure message="Cannot convert undefined or null to object">TypeError: Cannot convert undefined or null to object
    at Function.entries (&lt;anonymous&gt;)
    at doRedact (/usr/src/app/node_modules/@elastic/transport/lib/security.js:22:16)
    at /usr/src/app/node_modules/@elastic/transport/lib/security.js:30:44
    at Array.map (&lt;anonymous&gt;)
    at /usr/src/app/node_modules/@elastic/transport/lib/security.js:30:35
    at Array.forEach (&lt;anonymous&gt;)
    at doRedact (/usr/src/app/node_modules/@elastic/transport/lib/security.js:22:29)
    at /usr/src/app/node_modules/@elastic/transport/lib/security.js:36:33
    at Array.forEach (&lt;anonymous&gt;)
    at doRedact (/usr/src/app/node_modules/@elastic/transport/lib/security.js:22:29)</failure>
    </testcase>
    <testcase id="2024-04-03T14:34:19.911Z" name="Rescore window limits" file="node_v20.12.0: /free/search/30_limits.yml" time="0">
      <failure message="Cannot convert undefined or null to object">TypeError: Cannot convert undefined or null to object
    at Function.entries (&lt;anonymous&gt;)
    at doRedact (/usr/src/app/node_modules/@elastic/transport/lib/security.js:22:16)
    at /usr/src/app/node_modules/@elastic/transport/lib/security.js:30:44
    at Array.map (&lt;anonymous&gt;)
    at /usr/src/app/node_modules/@elastic/transport/lib/security.js:30:35
    at Array.forEach (&lt;anonymous&gt;)
    at doRedact (/usr/src/app/node_modules/@elastic/transport/lib/security.js:22:29)
    at /usr/src/app/node_modules/@elastic/transport/lib/security.js:36:33
    at Array.forEach (&lt;anonymous&gt;)
    at doRedact (/usr/src/app/node_modules/@elastic/transport/lib/security.js:22:29)</failure>
    </testcase>
    <testcase id="2024-04-03T14:34:19.935Z" name="Docvalues_fields size limit" file="node_v20.12.0: /free/search/30_limits.yml" time="0">
      <failure message="Cannot convert undefined or null to object">TypeError: Cannot convert undefined or null to object
    at Function.entries (&lt;anonymous&gt;)
    at doRedact (/usr/src/app/node_modules/@elastic/transport/lib/security.js:22:16)
    at /usr/src/app/node_modules/@elastic/transport/lib/security.js:30:44
    at Array.map (&lt;anonymous&gt;)
    at /usr/src/app/node_modules/@elastic/transport/lib/security.js:30:35
    at Array.forEach (&lt;anonymous&gt;)
    at doRedact (/usr/src/app/node_modules/@elastic/transport/lib/security.js:22:29)
    at /usr/src/app/node_modules/@elastic/transport/lib/security.js:36:33
    at Array.forEach (&lt;anonymous&gt;)
    at doRedact (/usr/src/app/node_modules/@elastic/transport/lib/security.js:22:29)</failure>
    </testcase>
    <testcase id="2024-04-03T14:34:19.958Z" name="Script_fields size limit" file="node_v20.12.0: /free/search/30_limits.yml" time="0">
      <failure message="Cannot convert undefined or null to object">TypeError: Cannot convert undefined or null to object
    at Function.entries (&lt;anonymous&gt;)
    at doRedact (/usr/src/app/node_modules/@elastic/transport/lib/security.js:22:16)
    at /usr/src/app/node_modules/@elastic/transport/lib/security.js:30:44
    at Array.map (&lt;anonymous&gt;)
    at /usr/src/app/node_modules/@elastic/transport/lib/security.js:30:35
    at Array.forEach (&lt;anonymous&gt;)
    at doRedact (/usr/src/app/node_modules/@elastic/transport/lib/security.js:22:29)
    at /usr/src/app/node_modules/@elastic/transport/lib/security.js:36:33
    at Array.forEach (&lt;anonymous&gt;)
    at doRedact (/usr/src/app/node_modules/@elastic/transport/lib/security.js:22:29)</failure>
    </testcase>
    <testcase id="2024-04-03T14:34:19.981Z" name="Regexp length limit" file="node_v20.12.0: /free/search/30_limits.yml" time="0">
      <failure message="Cannot convert undefined or null to object">TypeError: Cannot convert undefined or null to object
    at Function.entries (&lt;anonymous&gt;)
    at doRedact (/usr/src/app/node_modules/@elastic/transport/lib/security.js:22:16)
    at /usr/src/app/node_modules/@elastic/transport/lib/security.js:30:44
    at Array.map (&lt;anonymous&gt;)
    at /usr/src/app/node_modules/@elastic/transport/lib/security.js:30:35
    at Array.forEach (&lt;anonymous&gt;)
    at doRedact (/usr/src/app/node_modules/@elastic/transport/lib/security.js:22:29)
    at /usr/src/app/node_modules/@elastic/transport/lib/security.js:36:33
    at Array.forEach (&lt;anonymous&gt;)
    at doRedact (/usr/src/app/node_modules/@elastic/transport/lib/security.js:22:29)</failure>
    </testcase>
  </testsuite>
  <testsuite id="2024-04-03T14:34:20.005Z" name="free/search - /free/search/310_match_bool_prefix.yml" time="6" tests="15" failures="1" skipped="0">
    <testcase id="2024-04-03T14:34:20.005Z" name="scoring complete term" file="node_v20.12.0: /free/search/310_match_bool_prefix.yml" time="0"/>
    <testcase id="2024-04-03T14:34:20.475Z" name="scoring partial term" file="node_v20.12.0: /free/search/310_match_bool_prefix.yml" time="0"/>
    <testcase id="2024-04-03T14:34:20.953Z" name="minimum should match" file="node_v20.12.0: /free/search/310_match_bool_prefix.yml" time="0"/>
    <testcase id="2024-04-03T14:34:21.337Z" name="analyzer" file="node_v20.12.0: /free/search/310_match_bool_prefix.yml" time="0"/>
    <testcase id="2024-04-03T14:34:21.778Z" name="operator" file="node_v20.12.0: /free/search/310_match_bool_prefix.yml" time="0"/>
    <testcase id="2024-04-03T14:34:22.190Z" name="fuzziness" file="node_v20.12.0: /free/search/310_match_bool_prefix.yml" time="0"/>
    <testcase id="2024-04-03T14:34:22.665Z" name="multi_match single field complete term" file="node_v20.12.0: /free/search/310_match_bool_prefix.yml" time="1"/>
    <testcase id="2024-04-03T14:34:23.196Z" name="multi_match single field partial term" file="node_v20.12.0: /free/search/310_match_bool_prefix.yml" time="0"/>
    <testcase id="2024-04-03T14:34:23.677Z" name="multi_match multiple fields complete term" file="node_v20.12.0: /free/search/310_match_bool_prefix.yml" time="0"/>
    <testcase id="2024-04-03T14:34:24.150Z" name="multi_match multiple fields partial term" file="node_v20.12.0: /free/search/310_match_bool_prefix.yml" time="0"/>
    <testcase id="2024-04-03T14:34:24.633Z" name="multi_match multiple fields with analyzer" file="node_v20.12.0: /free/search/310_match_bool_prefix.yml" time="0"/>
    <testcase id="2024-04-03T14:34:25.070Z" name="multi_match multiple fields with minimum_should_match" file="node_v20.12.0: /free/search/310_match_bool_prefix.yml" time="0"/>
    <testcase id="2024-04-03T14:34:25.484Z" name="multi_match multiple fields with fuzziness" file="node_v20.12.0: /free/search/310_match_bool_prefix.yml" time="0"/>
    <testcase id="2024-04-03T14:34:25.925Z" name="multi_match multiple fields with boost" file="node_v20.12.0: /free/search/310_match_bool_prefix.yml" time="0"/>
    <testcase id="2024-04-03T14:34:26.367Z" name="multi_match multiple fields with slop throws exception" file="node_v20.12.0: /free/search/310_match_bool_prefix.yml" time="0">
      <failure message="the error should match: /\[slop\] not allowed for type \[bool_prefix\]/, found undefined: expected false to be truthy">AssertionError: the error should match: /\[slop\] not allowed for type \[bool_prefix\]/, found undefined: expected false to be truthy
    at doAction (/usr/src/app/test/integration/test-runner.js:544:14)
    at process.processTicksAndRejections (node:internal/process/task_queues:95:5)
    at async exec (/usr/src/app/test/integration/test-runner.js:578:9)
    at async Object.run (/usr/src/app/test/integration/test-runner.js:316:5)
    at async start (/usr/src/app/test/integration/index.js:331:11)</failure>
    </testcase>
  </testsuite>
  <testsuite id="2024-04-03T14:34:26.486Z" name="free/search - /free/search/320_disallow_queries.yml" time="0" tests="1" failures="0" skipped="1">
    <testcase id="2024-04-03T14:34:26.486Z" name="Test disallow expensive queries" file="node_v20.12.0: /free/search/320_disallow_queries.yml" time="0">
      <skipped>This test is in the skip list of the client</skipped>
    </testcase>
  </testsuite>
  <testsuite id="2024-04-03T14:34:26.488Z" name="free/search - /free/search/330_fetch_fields.yml" time="1" tests="23" failures="23" skipped="0">
    <testcase id="2024-04-03T14:34:26.488Z" name="Test basic field retrieval" file="node_v20.12.0: /free/search/330_fetch_fields.yml" time="0">
      <failure message="Cannot convert undefined or null to object">TypeError: Cannot convert undefined or null to object
    at Function.entries (&lt;anonymous&gt;)
    at doRedact (/usr/src/app/node_modules/@elastic/transport/lib/security.js:22:16)
    at /usr/src/app/node_modules/@elastic/transport/lib/security.js:30:44
    at Array.map (&lt;anonymous&gt;)
    at /usr/src/app/node_modules/@elastic/transport/lib/security.js:30:35
    at Array.forEach (&lt;anonymous&gt;)
    at doRedact (/usr/src/app/node_modules/@elastic/transport/lib/security.js:22:29)
    at /usr/src/app/node_modules/@elastic/transport/lib/security.js:36:33
    at Array.forEach (&lt;anonymous&gt;)
    at doRedact (/usr/src/app/node_modules/@elastic/transport/lib/security.js:22:29)</failure>
    </testcase>
    <testcase id="2024-04-03T14:34:26.512Z" name="Test date formatting" file="node_v20.12.0: /free/search/330_fetch_fields.yml" time="0">
      <failure message="Cannot convert undefined or null to object">TypeError: Cannot convert undefined or null to object
    at Function.entries (&lt;anonymous&gt;)
    at doRedact (/usr/src/app/node_modules/@elastic/transport/lib/security.js:22:16)
    at /usr/src/app/node_modules/@elastic/transport/lib/security.js:30:44
    at Array.map (&lt;anonymous&gt;)
    at /usr/src/app/node_modules/@elastic/transport/lib/security.js:30:35
    at Array.forEach (&lt;anonymous&gt;)
    at doRedact (/usr/src/app/node_modules/@elastic/transport/lib/security.js:22:29)
    at /usr/src/app/node_modules/@elastic/transport/lib/security.js:36:33
    at Array.forEach (&lt;anonymous&gt;)
    at doRedact (/usr/src/app/node_modules/@elastic/transport/lib/security.js:22:29)</failure>
    </testcase>
    <testcase id="2024-04-03T14:34:26.536Z" name="Test disable source" file="node_v20.12.0: /free/search/330_fetch_fields.yml" time="0">
      <failure message="Cannot convert undefined or null to object">TypeError: Cannot convert undefined or null to object
    at Function.entries (&lt;anonymous&gt;)
    at doRedact (/usr/src/app/node_modules/@elastic/transport/lib/security.js:22:16)
    at /usr/src/app/node_modules/@elastic/transport/lib/security.js:30:44
    at Array.map (&lt;anonymous&gt;)
    at /usr/src/app/node_modules/@elastic/transport/lib/security.js:30:35
    at Array.forEach (&lt;anonymous&gt;)
    at doRedact (/usr/src/app/node_modules/@elastic/transport/lib/security.js:22:29)
    at /usr/src/app/node_modules/@elastic/transport/lib/security.js:36:33
    at Array.forEach (&lt;anonymous&gt;)
    at doRedact (/usr/src/app/node_modules/@elastic/transport/lib/security.js:22:29)</failure>
    </testcase>
    <testcase id="2024-04-03T14:34:26.571Z" name="Test ignore malformed" file="node_v20.12.0: /free/search/330_fetch_fields.yml" time="0">
      <failure message="Cannot convert undefined or null to object">TypeError: Cannot convert undefined or null to object
    at Function.entries (&lt;anonymous&gt;)
    at doRedact (/usr/src/app/node_modules/@elastic/transport/lib/security.js:22:16)
    at /usr/src/app/node_modules/@elastic/transport/lib/security.js:30:44
    at Array.map (&lt;anonymous&gt;)
    at /usr/src/app/node_modules/@elastic/transport/lib/security.js:30:35
    at Array.forEach (&lt;anonymous&gt;)
    at doRedact (/usr/src/app/node_modules/@elastic/transport/lib/security.js:22:29)
    at /usr/src/app/node_modules/@elastic/transport/lib/security.js:36:33
    at Array.forEach (&lt;anonymous&gt;)
    at doRedact (/usr/src/app/node_modules/@elastic/transport/lib/security.js:22:29)</failure>
    </testcase>
    <testcase id="2024-04-03T14:34:26.604Z" name="Test disable _source loading" file="node_v20.12.0: /free/search/330_fetch_fields.yml" time="0">
      <failure message="Cannot convert undefined or null to object">TypeError: Cannot convert undefined or null to object
    at Function.entries (&lt;anonymous&gt;)
    at doRedact (/usr/src/app/node_modules/@elastic/transport/lib/security.js:22:16)
    at /usr/src/app/node_modules/@elastic/transport/lib/security.js:30:44
    at Array.map (&lt;anonymous&gt;)
    at /usr/src/app/node_modules/@elastic/transport/lib/security.js:30:35
    at Array.forEach (&lt;anonymous&gt;)
    at doRedact (/usr/src/app/node_modules/@elastic/transport/lib/security.js:22:29)
    at /usr/src/app/node_modules/@elastic/transport/lib/security.js:36:33
    at Array.forEach (&lt;anonymous&gt;)
    at doRedact (/usr/src/app/node_modules/@elastic/transport/lib/security.js:22:29)</failure>
    </testcase>
    <testcase id="2024-04-03T14:34:26.629Z" name="Test search rewrite" file="node_v20.12.0: /free/search/330_fetch_fields.yml" time="0">
      <failure message="Cannot convert undefined or null to object">TypeError: Cannot convert undefined or null to object
    at Function.entries (&lt;anonymous&gt;)
    at doRedact (/usr/src/app/node_modules/@elastic/transport/lib/security.js:22:16)
    at /usr/src/app/node_modules/@elastic/transport/lib/security.js:30:44
    at Array.map (&lt;anonymous&gt;)
    at /usr/src/app/node_modules/@elastic/transport/lib/security.js:30:35
    at Array.forEach (&lt;anonymous&gt;)
    at doRedact (/usr/src/app/node_modules/@elastic/transport/lib/security.js:22:29)
    at /usr/src/app/node_modules/@elastic/transport/lib/security.js:36:33
    at Array.forEach (&lt;anonymous&gt;)
    at doRedact (/usr/src/app/node_modules/@elastic/transport/lib/security.js:22:29)</failure>
    </testcase>
    <testcase id="2024-04-03T14:34:26.652Z" name="Test token count" file="node_v20.12.0: /free/search/330_fetch_fields.yml" time="0">
      <failure message="Cannot convert undefined or null to object">TypeError: Cannot convert undefined or null to object
    at Function.entries (&lt;anonymous&gt;)
    at doRedact (/usr/src/app/node_modules/@elastic/transport/lib/security.js:22:16)
    at /usr/src/app/node_modules/@elastic/transport/lib/security.js:30:44
    at Array.map (&lt;anonymous&gt;)
    at /usr/src/app/node_modules/@elastic/transport/lib/security.js:30:35
    at Array.forEach (&lt;anonymous&gt;)
    at doRedact (/usr/src/app/node_modules/@elastic/transport/lib/security.js:22:29)
    at /usr/src/app/node_modules/@elastic/transport/lib/security.js:36:33
    at Array.forEach (&lt;anonymous&gt;)
    at doRedact (/usr/src/app/node_modules/@elastic/transport/lib/security.js:22:29)</failure>
    </testcase>
    <testcase id="2024-04-03T14:34:26.676Z" name="Test unmapped field" file="node_v20.12.0: /free/search/330_fetch_fields.yml" time="0">
      <failure message="Cannot convert undefined or null to object">TypeError: Cannot convert undefined or null to object
    at Function.entries (&lt;anonymous&gt;)
    at doRedact (/usr/src/app/node_modules/@elastic/transport/lib/security.js:22:16)
    at /usr/src/app/node_modules/@elastic/transport/lib/security.js:30:44
    at Array.map (&lt;anonymous&gt;)
    at /usr/src/app/node_modules/@elastic/transport/lib/security.js:30:35
    at Array.forEach (&lt;anonymous&gt;)
    at doRedact (/usr/src/app/node_modules/@elastic/transport/lib/security.js:22:29)
    at /usr/src/app/node_modules/@elastic/transport/lib/security.js:36:33
    at Array.forEach (&lt;anonymous&gt;)
    at doRedact (/usr/src/app/node_modules/@elastic/transport/lib/security.js:22:29)</failure>
    </testcase>
    <testcase id="2024-04-03T14:34:26.702Z" name="Test unmapped fields inside disabled objects" file="node_v20.12.0: /free/search/330_fetch_fields.yml" time="0">
      <failure message="Cannot convert undefined or null to object">TypeError: Cannot convert undefined or null to object
    at Function.entries (&lt;anonymous&gt;)
    at doRedact (/usr/src/app/node_modules/@elastic/transport/lib/security.js:22:16)
    at /usr/src/app/node_modules/@elastic/transport/lib/security.js:30:44
    at Array.map (&lt;anonymous&gt;)
    at /usr/src/app/node_modules/@elastic/transport/lib/security.js:30:35
    at Array.forEach (&lt;anonymous&gt;)
    at doRedact (/usr/src/app/node_modules/@elastic/transport/lib/security.js:22:29)
    at /usr/src/app/node_modules/@elastic/transport/lib/security.js:36:33
    at Array.forEach (&lt;anonymous&gt;)
    at doRedact (/usr/src/app/node_modules/@elastic/transport/lib/security.js:22:29)</failure>
    </testcase>
    <testcase id="2024-04-03T14:34:26.738Z" name="Test nested fields" file="node_v20.12.0: /free/search/330_fetch_fields.yml" time="0">
      <failure message="Cannot convert undefined or null to object">TypeError: Cannot convert undefined or null to object
    at Function.entries (&lt;anonymous&gt;)
    at doRedact (/usr/src/app/node_modules/@elastic/transport/lib/security.js:22:16)
    at /usr/src/app/node_modules/@elastic/transport/lib/security.js:30:44
    at Array.map (&lt;anonymous&gt;)
    at /usr/src/app/node_modules/@elastic/transport/lib/security.js:30:35
    at Array.forEach (&lt;anonymous&gt;)
    at doRedact (/usr/src/app/node_modules/@elastic/transport/lib/security.js:22:29)
    at /usr/src/app/node_modules/@elastic/transport/lib/security.js:36:33
    at Array.forEach (&lt;anonymous&gt;)
    at doRedact (/usr/src/app/node_modules/@elastic/transport/lib/security.js:22:29)</failure>
    </testcase>
    <testcase id="2024-04-03T14:34:26.769Z" name="Test nested field inside object structure" file="node_v20.12.0: /free/search/330_fetch_fields.yml" time="0">
      <failure message="Cannot convert undefined or null to object">TypeError: Cannot convert undefined or null to object
    at Function.entries (&lt;anonymous&gt;)
    at doRedact (/usr/src/app/node_modules/@elastic/transport/lib/security.js:22:16)
    at /usr/src/app/node_modules/@elastic/transport/lib/security.js:30:44
    at Array.map (&lt;anonymous&gt;)
    at /usr/src/app/node_modules/@elastic/transport/lib/security.js:30:35
    at Array.forEach (&lt;anonymous&gt;)
    at doRedact (/usr/src/app/node_modules/@elastic/transport/lib/security.js:22:29)
    at /usr/src/app/node_modules/@elastic/transport/lib/security.js:36:33
    at Array.forEach (&lt;anonymous&gt;)
    at doRedact (/usr/src/app/node_modules/@elastic/transport/lib/security.js:22:29)</failure>
    </testcase>
    <testcase id="2024-04-03T14:34:26.791Z" name="Test doubly nested fields" file="node_v20.12.0: /free/search/330_fetch_fields.yml" time="0">
      <failure message="Cannot convert undefined or null to object">TypeError: Cannot convert undefined or null to object
    at Function.entries (&lt;anonymous&gt;)
    at doRedact (/usr/src/app/node_modules/@elastic/transport/lib/security.js:22:16)
    at /usr/src/app/node_modules/@elastic/transport/lib/security.js:30:44
    at Array.map (&lt;anonymous&gt;)
    at /usr/src/app/node_modules/@elastic/transport/lib/security.js:30:35
    at Array.forEach (&lt;anonymous&gt;)
    at doRedact (/usr/src/app/node_modules/@elastic/transport/lib/security.js:22:29)
    at /usr/src/app/node_modules/@elastic/transport/lib/security.js:36:33
    at Array.forEach (&lt;anonymous&gt;)
    at doRedact (/usr/src/app/node_modules/@elastic/transport/lib/security.js:22:29)</failure>
    </testcase>
    <testcase id="2024-04-03T14:34:26.814Z" name="Test nested fields with unmapped subfields" file="node_v20.12.0: /free/search/330_fetch_fields.yml" time="0">
      <failure message="Cannot convert undefined or null to object">TypeError: Cannot convert undefined or null to object
    at Function.entries (&lt;anonymous&gt;)
    at doRedact (/usr/src/app/node_modules/@elastic/transport/lib/security.js:22:16)
    at /usr/src/app/node_modules/@elastic/transport/lib/security.js:30:44
    at Array.map (&lt;anonymous&gt;)
    at /usr/src/app/node_modules/@elastic/transport/lib/security.js:30:35
    at Array.forEach (&lt;anonymous&gt;)
    at doRedact (/usr/src/app/node_modules/@elastic/transport/lib/security.js:22:29)
    at /usr/src/app/node_modules/@elastic/transport/lib/security.js:36:33
    at Array.forEach (&lt;anonymous&gt;)
    at doRedact (/usr/src/app/node_modules/@elastic/transport/lib/security.js:22:29)</failure>
    </testcase>
    <testcase id="2024-04-03T14:34:26.838Z" name="Test nested fields with ignored subfields" file="node_v20.12.0: /free/search/330_fetch_fields.yml" time="0">
      <failure message="Cannot convert undefined or null to object">TypeError: Cannot convert undefined or null to object
    at Function.entries (&lt;anonymous&gt;)
    at doRedact (/usr/src/app/node_modules/@elastic/transport/lib/security.js:22:16)
    at /usr/src/app/node_modules/@elastic/transport/lib/security.js:30:44
    at Array.map (&lt;anonymous&gt;)
    at /usr/src/app/node_modules/@elastic/transport/lib/security.js:30:35
    at Array.forEach (&lt;anonymous&gt;)
    at doRedact (/usr/src/app/node_modules/@elastic/transport/lib/security.js:22:29)
    at /usr/src/app/node_modules/@elastic/transport/lib/security.js:36:33
    at Array.forEach (&lt;anonymous&gt;)
    at doRedact (/usr/src/app/node_modules/@elastic/transport/lib/security.js:22:29)</failure>
    </testcase>
    <testcase id="2024-04-03T14:34:26.861Z" name="Test nested field with sibling field resolving to DocValueFetcher" file="node_v20.12.0: /free/search/330_fetch_fields.yml" time="0">
      <failure message="Cannot convert undefined or null to object">TypeError: Cannot convert undefined or null to object
    at Function.entries (&lt;anonymous&gt;)
    at doRedact (/usr/src/app/node_modules/@elastic/transport/lib/security.js:22:16)
    at /usr/src/app/node_modules/@elastic/transport/lib/security.js:30:44
    at Array.map (&lt;anonymous&gt;)
    at /usr/src/app/node_modules/@elastic/transport/lib/security.js:30:35
    at Array.forEach (&lt;anonymous&gt;)
    at doRedact (/usr/src/app/node_modules/@elastic/transport/lib/security.js:22:29)
    at /usr/src/app/node_modules/@elastic/transport/lib/security.js:36:33
    at Array.forEach (&lt;anonymous&gt;)
    at doRedact (/usr/src/app/node_modules/@elastic/transport/lib/security.js:22:29)</failure>
    </testcase>
    <testcase id="2024-04-03T14:34:26.884Z" name="Test ignores malformed values while returning valid ones" file="node_v20.12.0: /free/search/330_fetch_fields.yml" time="0">
      <failure message="Cannot convert undefined or null to object">TypeError: Cannot convert undefined or null to object
    at Function.entries (&lt;anonymous&gt;)
    at doRedact (/usr/src/app/node_modules/@elastic/transport/lib/security.js:22:16)
    at /usr/src/app/node_modules/@elastic/transport/lib/security.js:30:44
    at Array.map (&lt;anonymous&gt;)
    at /usr/src/app/node_modules/@elastic/transport/lib/security.js:30:35
    at Array.forEach (&lt;anonymous&gt;)
    at doRedact (/usr/src/app/node_modules/@elastic/transport/lib/security.js:22:29)
    at /usr/src/app/node_modules/@elastic/transport/lib/security.js:36:33
    at Array.forEach (&lt;anonymous&gt;)
    at doRedact (/usr/src/app/node_modules/@elastic/transport/lib/security.js:22:29)</failure>
    </testcase>
    <testcase id="2024-04-03T14:34:26.907Z" name="Test token_count inside nested field doesn't fail" file="node_v20.12.0: /free/search/330_fetch_fields.yml" time="0">
      <failure message="Cannot convert undefined or null to object">TypeError: Cannot convert undefined or null to object
    at Function.entries (&lt;anonymous&gt;)
    at doRedact (/usr/src/app/node_modules/@elastic/transport/lib/security.js:22:16)
    at /usr/src/app/node_modules/@elastic/transport/lib/security.js:30:44
    at Array.map (&lt;anonymous&gt;)
    at /usr/src/app/node_modules/@elastic/transport/lib/security.js:30:35
    at Array.forEach (&lt;anonymous&gt;)
    at doRedact (/usr/src/app/node_modules/@elastic/transport/lib/security.js:22:29)
    at /usr/src/app/node_modules/@elastic/transport/lib/security.js:36:33
    at Array.forEach (&lt;anonymous&gt;)
    at doRedact (/usr/src/app/node_modules/@elastic/transport/lib/security.js:22:29)</failure>
    </testcase>
    <testcase id="2024-04-03T14:34:26.931Z" name="error includes field name" file="node_v20.12.0: /free/search/330_fetch_fields.yml" time="0">
      <failure message="Cannot convert undefined or null to object">TypeError: Cannot convert undefined or null to object
    at Function.entries (&lt;anonymous&gt;)
    at doRedact (/usr/src/app/node_modules/@elastic/transport/lib/security.js:22:16)
    at /usr/src/app/node_modules/@elastic/transport/lib/security.js:30:44
    at Array.map (&lt;anonymous&gt;)
    at /usr/src/app/node_modules/@elastic/transport/lib/security.js:30:35
    at Array.forEach (&lt;anonymous&gt;)
    at doRedact (/usr/src/app/node_modules/@elastic/transport/lib/security.js:22:29)
    at /usr/src/app/node_modules/@elastic/transport/lib/security.js:36:33
    at Array.forEach (&lt;anonymous&gt;)
    at doRedact (/usr/src/app/node_modules/@elastic/transport/lib/security.js:22:29)</failure>
    </testcase>
    <testcase id="2024-04-03T14:34:26.955Z" name="error includes glob pattern" file="node_v20.12.0: /free/search/330_fetch_fields.yml" time="0">
      <failure message="Cannot convert undefined or null to object">TypeError: Cannot convert undefined or null to object
    at Function.entries (&lt;anonymous&gt;)
    at doRedact (/usr/src/app/node_modules/@elastic/transport/lib/security.js:22:16)
    at /usr/src/app/node_modules/@elastic/transport/lib/security.js:30:44
    at Array.map (&lt;anonymous&gt;)
    at /usr/src/app/node_modules/@elastic/transport/lib/security.js:30:35
    at Array.forEach (&lt;anonymous&gt;)
    at doRedact (/usr/src/app/node_modules/@elastic/transport/lib/security.js:22:29)
    at /usr/src/app/node_modules/@elastic/transport/lib/security.js:36:33
    at Array.forEach (&lt;anonymous&gt;)
    at doRedact (/usr/src/app/node_modules/@elastic/transport/lib/security.js:22:29)</failure>
    </testcase>
    <testcase id="2024-04-03T14:34:26.979Z" name="error for flattened includes whole path" file="node_v20.12.0: /free/search/330_fetch_fields.yml" time="0">
      <failure message="Cannot convert undefined or null to object">TypeError: Cannot convert undefined or null to object
    at Function.entries (&lt;anonymous&gt;)
    at doRedact (/usr/src/app/node_modules/@elastic/transport/lib/security.js:22:16)
    at /usr/src/app/node_modules/@elastic/transport/lib/security.js:30:44
    at Array.map (&lt;anonymous&gt;)
    at /usr/src/app/node_modules/@elastic/transport/lib/security.js:30:35
    at Array.forEach (&lt;anonymous&gt;)
    at doRedact (/usr/src/app/node_modules/@elastic/transport/lib/security.js:22:29)
    at /usr/src/app/node_modules/@elastic/transport/lib/security.js:36:33
    at Array.forEach (&lt;anonymous&gt;)
    at doRedact (/usr/src/app/node_modules/@elastic/transport/lib/security.js:22:29)</failure>
    </testcase>
    <testcase id="2024-04-03T14:34:27.017Z" name="test fetching metadata fields" file="node_v20.12.0: /free/search/330_fetch_fields.yml" time="0">
      <failure message="Cannot convert undefined or null to object">TypeError: Cannot convert undefined or null to object
    at Function.entries (&lt;anonymous&gt;)
    at doRedact (/usr/src/app/node_modules/@elastic/transport/lib/security.js:22:16)
    at /usr/src/app/node_modules/@elastic/transport/lib/security.js:30:44
    at Array.map (&lt;anonymous&gt;)
    at /usr/src/app/node_modules/@elastic/transport/lib/security.js:30:35
    at Array.forEach (&lt;anonymous&gt;)
    at doRedact (/usr/src/app/node_modules/@elastic/transport/lib/security.js:22:29)
    at /usr/src/app/node_modules/@elastic/transport/lib/security.js:36:33
    at Array.forEach (&lt;anonymous&gt;)
    at doRedact (/usr/src/app/node_modules/@elastic/transport/lib/security.js:22:29)</failure>
    </testcase>
    <testcase id="2024-04-03T14:34:27.043Z" name="fetch geo_point" file="node_v20.12.0: /free/search/330_fetch_fields.yml" time="0">
      <failure message="Cannot convert undefined or null to object">TypeError: Cannot convert undefined or null to object
    at Function.entries (&lt;anonymous&gt;)
    at doRedact (/usr/src/app/node_modules/@elastic/transport/lib/security.js:22:16)
    at /usr/src/app/node_modules/@elastic/transport/lib/security.js:30:44
    at Array.map (&lt;anonymous&gt;)
    at /usr/src/app/node_modules/@elastic/transport/lib/security.js:30:35
    at Array.forEach (&lt;anonymous&gt;)
    at doRedact (/usr/src/app/node_modules/@elastic/transport/lib/security.js:22:29)
    at /usr/src/app/node_modules/@elastic/transport/lib/security.js:36:33
    at Array.forEach (&lt;anonymous&gt;)
    at doRedact (/usr/src/app/node_modules/@elastic/transport/lib/security.js:22:29)</failure>
    </testcase>
    <testcase id="2024-04-03T14:34:27.066Z" name="Test with subobjects: false" file="node_v20.12.0: /free/search/330_fetch_fields.yml" time="0">
      <failure message="Cannot convert undefined or null to object">TypeError: Cannot convert undefined or null to object
    at Function.entries (&lt;anonymous&gt;)
    at doRedact (/usr/src/app/node_modules/@elastic/transport/lib/security.js:22:16)
    at /usr/src/app/node_modules/@elastic/transport/lib/security.js:30:44
    at Array.map (&lt;anonymous&gt;)
    at /usr/src/app/node_modules/@elastic/transport/lib/security.js:30:35
    at Array.forEach (&lt;anonymous&gt;)
    at doRedact (/usr/src/app/node_modules/@elastic/transport/lib/security.js:22:29)
    at /usr/src/app/node_modules/@elastic/transport/lib/security.js:36:33
    at Array.forEach (&lt;anonymous&gt;)
    at doRedact (/usr/src/app/node_modules/@elastic/transport/lib/security.js:22:29)</failure>
    </testcase>
  </testsuite>
  <testsuite id="2024-04-03T14:34:27.092Z" name="free/search - /free/search/340_flattened.yml" time="2" tests="5" failures="0" skipped="0">
    <testcase id="2024-04-03T14:34:27.092Z" name="Test exists query on flattened object field" file="node_v20.12.0: /free/search/340_flattened.yml" time="0"/>
    <testcase id="2024-04-03T14:34:27.561Z" name="Test query string query on flattened object field" file="node_v20.12.0: /free/search/340_flattened.yml" time="0"/>
    <testcase id="2024-04-03T14:34:28.050Z" name="Test fields option on flattened object field" file="node_v20.12.0: /free/search/340_flattened.yml" time="0"/>
    <testcase id="2024-04-03T14:34:28.499Z" name="Test fields option on flattened object field with include_unmapped" file="node_v20.12.0: /free/search/340_flattened.yml" time="0"/>
    <testcase id="2024-04-03T14:34:28.902Z" name="Test fetching flattened subfields via fields option" file="node_v20.12.0: /free/search/340_flattened.yml" time="0"/>
  </testsuite>
  <testsuite id="2024-04-03T14:34:29.360Z" name="free/search - /free/search/350_binary_field.yml" time="0" tests="1" failures="0" skipped="0">
    <testcase id="2024-04-03T14:34:29.360Z" name="binary" file="node_v20.12.0: /free/search/350_binary_field.yml" time="0"/>
  </testsuite>
  <testsuite id="2024-04-03T14:34:29.820Z" name="free/search - /free/search/350_point_in_time.yml" time="2" tests="5" failures="2" skipped="0">
    <testcase id="2024-04-03T14:34:29.820Z" name="basic" file="node_v20.12.0: /free/search/350_point_in_time.yml" time="1"/>
    <testcase id="2024-04-03T14:34:30.370Z" name="point-in-time with slicing" file="node_v20.12.0: /free/search/350_point_in_time.yml" time="1"/>
    <testcase id="2024-04-03T14:34:30.970Z" name="wildcard" file="node_v20.12.0: /free/search/350_point_in_time.yml" time="1"/>
    <testcase id="2024-04-03T14:34:31.556Z" name="msearch" file="node_v20.12.0: /free/search/350_point_in_time.yml" time="0">
      <failure message="the error should match: bad_request, found undefined: expected false to be truthy">AssertionError: the error should match: bad_request, found undefined: expected false to be truthy
    at doAction (/usr/src/app/test/integration/test-runner.js:544:14)
    at process.processTicksAndRejections (node:internal/process/task_queues:95:5)
    at async exec (/usr/src/app/test/integration/test-runner.js:578:9)
    at async Object.run (/usr/src/app/test/integration/test-runner.js:316:5)
    at async start (/usr/src/app/test/integration/index.js:331:11)</failure>
    </testcase>
    <testcase id="2024-04-03T14:34:31.714Z" name="point-in-time with index filter" file="node_v20.12.0: /free/search/350_point_in_time.yml" time="0">
      <failure message="Cannot convert undefined or null to object">TypeError: Cannot convert undefined or null to object
    at Function.entries (&lt;anonymous&gt;)
    at doRedact (/usr/src/app/node_modules/@elastic/transport/lib/security.js:22:16)
    at /usr/src/app/node_modules/@elastic/transport/lib/security.js:30:44
    at Array.map (&lt;anonymous&gt;)
    at /usr/src/app/node_modules/@elastic/transport/lib/security.js:30:35
    at Array.forEach (&lt;anonymous&gt;)
    at doRedact (/usr/src/app/node_modules/@elastic/transport/lib/security.js:22:29)
    at /usr/src/app/node_modules/@elastic/transport/lib/security.js:36:33
    at Array.forEach (&lt;anonymous&gt;)
    at doRedact (/usr/src/app/node_modules/@elastic/transport/lib/security.js:22:29)</failure>
    </testcase>
  </testsuite>
  <testsuite id="2024-04-03T14:34:31.737Z" name="free/search - /free/search/360_combined_fields.yml" time="0" tests="1" failures="1" skipped="0">
    <testcase id="2024-04-03T14:34:31.737Z" name="Test combined_fields query" file="node_v20.12.0: /free/search/360_combined_fields.yml" time="0">
      <failure message="Cannot convert undefined or null to object">TypeError: Cannot convert undefined or null to object
    at Function.entries (&lt;anonymous&gt;)
    at doRedact (/usr/src/app/node_modules/@elastic/transport/lib/security.js:22:16)
    at /usr/src/app/node_modules/@elastic/transport/lib/security.js:30:44
    at Array.map (&lt;anonymous&gt;)
    at /usr/src/app/node_modules/@elastic/transport/lib/security.js:30:35
    at Array.forEach (&lt;anonymous&gt;)
    at doRedact (/usr/src/app/node_modules/@elastic/transport/lib/security.js:22:29)
    at /usr/src/app/node_modules/@elastic/transport/lib/security.js:36:33
    at Array.forEach (&lt;anonymous&gt;)
    at doRedact (/usr/src/app/node_modules/@elastic/transport/lib/security.js:22:29)</failure>
    </testcase>
  </testsuite>
  <testsuite id="2024-04-03T14:34:31.770Z" name="free/search - /free/search/370_profile.yml" time="0" tests="8" failures="8" skipped="0">
    <testcase id="2024-04-03T14:34:31.770Z" name="fetch fields" file="node_v20.12.0: /free/search/370_profile.yml" time="0">
      <failure message="Cannot convert undefined or null to object">TypeError: Cannot convert undefined or null to object
    at Function.entries (&lt;anonymous&gt;)
    at doRedact (/usr/src/app/node_modules/@elastic/transport/lib/security.js:22:16)
    at /usr/src/app/node_modules/@elastic/transport/lib/security.js:30:44
    at Array.map (&lt;anonymous&gt;)
    at /usr/src/app/node_modules/@elastic/transport/lib/security.js:30:35
    at Array.forEach (&lt;anonymous&gt;)
    at doRedact (/usr/src/app/node_modules/@elastic/transport/lib/security.js:22:29)
    at /usr/src/app/node_modules/@elastic/transport/lib/security.js:36:33
    at Array.forEach (&lt;anonymous&gt;)
    at doRedact (/usr/src/app/node_modules/@elastic/transport/lib/security.js:22:29)</failure>
    </testcase>
    <testcase id="2024-04-03T14:34:31.793Z" name="fetch source" file="node_v20.12.0: /free/search/370_profile.yml" time="0">
      <failure message="Cannot convert undefined or null to object">TypeError: Cannot convert undefined or null to object
    at Function.entries (&lt;anonymous&gt;)
    at doRedact (/usr/src/app/node_modules/@elastic/transport/lib/security.js:22:16)
    at /usr/src/app/node_modules/@elastic/transport/lib/security.js:30:44
    at Array.map (&lt;anonymous&gt;)
    at /usr/src/app/node_modules/@elastic/transport/lib/security.js:30:35
    at Array.forEach (&lt;anonymous&gt;)
    at doRedact (/usr/src/app/node_modules/@elastic/transport/lib/security.js:22:29)
    at /usr/src/app/node_modules/@elastic/transport/lib/security.js:36:33
    at Array.forEach (&lt;anonymous&gt;)
    at doRedact (/usr/src/app/node_modules/@elastic/transport/lib/security.js:22:29)</failure>
    </testcase>
    <testcase id="2024-04-03T14:34:31.816Z" name="fetch nested source" file="node_v20.12.0: /free/search/370_profile.yml" time="0">
      <failure message="Cannot convert undefined or null to object">TypeError: Cannot convert undefined or null to object
    at Function.entries (&lt;anonymous&gt;)
    at doRedact (/usr/src/app/node_modules/@elastic/transport/lib/security.js:22:16)
    at /usr/src/app/node_modules/@elastic/transport/lib/security.js:30:44
    at Array.map (&lt;anonymous&gt;)
    at /usr/src/app/node_modules/@elastic/transport/lib/security.js:30:35
    at Array.forEach (&lt;anonymous&gt;)
    at doRedact (/usr/src/app/node_modules/@elastic/transport/lib/security.js:22:29)
    at /usr/src/app/node_modules/@elastic/transport/lib/security.js:36:33
    at Array.forEach (&lt;anonymous&gt;)
    at doRedact (/usr/src/app/node_modules/@elastic/transport/lib/security.js:22:29)</failure>
    </testcase>
    <testcase id="2024-04-03T14:34:31.839Z" name="disabling stored fields removes fetch sub phases" file="node_v20.12.0: /free/search/370_profile.yml" time="0">
      <failure message="Cannot convert undefined or null to object">TypeError: Cannot convert undefined or null to object
    at Function.entries (&lt;anonymous&gt;)
    at doRedact (/usr/src/app/node_modules/@elastic/transport/lib/security.js:22:16)
    at /usr/src/app/node_modules/@elastic/transport/lib/security.js:30:44
    at Array.map (&lt;anonymous&gt;)
    at /usr/src/app/node_modules/@elastic/transport/lib/security.js:30:35
    at Array.forEach (&lt;anonymous&gt;)
    at doRedact (/usr/src/app/node_modules/@elastic/transport/lib/security.js:22:29)
    at /usr/src/app/node_modules/@elastic/transport/lib/security.js:36:33
    at Array.forEach (&lt;anonymous&gt;)
    at doRedact (/usr/src/app/node_modules/@elastic/transport/lib/security.js:22:29)</failure>
    </testcase>
    <testcase id="2024-04-03T14:34:31.864Z" name="dfs knn vector profiling" file="node_v20.12.0: /free/search/370_profile.yml" time="0">
      <failure message="Cannot convert undefined or null to object">TypeError: Cannot convert undefined or null to object
    at Function.entries (&lt;anonymous&gt;)
    at doRedact (/usr/src/app/node_modules/@elastic/transport/lib/security.js:22:16)
    at /usr/src/app/node_modules/@elastic/transport/lib/security.js:30:44
    at Array.map (&lt;anonymous&gt;)
    at /usr/src/app/node_modules/@elastic/transport/lib/security.js:30:35
    at Array.forEach (&lt;anonymous&gt;)
    at doRedact (/usr/src/app/node_modules/@elastic/transport/lib/security.js:22:29)
    at /usr/src/app/node_modules/@elastic/transport/lib/security.js:36:33
    at Array.forEach (&lt;anonymous&gt;)
    at doRedact (/usr/src/app/node_modules/@elastic/transport/lib/security.js:22:29)</failure>
    </testcase>
    <testcase id="2024-04-03T14:34:31.890Z" name="dfs knn vector profiling with vector_operations_count" file="node_v20.12.0: /free/search/370_profile.yml" time="0">
      <failure message="Cannot convert undefined or null to object">TypeError: Cannot convert undefined or null to object
    at Function.entries (&lt;anonymous&gt;)
    at doRedact (/usr/src/app/node_modules/@elastic/transport/lib/security.js:22:16)
    at /usr/src/app/node_modules/@elastic/transport/lib/security.js:30:44
    at Array.map (&lt;anonymous&gt;)
    at /usr/src/app/node_modules/@elastic/transport/lib/security.js:30:35
    at Array.forEach (&lt;anonymous&gt;)
    at doRedact (/usr/src/app/node_modules/@elastic/transport/lib/security.js:22:29)
    at /usr/src/app/node_modules/@elastic/transport/lib/security.js:36:33
    at Array.forEach (&lt;anonymous&gt;)
    at doRedact (/usr/src/app/node_modules/@elastic/transport/lib/security.js:22:29)</failure>
    </testcase>
    <testcase id="2024-04-03T14:34:31.914Z" name="dfs profile for search with dfs_query_then_fetch" file="node_v20.12.0: /free/search/370_profile.yml" time="0">
      <failure message="Cannot convert undefined or null to object">TypeError: Cannot convert undefined or null to object
    at Function.entries (&lt;anonymous&gt;)
    at doRedact (/usr/src/app/node_modules/@elastic/transport/lib/security.js:22:16)
    at /usr/src/app/node_modules/@elastic/transport/lib/security.js:30:44
    at Array.map (&lt;anonymous&gt;)
    at /usr/src/app/node_modules/@elastic/transport/lib/security.js:30:35
    at Array.forEach (&lt;anonymous&gt;)
    at doRedact (/usr/src/app/node_modules/@elastic/transport/lib/security.js:22:29)
    at /usr/src/app/node_modules/@elastic/transport/lib/security.js:36:33
    at Array.forEach (&lt;anonymous&gt;)
    at doRedact (/usr/src/app/node_modules/@elastic/transport/lib/security.js:22:29)</failure>
    </testcase>
    <testcase id="2024-04-03T14:34:31.938Z" name="composite_id_parsed" file="node_v20.12.0: /free/search/370_profile.yml" time="0">
      <failure message="Cannot convert undefined or null to object">TypeError: Cannot convert undefined or null to object
    at Function.entries (&lt;anonymous&gt;)
    at doRedact (/usr/src/app/node_modules/@elastic/transport/lib/security.js:22:16)
    at /usr/src/app/node_modules/@elastic/transport/lib/security.js:30:44
    at Array.map (&lt;anonymous&gt;)
    at /usr/src/app/node_modules/@elastic/transport/lib/security.js:30:35
    at Array.forEach (&lt;anonymous&gt;)
    at doRedact (/usr/src/app/node_modules/@elastic/transport/lib/security.js:22:29)
    at /usr/src/app/node_modules/@elastic/transport/lib/security.js:36:33
    at Array.forEach (&lt;anonymous&gt;)
    at doRedact (/usr/src/app/node_modules/@elastic/transport/lib/security.js:22:29)</failure>
    </testcase>
  </testsuite>
  <testsuite id="2024-04-03T14:34:31.961Z" name="free/search - /free/search/380_sort_segments_on_timestamp.yml" time="1" tests="3" failures="0" skipped="3">
    <testcase id="2024-04-03T14:34:31.961Z" name="Test that index segments are sorted on timestamp field if @timestamp field is defined in mapping" file="node_v20.12.0: /free/search/380_sort_segments_on_timestamp.yml" time="0">
      <skipped>{
  "version": " - 7.99.99",
  "reason": "sorting segments was added in 7.16",
  "features": [
    "allowed_warnings"
  ]
}</skipped>
    </testcase>
    <testcase id="2024-04-03T14:34:32.315Z" name="Test that index segments are NOT sorted on timestamp field when @timestamp field is dynamically added" file="node_v20.12.0: /free/search/380_sort_segments_on_timestamp.yml" time="0">
      <skipped>{
  "version": " - 7.99.99",
  "reason": "sorting segments was added in 7.16",
  "features": [
    "allowed_warnings"
  ]
}</skipped>
    </testcase>
    <testcase id="2024-04-03T14:34:32.628Z" name="Test if segments are missing @timestamp field we don't get errors" file="node_v20.12.0: /free/search/380_sort_segments_on_timestamp.yml" time="0">
      <skipped>{
  "version": "- 7.99.99",
  "reason": "sorting segments was added in 7.16",
  "features": [
    "allowed_warnings"
  ]
}</skipped>
    </testcase>
  </testsuite>
  <testsuite id="2024-04-03T14:34:32.935Z" name="free/search - /free/search/390_doc_values_search.yml" time="10" tests="23" failures="0" skipped="0">
    <testcase id="2024-04-03T14:34:32.935Z" name="Test match queries on number fields where only doc values are enabled" file="node_v20.12.0: /free/search/390_doc_values_search.yml" time="0"/>
    <testcase id="2024-04-03T14:34:33.399Z" name="Test terms queries on number fields where only doc values are enabled" file="node_v20.12.0: /free/search/390_doc_values_search.yml" time="0"/>
    <testcase id="2024-04-03T14:34:33.770Z" name="Test range queries on number fields where only doc values are enabled" file="node_v20.12.0: /free/search/390_doc_values_search.yml" time="0"/>
    <testcase id="2024-04-03T14:34:34.198Z" name="Test match query on date field where only doc values are enabled" file="node_v20.12.0: /free/search/390_doc_values_search.yml" time="0"/>
    <testcase id="2024-04-03T14:34:34.626Z" name="Test range query on date field where only doc values are enabled" file="node_v20.12.0: /free/search/390_doc_values_search.yml" time="1"/>
    <testcase id="2024-04-03T14:34:35.142Z" name="Test distance_feature query on date field where only doc values are enabled" file="node_v20.12.0: /free/search/390_doc_values_search.yml" time="0"/>
    <testcase id="2024-04-03T14:34:35.617Z" name="Test match query on keyword field where only doc values are enabled" file="node_v20.12.0: /free/search/390_doc_values_search.yml" time="0"/>
    <testcase id="2024-04-03T14:34:36.004Z" name="Test terms query on keyword field where only doc values are enabled" file="node_v20.12.0: /free/search/390_doc_values_search.yml" time="0"/>
    <testcase id="2024-04-03T14:34:36.471Z" name="Test range query on keyword field where only doc values are enabled" file="node_v20.12.0: /free/search/390_doc_values_search.yml" time="0"/>
    <testcase id="2024-04-03T14:34:36.911Z" name="Test fuzzy query on keyword field where only doc values are enabled" file="node_v20.12.0: /free/search/390_doc_values_search.yml" time="0"/>
    <testcase id="2024-04-03T14:34:37.294Z" name="Test prefix query on keyword field where only doc values are enabled" file="node_v20.12.0: /free/search/390_doc_values_search.yml" time="0"/>
    <testcase id="2024-04-03T14:34:37.666Z" name="Test case insensitive term query on keyword field where only doc values are enabled" file="node_v20.12.0: /free/search/390_doc_values_search.yml" time="0"/>
    <testcase id="2024-04-03T14:34:38.046Z" name="Test wildcard query on keyword field where only doc values are enabled" file="node_v20.12.0: /free/search/390_doc_values_search.yml" time="0"/>
    <testcase id="2024-04-03T14:34:38.477Z" name="Test case insensitive wildcard query on keyword field where only doc values are enabled" file="node_v20.12.0: /free/search/390_doc_values_search.yml" time="0"/>
    <testcase id="2024-04-03T14:34:38.867Z" name="Test regexp query on keyword field where only doc values are enabled" file="node_v20.12.0: /free/search/390_doc_values_search.yml" time="0"/>
    <testcase id="2024-04-03T14:34:39.323Z" name="Test match query on boolean field where only doc values are enabled" file="node_v20.12.0: /free/search/390_doc_values_search.yml" time="0"/>
    <testcase id="2024-04-03T14:34:39.741Z" name="Test terms query on boolean field where only doc values are enabled" file="node_v20.12.0: /free/search/390_doc_values_search.yml" time="0"/>
    <testcase id="2024-04-03T14:34:40.095Z" name="Test range query on boolean field where only doc values are enabled" file="node_v20.12.0: /free/search/390_doc_values_search.yml" time="1"/>
    <testcase id="2024-04-03T14:34:40.615Z" name="Test match query on ip field where only doc values are enabled" file="node_v20.12.0: /free/search/390_doc_values_search.yml" time="0"/>
    <testcase id="2024-04-03T14:34:41.099Z" name="Test terms query on ip field where only doc values are enabled" file="node_v20.12.0: /free/search/390_doc_values_search.yml" time="0"/>
    <testcase id="2024-04-03T14:34:41.444Z" name="Test range query on ip field where only doc values are enabled" file="node_v20.12.0: /free/search/390_doc_values_search.yml" time="0"/>
    <testcase id="2024-04-03T14:34:41.865Z" name="Test geo shape query on geo_point field where only doc values are enabled" file="node_v20.12.0: /free/search/390_doc_values_search.yml" time="0"/>
    <testcase id="2024-04-03T14:34:42.324Z" name="Test distance_feature query on geo_point field where only doc values are enabled" file="node_v20.12.0: /free/search/390_doc_values_search.yml" time="0"/>
  </testsuite>
  <testsuite id="2024-04-03T14:34:42.700Z" name="free/search - /free/search/390_lookup_fields.yml" time="1" tests="2" failures="1" skipped="0">
    <testcase id="2024-04-03T14:34:42.700Z" name="Retrieve lookup fields" file="node_v20.12.0: /free/search/390_lookup_fields.yml" time="0"/>
    <testcase id="2024-04-03T14:34:43.195Z" name="Fails to query or aggregate on lookup fields" file="node_v20.12.0: /free/search/390_lookup_fields.yml" time="0">
      <failure message="the error should match: /Field \[location\] of type \[lookup\] does not support match queries/, found undefined: expected false to be truthy">AssertionError: the error should match: /Field \[location\] of type \[lookup\] does not support match queries/, found undefined: expected false to be truthy
    at doAction (/usr/src/app/test/integration/test-runner.js:544:14)
    at process.processTicksAndRejections (node:internal/process/task_queues:95:5)
    at async exec (/usr/src/app/test/integration/test-runner.js:578:9)
    at async Object.run (/usr/src/app/test/integration/test-runner.js:316:5)
    at async start (/usr/src/app/test/integration/index.js:331:11)</failure>
    </testcase>
  </testsuite>
  <testsuite id="2024-04-03T14:34:43.390Z" name="free/search - /free/search/400_synthetic_source.yml" time="2" tests="10" failures="5" skipped="0">
    <testcase id="2024-04-03T14:34:43.390Z" name="keyword" file="node_v20.12.0: /free/search/400_synthetic_source.yml" time="0"/>
    <testcase id="2024-04-03T14:34:43.795Z" name="stored text" file="node_v20.12.0: /free/search/400_synthetic_source.yml" time="0"/>
    <testcase id="2024-04-03T14:34:44.139Z" name="stored keyword" file="node_v20.12.0: /free/search/400_synthetic_source.yml" time="0"/>
    <testcase id="2024-04-03T14:34:44.518Z" name="stored keyword without sibling fields" file="node_v20.12.0: /free/search/400_synthetic_source.yml" time="0"/>
    <testcase id="2024-04-03T14:34:44.980Z" name="force_synthetic_source_ok" file="node_v20.12.0: /free/search/400_synthetic_source.yml" time="0"/>
    <testcase id="2024-04-03T14:34:45.356Z" name="force_synthetic_source_bad_mapping" file="node_v20.12.0: /free/search/400_synthetic_source.yml" time="0">
      <failure message="the error should match: bad_request, found undefined: expected false to be truthy">AssertionError: the error should match: bad_request, found undefined: expected false to be truthy
    at doAction (/usr/src/app/test/integration/test-runner.js:544:14)
    at process.processTicksAndRejections (node:internal/process/task_queues:95:5)
    at async exec (/usr/src/app/test/integration/test-runner.js:578:9)
    at async Object.run (/usr/src/app/test/integration/test-runner.js:316:5)
    at async start (/usr/src/app/test/integration/index.js:331:11)</failure>
    </testcase>
    <testcase id="2024-04-03T14:34:45.441Z" name="doc values keyword with ignore_above" file="node_v20.12.0: /free/search/400_synthetic_source.yml" time="0">
      <failure message="Cannot convert undefined or null to object">TypeError: Cannot convert undefined or null to object
    at Function.entries (&lt;anonymous&gt;)
    at doRedact (/usr/src/app/node_modules/@elastic/transport/lib/security.js:22:16)
    at /usr/src/app/node_modules/@elastic/transport/lib/security.js:30:44
    at Array.map (&lt;anonymous&gt;)
    at /usr/src/app/node_modules/@elastic/transport/lib/security.js:30:35
    at Array.forEach (&lt;anonymous&gt;)
    at doRedact (/usr/src/app/node_modules/@elastic/transport/lib/security.js:22:29)
    at /usr/src/app/node_modules/@elastic/transport/lib/security.js:36:33
    at Array.forEach (&lt;anonymous&gt;)
    at doRedact (/usr/src/app/node_modules/@elastic/transport/lib/security.js:22:29)</failure>
    </testcase>
    <testcase id="2024-04-03T14:34:45.465Z" name="stored keyword with ignore_above" file="node_v20.12.0: /free/search/400_synthetic_source.yml" time="0">
      <failure message="Cannot convert undefined or null to object">TypeError: Cannot convert undefined or null to object
    at Function.entries (&lt;anonymous&gt;)
    at doRedact (/usr/src/app/node_modules/@elastic/transport/lib/security.js:22:16)
    at /usr/src/app/node_modules/@elastic/transport/lib/security.js:30:44
    at Array.map (&lt;anonymous&gt;)
    at /usr/src/app/node_modules/@elastic/transport/lib/security.js:30:35
    at Array.forEach (&lt;anonymous&gt;)
    at doRedact (/usr/src/app/node_modules/@elastic/transport/lib/security.js:22:29)
    at /usr/src/app/node_modules/@elastic/transport/lib/security.js:36:33
    at Array.forEach (&lt;anonymous&gt;)
    at doRedact (/usr/src/app/node_modules/@elastic/transport/lib/security.js:22:29)</failure>
    </testcase>
    <testcase id="2024-04-03T14:34:45.505Z" name="_source filtering" file="node_v20.12.0: /free/search/400_synthetic_source.yml" time="0">
      <failure message="Cannot convert undefined or null to object">TypeError: Cannot convert undefined or null to object
    at Function.entries (&lt;anonymous&gt;)
    at doRedact (/usr/src/app/node_modules/@elastic/transport/lib/security.js:22:16)
    at /usr/src/app/node_modules/@elastic/transport/lib/security.js:30:44
    at Array.map (&lt;anonymous&gt;)
    at /usr/src/app/node_modules/@elastic/transport/lib/security.js:30:35
    at Array.forEach (&lt;anonymous&gt;)
    at doRedact (/usr/src/app/node_modules/@elastic/transport/lib/security.js:22:29)
    at /usr/src/app/node_modules/@elastic/transport/lib/security.js:36:33
    at Array.forEach (&lt;anonymous&gt;)
    at doRedact (/usr/src/app/node_modules/@elastic/transport/lib/security.js:22:29)</failure>
    </testcase>
    <testcase id="2024-04-03T14:34:45.547Z" name="_doc_count" file="node_v20.12.0: /free/search/400_synthetic_source.yml" time="0">
      <failure message="Cannot convert undefined or null to object">TypeError: Cannot convert undefined or null to object
    at Function.entries (&lt;anonymous&gt;)
    at doRedact (/usr/src/app/node_modules/@elastic/transport/lib/security.js:22:16)
    at /usr/src/app/node_modules/@elastic/transport/lib/security.js:30:44
    at Array.map (&lt;anonymous&gt;)
    at /usr/src/app/node_modules/@elastic/transport/lib/security.js:30:35
    at Array.forEach (&lt;anonymous&gt;)
    at doRedact (/usr/src/app/node_modules/@elastic/transport/lib/security.js:22:29)
    at /usr/src/app/node_modules/@elastic/transport/lib/security.js:36:33
    at Array.forEach (&lt;anonymous&gt;)
    at doRedact (/usr/src/app/node_modules/@elastic/transport/lib/security.js:22:29)</failure>
    </testcase>
  </testsuite>
  <testsuite id="2024-04-03T14:34:45.577Z" name="free/search - /free/search/40_indices_boost.yml" time="0" tests="5" failures="5" skipped="0">
    <testcase id="2024-04-03T14:34:45.577Z" name="Basic indices boost" file="node_v20.12.0: /free/search/40_indices_boost.yml" time="0">
      <failure message="should be equal: 3 - 2, action: {&quot;hits.total&quot;:2}: expected 3 to equal 2">AssertionError: should be equal: 3 - 2, action: {"hits.total":2}: expected 3 to equal 2
    at match (/usr/src/app/test/integration/test-runner.js:746:14)
    at exec (/usr/src/app/test/integration/test-runner.js:594:9)
    at process.processTicksAndRejections (node:internal/process/task_queues:95:5)
    at async Object.run (/usr/src/app/test/integration/test-runner.js:316:5)
    at async start (/usr/src/app/test/integration/index.js:331:11)</failure>
    </testcase>
    <testcase id="2024-04-03T14:34:45.776Z" name="Indices boost with alias" file="node_v20.12.0: /free/search/40_indices_boost.yml" time="0">
      <failure message="Cannot convert undefined or null to object">TypeError: Cannot convert undefined or null to object
    at Function.entries (&lt;anonymous&gt;)
    at doRedact (/usr/src/app/node_modules/@elastic/transport/lib/security.js:22:16)
    at /usr/src/app/node_modules/@elastic/transport/lib/security.js:30:44
    at Array.map (&lt;anonymous&gt;)
    at /usr/src/app/node_modules/@elastic/transport/lib/security.js:30:35
    at Array.forEach (&lt;anonymous&gt;)
    at doRedact (/usr/src/app/node_modules/@elastic/transport/lib/security.js:22:29)
    at /usr/src/app/node_modules/@elastic/transport/lib/security.js:36:33
    at Array.forEach (&lt;anonymous&gt;)
    at doRedact (/usr/src/app/node_modules/@elastic/transport/lib/security.js:22:29)</failure>
    </testcase>
    <testcase id="2024-04-03T14:34:45.804Z" name="Indices boost with wildcard" file="node_v20.12.0: /free/search/40_indices_boost.yml" time="0">
      <failure message="Cannot convert undefined or null to object">TypeError: Cannot convert undefined or null to object
    at Function.entries (&lt;anonymous&gt;)
    at doRedact (/usr/src/app/node_modules/@elastic/transport/lib/security.js:22:16)
    at /usr/src/app/node_modules/@elastic/transport/lib/security.js:30:44
    at Array.map (&lt;anonymous&gt;)
    at /usr/src/app/node_modules/@elastic/transport/lib/security.js:30:35
    at Array.forEach (&lt;anonymous&gt;)
    at doRedact (/usr/src/app/node_modules/@elastic/transport/lib/security.js:22:29)
    at /usr/src/app/node_modules/@elastic/transport/lib/security.js:36:33
    at Array.forEach (&lt;anonymous&gt;)
    at doRedact (/usr/src/app/node_modules/@elastic/transport/lib/security.js:22:29)</failure>
    </testcase>
    <testcase id="2024-04-03T14:34:45.842Z" name="Indices boost multiple match" file="node_v20.12.0: /free/search/40_indices_boost.yml" time="0">
      <failure message="Cannot convert undefined or null to object">TypeError: Cannot convert undefined or null to object
    at Function.entries (&lt;anonymous&gt;)
    at doRedact (/usr/src/app/node_modules/@elastic/transport/lib/security.js:22:16)
    at /usr/src/app/node_modules/@elastic/transport/lib/security.js:30:44
    at Array.map (&lt;anonymous&gt;)
    at /usr/src/app/node_modules/@elastic/transport/lib/security.js:30:35
    at Array.forEach (&lt;anonymous&gt;)
    at doRedact (/usr/src/app/node_modules/@elastic/transport/lib/security.js:22:29)
    at /usr/src/app/node_modules/@elastic/transport/lib/security.js:36:33
    at Array.forEach (&lt;anonymous&gt;)
    at doRedact (/usr/src/app/node_modules/@elastic/transport/lib/security.js:22:29)</failure>
    </testcase>
    <testcase id="2024-04-03T14:34:45.868Z" name="Indices boost for nonexistent index/alias" file="node_v20.12.0: /free/search/40_indices_boost.yml" time="0">
      <failure message="Cannot convert undefined or null to object">TypeError: Cannot convert undefined or null to object
    at Function.entries (&lt;anonymous&gt;)
    at doRedact (/usr/src/app/node_modules/@elastic/transport/lib/security.js:22:16)
    at /usr/src/app/node_modules/@elastic/transport/lib/security.js:30:44
    at Array.map (&lt;anonymous&gt;)
    at /usr/src/app/node_modules/@elastic/transport/lib/security.js:30:35
    at Array.forEach (&lt;anonymous&gt;)
    at doRedact (/usr/src/app/node_modules/@elastic/transport/lib/security.js:22:29)
    at /usr/src/app/node_modules/@elastic/transport/lib/security.js:36:33
    at Array.forEach (&lt;anonymous&gt;)
    at doRedact (/usr/src/app/node_modules/@elastic/transport/lib/security.js:22:29)</failure>
    </testcase>
  </testsuite>
  <testsuite id="2024-04-03T14:34:45.892Z" name="free/search - /free/search/410_named_queries.yml" time="1" tests="2" failures="0" skipped="0">
    <testcase id="2024-04-03T14:34:45.892Z" name="named_queries" file="node_v20.12.0: /free/search/410_named_queries.yml" time="0"/>
    <testcase id="2024-04-03T14:34:46.256Z" name="named_queries_with_score" file="node_v20.12.0: /free/search/410_named_queries.yml" time="0"/>
  </testsuite>
  <testsuite id="2024-04-03T14:34:46.651Z" name="free/search - /free/search/500_date_range.yml" time="2" tests="4" failures="0" skipped="0">
    <testcase id="2024-04-03T14:34:46.651Z" name="test range query for all docs with year uuuu" file="node_v20.12.0: /free/search/500_date_range.yml" time="0"/>
    <testcase id="2024-04-03T14:34:47.148Z" name="test match query gte and lt for single result with year uuuu" file="node_v20.12.0: /free/search/500_date_range.yml" time="1"/>
    <testcase id="2024-04-03T14:34:47.649Z" name="test match query gte and lte with year uuuu" file="node_v20.12.0: /free/search/500_date_range.yml" time="0"/>
    <testcase id="2024-04-03T14:34:48.059Z" name="test match query with year uuuu" file="node_v20.12.0: /free/search/500_date_range.yml" time="0"/>
  </testsuite>
  <testsuite id="2024-04-03T14:34:48.552Z" name="free/search - /free/search/60_query_string.yml" time="0" tests="1" failures="0" skipped="0">
    <testcase id="2024-04-03T14:34:48.552Z" name="search with query_string parameters" file="node_v20.12.0: /free/search/60_query_string.yml" time="0"/>
  </testsuite>
  <testsuite id="2024-04-03T14:34:48.925Z" name="free/search - /free/search/70_response_filtering.yml" time="1" tests="2" failures="0" skipped="0">
    <testcase id="2024-04-03T14:34:48.925Z" name="Search with response filtering" file="node_v20.12.0: /free/search/70_response_filtering.yml" time="0"/>
    <testcase id="2024-04-03T14:34:49.334Z" name="Search results filtered using both includes and excludes filters" file="node_v20.12.0: /free/search/70_response_filtering.yml" time="0"/>
  </testsuite>
  <testsuite id="2024-04-03T14:34:49.697Z" name="free/search - /free/search/80_indices_options.yml" time="0" tests="3" failures="2" skipped="1">
    <testcase id="2024-04-03T14:34:49.697Z" name="Missing index date math with catch" file="node_v20.12.0: /free/search/80_indices_options.yml" time="0">
      <failure message="the error should match: /logstash-\d{4}\.\d{2}\.\d{2}/, found undefined: expected false to be truthy">AssertionError: the error should match: /logstash-\d{4}\.\d{2}\.\d{2}/, found undefined: expected false to be truthy
    at doAction (/usr/src/app/test/integration/test-runner.js:544:14)
    at process.processTicksAndRejections (node:internal/process/task_queues:95:5)
    at async exec (/usr/src/app/test/integration/test-runner.js:578:9)
    at async Object.run (/usr/src/app/test/integration/test-runner.js:316:5)
    at async start (/usr/src/app/test/integration/index.js:331:11)</failure>
    </testcase>
    <testcase id="2024-04-03T14:34:49.733Z" name="Missing index" file="node_v20.12.0: /free/search/80_indices_options.yml" time="0">
      <failure message="the error should match: missing, found undefined: expected false to be truthy">AssertionError: the error should match: missing, found undefined: expected false to be truthy
    at doAction (/usr/src/app/test/integration/test-runner.js:544:14)
    at process.processTicksAndRejections (node:internal/process/task_queues:95:5)
    at async exec (/usr/src/app/test/integration/test-runner.js:578:9)
    at async Object.run (/usr/src/app/test/integration/test-runner.js:316:5)
    at async start (/usr/src/app/test/integration/index.js:331:11)</failure>
    </testcase>
    <testcase id="2024-04-03T14:34:49.757Z" name="Closed index" file="node_v20.12.0: /free/search/80_indices_options.yml" time="0">
      <skipped>{
  "features": [
    "allowed_warnings"
  ]
}</skipped>
    </testcase>
  </testsuite>
  <testsuite id="2024-04-03T14:34:50.061Z" name="free/search - /free/search/90_search_after.yml" time="1" tests="5" failures="2" skipped="0">
    <testcase id="2024-04-03T14:34:50.061Z" name="search with search_after parameter" file="node_v20.12.0: /free/search/90_search_after.yml" time="0"/>
    <testcase id="2024-04-03T14:34:50.473Z" name="date" file="node_v20.12.0: /free/search/90_search_after.yml" time="0"/>
    <testcase id="2024-04-03T14:34:50.817Z" name="date_nanos" file="node_v20.12.0: /free/search/90_search_after.yml" time="0"/>
    <testcase id="2024-04-03T14:34:51.231Z" name="_shard_doc sort" file="node_v20.12.0: /free/search/90_search_after.yml" time="0">
      <failure message="the error should match: /\[_shard_doc\] sort field cannot be used without \[point in time\]/, found undefined: expected false to be truthy">AssertionError: the error should match: /\[_shard_doc\] sort field cannot be used without \[point in time\]/, found undefined: expected false to be truthy
    at doAction (/usr/src/app/test/integration/test-runner.js:544:14)
    at process.processTicksAndRejections (node:internal/process/task_queues:95:5)
    at async exec (/usr/src/app/test/integration/test-runner.js:578:9)
    at async Object.run (/usr/src/app/test/integration/test-runner.js:316:5)
    at async start (/usr/src/app/test/integration/index.js:331:11)</failure>
    </testcase>
    <testcase id="2024-04-03T14:34:51.349Z" name="Format sort values" file="node_v20.12.0: /free/search/90_search_after.yml" time="0">
      <failure message="Cannot convert undefined or null to object">TypeError: Cannot convert undefined or null to object
    at Function.entries (&lt;anonymous&gt;)
    at doRedact (/usr/src/app/node_modules/@elastic/transport/lib/security.js:22:16)
    at /usr/src/app/node_modules/@elastic/transport/lib/security.js:30:44
    at Array.map (&lt;anonymous&gt;)
    at /usr/src/app/node_modules/@elastic/transport/lib/security.js:30:35
    at Array.forEach (&lt;anonymous&gt;)
    at doRedact (/usr/src/app/node_modules/@elastic/transport/lib/security.js:22:29)
    at /usr/src/app/node_modules/@elastic/transport/lib/security.js:36:33
    at Array.forEach (&lt;anonymous&gt;)
    at doRedact (/usr/src/app/node_modules/@elastic/transport/lib/security.js:22:29)</failure>
    </testcase>
  </testsuite>
  <testsuite id="2024-04-03T14:34:51.381Z" name="free/search - /free/search/issue4895.yml" time="0" tests="1" failures="1" skipped="0">
    <testcase id="2024-04-03T14:34:51.381Z" name="Test with _local preference placed in query body - should fail" file="node_v20.12.0: /free/search/issue4895.yml" time="0">
      <failure message="Cannot convert undefined or null to object">TypeError: Cannot convert undefined or null to object
    at Function.entries (&lt;anonymous&gt;)
    at doRedact (/usr/src/app/node_modules/@elastic/transport/lib/security.js:22:16)
    at /usr/src/app/node_modules/@elastic/transport/lib/security.js:30:44
    at Array.map (&lt;anonymous&gt;)
    at /usr/src/app/node_modules/@elastic/transport/lib/security.js:30:35
    at Array.forEach (&lt;anonymous&gt;)
    at doRedact (/usr/src/app/node_modules/@elastic/transport/lib/security.js:22:29)
    at /usr/src/app/node_modules/@elastic/transport/lib/security.js:36:33
    at Array.forEach (&lt;anonymous&gt;)
    at doRedact (/usr/src/app/node_modules/@elastic/transport/lib/security.js:22:29)</failure>
    </testcase>
  </testsuite>
  <testsuite id="2024-04-03T14:34:51.421Z" name="free/search.highlight - /free/search.highlight/10_unified.yml" time="0" tests="4" failures="4" skipped="0">
    <testcase id="2024-04-03T14:34:51.421Z" name="Basic multi_match query" file="node_v20.12.0: /free/search.highlight/10_unified.yml" time="0">
      <failure message="Cannot convert undefined or null to object">TypeError: Cannot convert undefined or null to object
    at Function.entries (&lt;anonymous&gt;)
    at doRedact (/usr/src/app/node_modules/@elastic/transport/lib/security.js:22:16)
    at /usr/src/app/node_modules/@elastic/transport/lib/security.js:30:44
    at Array.map (&lt;anonymous&gt;)
    at /usr/src/app/node_modules/@elastic/transport/lib/security.js:30:35
    at Array.forEach (&lt;anonymous&gt;)
    at doRedact (/usr/src/app/node_modules/@elastic/transport/lib/security.js:22:29)
    at /usr/src/app/node_modules/@elastic/transport/lib/security.js:36:33
    at Array.forEach (&lt;anonymous&gt;)
    at doRedact (/usr/src/app/node_modules/@elastic/transport/lib/security.js:22:29)</failure>
    </testcase>
    <testcase id="2024-04-03T14:34:51.446Z" name="Basic combined_fields query" file="node_v20.12.0: /free/search.highlight/10_unified.yml" time="0">
      <failure message="Cannot convert undefined or null to object">TypeError: Cannot convert undefined or null to object
    at Function.entries (&lt;anonymous&gt;)
    at doRedact (/usr/src/app/node_modules/@elastic/transport/lib/security.js:22:16)
    at /usr/src/app/node_modules/@elastic/transport/lib/security.js:30:44
    at Array.map (&lt;anonymous&gt;)
    at /usr/src/app/node_modules/@elastic/transport/lib/security.js:30:35
    at Array.forEach (&lt;anonymous&gt;)
    at doRedact (/usr/src/app/node_modules/@elastic/transport/lib/security.js:22:29)
    at /usr/src/app/node_modules/@elastic/transport/lib/security.js:36:33
    at Array.forEach (&lt;anonymous&gt;)
    at doRedact (/usr/src/app/node_modules/@elastic/transport/lib/security.js:22:29)</failure>
    </testcase>
    <testcase id="2024-04-03T14:34:51.470Z" name="Disable weight matches" file="node_v20.12.0: /free/search.highlight/10_unified.yml" time="0">
      <failure message="Cannot convert undefined or null to object">TypeError: Cannot convert undefined or null to object
    at Function.entries (&lt;anonymous&gt;)
    at doRedact (/usr/src/app/node_modules/@elastic/transport/lib/security.js:22:16)
    at /usr/src/app/node_modules/@elastic/transport/lib/security.js:30:44
    at Array.map (&lt;anonymous&gt;)
    at /usr/src/app/node_modules/@elastic/transport/lib/security.js:30:35
    at Array.forEach (&lt;anonymous&gt;)
    at doRedact (/usr/src/app/node_modules/@elastic/transport/lib/security.js:22:29)
    at /usr/src/app/node_modules/@elastic/transport/lib/security.js:36:33
    at Array.forEach (&lt;anonymous&gt;)
    at doRedact (/usr/src/app/node_modules/@elastic/transport/lib/security.js:22:29)</failure>
    </testcase>
    <testcase id="2024-04-03T14:34:51.497Z" name="Test hybrid search with knn where automatically disables weighted mode" file="node_v20.12.0: /free/search.highlight/10_unified.yml" time="0">
      <failure message="Cannot convert undefined or null to object">TypeError: Cannot convert undefined or null to object
    at Function.entries (&lt;anonymous&gt;)
    at doRedact (/usr/src/app/node_modules/@elastic/transport/lib/security.js:22:16)
    at /usr/src/app/node_modules/@elastic/transport/lib/security.js:30:44
    at Array.map (&lt;anonymous&gt;)
    at /usr/src/app/node_modules/@elastic/transport/lib/security.js:30:35
    at Array.forEach (&lt;anonymous&gt;)
    at doRedact (/usr/src/app/node_modules/@elastic/transport/lib/security.js:22:29)
    at /usr/src/app/node_modules/@elastic/transport/lib/security.js:36:33
    at Array.forEach (&lt;anonymous&gt;)
    at doRedact (/usr/src/app/node_modules/@elastic/transport/lib/security.js:22:29)</failure>
    </testcase>
  </testsuite>
  <testsuite id="2024-04-03T14:34:51.522Z" name="free/search.highlight - /free/search.highlight/20_fvh.yml" time="0" tests="3" failures="3" skipped="0">
    <testcase id="2024-04-03T14:34:51.522Z" name="Highlight query" file="node_v20.12.0: /free/search.highlight/20_fvh.yml" time="0">
      <failure message="Cannot convert undefined or null to object">TypeError: Cannot convert undefined or null to object
    at Function.entries (&lt;anonymous&gt;)
    at doRedact (/usr/src/app/node_modules/@elastic/transport/lib/security.js:22:16)
    at /usr/src/app/node_modules/@elastic/transport/lib/security.js:30:44
    at Array.map (&lt;anonymous&gt;)
    at /usr/src/app/node_modules/@elastic/transport/lib/security.js:30:35
    at Array.forEach (&lt;anonymous&gt;)
    at doRedact (/usr/src/app/node_modules/@elastic/transport/lib/security.js:22:29)
    at /usr/src/app/node_modules/@elastic/transport/lib/security.js:36:33
    at Array.forEach (&lt;anonymous&gt;)
    at doRedact (/usr/src/app/node_modules/@elastic/transport/lib/security.js:22:29)</failure>
    </testcase>
    <testcase id="2024-04-03T14:34:51.546Z" name="Highlight multiple documents" file="node_v20.12.0: /free/search.highlight/20_fvh.yml" time="0">
      <failure message="Cannot convert undefined or null to object">TypeError: Cannot convert undefined or null to object
    at Function.entries (&lt;anonymous&gt;)
    at doRedact (/usr/src/app/node_modules/@elastic/transport/lib/security.js:22:16)
    at /usr/src/app/node_modules/@elastic/transport/lib/security.js:30:44
    at Array.map (&lt;anonymous&gt;)
    at /usr/src/app/node_modules/@elastic/transport/lib/security.js:30:35
    at Array.forEach (&lt;anonymous&gt;)
    at doRedact (/usr/src/app/node_modules/@elastic/transport/lib/security.js:22:29)
    at /usr/src/app/node_modules/@elastic/transport/lib/security.js:36:33
    at Array.forEach (&lt;anonymous&gt;)
    at doRedact (/usr/src/app/node_modules/@elastic/transport/lib/security.js:22:29)</failure>
    </testcase>
    <testcase id="2024-04-03T14:34:51.571Z" name="Highlight multiple nested documents" file="node_v20.12.0: /free/search.highlight/20_fvh.yml" time="0">
      <failure message="Cannot convert undefined or null to object">TypeError: Cannot convert undefined or null to object
    at Function.entries (&lt;anonymous&gt;)
    at doRedact (/usr/src/app/node_modules/@elastic/transport/lib/security.js:22:16)
    at /usr/src/app/node_modules/@elastic/transport/lib/security.js:30:44
    at Array.map (&lt;anonymous&gt;)
    at /usr/src/app/node_modules/@elastic/transport/lib/security.js:30:35
    at Array.forEach (&lt;anonymous&gt;)
    at doRedact (/usr/src/app/node_modules/@elastic/transport/lib/security.js:22:29)
    at /usr/src/app/node_modules/@elastic/transport/lib/security.js:36:33
    at Array.forEach (&lt;anonymous&gt;)
    at doRedact (/usr/src/app/node_modules/@elastic/transport/lib/security.js:22:29)</failure>
    </testcase>
  </testsuite>
  <testsuite id="2024-04-03T14:34:51.595Z" name="free/search.highlight - /free/search.highlight/30_max_analyzed_offset.yml" time="0" tests="8" failures="8" skipped="0">
    <testcase id="2024-04-03T14:34:51.595Z" name="Unified highlighter on a field WITHOUT OFFSETS exceeding index.highlight.max_analyzed_offset should FAIL" file="node_v20.12.0: /free/search.highlight/30_max_analyzed_offset.yml" time="0">
      <failure message="the error should match: bad_request, found undefined: expected false to be truthy">AssertionError: the error should match: bad_request, found undefined: expected false to be truthy
    at doAction (/usr/src/app/test/integration/test-runner.js:544:14)
    at process.processTicksAndRejections (node:internal/process/task_queues:95:5)
    at async exec (/usr/src/app/test/integration/test-runner.js:578:9)
    at async Object.run (/usr/src/app/test/integration/test-runner.js:316:5)
    at async start (/usr/src/app/test/integration/index.js:331:11)</failure>
    </testcase>
    <testcase id="2024-04-03T14:34:51.682Z" name="Unified highlighter on a field WITHOUT OFFSETS exceeding index.highlight.max_analyzed_offset with max_analyzed_offset=20 should SUCCEED" file="node_v20.12.0: /free/search.highlight/30_max_analyzed_offset.yml" time="0">
      <failure message="Cannot convert undefined or null to object">TypeError: Cannot convert undefined or null to object
    at Function.entries (&lt;anonymous&gt;)
    at doRedact (/usr/src/app/node_modules/@elastic/transport/lib/security.js:22:16)
    at /usr/src/app/node_modules/@elastic/transport/lib/security.js:30:44
    at Array.map (&lt;anonymous&gt;)
    at /usr/src/app/node_modules/@elastic/transport/lib/security.js:30:35
    at Array.forEach (&lt;anonymous&gt;)
    at doRedact (/usr/src/app/node_modules/@elastic/transport/lib/security.js:22:29)
    at /usr/src/app/node_modules/@elastic/transport/lib/security.js:36:33
    at Array.forEach (&lt;anonymous&gt;)
    at doRedact (/usr/src/app/node_modules/@elastic/transport/lib/security.js:22:29)</failure>
    </testcase>
    <testcase id="2024-04-03T14:34:51.707Z" name="Plain highlighter on a field WITHOUT OFFSETS exceeding index.highlight.max_analyzed_offset should FAIL" file="node_v20.12.0: /free/search.highlight/30_max_analyzed_offset.yml" time="0">
      <failure message="Cannot convert undefined or null to object">TypeError: Cannot convert undefined or null to object
    at Function.entries (&lt;anonymous&gt;)
    at doRedact (/usr/src/app/node_modules/@elastic/transport/lib/security.js:22:16)
    at /usr/src/app/node_modules/@elastic/transport/lib/security.js:30:44
    at Array.map (&lt;anonymous&gt;)
    at /usr/src/app/node_modules/@elastic/transport/lib/security.js:30:35
    at Array.forEach (&lt;anonymous&gt;)
    at doRedact (/usr/src/app/node_modules/@elastic/transport/lib/security.js:22:29)
    at /usr/src/app/node_modules/@elastic/transport/lib/security.js:36:33
    at Array.forEach (&lt;anonymous&gt;)
    at doRedact (/usr/src/app/node_modules/@elastic/transport/lib/security.js:22:29)</failure>
    </testcase>
    <testcase id="2024-04-03T14:34:51.732Z" name="Plain highlighter on a field WITHOUT OFFSETS exceeding index.highlight.max_analyzed_offset with max_analyzed_offset=20 should SUCCEED" file="node_v20.12.0: /free/search.highlight/30_max_analyzed_offset.yml" time="0">
      <failure message="Cannot convert undefined or null to object">TypeError: Cannot convert undefined or null to object
    at Function.entries (&lt;anonymous&gt;)
    at doRedact (/usr/src/app/node_modules/@elastic/transport/lib/security.js:22:16)
    at /usr/src/app/node_modules/@elastic/transport/lib/security.js:30:44
    at Array.map (&lt;anonymous&gt;)
    at /usr/src/app/node_modules/@elastic/transport/lib/security.js:30:35
    at Array.forEach (&lt;anonymous&gt;)
    at doRedact (/usr/src/app/node_modules/@elastic/transport/lib/security.js:22:29)
    at /usr/src/app/node_modules/@elastic/transport/lib/security.js:36:33
    at Array.forEach (&lt;anonymous&gt;)
    at doRedact (/usr/src/app/node_modules/@elastic/transport/lib/security.js:22:29)</failure>
    </testcase>
    <testcase id="2024-04-03T14:34:51.757Z" name="Unified highlighter on a field WITH OFFSETS exceeding index.highlight.max_analyzed_offset should SUCCEED" file="node_v20.12.0: /free/search.highlight/30_max_analyzed_offset.yml" time="0">
      <failure message="Cannot convert undefined or null to object">TypeError: Cannot convert undefined or null to object
    at Function.entries (&lt;anonymous&gt;)
    at doRedact (/usr/src/app/node_modules/@elastic/transport/lib/security.js:22:16)
    at /usr/src/app/node_modules/@elastic/transport/lib/security.js:30:44
    at Array.map (&lt;anonymous&gt;)
    at /usr/src/app/node_modules/@elastic/transport/lib/security.js:30:35
    at Array.forEach (&lt;anonymous&gt;)
    at doRedact (/usr/src/app/node_modules/@elastic/transport/lib/security.js:22:29)
    at /usr/src/app/node_modules/@elastic/transport/lib/security.js:36:33
    at Array.forEach (&lt;anonymous&gt;)
    at doRedact (/usr/src/app/node_modules/@elastic/transport/lib/security.js:22:29)</failure>
    </testcase>
    <testcase id="2024-04-03T14:34:51.781Z" name="Plain highlighter on a field WITH OFFSETS exceeding index.highlight.max_analyzed_offset should FAIL" file="node_v20.12.0: /free/search.highlight/30_max_analyzed_offset.yml" time="0">
      <failure message="Cannot convert undefined or null to object">TypeError: Cannot convert undefined or null to object
    at Function.entries (&lt;anonymous&gt;)
    at doRedact (/usr/src/app/node_modules/@elastic/transport/lib/security.js:22:16)
    at /usr/src/app/node_modules/@elastic/transport/lib/security.js:30:44
    at Array.map (&lt;anonymous&gt;)
    at /usr/src/app/node_modules/@elastic/transport/lib/security.js:30:35
    at Array.forEach (&lt;anonymous&gt;)
    at doRedact (/usr/src/app/node_modules/@elastic/transport/lib/security.js:22:29)
    at /usr/src/app/node_modules/@elastic/transport/lib/security.js:36:33
    at Array.forEach (&lt;anonymous&gt;)
    at doRedact (/usr/src/app/node_modules/@elastic/transport/lib/security.js:22:29)</failure>
    </testcase>
    <testcase id="2024-04-03T14:34:51.806Z" name="Plain highlighter on a field WITH OFFSETS exceeding index.highlight.max_analyzed_offset with max_analyzed_offset=20 should SUCCEED" file="node_v20.12.0: /free/search.highlight/30_max_analyzed_offset.yml" time="0">
      <failure message="Cannot convert undefined or null to object">TypeError: Cannot convert undefined or null to object
    at Function.entries (&lt;anonymous&gt;)
    at doRedact (/usr/src/app/node_modules/@elastic/transport/lib/security.js:22:16)
    at /usr/src/app/node_modules/@elastic/transport/lib/security.js:30:44
    at Array.map (&lt;anonymous&gt;)
    at /usr/src/app/node_modules/@elastic/transport/lib/security.js:30:35
    at Array.forEach (&lt;anonymous&gt;)
    at doRedact (/usr/src/app/node_modules/@elastic/transport/lib/security.js:22:29)
    at /usr/src/app/node_modules/@elastic/transport/lib/security.js:36:33
    at Array.forEach (&lt;anonymous&gt;)
    at doRedact (/usr/src/app/node_modules/@elastic/transport/lib/security.js:22:29)</failure>
    </testcase>
    <testcase id="2024-04-03T14:34:51.833Z" name="Plain highlighter with max_analyzed_offset &lt; 0 should FAIL" file="node_v20.12.0: /free/search.highlight/30_max_analyzed_offset.yml" time="0">
      <failure message="Cannot convert undefined or null to object">TypeError: Cannot convert undefined or null to object
    at Function.entries (&lt;anonymous&gt;)
    at doRedact (/usr/src/app/node_modules/@elastic/transport/lib/security.js:22:16)
    at /usr/src/app/node_modules/@elastic/transport/lib/security.js:30:44
    at Array.map (&lt;anonymous&gt;)
    at /usr/src/app/node_modules/@elastic/transport/lib/security.js:30:35
    at Array.forEach (&lt;anonymous&gt;)
    at doRedact (/usr/src/app/node_modules/@elastic/transport/lib/security.js:22:29)
    at /usr/src/app/node_modules/@elastic/transport/lib/security.js:36:33
    at Array.forEach (&lt;anonymous&gt;)
    at doRedact (/usr/src/app/node_modules/@elastic/transport/lib/security.js:22:29)</failure>
    </testcase>
  </testsuite>
  <testsuite id="2024-04-03T14:34:51.857Z" name="free/search.highlight - /free/search.highlight/40_keyword_ignore.yml" time="1" tests="2" failures="0" skipped="0">
    <testcase id="2024-04-03T14:34:51.857Z" name="Plain Highligher should skip highlighting ignored keyword values" file="node_v20.12.0: /free/search.highlight/40_keyword_ignore.yml" time="0"/>
    <testcase id="2024-04-03T14:34:52.348Z" name="Unified Highligher should skip highlighting ignored keyword values" file="node_v20.12.0: /free/search.highlight/40_keyword_ignore.yml" time="0"/>
  </testsuite>
  <testsuite id="2024-04-03T14:34:52.822Z" name="free/search.highlight - /free/search.highlight/50_synthetic_source.yml" time="2" tests="18" failures="14" skipped="0">
    <testcase id="2024-04-03T14:34:52.822Z" name="keyword single plain" file="node_v20.12.0: /free/search.highlight/50_synthetic_source.yml" time="0"/>
    <testcase id="2024-04-03T14:34:53.270Z" name="keyword multi plain" file="node_v20.12.0: /free/search.highlight/50_synthetic_source.yml" time="0"/>
    <testcase id="2024-04-03T14:34:53.668Z" name="keyword single unified" file="node_v20.12.0: /free/search.highlight/50_synthetic_source.yml" time="0"/>
    <testcase id="2024-04-03T14:34:54.034Z" name="keyword multi unified" file="node_v20.12.0: /free/search.highlight/50_synthetic_source.yml" time="0"/>
    <testcase id="2024-04-03T14:34:54.521Z" name="keyword single fvh" file="node_v20.12.0: /free/search.highlight/50_synthetic_source.yml" time="0">
      <failure message="the error should match: /the field \[foo\] should be indexed with term vector with position offsets to be used with fast vector highlighter/, found undefined: expected false to be truthy">AssertionError: the error should match: /the field \[foo\] should be indexed with term vector with position offsets to be used with fast vector highlighter/, found undefined: expected false to be truthy
    at doAction (/usr/src/app/test/integration/test-runner.js:544:14)
    at process.processTicksAndRejections (node:internal/process/task_queues:95:5)
    at async exec (/usr/src/app/test/integration/test-runner.js:578:9)
    at async Object.run (/usr/src/app/test/integration/test-runner.js:316:5)
    at async start (/usr/src/app/test/integration/index.js:331:11)</failure>
    </testcase>
    <testcase id="2024-04-03T14:34:54.598Z" name="keyword multi fvh" file="node_v20.12.0: /free/search.highlight/50_synthetic_source.yml" time="0">
      <failure message="Cannot convert undefined or null to object">TypeError: Cannot convert undefined or null to object
    at Function.entries (&lt;anonymous&gt;)
    at doRedact (/usr/src/app/node_modules/@elastic/transport/lib/security.js:22:16)
    at /usr/src/app/node_modules/@elastic/transport/lib/security.js:30:44
    at Array.map (&lt;anonymous&gt;)
    at /usr/src/app/node_modules/@elastic/transport/lib/security.js:30:35
    at Array.forEach (&lt;anonymous&gt;)
    at doRedact (/usr/src/app/node_modules/@elastic/transport/lib/security.js:22:29)
    at /usr/src/app/node_modules/@elastic/transport/lib/security.js:36:33
    at Array.forEach (&lt;anonymous&gt;)
    at doRedact (/usr/src/app/node_modules/@elastic/transport/lib/security.js:22:29)</failure>
    </testcase>
    <testcase id="2024-04-03T14:34:54.628Z" name="text single plain" file="node_v20.12.0: /free/search.highlight/50_synthetic_source.yml" time="0">
      <failure message="Cannot convert undefined or null to object">TypeError: Cannot convert undefined or null to object
    at Function.entries (&lt;anonymous&gt;)
    at doRedact (/usr/src/app/node_modules/@elastic/transport/lib/security.js:22:16)
    at /usr/src/app/node_modules/@elastic/transport/lib/security.js:30:44
    at Array.map (&lt;anonymous&gt;)
    at /usr/src/app/node_modules/@elastic/transport/lib/security.js:30:35
    at Array.forEach (&lt;anonymous&gt;)
    at doRedact (/usr/src/app/node_modules/@elastic/transport/lib/security.js:22:29)
    at /usr/src/app/node_modules/@elastic/transport/lib/security.js:36:33
    at Array.forEach (&lt;anonymous&gt;)
    at doRedact (/usr/src/app/node_modules/@elastic/transport/lib/security.js:22:29)</failure>
    </testcase>
    <testcase id="2024-04-03T14:34:54.657Z" name="text multi plain" file="node_v20.12.0: /free/search.highlight/50_synthetic_source.yml" time="0">
      <failure message="Cannot convert undefined or null to object">TypeError: Cannot convert undefined or null to object
    at Function.entries (&lt;anonymous&gt;)
    at doRedact (/usr/src/app/node_modules/@elastic/transport/lib/security.js:22:16)
    at /usr/src/app/node_modules/@elastic/transport/lib/security.js:30:44
    at Array.map (&lt;anonymous&gt;)
    at /usr/src/app/node_modules/@elastic/transport/lib/security.js:30:35
    at Array.forEach (&lt;anonymous&gt;)
    at doRedact (/usr/src/app/node_modules/@elastic/transport/lib/security.js:22:29)
    at /usr/src/app/node_modules/@elastic/transport/lib/security.js:36:33
    at Array.forEach (&lt;anonymous&gt;)
    at doRedact (/usr/src/app/node_modules/@elastic/transport/lib/security.js:22:29)</failure>
    </testcase>
    <testcase id="2024-04-03T14:34:54.681Z" name="text single unified from reanalysis" file="node_v20.12.0: /free/search.highlight/50_synthetic_source.yml" time="0">
      <failure message="Cannot convert undefined or null to object">TypeError: Cannot convert undefined or null to object
    at Function.entries (&lt;anonymous&gt;)
    at doRedact (/usr/src/app/node_modules/@elastic/transport/lib/security.js:22:16)
    at /usr/src/app/node_modules/@elastic/transport/lib/security.js:30:44
    at Array.map (&lt;anonymous&gt;)
    at /usr/src/app/node_modules/@elastic/transport/lib/security.js:30:35
    at Array.forEach (&lt;anonymous&gt;)
    at doRedact (/usr/src/app/node_modules/@elastic/transport/lib/security.js:22:29)
    at /usr/src/app/node_modules/@elastic/transport/lib/security.js:36:33
    at Array.forEach (&lt;anonymous&gt;)
    at doRedact (/usr/src/app/node_modules/@elastic/transport/lib/security.js:22:29)</failure>
    </testcase>
    <testcase id="2024-04-03T14:34:54.706Z" name="text multi unified from reanalysis" file="node_v20.12.0: /free/search.highlight/50_synthetic_source.yml" time="0">
      <failure message="Cannot convert undefined or null to object">TypeError: Cannot convert undefined or null to object
    at Function.entries (&lt;anonymous&gt;)
    at doRedact (/usr/src/app/node_modules/@elastic/transport/lib/security.js:22:16)
    at /usr/src/app/node_modules/@elastic/transport/lib/security.js:30:44
    at Array.map (&lt;anonymous&gt;)
    at /usr/src/app/node_modules/@elastic/transport/lib/security.js:30:35
    at Array.forEach (&lt;anonymous&gt;)
    at doRedact (/usr/src/app/node_modules/@elastic/transport/lib/security.js:22:29)
    at /usr/src/app/node_modules/@elastic/transport/lib/security.js:36:33
    at Array.forEach (&lt;anonymous&gt;)
    at doRedact (/usr/src/app/node_modules/@elastic/transport/lib/security.js:22:29)</failure>
    </testcase>
    <testcase id="2024-04-03T14:34:54.732Z" name="text single unified from positions" file="node_v20.12.0: /free/search.highlight/50_synthetic_source.yml" time="0">
      <failure message="Cannot convert undefined or null to object">TypeError: Cannot convert undefined or null to object
    at Function.entries (&lt;anonymous&gt;)
    at doRedact (/usr/src/app/node_modules/@elastic/transport/lib/security.js:22:16)
    at /usr/src/app/node_modules/@elastic/transport/lib/security.js:30:44
    at Array.map (&lt;anonymous&gt;)
    at /usr/src/app/node_modules/@elastic/transport/lib/security.js:30:35
    at Array.forEach (&lt;anonymous&gt;)
    at doRedact (/usr/src/app/node_modules/@elastic/transport/lib/security.js:22:29)
    at /usr/src/app/node_modules/@elastic/transport/lib/security.js:36:33
    at Array.forEach (&lt;anonymous&gt;)
    at doRedact (/usr/src/app/node_modules/@elastic/transport/lib/security.js:22:29)</failure>
    </testcase>
    <testcase id="2024-04-03T14:34:54.757Z" name="text multi unified from positions" file="node_v20.12.0: /free/search.highlight/50_synthetic_source.yml" time="0">
      <failure message="Cannot convert undefined or null to object">TypeError: Cannot convert undefined or null to object
    at Function.entries (&lt;anonymous&gt;)
    at doRedact (/usr/src/app/node_modules/@elastic/transport/lib/security.js:22:16)
    at /usr/src/app/node_modules/@elastic/transport/lib/security.js:30:44
    at Array.map (&lt;anonymous&gt;)
    at /usr/src/app/node_modules/@elastic/transport/lib/security.js:30:35
    at Array.forEach (&lt;anonymous&gt;)
    at doRedact (/usr/src/app/node_modules/@elastic/transport/lib/security.js:22:29)
    at /usr/src/app/node_modules/@elastic/transport/lib/security.js:36:33
    at Array.forEach (&lt;anonymous&gt;)
    at doRedact (/usr/src/app/node_modules/@elastic/transport/lib/security.js:22:29)</failure>
    </testcase>
    <testcase id="2024-04-03T14:34:54.782Z" name="text single unified from vectors" file="node_v20.12.0: /free/search.highlight/50_synthetic_source.yml" time="0">
      <failure message="Cannot convert undefined or null to object">TypeError: Cannot convert undefined or null to object
    at Function.entries (&lt;anonymous&gt;)
    at doRedact (/usr/src/app/node_modules/@elastic/transport/lib/security.js:22:16)
    at /usr/src/app/node_modules/@elastic/transport/lib/security.js:30:44
    at Array.map (&lt;anonymous&gt;)
    at /usr/src/app/node_modules/@elastic/transport/lib/security.js:30:35
    at Array.forEach (&lt;anonymous&gt;)
    at doRedact (/usr/src/app/node_modules/@elastic/transport/lib/security.js:22:29)
    at /usr/src/app/node_modules/@elastic/transport/lib/security.js:36:33
    at Array.forEach (&lt;anonymous&gt;)
    at doRedact (/usr/src/app/node_modules/@elastic/transport/lib/security.js:22:29)</failure>
    </testcase>
    <testcase id="2024-04-03T14:34:54.809Z" name="text multi unified from vectors" file="node_v20.12.0: /free/search.highlight/50_synthetic_source.yml" time="0">
      <failure message="Cannot convert undefined or null to object">TypeError: Cannot convert undefined or null to object
    at Function.entries (&lt;anonymous&gt;)
    at doRedact (/usr/src/app/node_modules/@elastic/transport/lib/security.js:22:16)
    at /usr/src/app/node_modules/@elastic/transport/lib/security.js:30:44
    at Array.map (&lt;anonymous&gt;)
    at /usr/src/app/node_modules/@elastic/transport/lib/security.js:30:35
    at Array.forEach (&lt;anonymous&gt;)
    at doRedact (/usr/src/app/node_modules/@elastic/transport/lib/security.js:22:29)
    at /usr/src/app/node_modules/@elastic/transport/lib/security.js:36:33
    at Array.forEach (&lt;anonymous&gt;)
    at doRedact (/usr/src/app/node_modules/@elastic/transport/lib/security.js:22:29)</failure>
    </testcase>
    <testcase id="2024-04-03T14:34:54.837Z" name="text single fvh source order" file="node_v20.12.0: /free/search.highlight/50_synthetic_source.yml" time="0">
      <failure message="Cannot convert undefined or null to object">TypeError: Cannot convert undefined or null to object
    at Function.entries (&lt;anonymous&gt;)
    at doRedact (/usr/src/app/node_modules/@elastic/transport/lib/security.js:22:16)
    at /usr/src/app/node_modules/@elastic/transport/lib/security.js:30:44
    at Array.map (&lt;anonymous&gt;)
    at /usr/src/app/node_modules/@elastic/transport/lib/security.js:30:35
    at Array.forEach (&lt;anonymous&gt;)
    at doRedact (/usr/src/app/node_modules/@elastic/transport/lib/security.js:22:29)
    at /usr/src/app/node_modules/@elastic/transport/lib/security.js:36:33
    at Array.forEach (&lt;anonymous&gt;)
    at doRedact (/usr/src/app/node_modules/@elastic/transport/lib/security.js:22:29)</failure>
    </testcase>
    <testcase id="2024-04-03T14:34:54.862Z" name="text multi fvh source order" file="node_v20.12.0: /free/search.highlight/50_synthetic_source.yml" time="0">
      <failure message="Cannot convert undefined or null to object">TypeError: Cannot convert undefined or null to object
    at Function.entries (&lt;anonymous&gt;)
    at doRedact (/usr/src/app/node_modules/@elastic/transport/lib/security.js:22:16)
    at /usr/src/app/node_modules/@elastic/transport/lib/security.js:30:44
    at Array.map (&lt;anonymous&gt;)
    at /usr/src/app/node_modules/@elastic/transport/lib/security.js:30:35
    at Array.forEach (&lt;anonymous&gt;)
    at doRedact (/usr/src/app/node_modules/@elastic/transport/lib/security.js:22:29)
    at /usr/src/app/node_modules/@elastic/transport/lib/security.js:36:33
    at Array.forEach (&lt;anonymous&gt;)
    at doRedact (/usr/src/app/node_modules/@elastic/transport/lib/security.js:22:29)</failure>
    </testcase>
    <testcase id="2024-04-03T14:34:54.889Z" name="text single fvh score order" file="node_v20.12.0: /free/search.highlight/50_synthetic_source.yml" time="0">
      <failure message="Cannot convert undefined or null to object">TypeError: Cannot convert undefined or null to object
    at Function.entries (&lt;anonymous&gt;)
    at doRedact (/usr/src/app/node_modules/@elastic/transport/lib/security.js:22:16)
    at /usr/src/app/node_modules/@elastic/transport/lib/security.js:30:44
    at Array.map (&lt;anonymous&gt;)
    at /usr/src/app/node_modules/@elastic/transport/lib/security.js:30:35
    at Array.forEach (&lt;anonymous&gt;)
    at doRedact (/usr/src/app/node_modules/@elastic/transport/lib/security.js:22:29)
    at /usr/src/app/node_modules/@elastic/transport/lib/security.js:36:33
    at Array.forEach (&lt;anonymous&gt;)
    at doRedact (/usr/src/app/node_modules/@elastic/transport/lib/security.js:22:29)</failure>
    </testcase>
    <testcase id="2024-04-03T14:34:54.932Z" name="text multi fvh score order" file="node_v20.12.0: /free/search.highlight/50_synthetic_source.yml" time="0">
      <failure message="Cannot convert undefined or null to object">TypeError: Cannot convert undefined or null to object
    at Function.entries (&lt;anonymous&gt;)
    at doRedact (/usr/src/app/node_modules/@elastic/transport/lib/security.js:22:16)
    at /usr/src/app/node_modules/@elastic/transport/lib/security.js:30:44
    at Array.map (&lt;anonymous&gt;)
    at /usr/src/app/node_modules/@elastic/transport/lib/security.js:30:35
    at Array.forEach (&lt;anonymous&gt;)
    at doRedact (/usr/src/app/node_modules/@elastic/transport/lib/security.js:22:29)
    at /usr/src/app/node_modules/@elastic/transport/lib/security.js:36:33
    at Array.forEach (&lt;anonymous&gt;)
    at doRedact (/usr/src/app/node_modules/@elastic/transport/lib/security.js:22:29)</failure>
    </testcase>
  </testsuite>
  <testsuite id="2024-04-03T14:34:54.962Z" name="free/search.inner_hits - /free/search.inner_hits/10_basic.yml" time="0" tests="3" failures="3" skipped="0">
    <testcase id="2024-04-03T14:34:54.962Z" name="Nested inner hits" file="node_v20.12.0: /free/search.inner_hits/10_basic.yml" time="0">
      <failure message="Cannot convert undefined or null to object">TypeError: Cannot convert undefined or null to object
    at Function.entries (&lt;anonymous&gt;)
    at doRedact (/usr/src/app/node_modules/@elastic/transport/lib/security.js:22:16)
    at /usr/src/app/node_modules/@elastic/transport/lib/security.js:30:44
    at Array.map (&lt;anonymous&gt;)
    at /usr/src/app/node_modules/@elastic/transport/lib/security.js:30:35
    at Array.forEach (&lt;anonymous&gt;)
    at doRedact (/usr/src/app/node_modules/@elastic/transport/lib/security.js:22:29)
    at /usr/src/app/node_modules/@elastic/transport/lib/security.js:36:33
    at Array.forEach (&lt;anonymous&gt;)
    at doRedact (/usr/src/app/node_modules/@elastic/transport/lib/security.js:22:29)</failure>
    </testcase>
    <testcase id="2024-04-03T14:34:54.996Z" name="Nested doc version and seqIDs" file="node_v20.12.0: /free/search.inner_hits/10_basic.yml" time="0">
      <failure message="Cannot convert undefined or null to object">TypeError: Cannot convert undefined or null to object
    at Function.entries (&lt;anonymous&gt;)
    at doRedact (/usr/src/app/node_modules/@elastic/transport/lib/security.js:22:16)
    at /usr/src/app/node_modules/@elastic/transport/lib/security.js:30:44
    at Array.map (&lt;anonymous&gt;)
    at /usr/src/app/node_modules/@elastic/transport/lib/security.js:30:35
    at Array.forEach (&lt;anonymous&gt;)
    at doRedact (/usr/src/app/node_modules/@elastic/transport/lib/security.js:22:29)
    at /usr/src/app/node_modules/@elastic/transport/lib/security.js:36:33
    at Array.forEach (&lt;anonymous&gt;)
    at doRedact (/usr/src/app/node_modules/@elastic/transport/lib/security.js:22:29)</failure>
    </testcase>
    <testcase id="2024-04-03T14:34:55.021Z" name="Inner hits with disabled _source" file="node_v20.12.0: /free/search.inner_hits/10_basic.yml" time="0">
      <failure message="Cannot convert undefined or null to object">TypeError: Cannot convert undefined or null to object
    at Function.entries (&lt;anonymous&gt;)
    at doRedact (/usr/src/app/node_modules/@elastic/transport/lib/security.js:22:16)
    at /usr/src/app/node_modules/@elastic/transport/lib/security.js:30:44
    at Array.map (&lt;anonymous&gt;)
    at /usr/src/app/node_modules/@elastic/transport/lib/security.js:30:35
    at Array.forEach (&lt;anonymous&gt;)
    at doRedact (/usr/src/app/node_modules/@elastic/transport/lib/security.js:22:29)
    at /usr/src/app/node_modules/@elastic/transport/lib/security.js:36:33
    at Array.forEach (&lt;anonymous&gt;)
    at doRedact (/usr/src/app/node_modules/@elastic/transport/lib/security.js:22:29)</failure>
    </testcase>
  </testsuite>
  <testsuite id="2024-04-03T14:34:55.046Z" name="free/search.inner_hits - /free/search.inner_hits/20_highlighting.yml" time="0" tests="3" failures="3" skipped="0">
    <testcase id="2024-04-03T14:34:55.046Z" name="Unified highlighter" file="node_v20.12.0: /free/search.inner_hits/20_highlighting.yml" time="0">
      <failure message="Cannot convert undefined or null to object">TypeError: Cannot convert undefined or null to object
    at Function.entries (&lt;anonymous&gt;)
    at doRedact (/usr/src/app/node_modules/@elastic/transport/lib/security.js:22:16)
    at /usr/src/app/node_modules/@elastic/transport/lib/security.js:30:44
    at Array.map (&lt;anonymous&gt;)
    at /usr/src/app/node_modules/@elastic/transport/lib/security.js:30:35
    at Array.forEach (&lt;anonymous&gt;)
    at doRedact (/usr/src/app/node_modules/@elastic/transport/lib/security.js:22:29)
    at /usr/src/app/node_modules/@elastic/transport/lib/security.js:36:33
    at Array.forEach (&lt;anonymous&gt;)
    at doRedact (/usr/src/app/node_modules/@elastic/transport/lib/security.js:22:29)</failure>
    </testcase>
    <testcase id="2024-04-03T14:34:55.071Z" name="Unified highlighter with stored fields" file="node_v20.12.0: /free/search.inner_hits/20_highlighting.yml" time="0">
      <failure message="Cannot convert undefined or null to object">TypeError: Cannot convert undefined or null to object
    at Function.entries (&lt;anonymous&gt;)
    at doRedact (/usr/src/app/node_modules/@elastic/transport/lib/security.js:22:16)
    at /usr/src/app/node_modules/@elastic/transport/lib/security.js:30:44
    at Array.map (&lt;anonymous&gt;)
    at /usr/src/app/node_modules/@elastic/transport/lib/security.js:30:35
    at Array.forEach (&lt;anonymous&gt;)
    at doRedact (/usr/src/app/node_modules/@elastic/transport/lib/security.js:22:29)
    at /usr/src/app/node_modules/@elastic/transport/lib/security.js:36:33
    at Array.forEach (&lt;anonymous&gt;)
    at doRedact (/usr/src/app/node_modules/@elastic/transport/lib/security.js:22:29)</failure>
    </testcase>
    <testcase id="2024-04-03T14:34:55.095Z" name="Unified highlighter with stored fields and disabled source" file="node_v20.12.0: /free/search.inner_hits/20_highlighting.yml" time="0">
      <failure message="Cannot convert undefined or null to object">TypeError: Cannot convert undefined or null to object
    at Function.entries (&lt;anonymous&gt;)
    at doRedact (/usr/src/app/node_modules/@elastic/transport/lib/security.js:22:16)
    at /usr/src/app/node_modules/@elastic/transport/lib/security.js:30:44
    at Array.map (&lt;anonymous&gt;)
    at /usr/src/app/node_modules/@elastic/transport/lib/security.js:30:35
    at Array.forEach (&lt;anonymous&gt;)
    at doRedact (/usr/src/app/node_modules/@elastic/transport/lib/security.js:22:29)
    at /usr/src/app/node_modules/@elastic/transport/lib/security.js:36:33
    at Array.forEach (&lt;anonymous&gt;)
    at doRedact (/usr/src/app/node_modules/@elastic/transport/lib/security.js:22:29)</failure>
    </testcase>
  </testsuite>
  <testsuite id="2024-04-03T14:34:55.120Z" name="free/search.vectors - /free/search.vectors/100_knn_nested_search.yml" time="0" tests="6" failures="6" skipped="0">
    <testcase id="2024-04-03T14:34:55.120Z" name="nested kNN search only" file="node_v20.12.0: /free/search.vectors/100_knn_nested_search.yml" time="0">
      <failure message="Cannot convert undefined or null to object">TypeError: Cannot convert undefined or null to object
    at Function.entries (&lt;anonymous&gt;)
    at doRedact (/usr/src/app/node_modules/@elastic/transport/lib/security.js:22:16)
    at /usr/src/app/node_modules/@elastic/transport/lib/security.js:30:44
    at Array.map (&lt;anonymous&gt;)
    at /usr/src/app/node_modules/@elastic/transport/lib/security.js:30:35
    at Array.forEach (&lt;anonymous&gt;)
    at doRedact (/usr/src/app/node_modules/@elastic/transport/lib/security.js:22:29)
    at /usr/src/app/node_modules/@elastic/transport/lib/security.js:36:33
    at Array.forEach (&lt;anonymous&gt;)
    at doRedact (/usr/src/app/node_modules/@elastic/transport/lib/security.js:22:29)</failure>
    </testcase>
    <testcase id="2024-04-03T14:34:55.146Z" name="nested kNN search filtered" file="node_v20.12.0: /free/search.vectors/100_knn_nested_search.yml" time="0">
      <failure message="Cannot convert undefined or null to object">TypeError: Cannot convert undefined or null to object
    at Function.entries (&lt;anonymous&gt;)
    at doRedact (/usr/src/app/node_modules/@elastic/transport/lib/security.js:22:16)
    at /usr/src/app/node_modules/@elastic/transport/lib/security.js:30:44
    at Array.map (&lt;anonymous&gt;)
    at /usr/src/app/node_modules/@elastic/transport/lib/security.js:30:35
    at Array.forEach (&lt;anonymous&gt;)
    at doRedact (/usr/src/app/node_modules/@elastic/transport/lib/security.js:22:29)
    at /usr/src/app/node_modules/@elastic/transport/lib/security.js:36:33
    at Array.forEach (&lt;anonymous&gt;)
    at doRedact (/usr/src/app/node_modules/@elastic/transport/lib/security.js:22:29)</failure>
    </testcase>
    <testcase id="2024-04-03T14:34:55.171Z" name="nested kNN search inner_hits size &gt; 1" file="node_v20.12.0: /free/search.vectors/100_knn_nested_search.yml" time="0">
      <failure message="Cannot convert undefined or null to object">TypeError: Cannot convert undefined or null to object
    at Function.entries (&lt;anonymous&gt;)
    at doRedact (/usr/src/app/node_modules/@elastic/transport/lib/security.js:22:16)
    at /usr/src/app/node_modules/@elastic/transport/lib/security.js:30:44
    at Array.map (&lt;anonymous&gt;)
    at /usr/src/app/node_modules/@elastic/transport/lib/security.js:30:35
    at Array.forEach (&lt;anonymous&gt;)
    at doRedact (/usr/src/app/node_modules/@elastic/transport/lib/security.js:22:29)
    at /usr/src/app/node_modules/@elastic/transport/lib/security.js:36:33
    at Array.forEach (&lt;anonymous&gt;)
    at doRedact (/usr/src/app/node_modules/@elastic/transport/lib/security.js:22:29)</failure>
    </testcase>
    <testcase id="2024-04-03T14:34:55.195Z" name="nested kNN search inner_hits &amp; boosting" file="node_v20.12.0: /free/search.vectors/100_knn_nested_search.yml" time="0">
      <failure message="Cannot convert undefined or null to object">TypeError: Cannot convert undefined or null to object
    at Function.entries (&lt;anonymous&gt;)
    at doRedact (/usr/src/app/node_modules/@elastic/transport/lib/security.js:22:16)
    at /usr/src/app/node_modules/@elastic/transport/lib/security.js:30:44
    at Array.map (&lt;anonymous&gt;)
    at /usr/src/app/node_modules/@elastic/transport/lib/security.js:30:35
    at Array.forEach (&lt;anonymous&gt;)
    at doRedact (/usr/src/app/node_modules/@elastic/transport/lib/security.js:22:29)
    at /usr/src/app/node_modules/@elastic/transport/lib/security.js:36:33
    at Array.forEach (&lt;anonymous&gt;)
    at doRedact (/usr/src/app/node_modules/@elastic/transport/lib/security.js:22:29)</failure>
    </testcase>
    <testcase id="2024-04-03T14:34:55.220Z" name="nested kNN search inner_hits &amp; profiling" file="node_v20.12.0: /free/search.vectors/100_knn_nested_search.yml" time="0">
      <failure message="Cannot convert undefined or null to object">TypeError: Cannot convert undefined or null to object
    at Function.entries (&lt;anonymous&gt;)
    at doRedact (/usr/src/app/node_modules/@elastic/transport/lib/security.js:22:16)
    at /usr/src/app/node_modules/@elastic/transport/lib/security.js:30:44
    at Array.map (&lt;anonymous&gt;)
    at /usr/src/app/node_modules/@elastic/transport/lib/security.js:30:35
    at Array.forEach (&lt;anonymous&gt;)
    at doRedact (/usr/src/app/node_modules/@elastic/transport/lib/security.js:22:29)
    at /usr/src/app/node_modules/@elastic/transport/lib/security.js:36:33
    at Array.forEach (&lt;anonymous&gt;)
    at doRedact (/usr/src/app/node_modules/@elastic/transport/lib/security.js:22:29)</failure>
    </testcase>
    <testcase id="2024-04-03T14:34:55.245Z" name="nested kNN search with filter that might match nested docs" file="node_v20.12.0: /free/search.vectors/100_knn_nested_search.yml" time="0">
      <failure message="Cannot convert undefined or null to object">TypeError: Cannot convert undefined or null to object
    at Function.entries (&lt;anonymous&gt;)
    at doRedact (/usr/src/app/node_modules/@elastic/transport/lib/security.js:22:16)
    at /usr/src/app/node_modules/@elastic/transport/lib/security.js:30:44
    at Array.map (&lt;anonymous&gt;)
    at /usr/src/app/node_modules/@elastic/transport/lib/security.js:30:35
    at Array.forEach (&lt;anonymous&gt;)
    at doRedact (/usr/src/app/node_modules/@elastic/transport/lib/security.js:22:29)
    at /usr/src/app/node_modules/@elastic/transport/lib/security.js:36:33
    at Array.forEach (&lt;anonymous&gt;)
    at doRedact (/usr/src/app/node_modules/@elastic/transport/lib/security.js:22:29)</failure>
    </testcase>
  </testsuite>
  <testsuite id="2024-04-03T14:34:55.271Z" name="free/search.vectors - /free/search.vectors/110_knn_query_with_filter.yml" time="2" tests="6" failures="0" skipped="0">
    <testcase id="2024-04-03T14:34:55.271Z" name="Simple knn query" file="node_v20.12.0: /free/search.vectors/110_knn_query_with_filter.yml" time="0"/>
    <testcase id="2024-04-03T14:34:55.683Z" name="PRE_FILTER: knn query with alias filter as pre-filter" file="node_v20.12.0: /free/search.vectors/110_knn_query_with_filter.yml" time="0"/>
    <testcase id="2024-04-03T14:34:56.086Z" name="PRE_FILTER: pre-filter across multiple internal filters" file="node_v20.12.0: /free/search.vectors/110_knn_query_with_filter.yml" time="0"/>
    <testcase id="2024-04-03T14:34:56.539Z" name="PRE_FILTER: pre-filter across multiple aliases" file="node_v20.12.0: /free/search.vectors/110_knn_query_with_filter.yml" time="0"/>
    <testcase id="2024-04-03T14:34:56.929Z" name="PRE_FILTER: knn query with internal filter as pre-filter" file="node_v20.12.0: /free/search.vectors/110_knn_query_with_filter.yml" time="0"/>
    <testcase id="2024-04-03T14:34:57.267Z" name="POST_FILTER: knn query with filter from a parent bool query as post-filter" file="node_v20.12.0: /free/search.vectors/110_knn_query_with_filter.yml" time="1"/>
  </testsuite>
  <testsuite id="2024-04-03T14:34:57.770Z" name="free/search.vectors - /free/search.vectors/120_knn_query_multiple_shards.yml" time="0" tests="3" failures="0" skipped="3">
    <testcase id="2024-04-03T14:34:57.770Z" name="Search for 2 knn queries combines scores from them" file="node_v20.12.0: /free/search.vectors/120_knn_query_multiple_shards.yml" time="0">
      <skipped>{
  "version": " - 8.11.99",
  "reason": "knn as query added in 8.12",
  "features": [
    "close_to"
  ]
}</skipped>
    </testcase>
    <testcase id="2024-04-03T14:34:57.770Z" name="Hybrid search combines scores from knn and other queries" file="node_v20.12.0: /free/search.vectors/120_knn_query_multiple_shards.yml" time="0">
      <skipped>{
  "version": " - 8.11.99",
  "reason": "knn as query added in 8.12",
  "features": [
    "close_to"
  ]
}</skipped>
    </testcase>
    <testcase id="2024-04-03T14:34:57.770Z" name="Aggregations with collected number of docs depends on num_candidates" file="node_v20.12.0: /free/search.vectors/120_knn_query_multiple_shards.yml" time="0">
      <skipped>{
  "version": " - 8.11.99",
  "reason": "knn as query added in 8.12",
  "features": [
    "close_to"
  ]
}</skipped>
    </testcase>
  </testsuite>
  <testsuite id="2024-04-03T14:34:57.772Z" name="free/search.vectors - /free/search.vectors/130_knn_query_nested_search.yml" time="3" tests="6" failures="0" skipped="1">
    <testcase id="2024-04-03T14:34:57.772Z" name="nested kNN search that returns diverse parents docs" file="node_v20.12.0: /free/search.vectors/130_knn_query_nested_search.yml" time="0"/>
    <testcase id="2024-04-03T14:34:58.217Z" name="nested kNN search pre-filtered on alias with filter on top level fields" file="node_v20.12.0: /free/search.vectors/130_knn_query_nested_search.yml" time="0"/>
    <testcase id="2024-04-03T14:34:58.657Z" name="nested kNN search post-filtered on top level fields" file="node_v20.12.0: /free/search.vectors/130_knn_query_nested_search.yml" time="0"/>
    <testcase id="2024-04-03T14:34:59.096Z" name="nested kNN search post-filtered on nested fields DOES NOT work" file="node_v20.12.0: /free/search.vectors/130_knn_query_nested_search.yml" time="0"/>
    <testcase id="2024-04-03T14:34:59.470Z" name="nested kNN search inner_hits size &gt; 1" file="node_v20.12.0: /free/search.vectors/130_knn_query_nested_search.yml" time="1"/>
    <testcase id="2024-04-03T14:35:00.008Z" name="nested kNN query search with filter that might match nested docs" file="node_v20.12.0: /free/search.vectors/130_knn_query_nested_search.yml" time="0">
      <skipped>{
  "version": " - 8.13.99",
  "reason": "bugfix for matching non-nested docs in 8.14"
}</skipped>
    </testcase>
  </testsuite>
  <testsuite id="2024-04-03T14:35:00.437Z" name="free/search.vectors - /free/search.vectors/140_knn_query_with_other_queries.yml" time="0" tests="2" failures="0" skipped="2">
    <testcase id="2024-04-03T14:35:00.437Z" name="Function score query with knn query" file="node_v20.12.0: /free/search.vectors/140_knn_query_with_other_queries.yml" time="0">
      <skipped>{
  "version": " - 8.11.99",
  "reason": "knn as query added in 8.12",
  "features": [
    "close_to"
  ]
}</skipped>
    </testcase>
    <testcase id="2024-04-03T14:35:00.438Z" name="dis_max query with knn query" file="node_v20.12.0: /free/search.vectors/140_knn_query_with_other_queries.yml" time="0">
      <skipped>{
  "version": " - 8.11.99",
  "reason": "knn as query added in 8.12",
  "features": [
    "close_to"
  ]
}</skipped>
    </testcase>
  </testsuite>
  <testsuite id="2024-04-03T14:35:00.438Z" name="free/search.vectors - /free/search.vectors/150_knn_search_missing_params.yml" time="2" tests="7" failures="2" skipped="0">
    <testcase id="2024-04-03T14:35:00.438Z" name="kNN with missing k param using default size" file="node_v20.12.0: /free/search.vectors/150_knn_search_missing_params.yml" time="0"/>
    <testcase id="2024-04-03T14:35:00.850Z" name="kNN with missing k param using provided size" file="node_v20.12.0: /free/search.vectors/150_knn_search_missing_params.yml" time="0"/>
    <testcase id="2024-04-03T14:35:01.255Z" name="kNN search with missing num_candidates param" file="node_v20.12.0: /free/search.vectors/150_knn_search_missing_params.yml" time="0"/>
    <testcase id="2024-04-03T14:35:01.621Z" name="kNN search with missing both k and num_candidates param - default size" file="node_v20.12.0: /free/search.vectors/150_knn_search_missing_params.yml" time="0"/>
    <testcase id="2024-04-03T14:35:02.024Z" name="kNN search with missing both k and num_candidates param - provided size" file="node_v20.12.0: /free/search.vectors/150_knn_search_missing_params.yml" time="0"/>
    <testcase id="2024-04-03T14:35:02.473Z" name="kNN search with missing k, and num_candidates &lt; size" file="node_v20.12.0: /free/search.vectors/150_knn_search_missing_params.yml" time="0">
      <failure message="the error should match: bad_request, found undefined: expected false to be truthy">AssertionError: the error should match: bad_request, found undefined: expected false to be truthy
    at doAction (/usr/src/app/test/integration/test-runner.js:544:14)
    at process.processTicksAndRejections (node:internal/process/task_queues:95:5)
    at async exec (/usr/src/app/test/integration/test-runner.js:578:9)
    at async Object.run (/usr/src/app/test/integration/test-runner.js:316:5)
    at async start (/usr/src/app/test/integration/index.js:331:11)</failure>
    </testcase>
    <testcase id="2024-04-03T14:35:02.571Z" name="kNN search with missing k, default size, and invalid num_candidates" file="node_v20.12.0: /free/search.vectors/150_knn_search_missing_params.yml" time="0">
      <failure message="Cannot convert undefined or null to object">TypeError: Cannot convert undefined or null to object
    at Function.entries (&lt;anonymous&gt;)
    at doRedact (/usr/src/app/node_modules/@elastic/transport/lib/security.js:22:16)
    at /usr/src/app/node_modules/@elastic/transport/lib/security.js:30:44
    at Array.map (&lt;anonymous&gt;)
    at /usr/src/app/node_modules/@elastic/transport/lib/security.js:30:35
    at Array.forEach (&lt;anonymous&gt;)
    at doRedact (/usr/src/app/node_modules/@elastic/transport/lib/security.js:22:29)
    at /usr/src/app/node_modules/@elastic/transport/lib/security.js:36:33
    at Array.forEach (&lt;anonymous&gt;)
    at doRedact (/usr/src/app/node_modules/@elastic/transport/lib/security.js:22:29)</failure>
    </testcase>
  </testsuite>
  <testsuite id="2024-04-03T14:35:02.607Z" name="free/search.vectors - /free/search.vectors/160_knn_query_missing_params.yml" time="3" tests="6" failures="0" skipped="0">
    <testcase id="2024-04-03T14:35:02.607Z" name="kNN query with missing num_candidates param - default size" file="node_v20.12.0: /free/search.vectors/160_knn_query_missing_params.yml" time="0"/>
    <testcase id="2024-04-03T14:35:03.015Z" name="kNN query with missing num_candidates param - size provided" file="node_v20.12.0: /free/search.vectors/160_knn_query_missing_params.yml" time="0"/>
    <testcase id="2024-04-03T14:35:03.450Z" name="kNN query with num_candidates less than size" file="node_v20.12.0: /free/search.vectors/160_knn_query_missing_params.yml" time="0"/>
    <testcase id="2024-04-03T14:35:03.901Z" name="kNN query in a bool clause - missing num_candidates" file="node_v20.12.0: /free/search.vectors/160_knn_query_missing_params.yml" time="0"/>
    <testcase id="2024-04-03T14:35:04.316Z" name="kNN search in a dis_max query - missing num_candidates" file="node_v20.12.0: /free/search.vectors/160_knn_query_missing_params.yml" time="0"/>
    <testcase id="2024-04-03T14:35:04.770Z" name="kNN search used in nested field - missing num_candidates" file="node_v20.12.0: /free/search.vectors/160_knn_query_missing_params.yml" time="0"/>
  </testsuite>
  <testsuite id="2024-04-03T14:35:05.201Z" name="free/search.vectors - /free/search.vectors/40_knn_search.yml" time="2" tests="12" failures="7" skipped="0">
    <testcase id="2024-04-03T14:35:05.201Z" name="kNN search only" file="node_v20.12.0: /free/search.vectors/40_knn_search.yml" time="0"/>
    <testcase id="2024-04-03T14:35:05.602Z" name="kNN multi-field search only" file="node_v20.12.0: /free/search.vectors/40_knn_search.yml" time="0"/>
    <testcase id="2024-04-03T14:35:06.038Z" name="kNN search plus query" file="node_v20.12.0: /free/search.vectors/40_knn_search.yml" time="0"/>
    <testcase id="2024-04-03T14:35:06.394Z" name="kNN multi-field search with query" file="node_v20.12.0: /free/search.vectors/40_knn_search.yml" time="0"/>
    <testcase id="2024-04-03T14:35:06.821Z" name="kNN search with filter" file="node_v20.12.0: /free/search.vectors/40_knn_search.yml" time="0"/>
    <testcase id="2024-04-03T14:35:07.288Z" name="kNN search with explicit search_type" file="node_v20.12.0: /free/search.vectors/40_knn_search.yml" time="0">
      <failure message="the error should match: bad_request, found undefined: expected false to be truthy">AssertionError: the error should match: bad_request, found undefined: expected false to be truthy
    at doAction (/usr/src/app/test/integration/test-runner.js:544:14)
    at process.processTicksAndRejections (node:internal/process/task_queues:95:5)
    at async exec (/usr/src/app/test/integration/test-runner.js:578:9)
    at async Object.run (/usr/src/app/test/integration/test-runner.js:316:5)
    at async start (/usr/src/app/test/integration/index.js:331:11)</failure>
    </testcase>
    <testcase id="2024-04-03T14:35:07.416Z" name="kNN search in _knn_search endpoint" file="node_v20.12.0: /free/search.vectors/40_knn_search.yml" time="0">
      <failure message="Cannot convert undefined or null to object">TypeError: Cannot convert undefined or null to object
    at Function.entries (&lt;anonymous&gt;)
    at doRedact (/usr/src/app/node_modules/@elastic/transport/lib/security.js:22:16)
    at /usr/src/app/node_modules/@elastic/transport/lib/security.js:30:44
    at Array.map (&lt;anonymous&gt;)
    at /usr/src/app/node_modules/@elastic/transport/lib/security.js:30:35
    at Array.forEach (&lt;anonymous&gt;)
    at doRedact (/usr/src/app/node_modules/@elastic/transport/lib/security.js:22:29)
    at /usr/src/app/node_modules/@elastic/transport/lib/security.js:36:33
    at Array.forEach (&lt;anonymous&gt;)
    at doRedact (/usr/src/app/node_modules/@elastic/transport/lib/security.js:22:29)</failure>
    </testcase>
    <testcase id="2024-04-03T14:35:07.449Z" name="kNN search with filter in _knn_search endpoint" file="node_v20.12.0: /free/search.vectors/40_knn_search.yml" time="0">
      <failure message="Cannot convert undefined or null to object">TypeError: Cannot convert undefined or null to object
    at Function.entries (&lt;anonymous&gt;)
    at doRedact (/usr/src/app/node_modules/@elastic/transport/lib/security.js:22:16)
    at /usr/src/app/node_modules/@elastic/transport/lib/security.js:30:44
    at Array.map (&lt;anonymous&gt;)
    at /usr/src/app/node_modules/@elastic/transport/lib/security.js:30:35
    at Array.forEach (&lt;anonymous&gt;)
    at doRedact (/usr/src/app/node_modules/@elastic/transport/lib/security.js:22:29)
    at /usr/src/app/node_modules/@elastic/transport/lib/security.js:36:33
    at Array.forEach (&lt;anonymous&gt;)
    at doRedact (/usr/src/app/node_modules/@elastic/transport/lib/security.js:22:29)</failure>
    </testcase>
    <testcase id="2024-04-03T14:35:07.475Z" name="Test nonexistent field" file="node_v20.12.0: /free/search.vectors/40_knn_search.yml" time="0">
      <failure message="Cannot convert undefined or null to object">TypeError: Cannot convert undefined or null to object
    at Function.entries (&lt;anonymous&gt;)
    at doRedact (/usr/src/app/node_modules/@elastic/transport/lib/security.js:22:16)
    at /usr/src/app/node_modules/@elastic/transport/lib/security.js:30:44
    at Array.map (&lt;anonymous&gt;)
    at /usr/src/app/node_modules/@elastic/transport/lib/security.js:30:35
    at Array.forEach (&lt;anonymous&gt;)
    at doRedact (/usr/src/app/node_modules/@elastic/transport/lib/security.js:22:29)
    at /usr/src/app/node_modules/@elastic/transport/lib/security.js:36:33
    at Array.forEach (&lt;anonymous&gt;)
    at doRedact (/usr/src/app/node_modules/@elastic/transport/lib/security.js:22:29)</failure>
    </testcase>
    <testcase id="2024-04-03T14:35:07.517Z" name="KNN Vector similarity search only" file="node_v20.12.0: /free/search.vectors/40_knn_search.yml" time="0">
      <failure message="Cannot convert undefined or null to object">TypeError: Cannot convert undefined or null to object
    at Function.entries (&lt;anonymous&gt;)
    at doRedact (/usr/src/app/node_modules/@elastic/transport/lib/security.js:22:16)
    at /usr/src/app/node_modules/@elastic/transport/lib/security.js:30:44
    at Array.map (&lt;anonymous&gt;)
    at /usr/src/app/node_modules/@elastic/transport/lib/security.js:30:35
    at Array.forEach (&lt;anonymous&gt;)
    at doRedact (/usr/src/app/node_modules/@elastic/transport/lib/security.js:22:29)
    at /usr/src/app/node_modules/@elastic/transport/lib/security.js:36:33
    at Array.forEach (&lt;anonymous&gt;)
    at doRedact (/usr/src/app/node_modules/@elastic/transport/lib/security.js:22:29)</failure>
    </testcase>
    <testcase id="2024-04-03T14:35:07.548Z" name="Vector similarity with filter only" file="node_v20.12.0: /free/search.vectors/40_knn_search.yml" time="0">
      <failure message="Cannot convert undefined or null to object">TypeError: Cannot convert undefined or null to object
    at Function.entries (&lt;anonymous&gt;)
    at doRedact (/usr/src/app/node_modules/@elastic/transport/lib/security.js:22:16)
    at /usr/src/app/node_modules/@elastic/transport/lib/security.js:30:44
    at Array.map (&lt;anonymous&gt;)
    at /usr/src/app/node_modules/@elastic/transport/lib/security.js:30:35
    at Array.forEach (&lt;anonymous&gt;)
    at doRedact (/usr/src/app/node_modules/@elastic/transport/lib/security.js:22:29)
    at /usr/src/app/node_modules/@elastic/transport/lib/security.js:36:33
    at Array.forEach (&lt;anonymous&gt;)
    at doRedact (/usr/src/app/node_modules/@elastic/transport/lib/security.js:22:29)</failure>
    </testcase>
    <testcase id="2024-04-03T14:35:07.575Z" name="Knn search with mip" file="node_v20.12.0: /free/search.vectors/40_knn_search.yml" time="0">
      <failure message="Cannot convert undefined or null to object">TypeError: Cannot convert undefined or null to object
    at Function.entries (&lt;anonymous&gt;)
    at doRedact (/usr/src/app/node_modules/@elastic/transport/lib/security.js:22:16)
    at /usr/src/app/node_modules/@elastic/transport/lib/security.js:30:44
    at Array.map (&lt;anonymous&gt;)
    at /usr/src/app/node_modules/@elastic/transport/lib/security.js:30:35
    at Array.forEach (&lt;anonymous&gt;)
    at doRedact (/usr/src/app/node_modules/@elastic/transport/lib/security.js:22:29)
    at /usr/src/app/node_modules/@elastic/transport/lib/security.js:36:33
    at Array.forEach (&lt;anonymous&gt;)
    at doRedact (/usr/src/app/node_modules/@elastic/transport/lib/security.js:22:29)</failure>
    </testcase>
  </testsuite>
  <testsuite id="2024-04-03T14:35:07.602Z" name="free/search.vectors - /free/search.vectors/40_knn_search_cosine.yml" time="0" tests="1" failures="1" skipped="0">
    <testcase id="2024-04-03T14:35:07.602Z" name="kNN search only regular query" file="node_v20.12.0: /free/search.vectors/40_knn_search_cosine.yml" time="0">
      <failure message="Cannot convert undefined or null to object">TypeError: Cannot convert undefined or null to object
    at Function.entries (&lt;anonymous&gt;)
    at doRedact (/usr/src/app/node_modules/@elastic/transport/lib/security.js:22:16)
    at /usr/src/app/node_modules/@elastic/transport/lib/security.js:30:44
    at Array.map (&lt;anonymous&gt;)
    at /usr/src/app/node_modules/@elastic/transport/lib/security.js:30:35
    at Array.forEach (&lt;anonymous&gt;)
    at doRedact (/usr/src/app/node_modules/@elastic/transport/lib/security.js:22:29)
    at /usr/src/app/node_modules/@elastic/transport/lib/security.js:36:33
    at Array.forEach (&lt;anonymous&gt;)
    at doRedact (/usr/src/app/node_modules/@elastic/transport/lib/security.js:22:29)</failure>
    </testcase>
  </testsuite>
  <testsuite id="2024-04-03T14:35:07.628Z" name="free/search.vectors - /free/search.vectors/41_knn_search_byte_quantized.yml" time="5" tests="10" failures="1" skipped="0">
    <testcase id="2024-04-03T14:35:07.628Z" name="kNN search only" file="node_v20.12.0: /free/search.vectors/41_knn_search_byte_quantized.yml" time="0"/>
    <testcase id="2024-04-03T14:35:08.090Z" name="kNN multi-field search only" file="node_v20.12.0: /free/search.vectors/41_knn_search_byte_quantized.yml" time="0"/>
    <testcase id="2024-04-03T14:35:08.492Z" name="kNN search plus query" file="node_v20.12.0: /free/search.vectors/41_knn_search_byte_quantized.yml" time="1"/>
    <testcase id="2024-04-03T14:35:09.022Z" name="kNN multi-field search with query" file="node_v20.12.0: /free/search.vectors/41_knn_search_byte_quantized.yml" time="1"/>
    <testcase id="2024-04-03T14:35:09.523Z" name="kNN search with filter" file="node_v20.12.0: /free/search.vectors/41_knn_search_byte_quantized.yml" time="0"/>
    <testcase id="2024-04-03T14:35:10.016Z" name="KNN Vector similarity search only" file="node_v20.12.0: /free/search.vectors/41_knn_search_byte_quantized.yml" time="1"/>
    <testcase id="2024-04-03T14:35:10.542Z" name="Vector similarity with filter only" file="node_v20.12.0: /free/search.vectors/41_knn_search_byte_quantized.yml" time="1"/>
    <testcase id="2024-04-03T14:35:11.069Z" name="Knn search with mip" file="node_v20.12.0: /free/search.vectors/41_knn_search_byte_quantized.yml" time="1"/>
    <testcase id="2024-04-03T14:35:11.615Z" name="Cosine similarity with indexed vector" file="node_v20.12.0: /free/search.vectors/41_knn_search_byte_quantized.yml" time="0"/>
    <testcase id="2024-04-03T14:35:12.032Z" name="Test bad quantization parameters" file="node_v20.12.0: /free/search.vectors/41_knn_search_byte_quantized.yml" time="0">
      <failure message="the error should match: bad_request, found undefined: expected false to be truthy">AssertionError: the error should match: bad_request, found undefined: expected false to be truthy
    at doAction (/usr/src/app/test/integration/test-runner.js:544:14)
    at process.processTicksAndRejections (node:internal/process/task_queues:95:5)
    at async exec (/usr/src/app/test/integration/test-runner.js:578:9)
    at async Object.run (/usr/src/app/test/integration/test-runner.js:316:5)
    at async start (/usr/src/app/test/integration/index.js:331:11)</failure>
    </testcase>
  </testsuite>
  <testsuite id="2024-04-03T14:35:12.164Z" name="free/search.vectors - /free/search.vectors/42_knn_search_flat.yml" time="4" tests="9" failures="1" skipped="0">
    <testcase id="2024-04-03T14:35:12.164Z" name="kNN search only" file="node_v20.12.0: /free/search.vectors/42_knn_search_flat.yml" time="0"/>
    <testcase id="2024-04-03T14:35:12.572Z" name="kNN multi-field search only" file="node_v20.12.0: /free/search.vectors/42_knn_search_flat.yml" time="0"/>
    <testcase id="2024-04-03T14:35:13.050Z" name="kNN search plus query" file="node_v20.12.0: /free/search.vectors/42_knn_search_flat.yml" time="0"/>
    <testcase id="2024-04-03T14:35:13.507Z" name="kNN multi-field search with query" file="node_v20.12.0: /free/search.vectors/42_knn_search_flat.yml" time="0"/>
    <testcase id="2024-04-03T14:35:13.960Z" name="kNN search with filter" file="node_v20.12.0: /free/search.vectors/42_knn_search_flat.yml" time="0"/>
    <testcase id="2024-04-03T14:35:14.400Z" name="KNN Vector similarity search only" file="node_v20.12.0: /free/search.vectors/42_knn_search_flat.yml" time="0"/>
    <testcase id="2024-04-03T14:35:14.846Z" name="Vector similarity with filter only" file="node_v20.12.0: /free/search.vectors/42_knn_search_flat.yml" time="0"/>
    <testcase id="2024-04-03T14:35:15.339Z" name="Cosine similarity with indexed vector" file="node_v20.12.0: /free/search.vectors/42_knn_search_flat.yml" time="0"/>
    <testcase id="2024-04-03T14:35:15.687Z" name="Test bad parameters" file="node_v20.12.0: /free/search.vectors/42_knn_search_flat.yml" time="0">
      <failure message="the error should match: bad_request, found undefined: expected false to be truthy">AssertionError: the error should match: bad_request, found undefined: expected false to be truthy
    at doAction (/usr/src/app/test/integration/test-runner.js:544:14)
    at process.processTicksAndRejections (node:internal/process/task_queues:95:5)
    at async exec (/usr/src/app/test/integration/test-runner.js:578:9)
    at async Object.run (/usr/src/app/test/integration/test-runner.js:316:5)
    at async start (/usr/src/app/test/integration/index.js:331:11)</failure>
    </testcase>
  </testsuite>
  <testsuite id="2024-04-03T14:35:15.788Z" name="free/search.vectors - /free/search.vectors/42_knn_search_int8_flat.yml" time="4" tests="9" failures="1" skipped="0">
    <testcase id="2024-04-03T14:35:15.788Z" name="kNN search only" file="node_v20.12.0: /free/search.vectors/42_knn_search_int8_flat.yml" time="0"/>
    <testcase id="2024-04-03T14:35:16.281Z" name="kNN multi-field search only" file="node_v20.12.0: /free/search.vectors/42_knn_search_int8_flat.yml" time="0"/>
    <testcase id="2024-04-03T14:35:16.721Z" name="kNN search plus query" file="node_v20.12.0: /free/search.vectors/42_knn_search_int8_flat.yml" time="0"/>
    <testcase id="2024-04-03T14:35:17.188Z" name="kNN multi-field search with query" file="node_v20.12.0: /free/search.vectors/42_knn_search_int8_flat.yml" time="0"/>
    <testcase id="2024-04-03T14:35:17.635Z" name="kNN search with filter" file="node_v20.12.0: /free/search.vectors/42_knn_search_int8_flat.yml" time="0"/>
    <testcase id="2024-04-03T14:35:18.127Z" name="KNN Vector similarity search only" file="node_v20.12.0: /free/search.vectors/42_knn_search_int8_flat.yml" time="1"/>
    <testcase id="2024-04-03T14:35:18.645Z" name="Vector similarity with filter only" file="node_v20.12.0: /free/search.vectors/42_knn_search_int8_flat.yml" time="0"/>
    <testcase id="2024-04-03T14:35:19.112Z" name="Cosine similarity with indexed vector" file="node_v20.12.0: /free/search.vectors/42_knn_search_int8_flat.yml" time="0"/>
    <testcase id="2024-04-03T14:35:19.558Z" name="Test bad parameters" file="node_v20.12.0: /free/search.vectors/42_knn_search_int8_flat.yml" time="0">
      <failure message="the error should match: bad_request, found undefined: expected false to be truthy">AssertionError: the error should match: bad_request, found undefined: expected false to be truthy
    at doAction (/usr/src/app/test/integration/test-runner.js:544:14)
    at process.processTicksAndRejections (node:internal/process/task_queues:95:5)
    at async exec (/usr/src/app/test/integration/test-runner.js:578:9)
    at async Object.run (/usr/src/app/test/integration/test-runner.js:316:5)
    at async start (/usr/src/app/test/integration/index.js:331:11)</failure>
    </testcase>
  </testsuite>
  <testsuite id="2024-04-03T14:35:19.743Z" name="free/search.vectors - /free/search.vectors/45_knn_search_byte.yml" time="2" tests="7" failures="4" skipped="0">
    <testcase id="2024-04-03T14:35:19.743Z" name="kNN search only" file="node_v20.12.0: /free/search.vectors/45_knn_search_byte.yml" time="0"/>
    <testcase id="2024-04-03T14:35:20.177Z" name="kNN search plus query" file="node_v20.12.0: /free/search.vectors/45_knn_search_byte.yml" time="0"/>
    <testcase id="2024-04-03T14:35:20.574Z" name="kNN search with filter" file="node_v20.12.0: /free/search.vectors/45_knn_search_byte.yml" time="0"/>
    <testcase id="2024-04-03T14:35:21.039Z" name="kNN search with explicit search_type" file="node_v20.12.0: /free/search.vectors/45_knn_search_byte.yml" time="0">
      <failure message="the error should match: bad_request, found undefined: expected false to be truthy">AssertionError: the error should match: bad_request, found undefined: expected false to be truthy
    at doAction (/usr/src/app/test/integration/test-runner.js:544:14)
    at process.processTicksAndRejections (node:internal/process/task_queues:95:5)
    at async exec (/usr/src/app/test/integration/test-runner.js:578:9)
    at async Object.run (/usr/src/app/test/integration/test-runner.js:316:5)
    at async start (/usr/src/app/test/integration/index.js:331:11)</failure>
    </testcase>
    <testcase id="2024-04-03T14:35:21.167Z" name="Test nonexistent field" file="node_v20.12.0: /free/search.vectors/45_knn_search_byte.yml" time="0">
      <failure message="Cannot convert undefined or null to object">TypeError: Cannot convert undefined or null to object
    at Function.entries (&lt;anonymous&gt;)
    at doRedact (/usr/src/app/node_modules/@elastic/transport/lib/security.js:22:16)
    at /usr/src/app/node_modules/@elastic/transport/lib/security.js:30:44
    at Array.map (&lt;anonymous&gt;)
    at /usr/src/app/node_modules/@elastic/transport/lib/security.js:30:35
    at Array.forEach (&lt;anonymous&gt;)
    at doRedact (/usr/src/app/node_modules/@elastic/transport/lib/security.js:22:29)
    at /usr/src/app/node_modules/@elastic/transport/lib/security.js:36:33
    at Array.forEach (&lt;anonymous&gt;)
    at doRedact (/usr/src/app/node_modules/@elastic/transport/lib/security.js:22:29)</failure>
    </testcase>
    <testcase id="2024-04-03T14:35:21.217Z" name="Vector similarity search only" file="node_v20.12.0: /free/search.vectors/45_knn_search_byte.yml" time="0">
      <failure message="Cannot convert undefined or null to object">TypeError: Cannot convert undefined or null to object
    at Function.entries (&lt;anonymous&gt;)
    at doRedact (/usr/src/app/node_modules/@elastic/transport/lib/security.js:22:16)
    at /usr/src/app/node_modules/@elastic/transport/lib/security.js:30:44
    at Array.map (&lt;anonymous&gt;)
    at /usr/src/app/node_modules/@elastic/transport/lib/security.js:30:35
    at Array.forEach (&lt;anonymous&gt;)
    at doRedact (/usr/src/app/node_modules/@elastic/transport/lib/security.js:22:29)
    at /usr/src/app/node_modules/@elastic/transport/lib/security.js:36:33
    at Array.forEach (&lt;anonymous&gt;)
    at doRedact (/usr/src/app/node_modules/@elastic/transport/lib/security.js:22:29)</failure>
    </testcase>
    <testcase id="2024-04-03T14:35:21.247Z" name="Vector similarity with filter only" file="node_v20.12.0: /free/search.vectors/45_knn_search_byte.yml" time="0">
      <failure message="Cannot convert undefined or null to object">TypeError: Cannot convert undefined or null to object
    at Function.entries (&lt;anonymous&gt;)
    at doRedact (/usr/src/app/node_modules/@elastic/transport/lib/security.js:22:16)
    at /usr/src/app/node_modules/@elastic/transport/lib/security.js:30:44
    at Array.map (&lt;anonymous&gt;)
    at /usr/src/app/node_modules/@elastic/transport/lib/security.js:30:35
    at Array.forEach (&lt;anonymous&gt;)
    at doRedact (/usr/src/app/node_modules/@elastic/transport/lib/security.js:22:29)
    at /usr/src/app/node_modules/@elastic/transport/lib/security.js:36:33
    at Array.forEach (&lt;anonymous&gt;)
    at doRedact (/usr/src/app/node_modules/@elastic/transport/lib/security.js:22:29)</failure>
    </testcase>
  </testsuite>
  <testsuite id="2024-04-03T14:35:21.274Z" name="free/search.vectors - /free/search.vectors/50_dense_vector_field_usage.yml" time="0" tests="1" failures="0" skipped="1">
    <testcase id="2024-04-03T14:35:21.274Z" name="Field usage" file="node_v20.12.0: /free/search.vectors/50_dense_vector_field_usage.yml" time="0">
      <skipped>{
  "version": " - 8.0.99",
  "reason": "dense_vector field usage was added in 8.1",
  "features": [
    "allowed_warnings"
  ]
}</skipped>
    </testcase>
  </testsuite>
  <testsuite id="2024-04-03T14:35:21.736Z" name="free/search.vectors - /free/search.vectors/60_dense_vector_dynamic_mapping.yml" time="6" tests="16" failures="4" skipped="0">
    <testcase id="2024-04-03T14:35:21.736Z" name="Fields indexed as strings won't be transformed into dense_vector" file="node_v20.12.0: /free/search.vectors/60_dense_vector_dynamic_mapping.yml" time="0"/>
    <testcase id="2024-04-03T14:35:22.159Z" name="Fields with float arrays below the threshold still map as float" file="node_v20.12.0: /free/search.vectors/60_dense_vector_dynamic_mapping.yml" time="0">
      <failure message="Cannot convert undefined or null to object">TypeError: Cannot convert undefined or null to object
    at Function.entries (&lt;anonymous&gt;)
    at doRedact (/usr/src/app/node_modules/@elastic/transport/lib/security.js:22:16)
    at /usr/src/app/node_modules/@elastic/transport/lib/security.js:30:44
    at Array.map (&lt;anonymous&gt;)
    at /usr/src/app/node_modules/@elastic/transport/lib/security.js:30:35
    at Array.forEach (&lt;anonymous&gt;)
    at doRedact (/usr/src/app/node_modules/@elastic/transport/lib/security.js:22:29)
    at /usr/src/app/node_modules/@elastic/transport/lib/security.js:36:33
    at Array.forEach (&lt;anonymous&gt;)
    at doRedact (/usr/src/app/node_modules/@elastic/transport/lib/security.js:22:29)</failure>
    </testcase>
    <testcase id="2024-04-03T14:35:22.261Z" name="Fields with float arrays above the threshold still map as float" file="node_v20.12.0: /free/search.vectors/60_dense_vector_dynamic_mapping.yml" time="0"/>
    <testcase id="2024-04-03T14:35:22.734Z" name="Fields with float arrays within the threshold map as dense_vector" file="node_v20.12.0: /free/search.vectors/60_dense_vector_dynamic_mapping.yml" time="0"/>
    <testcase id="2024-04-03T14:35:23.142Z" name="Fields with explicit float mappings still map to float" file="node_v20.12.0: /free/search.vectors/60_dense_vector_dynamic_mapping.yml" time="0"/>
    <testcase id="2024-04-03T14:35:23.500Z" name="Dynamically created dense vector fields still require the number of dims to match" file="node_v20.12.0: /free/search.vectors/60_dense_vector_dynamic_mapping.yml" time="0">
      <failure message="the error should match: /more dimensions than defined in the mapping/, found undefined: expected false to be truthy">AssertionError: the error should match: /more dimensions than defined in the mapping/, found undefined: expected false to be truthy
    at doAction (/usr/src/app/test/integration/test-runner.js:544:14)
    at process.processTicksAndRejections (node:internal/process/task_queues:95:5)
    at async exec (/usr/src/app/test/integration/test-runner.js:578:9)
    at async Object.run (/usr/src/app/test/integration/test-runner.js:316:5)
    at async start (/usr/src/app/test/integration/index.js:331:11)</failure>
    </testcase>
    <testcase id="2024-04-03T14:35:23.597Z" name="If we set dynamic templates to astronomically high or low dim counts, we get a mapping error" file="node_v20.12.0: /free/search.vectors/60_dense_vector_dynamic_mapping.yml" time="0">
      <failure message="the error should match: bad_request, found undefined: expected false to be truthy">AssertionError: the error should match: bad_request, found undefined: expected false to be truthy
    at doAction (/usr/src/app/test/integration/test-runner.js:544:14)
    at process.processTicksAndRejections (node:internal/process/task_queues:95:5)
    at async exec (/usr/src/app/test/integration/test-runner.js:578:9)
    at async Object.run (/usr/src/app/test/integration/test-runner.js:316:5)
    at async start (/usr/src/app/test/integration/index.js:331:11)</failure>
    </testcase>
    <testcase id="2024-04-03T14:35:23.641Z" name="We respect values set in dynamic_templates for floats and dense vectors" file="node_v20.12.0: /free/search.vectors/60_dense_vector_dynamic_mapping.yml" time="0">
      <failure message="the error should match: /different number of dimensions/, found undefined: expected false to be truthy">AssertionError: the error should match: /different number of dimensions/, found undefined: expected false to be truthy
    at doAction (/usr/src/app/test/integration/test-runner.js:544:14)
    at process.processTicksAndRejections (node:internal/process/task_queues:95:5)
    at async exec (/usr/src/app/test/integration/test-runner.js:578:9)
    at async Object.run (/usr/src/app/test/integration/test-runner.js:316:5)
    at async start (/usr/src/app/test/integration/index.js:331:11)</failure>
    </testcase>
    <testcase id="2024-04-03T14:35:23.746Z" name="Fields mapped as dense_vector without dims dynamically map the dim size to the first indexed document" file="node_v20.12.0: /free/search.vectors/60_dense_vector_dynamic_mapping.yml" time="1"/>
    <testcase id="2024-04-03T14:35:24.252Z" name="Sub-objects mapped as dense_vector without dims dynamically map the dim size to the first indexed document" file="node_v20.12.0: /free/search.vectors/60_dense_vector_dynamic_mapping.yml" time="0"/>
    <testcase id="2024-04-03T14:35:24.736Z" name="Fields with sub-object float arrays within the threshold map as dense_vector" file="node_v20.12.0: /free/search.vectors/60_dense_vector_dynamic_mapping.yml" time="0"/>
    <testcase id="2024-04-03T14:35:25.231Z" name="Fields with sub-objects mapped as dense_vector without specified dims get the dim size mapped to the size of the first indexed array" file="node_v20.12.0: /free/search.vectors/60_dense_vector_dynamic_mapping.yml" time="0"/>
    <testcase id="2024-04-03T14:35:25.686Z" name="Fields with nested float arrays within the threshold map index a nested dense_vector" file="node_v20.12.0: /free/search.vectors/60_dense_vector_dynamic_mapping.yml" time="0"/>
    <testcase id="2024-04-03T14:35:26.099Z" name="Fields with copyTo fields still map as float" file="node_v20.12.0: /free/search.vectors/60_dense_vector_dynamic_mapping.yml" time="0"/>
    <testcase id="2024-04-03T14:35:26.557Z" name="Fields mapped as dense_vector without dims or docs have correct cluster stats values" file="node_v20.12.0: /free/search.vectors/60_dense_vector_dynamic_mapping.yml" time="0"/>
    <testcase id="2024-04-03T14:35:26.991Z" name="Fields mapped as dense_vector have correct cluster stats min max values" file="node_v20.12.0: /free/search.vectors/60_dense_vector_dynamic_mapping.yml" time="0"/>
  </testsuite>
  <testsuite id="2024-04-03T14:35:27.478Z" name="free/search.vectors - /free/search.vectors/60_knn_search_filter_alias.yml" time="1" tests="1" failures="0" skipped="0">
    <testcase id="2024-04-03T14:35:27.478Z" name="kNN filter alias" file="node_v20.12.0: /free/search.vectors/60_knn_search_filter_alias.yml" time="1"/>
  </testsuite>
  <testsuite id="2024-04-03T14:35:28.052Z" name="free/search.vectors - /free/search.vectors/70_dense_vector_telemetry.yml" time="0" tests="1" failures="0" skipped="0">
    <testcase id="2024-04-03T14:35:28.052Z" name="Field mapping stats" file="node_v20.12.0: /free/search.vectors/70_dense_vector_telemetry.yml" time="0"/>
  </testsuite>
  <testsuite id="2024-04-03T14:35:28.507Z" name="free/search.vectors - /free/search.vectors/80_dense_vector_indexed_by_default.yml" time="2" tests="5" failures="2" skipped="0">
    <testcase id="2024-04-03T14:35:28.507Z" name="Indexed by default with cosine similarity" file="node_v20.12.0: /free/search.vectors/80_dense_vector_indexed_by_default.yml" time="1"/>
    <testcase id="2024-04-03T14:35:29.032Z" name="Indexed by default with specified similarity and index options" file="node_v20.12.0: /free/search.vectors/80_dense_vector_indexed_by_default.yml" time="0"/>
    <testcase id="2024-04-03T14:35:29.500Z" name="Not indexed vector" file="node_v20.12.0: /free/search.vectors/80_dense_vector_indexed_by_default.yml" time="0"/>
    <testcase id="2024-04-03T14:35:29.986Z" name="Not indexed vector - vector similarity" file="node_v20.12.0: /free/search.vectors/80_dense_vector_indexed_by_default.yml" time="0">
      <failure message="the error should match: /Field \[similarity\] can only be specified for a field of type \[dense_vector\] when it is indexed/, found undefined: expected false to be truthy">AssertionError: the error should match: /Field \[similarity\] can only be specified for a field of type \[dense_vector\] when it is indexed/, found undefined: expected false to be truthy
    at doAction (/usr/src/app/test/integration/test-runner.js:544:14)
    at process.processTicksAndRejections (node:internal/process/task_queues:95:5)
    at async exec (/usr/src/app/test/integration/test-runner.js:578:9)
    at async Object.run (/usr/src/app/test/integration/test-runner.js:316:5)
    at async start (/usr/src/app/test/integration/index.js:331:11)</failure>
    </testcase>
    <testcase id="2024-04-03T14:35:30.028Z" name="Not indexed vector - index options" file="node_v20.12.0: /free/search.vectors/80_dense_vector_indexed_by_default.yml" time="0">
      <failure message="the error should match: /Field \[index_options\] can only be specified for a field of type \[dense_vector\] when it is indexed/, found undefined: expected false to be truthy">AssertionError: the error should match: /Field \[index_options\] can only be specified for a field of type \[dense_vector\] when it is indexed/, found undefined: expected false to be truthy
    at doAction (/usr/src/app/test/integration/test-runner.js:544:14)
    at process.processTicksAndRejections (node:internal/process/task_queues:95:5)
    at async exec (/usr/src/app/test/integration/test-runner.js:578:9)
    at async Object.run (/usr/src/app/test/integration/test-runner.js:316:5)
    at async start (/usr/src/app/test/integration/index.js:331:11)</failure>
    </testcase>
  </testsuite>
  <testsuite id="2024-04-03T14:35:30.058Z" name="free/search.vectors - /free/search.vectors/90_sparse_vector.yml" time="1" tests="3" failures="0" skipped="2">
    <testcase id="2024-04-03T14:35:30.058Z" name="Indexing and searching sparse vectors in &gt;=8.11" file="node_v20.12.0: /free/search.vectors/90_sparse_vector.yml" time="0"/>
    <testcase id="2024-04-03T14:35:30.507Z" name="Sparse vector in 7.x" file="node_v20.12.0: /free/search.vectors/90_sparse_vector.yml" time="0">
      <skipped>{
  "features": [
    "allowed_warnings"
  ],
  "version": "8.0.0 - ",
  "reason": "sparse_vector field type supported in 7.x"
}</skipped>
    </testcase>
    <testcase id="2024-04-03T14:35:30.875Z" name="Sparse vector in 8.0.0 &lt;= x &lt; 8.11.0" file="node_v20.12.0: /free/search.vectors/90_sparse_vector.yml" time="0">
      <skipped>{
  "version": " - 7.99.99, 8.11.0 - ",
  "reason": "sparse_vector field type not supported in 8.x until 8.11.0"
}</skipped>
    </testcase>
  </testsuite>
  <testsuite id="2024-04-03T14:35:31.238Z" name="free/search_shards - /free/search_shards/10_basic.yml" time="1" tests="2" failures="0" skipped="0">
    <testcase id="2024-04-03T14:35:31.238Z" name="Basic /_search_shards test" file="node_v20.12.0: /free/search_shards/10_basic.yml" time="0"/>
    <testcase id="2024-04-03T14:35:31.703Z" name="Search shards aliases with and without filters" file="node_v20.12.0: /free/search_shards/10_basic.yml" time="0"/>
  </testsuite>
  <testsuite id="2024-04-03T14:35:32.139Z" name="free/simulate.ingest - /free/simulate.ingest/10_basic.yml" time="1" tests="6" failures="4" skipped="2">
    <testcase id="2024-04-03T14:35:32.139Z" name="Test no pipelines" file="node_v20.12.0: /free/simulate.ingest/10_basic.yml" time="0">
      <failure message="The expression evaluated to a falsy value:

  assert(endpoint != null)
" type="ERR_ASSERTION">AssertionError [ERR_ASSERTION]: The expression evaluated to a falsy value:

  assert(endpoint != null)

    at updateParams (/usr/src/app/test/integration/helper.js:115:3)
    at doAction (/usr/src/app/test/integration/test-runner.js:454:23)
    at exec (/usr/src/app/test/integration/test-runner.js:578:15)
    at Object.run (/usr/src/app/test/integration/test-runner.js:316:11)
    at process.processTicksAndRejections (node:internal/process/task_queues:95:5)
    at async start (/usr/src/app/test/integration/index.js:331:11)</failure>
    </testcase>
    <testcase id="2024-04-03T14:35:32.186Z" name="Test existing index with pipelines" file="node_v20.12.0: /free/simulate.ingest/10_basic.yml" time="0">
      <failure message="The expression evaluated to a falsy value:

  assert(endpoint != null)
" type="ERR_ASSERTION">AssertionError [ERR_ASSERTION]: The expression evaluated to a falsy value:

  assert(endpoint != null)

    at updateParams (/usr/src/app/test/integration/helper.js:115:3)
    at doAction (/usr/src/app/test/integration/test-runner.js:454:23)
    at exec (/usr/src/app/test/integration/test-runner.js:578:15)
    at process.processTicksAndRejections (node:internal/process/task_queues:95:5)
    at async Object.run (/usr/src/app/test/integration/test-runner.js:316:5)
    at async start (/usr/src/app/test/integration/index.js:331:11)</failure>
    </testcase>
    <testcase id="2024-04-03T14:35:32.270Z" name="Test index templates with pipelines" file="node_v20.12.0: /free/simulate.ingest/10_basic.yml" time="0">
      <skipped>{
  "features": [
    "headers",
    "allowed_warnings"
  ]
}</skipped>
    </testcase>
    <testcase id="2024-04-03T14:35:32.614Z" name="Test bad pipeline substitution" file="node_v20.12.0: /free/simulate.ingest/10_basic.yml" time="0">
      <skipped>{
  "features": [
    "headers",
    "allowed_warnings"
  ]
}</skipped>
    </testcase>
    <testcase id="2024-04-03T14:35:32.942Z" name="Test index in path" file="node_v20.12.0: /free/simulate.ingest/10_basic.yml" time="0">
      <failure message="The expression evaluated to a falsy value:

  assert(endpoint != null)
" type="ERR_ASSERTION">AssertionError [ERR_ASSERTION]: The expression evaluated to a falsy value:

  assert(endpoint != null)

    at updateParams (/usr/src/app/test/integration/helper.js:115:3)
    at doAction (/usr/src/app/test/integration/test-runner.js:454:23)
    at exec (/usr/src/app/test/integration/test-runner.js:578:15)
    at Object.run (/usr/src/app/test/integration/test-runner.js:316:11)
    at process.processTicksAndRejections (node:internal/process/task_queues:95:5)
    at async start (/usr/src/app/test/integration/index.js:331:11)</failure>
    </testcase>
    <testcase id="2024-04-03T14:35:32.973Z" name="Test pipeline in query param" file="node_v20.12.0: /free/simulate.ingest/10_basic.yml" time="0">
      <failure message="The expression evaluated to a falsy value:

  assert(endpoint != null)
" type="ERR_ASSERTION">AssertionError [ERR_ASSERTION]: The expression evaluated to a falsy value:

  assert(endpoint != null)

    at updateParams (/usr/src/app/test/integration/helper.js:115:3)
    at doAction (/usr/src/app/test/integration/test-runner.js:454:23)
    at exec (/usr/src/app/test/integration/test-runner.js:578:15)
    at process.processTicksAndRejections (node:internal/process/task_queues:95:5)
    at async Object.run (/usr/src/app/test/integration/test-runner.js:316:5)
    at async start (/usr/src/app/test/integration/index.js:331:11)</failure>
    </testcase>
  </testsuite>
  <testsuite id="2024-04-03T14:35:33.015Z" name="free/snapshot.clone - /free/snapshot.clone/10_basic.yml" time="1" tests="1" failures="0" skipped="0">
    <testcase id="2024-04-03T14:35:33.015Z" name="Clone a snapshot" file="node_v20.12.0: /free/snapshot.clone/10_basic.yml" time="1"/>
  </testsuite>
  <testsuite id="2024-04-03T14:35:33.762Z" name="free/snapshot.create - /free/snapshot.create/10_basic.yml" time="1" tests="3" failures="1" skipped="0">
    <testcase id="2024-04-03T14:35:33.762Z" name="Create a snapshot" file="node_v20.12.0: /free/snapshot.create/10_basic.yml" time="1"/>
    <testcase id="2024-04-03T14:35:34.300Z" name="Create a snapshot and clean up repository" file="node_v20.12.0: /free/snapshot.create/10_basic.yml" time="1"/>
    <testcase id="2024-04-03T14:35:34.857Z" name="Create a snapshot for missing index" file="node_v20.12.0: /free/snapshot.create/10_basic.yml" time="0">
      <failure message="the error should match: missing, found undefined: expected false to be truthy">AssertionError: the error should match: missing, found undefined: expected false to be truthy
    at doAction (/usr/src/app/test/integration/test-runner.js:544:14)
    at process.processTicksAndRejections (node:internal/process/task_queues:95:5)
    at async exec (/usr/src/app/test/integration/test-runner.js:578:9)
    at async Object.run (/usr/src/app/test/integration/test-runner.js:316:5)
    at async start (/usr/src/app/test/integration/index.js:331:11)</failure>
    </testcase>
  </testsuite>
  <testsuite id="2024-04-03T14:35:34.997Z" name="free/snapshot.get - /free/snapshot.get/10_basic.yml" time="4" tests="9" failures="2" skipped="0">
    <testcase id="2024-04-03T14:35:34.997Z" name="Get snapshot info" file="node_v20.12.0: /free/snapshot.get/10_basic.yml" time="0">
      <failure message="Cannot convert undefined or null to object">TypeError: Cannot convert undefined or null to object
    at Function.entries (&lt;anonymous&gt;)
    at doRedact (/usr/src/app/node_modules/@elastic/transport/lib/security.js:22:16)
    at /usr/src/app/node_modules/@elastic/transport/lib/security.js:30:44
    at Array.map (&lt;anonymous&gt;)
    at /usr/src/app/node_modules/@elastic/transport/lib/security.js:30:35
    at Array.forEach (&lt;anonymous&gt;)
    at doRedact (/usr/src/app/node_modules/@elastic/transport/lib/security.js:22:29)
    at /usr/src/app/node_modules/@elastic/transport/lib/security.js:36:33
    at Array.forEach (&lt;anonymous&gt;)
    at doRedact (/usr/src/app/node_modules/@elastic/transport/lib/security.js:22:29)</failure>
    </testcase>
    <testcase id="2024-04-03T14:35:35.055Z" name="Get missing snapshot info throws an exception" file="node_v20.12.0: /free/snapshot.get/10_basic.yml" time="0">
      <failure message="the error should match: /snapshot_missing_exception.+ is missing/, found undefined: expected false to be truthy">AssertionError: the error should match: /snapshot_missing_exception.+ is missing/, found undefined: expected false to be truthy
    at doAction (/usr/src/app/test/integration/test-runner.js:544:14)
    at process.processTicksAndRejections (node:internal/process/task_queues:95:5)
    at async exec (/usr/src/app/test/integration/test-runner.js:578:9)
    at async Object.run (/usr/src/app/test/integration/test-runner.js:316:5)
    at async start (/usr/src/app/test/integration/index.js:331:11)</failure>
    </testcase>
    <testcase id="2024-04-03T14:35:35.088Z" name="Get missing snapshot info succeeds when ignore_unavailable is true" file="node_v20.12.0: /free/snapshot.get/10_basic.yml" time="0"/>
    <testcase id="2024-04-03T14:35:35.447Z" name="Get snapshot info when verbose is false" file="node_v20.12.0: /free/snapshot.get/10_basic.yml" time="1"/>
    <testcase id="2024-04-03T14:35:36.003Z" name="Get snapshot info contains include_global_state" file="node_v20.12.0: /free/snapshot.get/10_basic.yml" time="1"/>
    <testcase id="2024-04-03T14:35:36.617Z" name="Get snapshot info with metadata" file="node_v20.12.0: /free/snapshot.get/10_basic.yml" time="1"/>
    <testcase id="2024-04-03T14:35:37.191Z" name="Get snapshot info with index details" file="node_v20.12.0: /free/snapshot.get/10_basic.yml" time="1"/>
    <testcase id="2024-04-03T14:35:37.736Z" name="Get snapshot info without index names" file="node_v20.12.0: /free/snapshot.get/10_basic.yml" time="1"/>
    <testcase id="2024-04-03T14:35:38.299Z" name="Get snapshot info without repository names" file="node_v20.12.0: /free/snapshot.get/10_basic.yml" time="0"/>
  </testsuite>
  <testsuite id="2024-04-03T14:35:38.771Z" name="free/snapshot.get_repository - /free/snapshot.get_repository/10_basic.yml" time="2" tests="5" failures="0" skipped="0">
    <testcase id="2024-04-03T14:35:38.771Z" name="Get all repositories" file="node_v20.12.0: /free/snapshot.get_repository/10_basic.yml" time="0"/>
    <testcase id="2024-04-03T14:35:39.257Z" name="Get repository by name" file="node_v20.12.0: /free/snapshot.get_repository/10_basic.yml" time="0"/>
    <testcase id="2024-04-03T14:35:39.713Z" name="Get missing repository by name" file="node_v20.12.0: /free/snapshot.get_repository/10_basic.yml" time="0"/>
    <testcase id="2024-04-03T14:35:40.136Z" name="Get all repositories with local flag" file="node_v20.12.0: /free/snapshot.get_repository/10_basic.yml" time="0"/>
    <testcase id="2024-04-03T14:35:40.609Z" name="Verify created repository" file="node_v20.12.0: /free/snapshot.get_repository/10_basic.yml" time="0"/>
  </testsuite>
  <testsuite id="2024-04-03T14:35:41.013Z" name="free/snapshot.get_repository - /free/snapshot.get_repository/20_repository_uuid.yml" time="1" tests="1" failures="0" skipped="0">
    <testcase id="2024-04-03T14:35:41.013Z" name="Get repository returns UUID" file="node_v20.12.0: /free/snapshot.get_repository/20_repository_uuid.yml" time="1"/>
  </testsuite>
  <testsuite id="2024-04-03T14:35:41.731Z" name="free/snapshot.restore - /free/snapshot.restore/10_basic.yml" time="1" tests="2" failures="0" skipped="2">
    <testcase id="2024-04-03T14:35:41.731Z" name="Create a snapshot with single index and then restore it" file="node_v20.12.0: /free/snapshot.restore/10_basic.yml" time="0">
      <skipped>{
  "features": [
    "allowed_warnings"
  ]
}</skipped>
    </testcase>
    <testcase id="2024-04-03T14:35:42.164Z" name="Create a snapshot and then restore single index from it" file="node_v20.12.0: /free/snapshot.restore/10_basic.yml" time="0">
      <skipped>{
  "features": [
    "allowed_warnings"
  ]
}</skipped>
    </testcase>
  </testsuite>
  <testsuite id="2024-04-03T14:35:42.595Z" name="free/snapshot.status - /free/snapshot.status/10_basic.yml" time="1" tests="3" failures="1" skipped="0">
    <testcase id="2024-04-03T14:35:42.595Z" name="Get snapshot status" file="node_v20.12.0: /free/snapshot.status/10_basic.yml" time="1"/>
    <testcase id="2024-04-03T14:35:43.148Z" name="Get missing snapshot status throws an exception" file="node_v20.12.0: /free/snapshot.status/10_basic.yml" time="0">
      <failure message="the error should match: /snapshot_missing_exception.+ is missing/, found undefined: expected false to be truthy">AssertionError: the error should match: /snapshot_missing_exception.+ is missing/, found undefined: expected false to be truthy
    at doAction (/usr/src/app/test/integration/test-runner.js:544:14)
    at process.processTicksAndRejections (node:internal/process/task_queues:95:5)
    at async exec (/usr/src/app/test/integration/test-runner.js:578:9)
    at async Object.run (/usr/src/app/test/integration/test-runner.js:316:5)
    at async start (/usr/src/app/test/integration/index.js:331:11)</failure>
    </testcase>
    <testcase id="2024-04-03T14:35:43.207Z" name="Get missing snapshot status succeeds when ignoreUnavailable is true" file="node_v20.12.0: /free/snapshot.status/10_basic.yml" time="0"/>
  </testsuite>
  <testsuite id="2024-04-03T14:35:43.584Z" name="free/suggest - /free/suggest/10_basic.yml" time="0" tests="1" failures="0" skipped="0">
    <testcase id="2024-04-03T14:35:43.584Z" name="Basic tests for suggest API" file="node_v20.12.0: /free/suggest/10_basic.yml" time="0"/>
  </testsuite>
  <testsuite id="2024-04-03T14:35:43.992Z" name="free/suggest - /free/suggest/20_completion.yml" time="3" tests="7" failures="0" skipped="0">
    <testcase id="2024-04-03T14:35:43.992Z" name="Simple suggestion should work" file="node_v20.12.0: /free/suggest/20_completion.yml" time="0"/>
    <testcase id="2024-04-03T14:35:44.401Z" name="Simple suggestion array should work" file="node_v20.12.0: /free/suggest/20_completion.yml" time="0"/>
    <testcase id="2024-04-03T14:35:44.832Z" name="Suggestion entry should work" file="node_v20.12.0: /free/suggest/20_completion.yml" time="0"/>
    <testcase id="2024-04-03T14:35:45.266Z" name="Suggestion entry array should work" file="node_v20.12.0: /free/suggest/20_completion.yml" time="0"/>
    <testcase id="2024-04-03T14:35:45.658Z" name="Multiple Completion fields should work" file="node_v20.12.0: /free/suggest/20_completion.yml" time="0"/>
    <testcase id="2024-04-03T14:35:46.118Z" name="Suggestions with source should work" file="node_v20.12.0: /free/suggest/20_completion.yml" time="0"/>
    <testcase id="2024-04-03T14:35:46.507Z" name="Skip duplicates should work" file="node_v20.12.0: /free/suggest/20_completion.yml" time="0"/>
  </testsuite>
  <testsuite id="2024-04-03T14:35:46.893Z" name="free/suggest - /free/suggest/30_context.yml" time="2" tests="6" failures="1" skipped="0">
    <testcase id="2024-04-03T14:35:46.893Z" name="Simple context suggestion should work" file="node_v20.12.0: /free/suggest/30_context.yml" time="0"/>
    <testcase id="2024-04-03T14:35:47.351Z" name="Category suggest context from path should work" file="node_v20.12.0: /free/suggest/30_context.yml" time="0"/>
    <testcase id="2024-04-03T14:35:47.794Z" name="Geo suggest should work" file="node_v20.12.0: /free/suggest/30_context.yml" time="0"/>
    <testcase id="2024-04-03T14:35:48.227Z" name="Multi contexts should work" file="node_v20.12.0: /free/suggest/30_context.yml" time="0"/>
    <testcase id="2024-04-03T14:35:48.709Z" name="Skip duplicates with contexts should work" file="node_v20.12.0: /free/suggest/30_context.yml" time="0"/>
    <testcase id="2024-04-03T14:35:49.129Z" name="Indexing and Querying without contexts is forbidden" file="node_v20.12.0: /free/suggest/30_context.yml" time="0">
      <failure message="the error should match: /Contexts are mandatory in context enabled completion field \[suggest_context\]/, found undefined: expected false to be truthy">AssertionError: the error should match: /Contexts are mandatory in context enabled completion field \[suggest_context\]/, found undefined: expected false to be truthy
    at doAction (/usr/src/app/test/integration/test-runner.js:544:14)
    at process.processTicksAndRejections (node:internal/process/task_queues:95:5)
    at async exec (/usr/src/app/test/integration/test-runner.js:578:9)
    at async Object.run (/usr/src/app/test/integration/test-runner.js:316:5)
    at async start (/usr/src/app/test/integration/index.js:331:11)</failure>
    </testcase>
  </testsuite>
  <testsuite id="2024-04-03T14:35:49.273Z" name="free/suggest - /free/suggest/40_typed_keys.yml" time="0" tests="1" failures="1" skipped="0">
    <testcase id="2024-04-03T14:35:49.273Z" name="Test typed keys parameter for suggesters" file="node_v20.12.0: /free/suggest/40_typed_keys.yml" time="0">
      <failure message="Cannot convert undefined or null to object">TypeError: Cannot convert undefined or null to object
    at Function.entries (&lt;anonymous&gt;)
    at doRedact (/usr/src/app/node_modules/@elastic/transport/lib/security.js:22:16)
    at /usr/src/app/node_modules/@elastic/transport/lib/security.js:30:44
    at Array.map (&lt;anonymous&gt;)
    at /usr/src/app/node_modules/@elastic/transport/lib/security.js:30:35
    at Array.forEach (&lt;anonymous&gt;)
    at doRedact (/usr/src/app/node_modules/@elastic/transport/lib/security.js:22:29)
    at /usr/src/app/node_modules/@elastic/transport/lib/security.js:36:33
    at Array.forEach (&lt;anonymous&gt;)
    at doRedact (/usr/src/app/node_modules/@elastic/transport/lib/security.js:22:29)</failure>
    </testcase>
  </testsuite>
  <testsuite id="2024-04-03T14:35:49.322Z" name="free/suggest - /free/suggest/50_completion_with_multi_fields.yml" time="2" tests="5" failures="0" skipped="0">
    <testcase id="2024-04-03T14:35:49.322Z" name="Search by suggestion and by keyword sub-field should work" file="node_v20.12.0: /free/suggest/50_completion_with_multi_fields.yml" time="0"/>
    <testcase id="2024-04-03T14:35:49.789Z" name="Search by suggestion on sub field should work" file="node_v20.12.0: /free/suggest/50_completion_with_multi_fields.yml" time="0"/>
    <testcase id="2024-04-03T14:35:50.189Z" name="Search by suggestion on sub field with context should work" file="node_v20.12.0: /free/suggest/50_completion_with_multi_fields.yml" time="0"/>
    <testcase id="2024-04-03T14:35:50.584Z" name="Search by suggestion on sub field with weight should work" file="node_v20.12.0: /free/suggest/50_completion_with_multi_fields.yml" time="0"/>
    <testcase id="2024-04-03T14:35:50.954Z" name="Search by suggestion on geofield-hash on sub field should work" file="node_v20.12.0: /free/suggest/50_completion_with_multi_fields.yml" time="0"/>
  </testsuite>
  <testsuite id="2024-04-03T14:35:51.395Z" name="free/synonyms - /free/synonyms/100_synonyms_no_system_index.yml" time="1" tests="5" failures="4" skipped="0">
    <testcase id="2024-04-03T14:35:51.395Z" name="Get synonyms sets returns not found when no index exists" file="node_v20.12.0: /free/synonyms/100_synonyms_no_system_index.yml" time="0"/>
    <testcase id="2024-04-03T14:35:51.725Z" name="Get synonym set returns not found when no index exists" file="node_v20.12.0: /free/synonyms/100_synonyms_no_system_index.yml" time="0">
      <failure message="the error should match: /synonyms set \[test\-synonyms\] not found/, found undefined: expected false to be truthy">AssertionError: the error should match: /synonyms set \[test\-synonyms\] not found/, found undefined: expected false to be truthy
    at doAction (/usr/src/app/test/integration/test-runner.js:544:14)
    at process.processTicksAndRejections (node:internal/process/task_queues:95:5)
    at async exec (/usr/src/app/test/integration/test-runner.js:578:9)
    at async Object.run (/usr/src/app/test/integration/test-runner.js:316:5)
    at async start (/usr/src/app/test/integration/index.js:331:11)</failure>
    </testcase>
    <testcase id="2024-04-03T14:35:51.772Z" name="Delete synonym set returns not found when no index exists" file="node_v20.12.0: /free/synonyms/100_synonyms_no_system_index.yml" time="0">
      <failure message="the error should match: /synonyms set \[test\-synonyms\] not found/, found undefined: expected false to be truthy">AssertionError: the error should match: /synonyms set \[test\-synonyms\] not found/, found undefined: expected false to be truthy
    at doAction (/usr/src/app/test/integration/test-runner.js:544:14)
    at process.processTicksAndRejections (node:internal/process/task_queues:95:5)
    at async exec (/usr/src/app/test/integration/test-runner.js:578:9)
    at async Object.run (/usr/src/app/test/integration/test-runner.js:316:5)
    at async start (/usr/src/app/test/integration/index.js:331:11)</failure>
    </testcase>
    <testcase id="2024-04-03T14:35:51.834Z" name="Get synonym rule returns not found when no index exists" file="node_v20.12.0: /free/synonyms/100_synonyms_no_system_index.yml" time="0">
      <failure message="the error should match: /synonyms set \[test\-synonyms\] not found/, found undefined: expected false to be truthy">AssertionError: the error should match: /synonyms set \[test\-synonyms\] not found/, found undefined: expected false to be truthy
    at doAction (/usr/src/app/test/integration/test-runner.js:544:14)
    at process.processTicksAndRejections (node:internal/process/task_queues:95:5)
    at async exec (/usr/src/app/test/integration/test-runner.js:578:9)
    at async Object.run (/usr/src/app/test/integration/test-runner.js:316:5)
    at async start (/usr/src/app/test/integration/index.js:331:11)</failure>
    </testcase>
    <testcase id="2024-04-03T14:35:51.868Z" name="Delete synonym rule returns not found when no index exists" file="node_v20.12.0: /free/synonyms/100_synonyms_no_system_index.yml" time="0">
      <failure message="the error should match: /synonyms set \[test\-synonyms\] not found/, found undefined: expected false to be truthy">AssertionError: the error should match: /synonyms set \[test\-synonyms\] not found/, found undefined: expected false to be truthy
    at doAction (/usr/src/app/test/integration/test-runner.js:544:14)
    at process.processTicksAndRejections (node:internal/process/task_queues:95:5)
    at async exec (/usr/src/app/test/integration/test-runner.js:578:9)
    at async Object.run (/usr/src/app/test/integration/test-runner.js:316:5)
    at async start (/usr/src/app/test/integration/index.js:331:11)</failure>
    </testcase>
  </testsuite>
  <testsuite id="2024-04-03T14:35:51.914Z" name="free/synonyms - /free/synonyms/10_synonyms_put.yml" time="1" tests="4" failures="1" skipped="0">
    <testcase id="2024-04-03T14:35:51.914Z" name="Create synonyms with no ID creates ID automatically" file="node_v20.12.0: /free/synonyms/10_synonyms_put.yml" time="0"/>
    <testcase id="2024-04-03T14:35:52.306Z" name="Create and Update synonyms set" file="node_v20.12.0: /free/synonyms/10_synonyms_put.yml" time="0"/>
    <testcase id="2024-04-03T14:35:52.724Z" name="Create empty synonyms set" file="node_v20.12.0: /free/synonyms/10_synonyms_put.yml" time="0"/>
    <testcase id="2024-04-03T14:35:53.201Z" name="Validation fails tests" file="node_v20.12.0: /free/synonyms/10_synonyms_put.yml" time="0">
      <failure message="the error should match: /\[synonyms\] field can't be empty/, found undefined: expected false to be truthy">AssertionError: the error should match: /\[synonyms\] field can't be empty/, found undefined: expected false to be truthy
    at doAction (/usr/src/app/test/integration/test-runner.js:544:14)
    at process.processTicksAndRejections (node:internal/process/task_queues:95:5)
    at async exec (/usr/src/app/test/integration/test-runner.js:578:9)
    at async Object.run (/usr/src/app/test/integration/test-runner.js:316:5)
    at async start (/usr/src/app/test/integration/index.js:331:11)</failure>
    </testcase>
  </testsuite>
  <testsuite id="2024-04-03T14:35:53.245Z" name="free/synonyms - /free/synonyms/20_synonyms_get.yml" time="2" tests="5" failures="1" skipped="0">
    <testcase id="2024-04-03T14:35:53.245Z" name="Get synonyms set" file="node_v20.12.0: /free/synonyms/20_synonyms_get.yml" time="0"/>
    <testcase id="2024-04-03T14:35:53.647Z" name="Get synonyms set - not found" file="node_v20.12.0: /free/synonyms/20_synonyms_get.yml" time="0">
      <failure message="the error should match: missing, found undefined: expected false to be truthy">AssertionError: the error should match: missing, found undefined: expected false to be truthy
    at doAction (/usr/src/app/test/integration/test-runner.js:544:14)
    at process.processTicksAndRejections (node:internal/process/task_queues:95:5)
    at async exec (/usr/src/app/test/integration/test-runner.js:578:9)
    at async Object.run (/usr/src/app/test/integration/test-runner.js:316:5)
    at async start (/usr/src/app/test/integration/index.js:331:11)</failure>
    </testcase>
    <testcase id="2024-04-03T14:35:53.805Z" name="Pagination - size" file="node_v20.12.0: /free/synonyms/20_synonyms_get.yml" time="0"/>
    <testcase id="2024-04-03T14:35:54.240Z" name="Pagination - from" file="node_v20.12.0: /free/synonyms/20_synonyms_get.yml" time="0"/>
    <testcase id="2024-04-03T14:35:54.706Z" name="Synonyms set with same IDs" file="node_v20.12.0: /free/synonyms/20_synonyms_get.yml" time="0"/>
  </testsuite>
  <testsuite id="2024-04-03T14:35:55.108Z" name="free/synonyms - /free/synonyms/30_synonyms_delete.yml" time="1" tests="4" failures="3" skipped="0">
    <testcase id="2024-04-03T14:35:55.108Z" name="Delete synonyms set" file="node_v20.12.0: /free/synonyms/30_synonyms_delete.yml" time="0">
      <failure message="the error should match: missing, found undefined: expected false to be truthy">AssertionError: the error should match: missing, found undefined: expected false to be truthy
    at doAction (/usr/src/app/test/integration/test-runner.js:544:14)
    at process.processTicksAndRejections (node:internal/process/task_queues:95:5)
    at async exec (/usr/src/app/test/integration/test-runner.js:578:9)
    at async Object.run (/usr/src/app/test/integration/test-runner.js:316:5)
    at async start (/usr/src/app/test/integration/index.js:331:11)</failure>
    </testcase>
    <testcase id="2024-04-03T14:35:55.240Z" name="Delete synonyms set - not found" file="node_v20.12.0: /free/synonyms/30_synonyms_delete.yml" time="0">
      <failure message="the error should match: missing, found undefined: expected false to be truthy">AssertionError: the error should match: missing, found undefined: expected false to be truthy
    at doAction (/usr/src/app/test/integration/test-runner.js:544:14)
    at process.processTicksAndRejections (node:internal/process/task_queues:95:5)
    at async exec (/usr/src/app/test/integration/test-runner.js:578:9)
    at async Object.run (/usr/src/app/test/integration/test-runner.js:316:5)
    at async start (/usr/src/app/test/integration/index.js:331:11)</failure>
    </testcase>
    <testcase id="2024-04-03T14:35:55.280Z" name="Delete synonyms set - does not impact other synonym sets" file="node_v20.12.0: /free/synonyms/30_synonyms_delete.yml" time="0"/>
    <testcase id="2024-04-03T14:35:55.683Z" name="Delete synonym set - index uses the synonym set, so it can't be deleted" file="node_v20.12.0: /free/synonyms/30_synonyms_delete.yml" time="0">
      <failure message="the error should match: /synonyms set \[test-get-synonyms\] cannot be deleted as it is used in the following indices:\ my_index1/, found undefined: expected false to be truthy">AssertionError: the error should match: /synonyms set \[test-get-synonyms\] cannot be deleted as it is used in the following indices:\ my_index1/, found undefined: expected false to be truthy
    at doAction (/usr/src/app/test/integration/test-runner.js:544:14)
    at process.processTicksAndRejections (node:internal/process/task_queues:95:5)
    at async exec (/usr/src/app/test/integration/test-runner.js:578:9)
    at async Object.run (/usr/src/app/test/integration/test-runner.js:316:5)
    at async start (/usr/src/app/test/integration/index.js:331:11)</failure>
    </testcase>
  </testsuite>
  <testsuite id="2024-04-03T14:35:55.867Z" name="free/synonyms - /free/synonyms/40_synonyms_sets_get.yml" time="1" tests="5" failures="5" skipped="0">
    <testcase id="2024-04-03T14:35:55.867Z" name="List synonyms set" file="node_v20.12.0: /free/synonyms/40_synonyms_sets_get.yml" time="0">
      <failure message="should be equal: 4 - 3, action: {&quot;count&quot;:3}: expected 4 to equal 3">AssertionError: should be equal: 4 - 3, action: {"count":3}: expected 4 to equal 3
    at match (/usr/src/app/test/integration/test-runner.js:746:14)
    at exec (/usr/src/app/test/integration/test-runner.js:594:9)
    at process.processTicksAndRejections (node:internal/process/task_queues:95:5)
    at async Object.run (/usr/src/app/test/integration/test-runner.js:316:5)
    at async start (/usr/src/app/test/integration/index.js:331:11)</failure>
    </testcase>
    <testcase id="2024-04-03T14:35:55.943Z" name="Pagination - size" file="node_v20.12.0: /free/synonyms/40_synonyms_sets_get.yml" time="0">
      <failure message="should be equal: 4 - 3, action: {&quot;count&quot;:3}: expected 4 to equal 3">AssertionError: should be equal: 4 - 3, action: {"count":3}: expected 4 to equal 3
    at match (/usr/src/app/test/integration/test-runner.js:746:14)
    at exec (/usr/src/app/test/integration/test-runner.js:594:9)
    at process.processTicksAndRejections (node:internal/process/task_queues:95:5)
    at async Object.run (/usr/src/app/test/integration/test-runner.js:316:5)
    at async start (/usr/src/app/test/integration/index.js:331:11)</failure>
    </testcase>
    <testcase id="2024-04-03T14:35:56.047Z" name="Pagination - from" file="node_v20.12.0: /free/synonyms/40_synonyms_sets_get.yml" time="0">
      <failure message="should be equal: 4 - 3, action: {&quot;count&quot;:3}: expected 4 to equal 3">AssertionError: should be equal: 4 - 3, action: {"count":3}: expected 4 to equal 3
    at match (/usr/src/app/test/integration/test-runner.js:746:14)
    at exec (/usr/src/app/test/integration/test-runner.js:594:9)
    at process.processTicksAndRejections (node:internal/process/task_queues:95:5)
    at async Object.run (/usr/src/app/test/integration/test-runner.js:316:5)
    at async start (/usr/src/app/test/integration/index.js:331:11)</failure>
    </testcase>
    <testcase id="2024-04-03T14:35:56.153Z" name="No synonym sets" file="node_v20.12.0: /free/synonyms/40_synonyms_sets_get.yml" time="0">
      <failure message="should be equal: 1 - 0, action: {&quot;count&quot;:0}: expected 1 to equal +0">AssertionError: should be equal: 1 - 0, action: {"count":0}: expected 1 to equal +0
    at match (/usr/src/app/test/integration/test-runner.js:746:14)
    at exec (/usr/src/app/test/integration/test-runner.js:594:9)
    at process.processTicksAndRejections (node:internal/process/task_queues:95:5)
    at async Object.run (/usr/src/app/test/integration/test-runner.js:316:5)
    at async start (/usr/src/app/test/integration/index.js:331:11)</failure>
    </testcase>
    <testcase id="2024-04-03T14:35:56.283Z" name="More than 10 synonym sets" file="node_v20.12.0: /free/synonyms/40_synonyms_sets_get.yml" time="0">
      <failure message="should be equal: 13 - 12, action: {&quot;count&quot;:12}: expected 13 to equal 12">AssertionError: should be equal: 13 - 12, action: {"count":12}: expected 13 to equal 12
    at match (/usr/src/app/test/integration/test-runner.js:746:14)
    at exec (/usr/src/app/test/integration/test-runner.js:594:9)
    at process.processTicksAndRejections (node:internal/process/task_queues:95:5)
    at async Object.run (/usr/src/app/test/integration/test-runner.js:316:5)
    at async start (/usr/src/app/test/integration/index.js:331:11)</failure>
    </testcase>
  </testsuite>
  <testsuite id="2024-04-03T14:35:56.440Z" name="free/synonyms - /free/synonyms/50_synonym_rule_put.yml" time="0" tests="3" failures="3" skipped="0">
    <testcase id="2024-04-03T14:35:56.441Z" name="Update a synonyms rule" file="node_v20.12.0: /free/synonyms/50_synonym_rule_put.yml" time="0">
      <failure message="should be equal: 1 - 0, action: {&quot;reload_analyzers_details._shards.total&quot;:0}: expected 1 to equal +0">AssertionError: should be equal: 1 - 0, action: {"reload_analyzers_details._shards.total":0}: expected 1 to equal +0
    at match (/usr/src/app/test/integration/test-runner.js:746:14)
    at exec (/usr/src/app/test/integration/test-runner.js:594:9)
    at process.processTicksAndRejections (node:internal/process/task_queues:95:5)
    at async Object.run (/usr/src/app/test/integration/test-runner.js:316:5)
    at async start (/usr/src/app/test/integration/index.js:331:11)</failure>
    </testcase>
    <testcase id="2024-04-03T14:35:56.495Z" name="Create a new synonym rule" file="node_v20.12.0: /free/synonyms/50_synonym_rule_put.yml" time="0">
      <failure message="should be equal: 1 - 0, action: {&quot;reload_analyzers_details._shards.total&quot;:0}: expected 1 to equal +0">AssertionError: should be equal: 1 - 0, action: {"reload_analyzers_details._shards.total":0}: expected 1 to equal +0
    at match (/usr/src/app/test/integration/test-runner.js:746:14)
    at exec (/usr/src/app/test/integration/test-runner.js:594:9)
    at process.processTicksAndRejections (node:internal/process/task_queues:95:5)
    at async Object.run (/usr/src/app/test/integration/test-runner.js:316:5)
    at async start (/usr/src/app/test/integration/index.js:331:11)</failure>
    </testcase>
    <testcase id="2024-04-03T14:35:56.556Z" name="Update synonym rule for non existing synonym set" file="node_v20.12.0: /free/synonyms/50_synonym_rule_put.yml" time="0">
      <failure message="the error should match: missing, found undefined: expected false to be truthy">AssertionError: the error should match: missing, found undefined: expected false to be truthy
    at doAction (/usr/src/app/test/integration/test-runner.js:544:14)
    at process.processTicksAndRejections (node:internal/process/task_queues:95:5)
    at async exec (/usr/src/app/test/integration/test-runner.js:578:9)
    at async Object.run (/usr/src/app/test/integration/test-runner.js:316:5)
    at async start (/usr/src/app/test/integration/index.js:331:11)</failure>
    </testcase>
  </testsuite>
  <testsuite id="2024-04-03T14:35:56.605Z" name="free/synonyms - /free/synonyms/60_synonym_rule_get.yml" time="1" tests="3" failures="2" skipped="0">
    <testcase id="2024-04-03T14:35:56.605Z" name="Get a synonym rule" file="node_v20.12.0: /free/synonyms/60_synonym_rule_get.yml" time="0"/>
    <testcase id="2024-04-03T14:35:57.042Z" name="Synonym set not found" file="node_v20.12.0: /free/synonyms/60_synonym_rule_get.yml" time="0">
      <failure message="the error should match: missing, found undefined: expected false to be truthy">AssertionError: the error should match: missing, found undefined: expected false to be truthy
    at doAction (/usr/src/app/test/integration/test-runner.js:544:14)
    at process.processTicksAndRejections (node:internal/process/task_queues:95:5)
    at async exec (/usr/src/app/test/integration/test-runner.js:578:9)
    at async Object.run (/usr/src/app/test/integration/test-runner.js:316:5)
    at async start (/usr/src/app/test/integration/index.js:331:11)</failure>
    </testcase>
    <testcase id="2024-04-03T14:35:57.112Z" name="Synonym rule not found" file="node_v20.12.0: /free/synonyms/60_synonym_rule_get.yml" time="0">
      <failure message="the error should match: missing, found undefined: expected false to be truthy">AssertionError: the error should match: missing, found undefined: expected false to be truthy
    at doAction (/usr/src/app/test/integration/test-runner.js:544:14)
    at process.processTicksAndRejections (node:internal/process/task_queues:95:5)
    at async exec (/usr/src/app/test/integration/test-runner.js:578:9)
    at async Object.run (/usr/src/app/test/integration/test-runner.js:316:5)
    at async start (/usr/src/app/test/integration/index.js:331:11)</failure>
    </testcase>
  </testsuite>
  <testsuite id="2024-04-03T14:35:57.156Z" name="free/synonyms - /free/synonyms/70_synonym_rule_delete.yml" time="1" tests="5" failures="3" skipped="0">
    <testcase id="2024-04-03T14:35:57.156Z" name="Delete synonym rule" file="node_v20.12.0: /free/synonyms/70_synonym_rule_delete.yml" time="0">
      <failure message="the error should match: missing, found undefined: expected false to be truthy">AssertionError: the error should match: missing, found undefined: expected false to be truthy
    at doAction (/usr/src/app/test/integration/test-runner.js:544:14)
    at process.processTicksAndRejections (node:internal/process/task_queues:95:5)
    at async exec (/usr/src/app/test/integration/test-runner.js:578:9)
    at async Object.run (/usr/src/app/test/integration/test-runner.js:316:5)
    at async start (/usr/src/app/test/integration/index.js:331:11)</failure>
    </testcase>
    <testcase id="2024-04-03T14:35:57.211Z" name="Delete synonym rule - missing synonym set" file="node_v20.12.0: /free/synonyms/70_synonym_rule_delete.yml" time="0">
      <failure message="the error should match: missing, found undefined: expected false to be truthy">AssertionError: the error should match: missing, found undefined: expected false to be truthy
    at doAction (/usr/src/app/test/integration/test-runner.js:544:14)
    at process.processTicksAndRejections (node:internal/process/task_queues:95:5)
    at async exec (/usr/src/app/test/integration/test-runner.js:578:9)
    at async Object.run (/usr/src/app/test/integration/test-runner.js:316:5)
    at async start (/usr/src/app/test/integration/index.js:331:11)</failure>
    </testcase>
    <testcase id="2024-04-03T14:35:57.262Z" name="Delete synonym rule - missing synonym rule" file="node_v20.12.0: /free/synonyms/70_synonym_rule_delete.yml" time="0">
      <failure message="the error should match: missing, found undefined: expected false to be truthy">AssertionError: the error should match: missing, found undefined: expected false to be truthy
    at doAction (/usr/src/app/test/integration/test-runner.js:544:14)
    at process.processTicksAndRejections (node:internal/process/task_queues:95:5)
    at async exec (/usr/src/app/test/integration/test-runner.js:578:9)
    at async Object.run (/usr/src/app/test/integration/test-runner.js:316:5)
    at async start (/usr/src/app/test/integration/index.js:331:11)</failure>
    </testcase>
    <testcase id="2024-04-03T14:35:57.320Z" name="Delete synonym rule - does not impact other synonym sets" file="node_v20.12.0: /free/synonyms/70_synonym_rule_delete.yml" time="0"/>
    <testcase id="2024-04-03T14:35:57.729Z" name="Delete synonym rules - delete all synonym rules leave an empty synonym set" file="node_v20.12.0: /free/synonyms/70_synonym_rule_delete.yml" time="0"/>
  </testsuite>
  <testsuite id="2024-04-03T14:35:58.183Z" name="free/synonyms - /free/synonyms/80_synonyms_from_index.yml" time="32" tests="4" failures="0" skipped="0">
    <testcase id="2024-04-03T14:35:58.183Z" name="Load synonyms from index for an analyzer" file="node_v20.12.0: /free/synonyms/80_synonyms_from_index.yml" time="0"/>
    <testcase id="2024-04-03T14:35:58.599Z" name="Update the synonym set and auto-reload analyzer" file="node_v20.12.0: /free/synonyms/80_synonyms_from_index.yml" time="0"/>
    <testcase id="2024-04-03T14:35:59.088Z" name="Update a single synonym rule and auto-reload analyzer" file="node_v20.12.0: /free/synonyms/80_synonyms_from_index.yml" time="1"/>
    <testcase id="2024-04-03T14:35:59.707Z" name="Fail loading synonyms from index if synonyms_set doesn't exist" file="node_v20.12.0: /free/synonyms/80_synonyms_from_index.yml" time="31"/>
  </testsuite>
  <testsuite id="2024-04-03T14:36:30.318Z" name="free/synonyms - /free/synonyms/90_synonyms_reloading_for_synset.yml" time="1" tests="1" failures="0" skipped="0">
    <testcase id="2024-04-03T14:36:30.318Z" name="Reload analyzers for specific synonym set" file="node_v20.12.0: /free/synonyms/90_synonyms_reloading_for_synset.yml" time="1"/>
  </testsuite>
  <testsuite id="2024-04-03T14:36:30.970Z" name="free/tasks.cancel - /free/tasks.cancel/10_basic.yml" time="0" tests="1" failures="0" skipped="0">
    <testcase id="2024-04-03T14:36:30.970Z" name="tasks_cancel test" file="node_v20.12.0: /free/tasks.cancel/10_basic.yml" time="0"/>
  </testsuite>
  <testsuite id="2024-04-03T14:36:31.327Z" name="free/tasks.get - /free/tasks.get/10_basic.yml" time="0" tests="1" failures="1" skipped="0">
    <testcase id="2024-04-03T14:36:31.327Z" name="get task test" file="node_v20.12.0: /free/tasks.get/10_basic.yml" time="0">
      <failure message="the error should match: missing, found undefined: expected false to be truthy">AssertionError: the error should match: missing, found undefined: expected false to be truthy
    at doAction (/usr/src/app/test/integration/test-runner.js:544:14)
    at process.processTicksAndRejections (node:internal/process/task_queues:95:5)
    at async exec (/usr/src/app/test/integration/test-runner.js:578:9)
    at async Object.run (/usr/src/app/test/integration/test-runner.js:316:5)
    at async start (/usr/src/app/test/integration/index.js:331:11)</failure>
    </testcase>
  </testsuite>
  <testsuite id="2024-04-03T14:36:31.402Z" name="free/tasks.list - /free/tasks.list/10_basic.yml" time="1" tests="2" failures="0" skipped="0">
    <testcase id="2024-04-03T14:36:31.402Z" name="tasks_list test" file="node_v20.12.0: /free/tasks.list/10_basic.yml" time="0"/>
    <testcase id="2024-04-03T14:36:31.729Z" name="tasks_list headers" file="node_v20.12.0: /free/tasks.list/10_basic.yml" time="0"/>
  </testsuite>
  <testsuite id="2024-04-03T14:36:32.081Z" name="free/termvectors - /free/termvectors/10_basic.yml" time="0" tests="1" failures="0" skipped="0">
    <testcase id="2024-04-03T14:36:32.081Z" name="Basic tests for termvector get" file="node_v20.12.0: /free/termvectors/10_basic.yml" time="0"/>
  </testsuite>
  <testsuite id="2024-04-03T14:36:32.507Z" name="free/termvectors - /free/termvectors/20_issue7121.yml" time="0" tests="1" failures="0" skipped="0">
    <testcase id="2024-04-03T14:36:32.507Z" name="Term vector API should return 'found: false' for docs between index and refresh" file="node_v20.12.0: /free/termvectors/20_issue7121.yml" time="0"/>
  </testsuite>
  <testsuite id="2024-04-03T14:36:32.966Z" name="free/termvectors - /free/termvectors/30_realtime.yml" time="0" tests="1" failures="0" skipped="0">
    <testcase id="2024-04-03T14:36:32.966Z" name="Realtime Term Vectors" file="node_v20.12.0: /free/termvectors/30_realtime.yml" time="0"/>
  </testsuite>
  <testsuite id="2024-04-03T14:36:33.437Z" name="free/tsdb - /free/tsdb/05_dimension_and_metric_in_non_tsdb_index.yml" time="1" tests="5" failures="4" skipped="0">
    <testcase id="2024-04-03T14:36:33.437Z" name="add time series mappings" file="node_v20.12.0: /free/tsdb/05_dimension_and_metric_in_non_tsdb_index.yml" time="0"/>
    <testcase id="2024-04-03T14:36:33.819Z" name="can't shadow dimensions" file="node_v20.12.0: /free/tsdb/05_dimension_and_metric_in_non_tsdb_index.yml" time="0">
      <failure message="the error should match: /Field \[dim\] attempted to shadow a time_series_dimension/, found undefined: expected false to be truthy">AssertionError: the error should match: /Field \[dim\] attempted to shadow a time_series_dimension/, found undefined: expected false to be truthy
    at doAction (/usr/src/app/test/integration/test-runner.js:544:14)
    at process.processTicksAndRejections (node:internal/process/task_queues:95:5)
    at async exec (/usr/src/app/test/integration/test-runner.js:578:9)
    at async Object.run (/usr/src/app/test/integration/test-runner.js:316:5)
    at async start (/usr/src/app/test/integration/index.js:331:11)</failure>
    </testcase>
    <testcase id="2024-04-03T14:36:33.947Z" name="can't shadow metrics" file="node_v20.12.0: /free/tsdb/05_dimension_and_metric_in_non_tsdb_index.yml" time="0">
      <failure message="Cannot convert undefined or null to object">TypeError: Cannot convert undefined or null to object
    at Function.entries (&lt;anonymous&gt;)
    at doRedact (/usr/src/app/node_modules/@elastic/transport/lib/security.js:22:16)
    at /usr/src/app/node_modules/@elastic/transport/lib/security.js:30:44
    at Array.map (&lt;anonymous&gt;)
    at /usr/src/app/node_modules/@elastic/transport/lib/security.js:30:35
    at Array.forEach (&lt;anonymous&gt;)
    at doRedact (/usr/src/app/node_modules/@elastic/transport/lib/security.js:22:29)
    at /usr/src/app/node_modules/@elastic/transport/lib/security.js:36:33
    at Array.forEach (&lt;anonymous&gt;)
    at doRedact (/usr/src/app/node_modules/@elastic/transport/lib/security.js:22:29)</failure>
    </testcase>
    <testcase id="2024-04-03T14:36:34.000Z" name="no _tsid in standard indices" file="node_v20.12.0: /free/tsdb/05_dimension_and_metric_in_non_tsdb_index.yml" time="0">
      <failure message="Cannot convert undefined or null to object">TypeError: Cannot convert undefined or null to object
    at Function.entries (&lt;anonymous&gt;)
    at doRedact (/usr/src/app/node_modules/@elastic/transport/lib/security.js:22:16)
    at /usr/src/app/node_modules/@elastic/transport/lib/security.js:30:44
    at Array.map (&lt;anonymous&gt;)
    at /usr/src/app/node_modules/@elastic/transport/lib/security.js:30:35
    at Array.forEach (&lt;anonymous&gt;)
    at doRedact (/usr/src/app/node_modules/@elastic/transport/lib/security.js:22:29)
    at /usr/src/app/node_modules/@elastic/transport/lib/security.js:36:33
    at Array.forEach (&lt;anonymous&gt;)
    at doRedact (/usr/src/app/node_modules/@elastic/transport/lib/security.js:22:29)</failure>
    </testcase>
    <testcase id="2024-04-03T14:36:34.030Z" name="no nested dimensions" file="node_v20.12.0: /free/tsdb/05_dimension_and_metric_in_non_tsdb_index.yml" time="0">
      <failure message="the error should match: /time_series_dimension can't be configured in nested field \[nested.dim\]/, found undefined: expected false to be truthy">AssertionError: the error should match: /time_series_dimension can't be configured in nested field \[nested.dim\]/, found undefined: expected false to be truthy
    at doAction (/usr/src/app/test/integration/test-runner.js:544:14)
    at process.processTicksAndRejections (node:internal/process/task_queues:95:5)
    at async exec (/usr/src/app/test/integration/test-runner.js:578:9)
    at async Object.run (/usr/src/app/test/integration/test-runner.js:316:5)
    at async start (/usr/src/app/test/integration/index.js:331:11)</failure>
    </testcase>
  </testsuite>
  <testsuite id="2024-04-03T14:36:34.059Z" name="free/tsdb - /free/tsdb/100_composite.yml" time="0" tests="2" failures="2" skipped="0">
    <testcase id="2024-04-03T14:36:34.059Z" name="composite aggregation on tsid" file="node_v20.12.0: /free/tsdb/100_composite.yml" time="0">
      <failure message="Cannot convert undefined or null to object">TypeError: Cannot convert undefined or null to object
    at Function.entries (&lt;anonymous&gt;)
    at doRedact (/usr/src/app/node_modules/@elastic/transport/lib/security.js:22:16)
    at /usr/src/app/node_modules/@elastic/transport/lib/security.js:30:44
    at Array.map (&lt;anonymous&gt;)
    at /usr/src/app/node_modules/@elastic/transport/lib/security.js:30:35
    at Array.forEach (&lt;anonymous&gt;)
    at doRedact (/usr/src/app/node_modules/@elastic/transport/lib/security.js:22:29)
    at /usr/src/app/node_modules/@elastic/transport/lib/security.js:36:33
    at Array.forEach (&lt;anonymous&gt;)
    at doRedact (/usr/src/app/node_modules/@elastic/transport/lib/security.js:22:29)</failure>
    </testcase>
    <testcase id="2024-04-03T14:36:34.088Z" name="composite aggregation on tsid with after" file="node_v20.12.0: /free/tsdb/100_composite.yml" time="0">
      <failure message="Cannot convert undefined or null to object">TypeError: Cannot convert undefined or null to object
    at Function.entries (&lt;anonymous&gt;)
    at doRedact (/usr/src/app/node_modules/@elastic/transport/lib/security.js:22:16)
    at /usr/src/app/node_modules/@elastic/transport/lib/security.js:30:44
    at Array.map (&lt;anonymous&gt;)
    at /usr/src/app/node_modules/@elastic/transport/lib/security.js:30:35
    at Array.forEach (&lt;anonymous&gt;)
    at doRedact (/usr/src/app/node_modules/@elastic/transport/lib/security.js:22:29)
    at /usr/src/app/node_modules/@elastic/transport/lib/security.js:36:33
    at Array.forEach (&lt;anonymous&gt;)
    at doRedact (/usr/src/app/node_modules/@elastic/transport/lib/security.js:22:29)</failure>
    </testcase>
  </testsuite>
  <testsuite id="2024-04-03T14:36:34.133Z" name="free/tsdb - /free/tsdb/10_settings.yml" time="1" tests="19" failures="18" skipped="0">
    <testcase id="2024-04-03T14:36:34.133Z" name="enable" file="node_v20.12.0: /free/tsdb/10_settings.yml" time="0"/>
    <testcase id="2024-04-03T14:36:34.508Z" name="no sort field" file="node_v20.12.0: /free/tsdb/10_settings.yml" time="0">
      <failure message="the error should match: /\[index.mode=time_series\] is incompatible with \[index.sort.field\]/, found undefined: expected false to be truthy">AssertionError: the error should match: /\[index.mode=time_series\] is incompatible with \[index.sort.field\]/, found undefined: expected false to be truthy
    at doAction (/usr/src/app/test/integration/test-runner.js:544:14)
    at process.processTicksAndRejections (node:internal/process/task_queues:95:5)
    at async exec (/usr/src/app/test/integration/test-runner.js:578:9)
    at async Object.run (/usr/src/app/test/integration/test-runner.js:316:5)
    at async start (/usr/src/app/test/integration/index.js:331:11)</failure>
    </testcase>
    <testcase id="2024-04-03T14:36:34.545Z" name="no sort order" file="node_v20.12.0: /free/tsdb/10_settings.yml" time="0">
      <failure message="the error should match: /\[index.mode=time_series\] is incompatible with \[index.sort.order\]/, found undefined: expected false to be truthy">AssertionError: the error should match: /\[index.mode=time_series\] is incompatible with \[index.sort.order\]/, found undefined: expected false to be truthy
    at doAction (/usr/src/app/test/integration/test-runner.js:544:14)
    at process.processTicksAndRejections (node:internal/process/task_queues:95:5)
    at async exec (/usr/src/app/test/integration/test-runner.js:578:9)
    at async Object.run (/usr/src/app/test/integration/test-runner.js:316:5)
    at async start (/usr/src/app/test/integration/index.js:331:11)</failure>
    </testcase>
    <testcase id="2024-04-03T14:36:34.572Z" name="no sort mode" file="node_v20.12.0: /free/tsdb/10_settings.yml" time="0">
      <failure message="the error should match: /\[index.mode=time_series\] is incompatible with \[index.sort.mode\]/, found undefined: expected false to be truthy">AssertionError: the error should match: /\[index.mode=time_series\] is incompatible with \[index.sort.mode\]/, found undefined: expected false to be truthy
    at doAction (/usr/src/app/test/integration/test-runner.js:544:14)
    at process.processTicksAndRejections (node:internal/process/task_queues:95:5)
    at async exec (/usr/src/app/test/integration/test-runner.js:578:9)
    at async Object.run (/usr/src/app/test/integration/test-runner.js:316:5)
    at async start (/usr/src/app/test/integration/index.js:331:11)</failure>
    </testcase>
    <testcase id="2024-04-03T14:36:34.599Z" name="no sort missing" file="node_v20.12.0: /free/tsdb/10_settings.yml" time="0">
      <failure message="the error should match: /\[index.mode=time_series\] is incompatible with \[index.sort.missing\]/, found undefined: expected false to be truthy">AssertionError: the error should match: /\[index.mode=time_series\] is incompatible with \[index.sort.missing\]/, found undefined: expected false to be truthy
    at doAction (/usr/src/app/test/integration/test-runner.js:544:14)
    at process.processTicksAndRejections (node:internal/process/task_queues:95:5)
    at async exec (/usr/src/app/test/integration/test-runner.js:578:9)
    at async Object.run (/usr/src/app/test/integration/test-runner.js:316:5)
    at async start (/usr/src/app/test/integration/index.js:331:11)</failure>
    </testcase>
    <testcase id="2024-04-03T14:36:34.627Z" name="no partitioning" file="node_v20.12.0: /free/tsdb/10_settings.yml" time="0">
      <failure message="the error should match: /\[index.mode=time_series\] is incompatible with \[index.routing_partition_size\]/, found undefined: expected false to be truthy">AssertionError: the error should match: /\[index.mode=time_series\] is incompatible with \[index.routing_partition_size\]/, found undefined: expected false to be truthy
    at doAction (/usr/src/app/test/integration/test-runner.js:544:14)
    at process.processTicksAndRejections (node:internal/process/task_queues:95:5)
    at async exec (/usr/src/app/test/integration/test-runner.js:578:9)
    at async Object.run (/usr/src/app/test/integration/test-runner.js:316:5)
    at async start (/usr/src/app/test/integration/index.js:331:11)</failure>
    </testcase>
    <testcase id="2024-04-03T14:36:34.655Z" name="routing_path required" file="node_v20.12.0: /free/tsdb/10_settings.yml" time="0">
      <failure message="the error should match: /\[index.mode=time_series\] requires a non-empty \[index.routing_path\]/, found undefined: expected false to be truthy">AssertionError: the error should match: /\[index.mode=time_series\] requires a non-empty \[index.routing_path\]/, found undefined: expected false to be truthy
    at doAction (/usr/src/app/test/integration/test-runner.js:544:14)
    at process.processTicksAndRejections (node:internal/process/task_queues:95:5)
    at async exec (/usr/src/app/test/integration/test-runner.js:578:9)
    at async Object.run (/usr/src/app/test/integration/test-runner.js:316:5)
    at async start (/usr/src/app/test/integration/index.js:331:11)</failure>
    </testcase>
    <testcase id="2024-04-03T14:36:34.682Z" name="routing_path is not allowed in standard mode" file="node_v20.12.0: /free/tsdb/10_settings.yml" time="0">
      <failure message="the error should match: /\[index.routing_path\] requires \[index.mode=time_series\]/, found undefined: expected false to be truthy">AssertionError: the error should match: /\[index.routing_path\] requires \[index.mode=time_series\]/, found undefined: expected false to be truthy
    at doAction (/usr/src/app/test/integration/test-runner.js:544:14)
    at process.processTicksAndRejections (node:internal/process/task_queues:95:5)
    at async exec (/usr/src/app/test/integration/test-runner.js:578:9)
    at async Object.run (/usr/src/app/test/integration/test-runner.js:316:5)
    at async start (/usr/src/app/test/integration/index.js:331:11)</failure>
    </testcase>
    <testcase id="2024-04-03T14:36:34.710Z" name="routing required" file="node_v20.12.0: /free/tsdb/10_settings.yml" time="0">
      <failure message="the error should match: /routing is forbidden on CRUD operations that target indices in \[index.mode=time_series\]/, found undefined: expected false to be truthy">AssertionError: the error should match: /routing is forbidden on CRUD operations that target indices in \[index.mode=time_series\]/, found undefined: expected false to be truthy
    at doAction (/usr/src/app/test/integration/test-runner.js:544:14)
    at process.processTicksAndRejections (node:internal/process/task_queues:95:5)
    at async exec (/usr/src/app/test/integration/test-runner.js:578:9)
    at async Object.run (/usr/src/app/test/integration/test-runner.js:316:5)
    at async start (/usr/src/app/test/integration/index.js:331:11)</failure>
    </testcase>
    <testcase id="2024-04-03T14:36:34.738Z" name="empty routing_path" file="node_v20.12.0: /free/tsdb/10_settings.yml" time="0">
      <failure message="the error should match: /\[index.mode=time_series\] requires a non-empty \[index.routing_path\]/, found undefined: expected false to be truthy">AssertionError: the error should match: /\[index.mode=time_series\] requires a non-empty \[index.routing_path\]/, found undefined: expected false to be truthy
    at doAction (/usr/src/app/test/integration/test-runner.js:544:14)
    at process.processTicksAndRejections (node:internal/process/task_queues:95:5)
    at async exec (/usr/src/app/test/integration/test-runner.js:578:9)
    at async Object.run (/usr/src/app/test/integration/test-runner.js:316:5)
    at async start (/usr/src/app/test/integration/index.js:331:11)</failure>
    </testcase>
    <testcase id="2024-04-03T14:36:34.765Z" name="empty start end times" file="node_v20.12.0: /free/tsdb/10_settings.yml" time="0">
      <failure message="the error should match: /cannot parse empty date/, found undefined: expected false to be truthy">AssertionError: the error should match: /cannot parse empty date/, found undefined: expected false to be truthy
    at doAction (/usr/src/app/test/integration/test-runner.js:544:14)
    at process.processTicksAndRejections (node:internal/process/task_queues:95:5)
    at async exec (/usr/src/app/test/integration/test-runner.js:578:9)
    at async Object.run (/usr/src/app/test/integration/test-runner.js:316:5)
    at async start (/usr/src/app/test/integration/index.js:331:11)</failure>
    </testcase>
    <testcase id="2024-04-03T14:36:34.792Z" name="set start_time and end_time" file="node_v20.12.0: /free/tsdb/10_settings.yml" time="0">
      <failure message="the error should match: /index.time_series.end_time must be larger than current value \[1632625793000\]/, found undefined: expected false to be truthy">AssertionError: the error should match: /index.time_series.end_time must be larger than current value \[1632625793000\]/, found undefined: expected false to be truthy
    at doAction (/usr/src/app/test/integration/test-runner.js:544:14)
    at process.processTicksAndRejections (node:internal/process/task_queues:95:5)
    at async exec (/usr/src/app/test/integration/test-runner.js:578:9)
    at async Object.run (/usr/src/app/test/integration/test-runner.js:316:5)
    at async start (/usr/src/app/test/integration/index.js:331:11)</failure>
    </testcase>
    <testcase id="2024-04-03T14:36:34.883Z" name="set start_time and end_time without timeseries mode" file="node_v20.12.0: /free/tsdb/10_settings.yml" time="0">
      <failure message="the error should match: /\[index.time_series.start_time\] requires \[index.mode=time_series\]/, found undefined: expected false to be truthy">AssertionError: the error should match: /\[index.time_series.start_time\] requires \[index.mode=time_series\]/, found undefined: expected false to be truthy
    at doAction (/usr/src/app/test/integration/test-runner.js:544:14)
    at process.processTicksAndRejections (node:internal/process/task_queues:95:5)
    at async exec (/usr/src/app/test/integration/test-runner.js:578:9)
    at async Object.run (/usr/src/app/test/integration/test-runner.js:316:5)
    at async start (/usr/src/app/test/integration/index.js:331:11)</failure>
    </testcase>
    <testcase id="2024-04-03T14:36:34.923Z" name="set bad start_time and end_time" file="node_v20.12.0: /free/tsdb/10_settings.yml" time="0">
      <failure message="Cannot convert undefined or null to object">TypeError: Cannot convert undefined or null to object
    at Function.entries (&lt;anonymous&gt;)
    at doRedact (/usr/src/app/node_modules/@elastic/transport/lib/security.js:22:16)
    at /usr/src/app/node_modules/@elastic/transport/lib/security.js:30:44
    at Array.map (&lt;anonymous&gt;)
    at /usr/src/app/node_modules/@elastic/transport/lib/security.js:30:35
    at Array.forEach (&lt;anonymous&gt;)
    at doRedact (/usr/src/app/node_modules/@elastic/transport/lib/security.js:22:29)
    at /usr/src/app/node_modules/@elastic/transport/lib/security.js:36:33
    at Array.forEach (&lt;anonymous&gt;)
    at doRedact (/usr/src/app/node_modules/@elastic/transport/lib/security.js:22:29)</failure>
    </testcase>
    <testcase id="2024-04-03T14:36:34.951Z" name="check start_time and end_time with data_nano" file="node_v20.12.0: /free/tsdb/10_settings.yml" time="0">
      <failure message="Cannot convert undefined or null to object">TypeError: Cannot convert undefined or null to object
    at Function.entries (&lt;anonymous&gt;)
    at doRedact (/usr/src/app/node_modules/@elastic/transport/lib/security.js:22:16)
    at /usr/src/app/node_modules/@elastic/transport/lib/security.js:30:44
    at Array.map (&lt;anonymous&gt;)
    at /usr/src/app/node_modules/@elastic/transport/lib/security.js:30:35
    at Array.forEach (&lt;anonymous&gt;)
    at doRedact (/usr/src/app/node_modules/@elastic/transport/lib/security.js:22:29)
    at /usr/src/app/node_modules/@elastic/transport/lib/security.js:36:33
    at Array.forEach (&lt;anonymous&gt;)
    at doRedact (/usr/src/app/node_modules/@elastic/transport/lib/security.js:22:29)</failure>
    </testcase>
    <testcase id="2024-04-03T14:36:34.981Z" name="check start_time boundary with data_nano" file="node_v20.12.0: /free/tsdb/10_settings.yml" time="0">
      <failure message="Cannot convert undefined or null to object">TypeError: Cannot convert undefined or null to object
    at Function.entries (&lt;anonymous&gt;)
    at doRedact (/usr/src/app/node_modules/@elastic/transport/lib/security.js:22:16)
    at /usr/src/app/node_modules/@elastic/transport/lib/security.js:30:44
    at Array.map (&lt;anonymous&gt;)
    at /usr/src/app/node_modules/@elastic/transport/lib/security.js:30:35
    at Array.forEach (&lt;anonymous&gt;)
    at doRedact (/usr/src/app/node_modules/@elastic/transport/lib/security.js:22:29)
    at /usr/src/app/node_modules/@elastic/transport/lib/security.js:36:33
    at Array.forEach (&lt;anonymous&gt;)
    at doRedact (/usr/src/app/node_modules/@elastic/transport/lib/security.js:22:29)</failure>
    </testcase>
    <testcase id="2024-04-03T14:36:35.013Z" name="check end_time boundary with data_nano" file="node_v20.12.0: /free/tsdb/10_settings.yml" time="0">
      <failure message="Cannot convert undefined or null to object">TypeError: Cannot convert undefined or null to object
    at Function.entries (&lt;anonymous&gt;)
    at doRedact (/usr/src/app/node_modules/@elastic/transport/lib/security.js:22:16)
    at /usr/src/app/node_modules/@elastic/transport/lib/security.js:30:44
    at Array.map (&lt;anonymous&gt;)
    at /usr/src/app/node_modules/@elastic/transport/lib/security.js:30:35
    at Array.forEach (&lt;anonymous&gt;)
    at doRedact (/usr/src/app/node_modules/@elastic/transport/lib/security.js:22:29)
    at /usr/src/app/node_modules/@elastic/transport/lib/security.js:36:33
    at Array.forEach (&lt;anonymous&gt;)
    at doRedact (/usr/src/app/node_modules/@elastic/transport/lib/security.js:22:29)</failure>
    </testcase>
    <testcase id="2024-04-03T14:36:35.041Z" name="check time_series default time bound value" file="node_v20.12.0: /free/tsdb/10_settings.yml" time="0">
      <failure message="Cannot convert undefined or null to object">TypeError: Cannot convert undefined or null to object
    at Function.entries (&lt;anonymous&gt;)
    at doRedact (/usr/src/app/node_modules/@elastic/transport/lib/security.js:22:16)
    at /usr/src/app/node_modules/@elastic/transport/lib/security.js:30:44
    at Array.map (&lt;anonymous&gt;)
    at /usr/src/app/node_modules/@elastic/transport/lib/security.js:30:35
    at Array.forEach (&lt;anonymous&gt;)
    at doRedact (/usr/src/app/node_modules/@elastic/transport/lib/security.js:22:29)
    at /usr/src/app/node_modules/@elastic/transport/lib/security.js:36:33
    at Array.forEach (&lt;anonymous&gt;)
    at doRedact (/usr/src/app/node_modules/@elastic/transport/lib/security.js:22:29)</failure>
    </testcase>
    <testcase id="2024-04-03T14:36:35.075Z" name="check time_series empty time bound value" file="node_v20.12.0: /free/tsdb/10_settings.yml" time="0">
      <failure message="Cannot convert undefined or null to object">TypeError: Cannot convert undefined or null to object
    at Function.entries (&lt;anonymous&gt;)
    at doRedact (/usr/src/app/node_modules/@elastic/transport/lib/security.js:22:16)
    at /usr/src/app/node_modules/@elastic/transport/lib/security.js:30:44
    at Array.map (&lt;anonymous&gt;)
    at /usr/src/app/node_modules/@elastic/transport/lib/security.js:30:35
    at Array.forEach (&lt;anonymous&gt;)
    at doRedact (/usr/src/app/node_modules/@elastic/transport/lib/security.js:22:29)
    at /usr/src/app/node_modules/@elastic/transport/lib/security.js:36:33
    at Array.forEach (&lt;anonymous&gt;)
    at doRedact (/usr/src/app/node_modules/@elastic/transport/lib/security.js:22:29)</failure>
    </testcase>
  </testsuite>
  <testsuite id="2024-04-03T14:36:35.105Z" name="free/tsdb - /free/tsdb/110_field_caps.yml" time="1" tests="3" failures="0" skipped="0">
    <testcase id="2024-04-03T14:36:35.105Z" name="field caps on time_series indices" file="node_v20.12.0: /free/tsdb/110_field_caps.yml" time="0"/>
    <testcase id="2024-04-03T14:36:35.554Z" name="field caps on standard indices" file="node_v20.12.0: /free/tsdb/110_field_caps.yml" time="0"/>
    <testcase id="2024-04-03T14:36:35.986Z" name="field caps on mixed indices" file="node_v20.12.0: /free/tsdb/110_field_caps.yml" time="0"/>
  </testsuite>
  <testsuite id="2024-04-03T14:36:36.461Z" name="free/tsdb - /free/tsdb/120_counter_fields.yml" time="0" tests="12" failures="0" skipped="12">
    <testcase id="2024-04-03T14:36:36.461Z" name="avg" file="node_v20.12.0: /free/tsdb/120_counter_fields.yml" time="0">
      <skipped>{
  "version": " - 8.9.99",
  "reason": "counter field support added in 8.10",
  "features": [
    "close_to"
  ]
}</skipped>
    </testcase>
    <testcase id="2024-04-03T14:36:36.461Z" name="cardinality" file="node_v20.12.0: /free/tsdb/120_counter_fields.yml" time="0">
      <skipped>{
  "version": " - 8.9.99",
  "reason": "counter field support added in 8.10",
  "features": [
    "close_to"
  ]
}</skipped>
    </testcase>
    <testcase id="2024-04-03T14:36:36.462Z" name="extended stats" file="node_v20.12.0: /free/tsdb/120_counter_fields.yml" time="0">
      <skipped>{
  "version": " - 8.9.99",
  "reason": "counter field support added in 8.10",
  "features": [
    "close_to"
  ]
}</skipped>
    </testcase>
    <testcase id="2024-04-03T14:36:36.462Z" name="median absolute deviation" file="node_v20.12.0: /free/tsdb/120_counter_fields.yml" time="0">
      <skipped>{
  "version": " - 8.9.99",
  "reason": "counter field support added in 8.10",
  "features": [
    "close_to"
  ]
}</skipped>
    </testcase>
    <testcase id="2024-04-03T14:36:36.462Z" name="percentile ranks hdr" file="node_v20.12.0: /free/tsdb/120_counter_fields.yml" time="0">
      <skipped>{
  "version": " - 8.9.99",
  "reason": "counter field support added in 8.10",
  "features": [
    "close_to"
  ]
}</skipped>
    </testcase>
    <testcase id="2024-04-03T14:36:36.462Z" name="percentile ranks tdigest" file="node_v20.12.0: /free/tsdb/120_counter_fields.yml" time="0">
      <skipped>{
  "version": " - 8.9.99",
  "reason": "counter field support added in 8.10",
  "features": [
    "close_to"
  ]
}</skipped>
    </testcase>
    <testcase id="2024-04-03T14:36:36.462Z" name="percentiles hdr" file="node_v20.12.0: /free/tsdb/120_counter_fields.yml" time="0">
      <skipped>{
  "version": " - 8.9.99",
  "reason": "counter field support added in 8.10",
  "features": [
    "close_to"
  ]
}</skipped>
    </testcase>
    <testcase id="2024-04-03T14:36:36.462Z" name="percentiles tdigest" file="node_v20.12.0: /free/tsdb/120_counter_fields.yml" time="0">
      <skipped>{
  "version": " - 8.9.99",
  "reason": "counter field support added in 8.10",
  "features": [
    "close_to"
  ]
}</skipped>
    </testcase>
    <testcase id="2024-04-03T14:36:36.462Z" name="stats" file="node_v20.12.0: /free/tsdb/120_counter_fields.yml" time="0">
      <skipped>{
  "version": " - 8.9.99",
  "reason": "counter field support added in 8.10",
  "features": [
    "close_to"
  ]
}</skipped>
    </testcase>
    <testcase id="2024-04-03T14:36:36.462Z" name="sum" file="node_v20.12.0: /free/tsdb/120_counter_fields.yml" time="0">
      <skipped>{
  "version": " - 8.9.99",
  "reason": "counter field support added in 8.10",
  "features": [
    "close_to"
  ]
}</skipped>
    </testcase>
    <testcase id="2024-04-03T14:36:36.462Z" name="value count" file="node_v20.12.0: /free/tsdb/120_counter_fields.yml" time="0">
      <skipped>{
  "version": " - 8.9.99",
  "reason": "counter field support added in 8.10",
  "features": [
    "close_to"
  ]
}</skipped>
    </testcase>
    <testcase id="2024-04-03T14:36:36.462Z" name="weighted avg" file="node_v20.12.0: /free/tsdb/120_counter_fields.yml" time="0">
      <skipped>{
  "version": " - 8.9.99",
  "reason": "counter field support added in 8.10",
  "features": [
    "close_to"
  ]
}</skipped>
    </testcase>
  </testsuite>
  <testsuite id="2024-04-03T14:36:36.464Z" name="free/tsdb - /free/tsdb/130_position_fields.yml" time="1" tests="12" failures="11" skipped="1">
    <testcase id="2024-04-03T14:36:36.464Z" name="multi-valued fields unsupported" file="node_v20.12.0: /free/tsdb/130_position_fields.yml" time="0">
      <skipped>{
  "features": [
    "contains"
  ],
  "version": " - 8.7.99",
  "reason": "position metric introduced in 8.8.0"
}</skipped>
    </testcase>
    <testcase id="2024-04-03T14:36:36.886Z" name="avg aggregation on position field unsupported" file="node_v20.12.0: /free/tsdb/130_position_fields.yml" time="0">
      <failure message="the error should match: /Field \[location\] of type \[geo_point\]\[position\] is not supported for aggregation \[avg\]/, found undefined: expected false to be truthy">AssertionError: the error should match: /Field \[location\] of type \[geo_point\]\[position\] is not supported for aggregation \[avg\]/, found undefined: expected false to be truthy
    at doAction (/usr/src/app/test/integration/test-runner.js:544:14)
    at process.processTicksAndRejections (node:internal/process/task_queues:95:5)
    at async exec (/usr/src/app/test/integration/test-runner.js:578:9)
    at async Object.run (/usr/src/app/test/integration/test-runner.js:316:5)
    at async start (/usr/src/app/test/integration/index.js:331:11)</failure>
    </testcase>
    <testcase id="2024-04-03T14:36:37.018Z" name="geo_bounds on position field" file="node_v20.12.0: /free/tsdb/130_position_fields.yml" time="0">
      <failure message="Cannot convert undefined or null to object">TypeError: Cannot convert undefined or null to object
    at Function.entries (&lt;anonymous&gt;)
    at doRedact (/usr/src/app/node_modules/@elastic/transport/lib/security.js:22:16)
    at /usr/src/app/node_modules/@elastic/transport/lib/security.js:30:44
    at Array.map (&lt;anonymous&gt;)
    at /usr/src/app/node_modules/@elastic/transport/lib/security.js:30:35
    at Array.forEach (&lt;anonymous&gt;)
    at doRedact (/usr/src/app/node_modules/@elastic/transport/lib/security.js:22:29)
    at /usr/src/app/node_modules/@elastic/transport/lib/security.js:36:33
    at Array.forEach (&lt;anonymous&gt;)
    at doRedact (/usr/src/app/node_modules/@elastic/transport/lib/security.js:22:29)</failure>
    </testcase>
    <testcase id="2024-04-03T14:36:37.060Z" name="geo_centroid on position field" file="node_v20.12.0: /free/tsdb/130_position_fields.yml" time="0">
      <failure message="Cannot convert undefined or null to object">TypeError: Cannot convert undefined or null to object
    at Function.entries (&lt;anonymous&gt;)
    at doRedact (/usr/src/app/node_modules/@elastic/transport/lib/security.js:22:16)
    at /usr/src/app/node_modules/@elastic/transport/lib/security.js:30:44
    at Array.map (&lt;anonymous&gt;)
    at /usr/src/app/node_modules/@elastic/transport/lib/security.js:30:35
    at Array.forEach (&lt;anonymous&gt;)
    at doRedact (/usr/src/app/node_modules/@elastic/transport/lib/security.js:22:29)
    at /usr/src/app/node_modules/@elastic/transport/lib/security.js:36:33
    at Array.forEach (&lt;anonymous&gt;)
    at doRedact (/usr/src/app/node_modules/@elastic/transport/lib/security.js:22:29)</failure>
    </testcase>
    <testcase id="2024-04-03T14:36:37.089Z" name="geo bounding box query" file="node_v20.12.0: /free/tsdb/130_position_fields.yml" time="0">
      <failure message="Cannot convert undefined or null to object">TypeError: Cannot convert undefined or null to object
    at Function.entries (&lt;anonymous&gt;)
    at doRedact (/usr/src/app/node_modules/@elastic/transport/lib/security.js:22:16)
    at /usr/src/app/node_modules/@elastic/transport/lib/security.js:30:44
    at Array.map (&lt;anonymous&gt;)
    at /usr/src/app/node_modules/@elastic/transport/lib/security.js:30:35
    at Array.forEach (&lt;anonymous&gt;)
    at doRedact (/usr/src/app/node_modules/@elastic/transport/lib/security.js:22:29)
    at /usr/src/app/node_modules/@elastic/transport/lib/security.js:36:33
    at Array.forEach (&lt;anonymous&gt;)
    at doRedact (/usr/src/app/node_modules/@elastic/transport/lib/security.js:22:29)</failure>
    </testcase>
    <testcase id="2024-04-03T14:36:37.119Z" name="geo shape intersects query" file="node_v20.12.0: /free/tsdb/130_position_fields.yml" time="0">
      <failure message="Cannot convert undefined or null to object">TypeError: Cannot convert undefined or null to object
    at Function.entries (&lt;anonymous&gt;)
    at doRedact (/usr/src/app/node_modules/@elastic/transport/lib/security.js:22:16)
    at /usr/src/app/node_modules/@elastic/transport/lib/security.js:30:44
    at Array.map (&lt;anonymous&gt;)
    at /usr/src/app/node_modules/@elastic/transport/lib/security.js:30:35
    at Array.forEach (&lt;anonymous&gt;)
    at doRedact (/usr/src/app/node_modules/@elastic/transport/lib/security.js:22:29)
    at /usr/src/app/node_modules/@elastic/transport/lib/security.js:36:33
    at Array.forEach (&lt;anonymous&gt;)
    at doRedact (/usr/src/app/node_modules/@elastic/transport/lib/security.js:22:29)</failure>
    </testcase>
    <testcase id="2024-04-03T14:36:37.149Z" name="geo shape within query" file="node_v20.12.0: /free/tsdb/130_position_fields.yml" time="0">
      <failure message="Cannot convert undefined or null to object">TypeError: Cannot convert undefined or null to object
    at Function.entries (&lt;anonymous&gt;)
    at doRedact (/usr/src/app/node_modules/@elastic/transport/lib/security.js:22:16)
    at /usr/src/app/node_modules/@elastic/transport/lib/security.js:30:44
    at Array.map (&lt;anonymous&gt;)
    at /usr/src/app/node_modules/@elastic/transport/lib/security.js:30:35
    at Array.forEach (&lt;anonymous&gt;)
    at doRedact (/usr/src/app/node_modules/@elastic/transport/lib/security.js:22:29)
    at /usr/src/app/node_modules/@elastic/transport/lib/security.js:36:33
    at Array.forEach (&lt;anonymous&gt;)
    at doRedact (/usr/src/app/node_modules/@elastic/transport/lib/security.js:22:29)</failure>
    </testcase>
    <testcase id="2024-04-03T14:36:37.186Z" name="geo shape disjoint query" file="node_v20.12.0: /free/tsdb/130_position_fields.yml" time="0">
      <failure message="Cannot convert undefined or null to object">TypeError: Cannot convert undefined or null to object
    at Function.entries (&lt;anonymous&gt;)
    at doRedact (/usr/src/app/node_modules/@elastic/transport/lib/security.js:22:16)
    at /usr/src/app/node_modules/@elastic/transport/lib/security.js:30:44
    at Array.map (&lt;anonymous&gt;)
    at /usr/src/app/node_modules/@elastic/transport/lib/security.js:30:35
    at Array.forEach (&lt;anonymous&gt;)
    at doRedact (/usr/src/app/node_modules/@elastic/transport/lib/security.js:22:29)
    at /usr/src/app/node_modules/@elastic/transport/lib/security.js:36:33
    at Array.forEach (&lt;anonymous&gt;)
    at doRedact (/usr/src/app/node_modules/@elastic/transport/lib/security.js:22:29)</failure>
    </testcase>
    <testcase id="2024-04-03T14:36:37.229Z" name="geo shape contains query" file="node_v20.12.0: /free/tsdb/130_position_fields.yml" time="0">
      <failure message="Cannot convert undefined or null to object">TypeError: Cannot convert undefined or null to object
    at Function.entries (&lt;anonymous&gt;)
    at doRedact (/usr/src/app/node_modules/@elastic/transport/lib/security.js:22:16)
    at /usr/src/app/node_modules/@elastic/transport/lib/security.js:30:44
    at Array.map (&lt;anonymous&gt;)
    at /usr/src/app/node_modules/@elastic/transport/lib/security.js:30:35
    at Array.forEach (&lt;anonymous&gt;)
    at doRedact (/usr/src/app/node_modules/@elastic/transport/lib/security.js:22:29)
    at /usr/src/app/node_modules/@elastic/transport/lib/security.js:36:33
    at Array.forEach (&lt;anonymous&gt;)
    at doRedact (/usr/src/app/node_modules/@elastic/transport/lib/security.js:22:29)</failure>
    </testcase>
    <testcase id="2024-04-03T14:36:37.262Z" name="geo distance query" file="node_v20.12.0: /free/tsdb/130_position_fields.yml" time="0">
      <failure message="Cannot convert undefined or null to object">TypeError: Cannot convert undefined or null to object
    at Function.entries (&lt;anonymous&gt;)
    at doRedact (/usr/src/app/node_modules/@elastic/transport/lib/security.js:22:16)
    at /usr/src/app/node_modules/@elastic/transport/lib/security.js:30:44
    at Array.map (&lt;anonymous&gt;)
    at /usr/src/app/node_modules/@elastic/transport/lib/security.js:30:35
    at Array.forEach (&lt;anonymous&gt;)
    at doRedact (/usr/src/app/node_modules/@elastic/transport/lib/security.js:22:29)
    at /usr/src/app/node_modules/@elastic/transport/lib/security.js:36:33
    at Array.forEach (&lt;anonymous&gt;)
    at doRedact (/usr/src/app/node_modules/@elastic/transport/lib/security.js:22:29)</failure>
    </testcase>
    <testcase id="2024-04-03T14:36:37.292Z" name="geo_distance sort" file="node_v20.12.0: /free/tsdb/130_position_fields.yml" time="0">
      <failure message="Cannot convert undefined or null to object">TypeError: Cannot convert undefined or null to object
    at Function.entries (&lt;anonymous&gt;)
    at doRedact (/usr/src/app/node_modules/@elastic/transport/lib/security.js:22:16)
    at /usr/src/app/node_modules/@elastic/transport/lib/security.js:30:44
    at Array.map (&lt;anonymous&gt;)
    at /usr/src/app/node_modules/@elastic/transport/lib/security.js:30:35
    at Array.forEach (&lt;anonymous&gt;)
    at doRedact (/usr/src/app/node_modules/@elastic/transport/lib/security.js:22:29)
    at /usr/src/app/node_modules/@elastic/transport/lib/security.js:36:33
    at Array.forEach (&lt;anonymous&gt;)
    at doRedact (/usr/src/app/node_modules/@elastic/transport/lib/security.js:22:29)</failure>
    </testcase>
    <testcase id="2024-04-03T14:36:37.322Z" name="distance_feature query" file="node_v20.12.0: /free/tsdb/130_position_fields.yml" time="0">
      <failure message="Cannot convert undefined or null to object">TypeError: Cannot convert undefined or null to object
    at Function.entries (&lt;anonymous&gt;)
    at doRedact (/usr/src/app/node_modules/@elastic/transport/lib/security.js:22:16)
    at /usr/src/app/node_modules/@elastic/transport/lib/security.js:30:44
    at Array.map (&lt;anonymous&gt;)
    at /usr/src/app/node_modules/@elastic/transport/lib/security.js:30:35
    at Array.forEach (&lt;anonymous&gt;)
    at doRedact (/usr/src/app/node_modules/@elastic/transport/lib/security.js:22:29)
    at /usr/src/app/node_modules/@elastic/transport/lib/security.js:36:33
    at Array.forEach (&lt;anonymous&gt;)
    at doRedact (/usr/src/app/node_modules/@elastic/transport/lib/security.js:22:29)</failure>
    </testcase>
  </testsuite>
  <testsuite id="2024-04-03T14:36:37.352Z" name="free/tsdb - /free/tsdb/140_routing_path.yml" time="1" tests="3" failures="1" skipped="2">
    <testcase id="2024-04-03T14:36:37.352Z" name="missing routing path field" file="node_v20.12.0: /free/tsdb/140_routing_path.yml" time="0">
      <skipped>{
  "features": [
    "close_to"
  ],
  "version": " - 8.12.99",
  "reason": "_tsid hashing introduced in 8.13"
}</skipped>
    </testcase>
    <testcase id="2024-04-03T14:36:37.669Z" name="missing dimension on routing path field" file="node_v20.12.0: /free/tsdb/140_routing_path.yml" time="0">
      <failure message="the error should match: /All fields that match routing_path must be keywords with \[time_series_dimension: true\] or flattened fields with a list of dimensions in \[time_series_dimensions\] and without the \[script\] parameter. \[tag\] was not a dimension./, found undefined: expected false to be truthy">AssertionError: the error should match: /All fields that match routing_path must be keywords with \[time_series_dimension: true\] or flattened fields with a list of dimensions in \[time_series_dimensions\] and without the \[script\] parameter. \[tag\] was not a dimension./, found undefined: expected false to be truthy
    at doAction (/usr/src/app/test/integration/test-runner.js:544:14)
    at process.processTicksAndRejections (node:internal/process/task_queues:95:5)
    at async exec (/usr/src/app/test/integration/test-runner.js:578:9)
    at async Object.run (/usr/src/app/test/integration/test-runner.js:316:5)
    at async start (/usr/src/app/test/integration/index.js:331:11)</failure>
    </testcase>
    <testcase id="2024-04-03T14:36:37.713Z" name="multi-value routing path field" file="node_v20.12.0: /free/tsdb/140_routing_path.yml" time="0">
      <skipped>{
  "features": [
    "close_to"
  ],
  "version": " - 8.12.99",
  "reason": "_tsid hashing introduced in 8.13"
}</skipped>
    </testcase>
  </testsuite>
  <testsuite id="2024-04-03T14:36:38.044Z" name="free/tsdb - /free/tsdb/150_runtime_fields.yml" time="0" tests="1" failures="0" skipped="0">
    <testcase id="2024-04-03T14:36:38.044Z" name="tsdb_execute_painless_api" file="node_v20.12.0: /free/tsdb/150_runtime_fields.yml" time="0"/>
  </testsuite>
  <testsuite id="2024-04-03T14:36:38.413Z" name="free/tsdb - /free/tsdb/15_timestamp_mapping.yml" time="2" tests="10" failures="6" skipped="0">
    <testcase id="2024-04-03T14:36:38.413Z" name="date" file="node_v20.12.0: /free/tsdb/15_timestamp_mapping.yml" time="1"/>
    <testcase id="2024-04-03T14:36:38.913Z" name="date_nanos" file="node_v20.12.0: /free/tsdb/15_timestamp_mapping.yml" time="0"/>
    <testcase id="2024-04-03T14:36:39.406Z" name="automatically add with date" file="node_v20.12.0: /free/tsdb/15_timestamp_mapping.yml" time="0"/>
    <testcase id="2024-04-03T14:36:39.845Z" name="reject @timestamp with wrong type" file="node_v20.12.0: /free/tsdb/15_timestamp_mapping.yml" time="0">
      <failure message="the error should match: /data stream timestamp field \[@timestamp\] is of type \[long\], but \[date,date_nanos\] is expected/, found undefined: expected false to be truthy">AssertionError: the error should match: /data stream timestamp field \[@timestamp\] is of type \[long\], but \[date,date_nanos\] is expected/, found undefined: expected false to be truthy
    at doAction (/usr/src/app/test/integration/test-runner.js:544:14)
    at process.processTicksAndRejections (node:internal/process/task_queues:95:5)
    at async exec (/usr/src/app/test/integration/test-runner.js:578:9)
    at async Object.run (/usr/src/app/test/integration/test-runner.js:316:5)
    at async start (/usr/src/app/test/integration/index.js:331:11)</failure>
    </testcase>
    <testcase id="2024-04-03T14:36:39.886Z" name="reject timestamp meta field with wrong type" file="node_v20.12.0: /free/tsdb/15_timestamp_mapping.yml" time="0">
      <failure message="the error should match: /\[_data_stream_timestamp\] meta field has been disabled/, found undefined: expected false to be truthy">AssertionError: the error should match: /\[_data_stream_timestamp\] meta field has been disabled/, found undefined: expected false to be truthy
    at doAction (/usr/src/app/test/integration/test-runner.js:544:14)
    at process.processTicksAndRejections (node:internal/process/task_queues:95:5)
    at async exec (/usr/src/app/test/integration/test-runner.js:578:9)
    at async Object.run (/usr/src/app/test/integration/test-runner.js:316:5)
    at async start (/usr/src/app/test/integration/index.js:331:11)</failure>
    </testcase>
    <testcase id="2024-04-03T14:36:39.931Z" name="enable timestamp meta field" file="node_v20.12.0: /free/tsdb/15_timestamp_mapping.yml" time="0"/>
    <testcase id="2024-04-03T14:36:40.285Z" name="reject bad timestamp meta field" file="node_v20.12.0: /free/tsdb/15_timestamp_mapping.yml" time="0">
      <failure message="the error should match: /\[_data_stream_timestamp\] config must be an object/, found undefined: expected false to be truthy">AssertionError: the error should match: /\[_data_stream_timestamp\] config must be an object/, found undefined: expected false to be truthy
    at doAction (/usr/src/app/test/integration/test-runner.js:544:14)
    at process.processTicksAndRejections (node:internal/process/task_queues:95:5)
    at async exec (/usr/src/app/test/integration/test-runner.js:578:9)
    at async Object.run (/usr/src/app/test/integration/test-runner.js:316:5)
    at async start (/usr/src/app/test/integration/index.js:331:11)</failure>
    </testcase>
    <testcase id="2024-04-03T14:36:40.327Z" name="write without timestamp" file="node_v20.12.0: /free/tsdb/15_timestamp_mapping.yml" time="0">
      <failure message="the error should match: /data stream timestamp field \[@timestamp\] is missing/, found undefined: expected false to be truthy">AssertionError: the error should match: /data stream timestamp field \[@timestamp\] is missing/, found undefined: expected false to be truthy
    at doAction (/usr/src/app/test/integration/test-runner.js:544:14)
    at process.processTicksAndRejections (node:internal/process/task_queues:95:5)
    at async exec (/usr/src/app/test/integration/test-runner.js:578:9)
    at async Object.run (/usr/src/app/test/integration/test-runner.js:316:5)
    at async start (/usr/src/app/test/integration/index.js:331:11)</failure>
    </testcase>
    <testcase id="2024-04-03T14:36:40.403Z" name="explicitly enable timestamp meta field" file="node_v20.12.0: /free/tsdb/15_timestamp_mapping.yml" time="0">
      <failure message="Cannot convert undefined or null to object">TypeError: Cannot convert undefined or null to object
    at Function.entries (&lt;anonymous&gt;)
    at doRedact (/usr/src/app/node_modules/@elastic/transport/lib/security.js:22:16)
    at /usr/src/app/node_modules/@elastic/transport/lib/security.js:30:44
    at Array.map (&lt;anonymous&gt;)
    at /usr/src/app/node_modules/@elastic/transport/lib/security.js:30:35
    at Array.forEach (&lt;anonymous&gt;)
    at doRedact (/usr/src/app/node_modules/@elastic/transport/lib/security.js:22:29)
    at /usr/src/app/node_modules/@elastic/transport/lib/security.js:36:33
    at Array.forEach (&lt;anonymous&gt;)
    at doRedact (/usr/src/app/node_modules/@elastic/transport/lib/security.js:22:29)</failure>
    </testcase>
    <testcase id="2024-04-03T14:36:40.432Z" name="unable to create a time series index with @timestamp runtime field" file="node_v20.12.0: /free/tsdb/15_timestamp_mapping.yml" time="0">
      <failure message="the error should match: /docvalues not found for index sort field:\[\@timestamp\]/, found undefined: expected false to be truthy">AssertionError: the error should match: /docvalues not found for index sort field:\[\@timestamp\]/, found undefined: expected false to be truthy
    at doAction (/usr/src/app/test/integration/test-runner.js:544:14)
    at process.processTicksAndRejections (node:internal/process/task_queues:95:5)
    at async exec (/usr/src/app/test/integration/test-runner.js:578:9)
    at async Object.run (/usr/src/app/test/integration/test-runner.js:316:5)
    at async start (/usr/src/app/test/integration/index.js:331:11)</failure>
    </testcase>
  </testsuite>
  <testsuite id="2024-04-03T14:36:40.481Z" name="free/tsdb - /free/tsdb/20_mapping.yml" time="2" tests="15" failures="10" skipped="1">
    <testcase id="2024-04-03T14:36:40.481Z" name="ecs style" file="node_v20.12.0: /free/tsdb/20_mapping.yml" time="0"/>
    <testcase id="2024-04-03T14:36:40.864Z" name="top level wildcard dim object" file="node_v20.12.0: /free/tsdb/20_mapping.yml" time="0"/>
    <testcase id="2024-04-03T14:36:41.267Z" name="exact match object type" file="node_v20.12.0: /free/tsdb/20_mapping.yml" time="0">
      <failure message="the error should match: /All fields that match routing_path must be keywords with \[time_series_dimension: true\] or flattened fields with a list of dimensions in \[time_series_dimensions\] and without the \[script\] parameter. \[dim\] was \[object\]./, found undefined: expected false to be truthy">AssertionError: the error should match: /All fields that match routing_path must be keywords with \[time_series_dimension: true\] or flattened fields with a list of dimensions in \[time_series_dimensions\] and without the \[script\] parameter. \[dim\] was \[object\]./, found undefined: expected false to be truthy
    at doAction (/usr/src/app/test/integration/test-runner.js:544:14)
    at process.processTicksAndRejections (node:internal/process/task_queues:95:5)
    at async exec (/usr/src/app/test/integration/test-runner.js:578:9)
    at async Object.run (/usr/src/app/test/integration/test-runner.js:316:5)
    at async start (/usr/src/app/test/integration/index.js:331:11)</failure>
    </testcase>
    <testcase id="2024-04-03T14:36:41.310Z" name="non keyword matches routing_path" file="node_v20.12.0: /free/tsdb/20_mapping.yml" time="0">
      <failure message="the error should match: /All fields that match routing_path must be keywords with \[time_series_dimension: true\] or flattened fields with a list of dimensions in \[time_series_dimensions\] and without the \[script\] parameter. \[@timestamp\] was \[date\]./, found undefined: expected false to be truthy">AssertionError: the error should match: /All fields that match routing_path must be keywords with \[time_series_dimension: true\] or flattened fields with a list of dimensions in \[time_series_dimensions\] and without the \[script\] parameter. \[@timestamp\] was \[date\]./, found undefined: expected false to be truthy
    at doAction (/usr/src/app/test/integration/test-runner.js:544:14)
    at process.processTicksAndRejections (node:internal/process/task_queues:95:5)
    at async exec (/usr/src/app/test/integration/test-runner.js:578:9)
    at async Object.run (/usr/src/app/test/integration/test-runner.js:316:5)
    at async start (/usr/src/app/test/integration/index.js:331:11)</failure>
    </testcase>
    <testcase id="2024-04-03T14:36:41.342Z" name="runtime field matching routing path" file="node_v20.12.0: /free/tsdb/20_mapping.yml" time="0">
      <failure message="the error should match: /runtime fields may not match \[routing_path\] but \[dim.bar\] matched/, found undefined: expected false to be truthy">AssertionError: the error should match: /runtime fields may not match \[routing_path\] but \[dim.bar\] matched/, found undefined: expected false to be truthy
    at doAction (/usr/src/app/test/integration/test-runner.js:544:14)
    at process.processTicksAndRejections (node:internal/process/task_queues:95:5)
    at async exec (/usr/src/app/test/integration/test-runner.js:578:9)
    at async Object.run (/usr/src/app/test/integration/test-runner.js:316:5)
    at async start (/usr/src/app/test/integration/index.js:331:11)</failure>
    </testcase>
    <testcase id="2024-04-03T14:36:41.424Z" name="dynamic: runtime matches routing_path" file="node_v20.12.0: /free/tsdb/20_mapping.yml" time="0">
      <failure message="Cannot convert undefined or null to object">TypeError: Cannot convert undefined or null to object
    at Function.entries (&lt;anonymous&gt;)
    at doRedact (/usr/src/app/node_modules/@elastic/transport/lib/security.js:22:16)
    at /usr/src/app/node_modules/@elastic/transport/lib/security.js:30:44
    at Array.map (&lt;anonymous&gt;)
    at /usr/src/app/node_modules/@elastic/transport/lib/security.js:30:35
    at Array.forEach (&lt;anonymous&gt;)
    at doRedact (/usr/src/app/node_modules/@elastic/transport/lib/security.js:22:29)
    at /usr/src/app/node_modules/@elastic/transport/lib/security.js:36:33
    at Array.forEach (&lt;anonymous&gt;)
    at doRedact (/usr/src/app/node_modules/@elastic/transport/lib/security.js:22:29)</failure>
    </testcase>
    <testcase id="2024-04-03T14:36:41.454Z" name="dynamic: false matches routing_path" file="node_v20.12.0: /free/tsdb/20_mapping.yml" time="0">
      <skipped>{
  "features": [
    "contains"
  ],
  "version": " - 8.1.99",
  "reason": "tsdb indexing changed in 8.2.0"
}</skipped>
    </testcase>
    <testcase id="2024-04-03T14:36:41.790Z" name="nested dimensions" file="node_v20.12.0: /free/tsdb/20_mapping.yml" time="0">
      <failure message="the error should match: /time_series_dimension can't be configured in nested field \[nested.dim\]/, found undefined: expected false to be truthy">AssertionError: the error should match: /time_series_dimension can't be configured in nested field \[nested.dim\]/, found undefined: expected false to be truthy
    at doAction (/usr/src/app/test/integration/test-runner.js:544:14)
    at process.processTicksAndRejections (node:internal/process/task_queues:95:5)
    at async exec (/usr/src/app/test/integration/test-runner.js:578:9)
    at async Object.run (/usr/src/app/test/integration/test-runner.js:316:5)
    at async start (/usr/src/app/test/integration/index.js:331:11)</failure>
    </testcase>
    <testcase id="2024-04-03T14:36:41.833Z" name="nested fields" file="node_v20.12.0: /free/tsdb/20_mapping.yml" time="0">
      <failure message="the error should match: /cannot have nested fields when index is in \[index.mode=time_series\]/, found undefined: expected false to be truthy">AssertionError: the error should match: /cannot have nested fields when index is in \[index.mode=time_series\]/, found undefined: expected false to be truthy
    at doAction (/usr/src/app/test/integration/test-runner.js:544:14)
    at process.processTicksAndRejections (node:internal/process/task_queues:95:5)
    at async exec (/usr/src/app/test/integration/test-runner.js:578:9)
    at async Object.run (/usr/src/app/test/integration/test-runner.js:316:5)
    at async start (/usr/src/app/test/integration/index.js:331:11)</failure>
    </testcase>
    <testcase id="2024-04-03T14:36:41.864Z" name="Unable to define a metric type for a runtime field" file="node_v20.12.0: /free/tsdb/20_mapping.yml" time="0">
      <failure message="the error should match: /unknown parameter \[time_series_metric\] on runtime field \[counter\] of type \[long\]/, found undefined: expected false to be truthy">AssertionError: the error should match: /unknown parameter \[time_series_metric\] on runtime field \[counter\] of type \[long\]/, found undefined: expected false to be truthy
    at doAction (/usr/src/app/test/integration/test-runner.js:544:14)
    at process.processTicksAndRejections (node:internal/process/task_queues:95:5)
    at async exec (/usr/src/app/test/integration/test-runner.js:578:9)
    at async Object.run (/usr/src/app/test/integration/test-runner.js:316:5)
    at async start (/usr/src/app/test/integration/index.js:331:11)</failure>
    </testcase>
    <testcase id="2024-04-03T14:36:41.898Z" name="Synthetic source" file="node_v20.12.0: /free/tsdb/20_mapping.yml" time="0"/>
    <testcase id="2024-04-03T14:36:42.317Z" name="regular source" file="node_v20.12.0: /free/tsdb/20_mapping.yml" time="0">
      <failure message="the error should match: /time series indices only support synthetic source/, found undefined: expected false to be truthy">AssertionError: the error should match: /time series indices only support synthetic source/, found undefined: expected false to be truthy
    at doAction (/usr/src/app/test/integration/test-runner.js:544:14)
    at process.processTicksAndRejections (node:internal/process/task_queues:95:5)
    at async exec (/usr/src/app/test/integration/test-runner.js:578:9)
    at async Object.run (/usr/src/app/test/integration/test-runner.js:316:5)
    at async start (/usr/src/app/test/integration/index.js:331:11)</failure>
    </testcase>
    <testcase id="2024-04-03T14:36:42.354Z" name="disabled source" file="node_v20.12.0: /free/tsdb/20_mapping.yml" time="0">
      <failure message="the error should match: /time series indices only support synthetic source/, found undefined: expected false to be truthy">AssertionError: the error should match: /time series indices only support synthetic source/, found undefined: expected false to be truthy
    at doAction (/usr/src/app/test/integration/test-runner.js:544:14)
    at process.processTicksAndRejections (node:internal/process/task_queues:95:5)
    at async exec (/usr/src/app/test/integration/test-runner.js:578:9)
    at async Object.run (/usr/src/app/test/integration/test-runner.js:316:5)
    at async start (/usr/src/app/test/integration/index.js:331:11)</failure>
    </testcase>
    <testcase id="2024-04-03T14:36:42.387Z" name="source include/exclude" file="node_v20.12.0: /free/tsdb/20_mapping.yml" time="0">
      <failure message="the error should match: /filtering the stored _source is incompatible with synthetic source/, found undefined: expected false to be truthy">AssertionError: the error should match: /filtering the stored _source is incompatible with synthetic source/, found undefined: expected false to be truthy
    at doAction (/usr/src/app/test/integration/test-runner.js:544:14)
    at process.processTicksAndRejections (node:internal/process/task_queues:95:5)
    at async exec (/usr/src/app/test/integration/test-runner.js:578:9)
    at async Object.run (/usr/src/app/test/integration/test-runner.js:316:5)
    at async start (/usr/src/app/test/integration/index.js:331:11)</failure>
    </testcase>
    <testcase id="2024-04-03T14:36:42.417Z" name="Supported metric type position" file="node_v20.12.0: /free/tsdb/20_mapping.yml" time="0"/>
  </testsuite>
  <testsuite id="2024-04-03T14:36:42.864Z" name="free/tsdb - /free/tsdb/25_id_generation.yml" time="2" tests="15" failures="12" skipped="0">
    <testcase id="2024-04-03T14:36:42.864Z" name="generates a consistent id" file="node_v20.12.0: /free/tsdb/25_id_generation.yml" time="0"/>
    <testcase id="2024-04-03T14:36:43.321Z" name="index a new document on top of an old one" file="node_v20.12.0: /free/tsdb/25_id_generation.yml" time="1"/>
    <testcase id="2024-04-03T14:36:43.880Z" name="index a new document on top of an old one over bulk" file="node_v20.12.0: /free/tsdb/25_id_generation.yml" time="0"/>
    <testcase id="2024-04-03T14:36:44.319Z" name="create operation on top of old document fails" file="node_v20.12.0: /free/tsdb/25_id_generation.yml" time="0">
      <failure message="the error should match: /\[cn4excfoxSs_KdA5AAABeRnR_mY\]\[.*@2021-04-28T18:51:03.142Z\]: version conflict, document already exists \(current version \[1\]\)/, found undefined: expected false to be truthy">AssertionError: the error should match: /\[cn4excfoxSs_KdA5AAABeRnR_mY\]\[.*@2021-04-28T18:51:03.142Z\]: version conflict, document already exists \(current version \[1\]\)/, found undefined: expected false to be truthy
    at doAction (/usr/src/app/test/integration/test-runner.js:544:14)
    at process.processTicksAndRejections (node:internal/process/task_queues:95:5)
    at async exec (/usr/src/app/test/integration/test-runner.js:578:9)
    at async Object.run (/usr/src/app/test/integration/test-runner.js:316:5)
    at async start (/usr/src/app/test/integration/index.js:331:11)</failure>
    </testcase>
    <testcase id="2024-04-03T14:36:44.442Z" name="create operation on top of old document fails over bulk" file="node_v20.12.0: /free/tsdb/25_id_generation.yml" time="0">
      <failure message="Cannot convert undefined or null to object">TypeError: Cannot convert undefined or null to object
    at Function.entries (&lt;anonymous&gt;)
    at doRedact (/usr/src/app/node_modules/@elastic/transport/lib/security.js:22:16)
    at /usr/src/app/node_modules/@elastic/transport/lib/security.js:30:44
    at Array.map (&lt;anonymous&gt;)
    at /usr/src/app/node_modules/@elastic/transport/lib/security.js:30:35
    at Array.forEach (&lt;anonymous&gt;)
    at doRedact (/usr/src/app/node_modules/@elastic/transport/lib/security.js:22:29)
    at /usr/src/app/node_modules/@elastic/transport/lib/security.js:36:33
    at Array.forEach (&lt;anonymous&gt;)
    at doRedact (/usr/src/app/node_modules/@elastic/transport/lib/security.js:22:29)</failure>
    </testcase>
    <testcase id="2024-04-03T14:36:44.480Z" name="ids query" file="node_v20.12.0: /free/tsdb/25_id_generation.yml" time="0">
      <failure message="Cannot convert undefined or null to object">TypeError: Cannot convert undefined or null to object
    at Function.entries (&lt;anonymous&gt;)
    at doRedact (/usr/src/app/node_modules/@elastic/transport/lib/security.js:22:16)
    at /usr/src/app/node_modules/@elastic/transport/lib/security.js:30:44
    at Array.map (&lt;anonymous&gt;)
    at /usr/src/app/node_modules/@elastic/transport/lib/security.js:30:35
    at Array.forEach (&lt;anonymous&gt;)
    at doRedact (/usr/src/app/node_modules/@elastic/transport/lib/security.js:22:29)
    at /usr/src/app/node_modules/@elastic/transport/lib/security.js:36:33
    at Array.forEach (&lt;anonymous&gt;)
    at doRedact (/usr/src/app/node_modules/@elastic/transport/lib/security.js:22:29)</failure>
    </testcase>
    <testcase id="2024-04-03T14:36:44.510Z" name="get" file="node_v20.12.0: /free/tsdb/25_id_generation.yml" time="0">
      <failure message="Cannot convert undefined or null to object">TypeError: Cannot convert undefined or null to object
    at Function.entries (&lt;anonymous&gt;)
    at doRedact (/usr/src/app/node_modules/@elastic/transport/lib/security.js:22:16)
    at /usr/src/app/node_modules/@elastic/transport/lib/security.js:30:44
    at Array.map (&lt;anonymous&gt;)
    at /usr/src/app/node_modules/@elastic/transport/lib/security.js:30:35
    at Array.forEach (&lt;anonymous&gt;)
    at doRedact (/usr/src/app/node_modules/@elastic/transport/lib/security.js:22:29)
    at /usr/src/app/node_modules/@elastic/transport/lib/security.js:36:33
    at Array.forEach (&lt;anonymous&gt;)
    at doRedact (/usr/src/app/node_modules/@elastic/transport/lib/security.js:22:29)</failure>
    </testcase>
    <testcase id="2024-04-03T14:36:44.540Z" name="get not found" file="node_v20.12.0: /free/tsdb/25_id_generation.yml" time="0">
      <failure message="Cannot convert undefined or null to object">TypeError: Cannot convert undefined or null to object
    at Function.entries (&lt;anonymous&gt;)
    at doRedact (/usr/src/app/node_modules/@elastic/transport/lib/security.js:22:16)
    at /usr/src/app/node_modules/@elastic/transport/lib/security.js:30:44
    at Array.map (&lt;anonymous&gt;)
    at /usr/src/app/node_modules/@elastic/transport/lib/security.js:30:35
    at Array.forEach (&lt;anonymous&gt;)
    at doRedact (/usr/src/app/node_modules/@elastic/transport/lib/security.js:22:29)
    at /usr/src/app/node_modules/@elastic/transport/lib/security.js:36:33
    at Array.forEach (&lt;anonymous&gt;)
    at doRedact (/usr/src/app/node_modules/@elastic/transport/lib/security.js:22:29)</failure>
    </testcase>
    <testcase id="2024-04-03T14:36:44.570Z" name="get with routing" file="node_v20.12.0: /free/tsdb/25_id_generation.yml" time="0">
      <failure message="Cannot convert undefined or null to object">TypeError: Cannot convert undefined or null to object
    at Function.entries (&lt;anonymous&gt;)
    at doRedact (/usr/src/app/node_modules/@elastic/transport/lib/security.js:22:16)
    at /usr/src/app/node_modules/@elastic/transport/lib/security.js:30:44
    at Array.map (&lt;anonymous&gt;)
    at /usr/src/app/node_modules/@elastic/transport/lib/security.js:30:35
    at Array.forEach (&lt;anonymous&gt;)
    at doRedact (/usr/src/app/node_modules/@elastic/transport/lib/security.js:22:29)
    at /usr/src/app/node_modules/@elastic/transport/lib/security.js:36:33
    at Array.forEach (&lt;anonymous&gt;)
    at doRedact (/usr/src/app/node_modules/@elastic/transport/lib/security.js:22:29)</failure>
    </testcase>
    <testcase id="2024-04-03T14:36:44.601Z" name="delete" file="node_v20.12.0: /free/tsdb/25_id_generation.yml" time="0">
      <failure message="Cannot convert undefined or null to object">TypeError: Cannot convert undefined or null to object
    at Function.entries (&lt;anonymous&gt;)
    at doRedact (/usr/src/app/node_modules/@elastic/transport/lib/security.js:22:16)
    at /usr/src/app/node_modules/@elastic/transport/lib/security.js:30:44
    at Array.map (&lt;anonymous&gt;)
    at /usr/src/app/node_modules/@elastic/transport/lib/security.js:30:35
    at Array.forEach (&lt;anonymous&gt;)
    at doRedact (/usr/src/app/node_modules/@elastic/transport/lib/security.js:22:29)
    at /usr/src/app/node_modules/@elastic/transport/lib/security.js:36:33
    at Array.forEach (&lt;anonymous&gt;)
    at doRedact (/usr/src/app/node_modules/@elastic/transport/lib/security.js:22:29)</failure>
    </testcase>
    <testcase id="2024-04-03T14:36:44.635Z" name="delete not found" file="node_v20.12.0: /free/tsdb/25_id_generation.yml" time="0">
      <failure message="Cannot convert undefined or null to object">TypeError: Cannot convert undefined or null to object
    at Function.entries (&lt;anonymous&gt;)
    at doRedact (/usr/src/app/node_modules/@elastic/transport/lib/security.js:22:16)
    at /usr/src/app/node_modules/@elastic/transport/lib/security.js:30:44
    at Array.map (&lt;anonymous&gt;)
    at /usr/src/app/node_modules/@elastic/transport/lib/security.js:30:35
    at Array.forEach (&lt;anonymous&gt;)
    at doRedact (/usr/src/app/node_modules/@elastic/transport/lib/security.js:22:29)
    at /usr/src/app/node_modules/@elastic/transport/lib/security.js:36:33
    at Array.forEach (&lt;anonymous&gt;)
    at doRedact (/usr/src/app/node_modules/@elastic/transport/lib/security.js:22:29)</failure>
    </testcase>
    <testcase id="2024-04-03T14:36:44.669Z" name="delete with routing" file="node_v20.12.0: /free/tsdb/25_id_generation.yml" time="0">
      <failure message="Cannot convert undefined or null to object">TypeError: Cannot convert undefined or null to object
    at Function.entries (&lt;anonymous&gt;)
    at doRedact (/usr/src/app/node_modules/@elastic/transport/lib/security.js:22:16)
    at /usr/src/app/node_modules/@elastic/transport/lib/security.js:30:44
    at Array.map (&lt;anonymous&gt;)
    at /usr/src/app/node_modules/@elastic/transport/lib/security.js:30:35
    at Array.forEach (&lt;anonymous&gt;)
    at doRedact (/usr/src/app/node_modules/@elastic/transport/lib/security.js:22:29)
    at /usr/src/app/node_modules/@elastic/transport/lib/security.js:36:33
    at Array.forEach (&lt;anonymous&gt;)
    at doRedact (/usr/src/app/node_modules/@elastic/transport/lib/security.js:22:29)</failure>
    </testcase>
    <testcase id="2024-04-03T14:36:44.698Z" name="delete over _bulk" file="node_v20.12.0: /free/tsdb/25_id_generation.yml" time="0">
      <failure message="Cannot convert undefined or null to object">TypeError: Cannot convert undefined or null to object
    at Function.entries (&lt;anonymous&gt;)
    at doRedact (/usr/src/app/node_modules/@elastic/transport/lib/security.js:22:16)
    at /usr/src/app/node_modules/@elastic/transport/lib/security.js:30:44
    at Array.map (&lt;anonymous&gt;)
    at /usr/src/app/node_modules/@elastic/transport/lib/security.js:30:35
    at Array.forEach (&lt;anonymous&gt;)
    at doRedact (/usr/src/app/node_modules/@elastic/transport/lib/security.js:22:29)
    at /usr/src/app/node_modules/@elastic/transport/lib/security.js:36:33
    at Array.forEach (&lt;anonymous&gt;)
    at doRedact (/usr/src/app/node_modules/@elastic/transport/lib/security.js:22:29)</failure>
    </testcase>
    <testcase id="2024-04-03T14:36:44.728Z" name="routing_path matches deep object" file="node_v20.12.0: /free/tsdb/25_id_generation.yml" time="0">
      <failure message="Cannot convert undefined or null to object">TypeError: Cannot convert undefined or null to object
    at Function.entries (&lt;anonymous&gt;)
    at doRedact (/usr/src/app/node_modules/@elastic/transport/lib/security.js:22:16)
    at /usr/src/app/node_modules/@elastic/transport/lib/security.js:30:44
    at Array.map (&lt;anonymous&gt;)
    at /usr/src/app/node_modules/@elastic/transport/lib/security.js:30:35
    at Array.forEach (&lt;anonymous&gt;)
    at doRedact (/usr/src/app/node_modules/@elastic/transport/lib/security.js:22:29)
    at /usr/src/app/node_modules/@elastic/transport/lib/security.js:36:33
    at Array.forEach (&lt;anonymous&gt;)
    at doRedact (/usr/src/app/node_modules/@elastic/transport/lib/security.js:22:29)</failure>
    </testcase>
    <testcase id="2024-04-03T14:36:44.759Z" name="routing_path matches object" file="node_v20.12.0: /free/tsdb/25_id_generation.yml" time="0">
      <failure message="Cannot convert undefined or null to object">TypeError: Cannot convert undefined or null to object
    at Function.entries (&lt;anonymous&gt;)
    at doRedact (/usr/src/app/node_modules/@elastic/transport/lib/security.js:22:16)
    at /usr/src/app/node_modules/@elastic/transport/lib/security.js:30:44
    at Array.map (&lt;anonymous&gt;)
    at /usr/src/app/node_modules/@elastic/transport/lib/security.js:30:35
    at Array.forEach (&lt;anonymous&gt;)
    at doRedact (/usr/src/app/node_modules/@elastic/transport/lib/security.js:22:29)
    at /usr/src/app/node_modules/@elastic/transport/lib/security.js:36:33
    at Array.forEach (&lt;anonymous&gt;)
    at doRedact (/usr/src/app/node_modules/@elastic/transport/lib/security.js:22:29)</failure>
    </testcase>
  </testsuite>
  <testsuite id="2024-04-03T14:36:44.788Z" name="free/tsdb - /free/tsdb/30_snapshot.yml" time="0" tests="1" failures="0" skipped="1">
    <testcase id="2024-04-03T14:36:44.788Z" name="Create a snapshot and then restore it" file="node_v20.12.0: /free/tsdb/30_snapshot.yml" time="0">
      <skipped>{
  "version": " - 8.1.99",
  "reason": "tsdb indexing changed in 8.2.0",
  "features": [
    "allowed_warnings"
  ]
}</skipped>
    </testcase>
  </testsuite>
  <testsuite id="2024-04-03T14:36:45.136Z" name="free/tsdb - /free/tsdb/40_search.yml" time="1" tests="13" failures="11" skipped="0">
    <testcase id="2024-04-03T14:36:45.136Z" name="query a dimension" file="node_v20.12.0: /free/tsdb/40_search.yml" time="0"/>
    <testcase id="2024-04-03T14:36:45.583Z" name="query a metric" file="node_v20.12.0: /free/tsdb/40_search.yml" time="0"/>
    <testcase id="2024-04-03T14:36:46.013Z" name="query tsid fails" file="node_v20.12.0: /free/tsdb/40_search.yml" time="0">
      <failure message="the error should match: /\[_tsid\] is not searchable/, found undefined: expected false to be truthy">AssertionError: the error should match: /\[_tsid\] is not searchable/, found undefined: expected false to be truthy
    at doAction (/usr/src/app/test/integration/test-runner.js:544:14)
    at process.processTicksAndRejections (node:internal/process/task_queues:95:5)
    at async exec (/usr/src/app/test/integration/test-runner.js:578:9)
    at async Object.run (/usr/src/app/test/integration/test-runner.js:316:5)
    at async start (/usr/src/app/test/integration/index.js:331:11)</failure>
    </testcase>
    <testcase id="2024-04-03T14:36:46.126Z" name="fetch a dimension" file="node_v20.12.0: /free/tsdb/40_search.yml" time="0">
      <failure message="Cannot convert undefined or null to object">TypeError: Cannot convert undefined or null to object
    at Function.entries (&lt;anonymous&gt;)
    at doRedact (/usr/src/app/node_modules/@elastic/transport/lib/security.js:22:16)
    at /usr/src/app/node_modules/@elastic/transport/lib/security.js:30:44
    at Array.map (&lt;anonymous&gt;)
    at /usr/src/app/node_modules/@elastic/transport/lib/security.js:30:35
    at Array.forEach (&lt;anonymous&gt;)
    at doRedact (/usr/src/app/node_modules/@elastic/transport/lib/security.js:22:29)
    at /usr/src/app/node_modules/@elastic/transport/lib/security.js:36:33
    at Array.forEach (&lt;anonymous&gt;)
    at doRedact (/usr/src/app/node_modules/@elastic/transport/lib/security.js:22:29)</failure>
    </testcase>
    <testcase id="2024-04-03T14:36:46.155Z" name="fetch a metric" file="node_v20.12.0: /free/tsdb/40_search.yml" time="0">
      <failure message="Cannot convert undefined or null to object">TypeError: Cannot convert undefined or null to object
    at Function.entries (&lt;anonymous&gt;)
    at doRedact (/usr/src/app/node_modules/@elastic/transport/lib/security.js:22:16)
    at /usr/src/app/node_modules/@elastic/transport/lib/security.js:30:44
    at Array.map (&lt;anonymous&gt;)
    at /usr/src/app/node_modules/@elastic/transport/lib/security.js:30:35
    at Array.forEach (&lt;anonymous&gt;)
    at doRedact (/usr/src/app/node_modules/@elastic/transport/lib/security.js:22:29)
    at /usr/src/app/node_modules/@elastic/transport/lib/security.js:36:33
    at Array.forEach (&lt;anonymous&gt;)
    at doRedact (/usr/src/app/node_modules/@elastic/transport/lib/security.js:22:29)</failure>
    </testcase>
    <testcase id="2024-04-03T14:36:46.185Z" name="fetch a tag" file="node_v20.12.0: /free/tsdb/40_search.yml" time="0">
      <failure message="Cannot convert undefined or null to object">TypeError: Cannot convert undefined or null to object
    at Function.entries (&lt;anonymous&gt;)
    at doRedact (/usr/src/app/node_modules/@elastic/transport/lib/security.js:22:16)
    at /usr/src/app/node_modules/@elastic/transport/lib/security.js:30:44
    at Array.map (&lt;anonymous&gt;)
    at /usr/src/app/node_modules/@elastic/transport/lib/security.js:30:35
    at Array.forEach (&lt;anonymous&gt;)
    at doRedact (/usr/src/app/node_modules/@elastic/transport/lib/security.js:22:29)
    at /usr/src/app/node_modules/@elastic/transport/lib/security.js:36:33
    at Array.forEach (&lt;anonymous&gt;)
    at doRedact (/usr/src/app/node_modules/@elastic/transport/lib/security.js:22:29)</failure>
    </testcase>
    <testcase id="2024-04-03T14:36:46.216Z" name="fetch the tsid" file="node_v20.12.0: /free/tsdb/40_search.yml" time="0">
      <failure message="Cannot convert undefined or null to object">TypeError: Cannot convert undefined or null to object
    at Function.entries (&lt;anonymous&gt;)
    at doRedact (/usr/src/app/node_modules/@elastic/transport/lib/security.js:22:16)
    at /usr/src/app/node_modules/@elastic/transport/lib/security.js:30:44
    at Array.map (&lt;anonymous&gt;)
    at /usr/src/app/node_modules/@elastic/transport/lib/security.js:30:35
    at Array.forEach (&lt;anonymous&gt;)
    at doRedact (/usr/src/app/node_modules/@elastic/transport/lib/security.js:22:29)
    at /usr/src/app/node_modules/@elastic/transport/lib/security.js:36:33
    at Array.forEach (&lt;anonymous&gt;)
    at doRedact (/usr/src/app/node_modules/@elastic/transport/lib/security.js:22:29)</failure>
    </testcase>
    <testcase id="2024-04-03T14:36:46.256Z" name="aggregate a dimension" file="node_v20.12.0: /free/tsdb/40_search.yml" time="0">
      <failure message="Cannot convert undefined or null to object">TypeError: Cannot convert undefined or null to object
    at Function.entries (&lt;anonymous&gt;)
    at doRedact (/usr/src/app/node_modules/@elastic/transport/lib/security.js:22:16)
    at /usr/src/app/node_modules/@elastic/transport/lib/security.js:30:44
    at Array.map (&lt;anonymous&gt;)
    at /usr/src/app/node_modules/@elastic/transport/lib/security.js:30:35
    at Array.forEach (&lt;anonymous&gt;)
    at doRedact (/usr/src/app/node_modules/@elastic/transport/lib/security.js:22:29)
    at /usr/src/app/node_modules/@elastic/transport/lib/security.js:36:33
    at Array.forEach (&lt;anonymous&gt;)
    at doRedact (/usr/src/app/node_modules/@elastic/transport/lib/security.js:22:29)</failure>
    </testcase>
    <testcase id="2024-04-03T14:36:46.294Z" name="aggregate a metric" file="node_v20.12.0: /free/tsdb/40_search.yml" time="0">
      <failure message="Cannot convert undefined or null to object">TypeError: Cannot convert undefined or null to object
    at Function.entries (&lt;anonymous&gt;)
    at doRedact (/usr/src/app/node_modules/@elastic/transport/lib/security.js:22:16)
    at /usr/src/app/node_modules/@elastic/transport/lib/security.js:30:44
    at Array.map (&lt;anonymous&gt;)
    at /usr/src/app/node_modules/@elastic/transport/lib/security.js:30:35
    at Array.forEach (&lt;anonymous&gt;)
    at doRedact (/usr/src/app/node_modules/@elastic/transport/lib/security.js:22:29)
    at /usr/src/app/node_modules/@elastic/transport/lib/security.js:36:33
    at Array.forEach (&lt;anonymous&gt;)
    at doRedact (/usr/src/app/node_modules/@elastic/transport/lib/security.js:22:29)</failure>
    </testcase>
    <testcase id="2024-04-03T14:36:46.326Z" name="aggregate a tag" file="node_v20.12.0: /free/tsdb/40_search.yml" time="0">
      <failure message="Cannot convert undefined or null to object">TypeError: Cannot convert undefined or null to object
    at Function.entries (&lt;anonymous&gt;)
    at doRedact (/usr/src/app/node_modules/@elastic/transport/lib/security.js:22:16)
    at /usr/src/app/node_modules/@elastic/transport/lib/security.js:30:44
    at Array.map (&lt;anonymous&gt;)
    at /usr/src/app/node_modules/@elastic/transport/lib/security.js:30:35
    at Array.forEach (&lt;anonymous&gt;)
    at doRedact (/usr/src/app/node_modules/@elastic/transport/lib/security.js:22:29)
    at /usr/src/app/node_modules/@elastic/transport/lib/security.js:36:33
    at Array.forEach (&lt;anonymous&gt;)
    at doRedact (/usr/src/app/node_modules/@elastic/transport/lib/security.js:22:29)</failure>
    </testcase>
    <testcase id="2024-04-03T14:36:46.356Z" name="aggregate the tsid" file="node_v20.12.0: /free/tsdb/40_search.yml" time="0">
      <failure message="Cannot convert undefined or null to object">TypeError: Cannot convert undefined or null to object
    at Function.entries (&lt;anonymous&gt;)
    at doRedact (/usr/src/app/node_modules/@elastic/transport/lib/security.js:22:16)
    at /usr/src/app/node_modules/@elastic/transport/lib/security.js:30:44
    at Array.map (&lt;anonymous&gt;)
    at /usr/src/app/node_modules/@elastic/transport/lib/security.js:30:35
    at Array.forEach (&lt;anonymous&gt;)
    at doRedact (/usr/src/app/node_modules/@elastic/transport/lib/security.js:22:29)
    at /usr/src/app/node_modules/@elastic/transport/lib/security.js:36:33
    at Array.forEach (&lt;anonymous&gt;)
    at doRedact (/usr/src/app/node_modules/@elastic/transport/lib/security.js:22:29)</failure>
    </testcase>
    <testcase id="2024-04-03T14:36:46.385Z" name="aggregate filter the tsid fails" file="node_v20.12.0: /free/tsdb/40_search.yml" time="0">
      <failure message="Cannot convert undefined or null to object">TypeError: Cannot convert undefined or null to object
    at Function.entries (&lt;anonymous&gt;)
    at doRedact (/usr/src/app/node_modules/@elastic/transport/lib/security.js:22:16)
    at /usr/src/app/node_modules/@elastic/transport/lib/security.js:30:44
    at Array.map (&lt;anonymous&gt;)
    at /usr/src/app/node_modules/@elastic/transport/lib/security.js:30:35
    at Array.forEach (&lt;anonymous&gt;)
    at doRedact (/usr/src/app/node_modules/@elastic/transport/lib/security.js:22:29)
    at /usr/src/app/node_modules/@elastic/transport/lib/security.js:36:33
    at Array.forEach (&lt;anonymous&gt;)
    at doRedact (/usr/src/app/node_modules/@elastic/transport/lib/security.js:22:29)</failure>
    </testcase>
    <testcase id="2024-04-03T14:36:46.430Z" name="sort by tsid" file="node_v20.12.0: /free/tsdb/40_search.yml" time="0">
      <failure message="Cannot convert undefined or null to object">TypeError: Cannot convert undefined or null to object
    at Function.entries (&lt;anonymous&gt;)
    at doRedact (/usr/src/app/node_modules/@elastic/transport/lib/security.js:22:16)
    at /usr/src/app/node_modules/@elastic/transport/lib/security.js:30:44
    at Array.map (&lt;anonymous&gt;)
    at /usr/src/app/node_modules/@elastic/transport/lib/security.js:30:35
    at Array.forEach (&lt;anonymous&gt;)
    at doRedact (/usr/src/app/node_modules/@elastic/transport/lib/security.js:22:29)
    at /usr/src/app/node_modules/@elastic/transport/lib/security.js:36:33
    at Array.forEach (&lt;anonymous&gt;)
    at doRedact (/usr/src/app/node_modules/@elastic/transport/lib/security.js:22:29)</failure>
    </testcase>
  </testsuite>
  <testsuite id="2024-04-03T14:36:46.467Z" name="free/tsdb - /free/tsdb/50_alias.yml" time="0" tests="2" failures="2" skipped="0">
    <testcase id="2024-04-03T14:36:46.467Z" name="search an alias" file="node_v20.12.0: /free/tsdb/50_alias.yml" time="0">
      <failure message="Cannot convert undefined or null to object">TypeError: Cannot convert undefined or null to object
    at Function.entries (&lt;anonymous&gt;)
    at doRedact (/usr/src/app/node_modules/@elastic/transport/lib/security.js:22:16)
    at /usr/src/app/node_modules/@elastic/transport/lib/security.js:30:44
    at Array.map (&lt;anonymous&gt;)
    at /usr/src/app/node_modules/@elastic/transport/lib/security.js:30:35
    at Array.forEach (&lt;anonymous&gt;)
    at doRedact (/usr/src/app/node_modules/@elastic/transport/lib/security.js:22:29)
    at /usr/src/app/node_modules/@elastic/transport/lib/security.js:36:33
    at Array.forEach (&lt;anonymous&gt;)
    at doRedact (/usr/src/app/node_modules/@elastic/transport/lib/security.js:22:29)</failure>
    </testcase>
    <testcase id="2024-04-03T14:36:46.496Z" name="index into alias" file="node_v20.12.0: /free/tsdb/50_alias.yml" time="0">
      <failure message="Cannot convert undefined or null to object">TypeError: Cannot convert undefined or null to object
    at Function.entries (&lt;anonymous&gt;)
    at doRedact (/usr/src/app/node_modules/@elastic/transport/lib/security.js:22:16)
    at /usr/src/app/node_modules/@elastic/transport/lib/security.js:30:44
    at Array.map (&lt;anonymous&gt;)
    at /usr/src/app/node_modules/@elastic/transport/lib/security.js:30:35
    at Array.forEach (&lt;anonymous&gt;)
    at doRedact (/usr/src/app/node_modules/@elastic/transport/lib/security.js:22:29)
    at /usr/src/app/node_modules/@elastic/transport/lib/security.js:36:33
    at Array.forEach (&lt;anonymous&gt;)
    at doRedact (/usr/src/app/node_modules/@elastic/transport/lib/security.js:22:29)</failure>
    </testcase>
  </testsuite>
  <testsuite id="2024-04-03T14:36:46.529Z" name="free/tsdb - /free/tsdb/60_add_dimensions.yml" time="0" tests="5" failures="5" skipped="0">
    <testcase id="2024-04-03T14:36:46.529Z" name="add dimensions with put_mapping" file="node_v20.12.0: /free/tsdb/60_add_dimensions.yml" time="0">
      <failure message="Cannot convert undefined or null to object">TypeError: Cannot convert undefined or null to object
    at Function.entries (&lt;anonymous&gt;)
    at doRedact (/usr/src/app/node_modules/@elastic/transport/lib/security.js:22:16)
    at /usr/src/app/node_modules/@elastic/transport/lib/security.js:30:44
    at Array.map (&lt;anonymous&gt;)
    at /usr/src/app/node_modules/@elastic/transport/lib/security.js:30:35
    at Array.forEach (&lt;anonymous&gt;)
    at doRedact (/usr/src/app/node_modules/@elastic/transport/lib/security.js:22:29)
    at /usr/src/app/node_modules/@elastic/transport/lib/security.js:36:33
    at Array.forEach (&lt;anonymous&gt;)
    at doRedact (/usr/src/app/node_modules/@elastic/transport/lib/security.js:22:29)</failure>
    </testcase>
    <testcase id="2024-04-03T14:36:46.561Z" name="add dimensions to no dims with dynamic_template over index" file="node_v20.12.0: /free/tsdb/60_add_dimensions.yml" time="0">
      <failure message="Cannot convert undefined or null to object">TypeError: Cannot convert undefined or null to object
    at Function.entries (&lt;anonymous&gt;)
    at doRedact (/usr/src/app/node_modules/@elastic/transport/lib/security.js:22:16)
    at /usr/src/app/node_modules/@elastic/transport/lib/security.js:30:44
    at Array.map (&lt;anonymous&gt;)
    at /usr/src/app/node_modules/@elastic/transport/lib/security.js:30:35
    at Array.forEach (&lt;anonymous&gt;)
    at doRedact (/usr/src/app/node_modules/@elastic/transport/lib/security.js:22:29)
    at /usr/src/app/node_modules/@elastic/transport/lib/security.js:36:33
    at Array.forEach (&lt;anonymous&gt;)
    at doRedact (/usr/src/app/node_modules/@elastic/transport/lib/security.js:22:29)</failure>
    </testcase>
    <testcase id="2024-04-03T14:36:46.591Z" name="add dimensions to no dims with dynamic_template over bulk" file="node_v20.12.0: /free/tsdb/60_add_dimensions.yml" time="0">
      <failure message="Cannot convert undefined or null to object">TypeError: Cannot convert undefined or null to object
    at Function.entries (&lt;anonymous&gt;)
    at doRedact (/usr/src/app/node_modules/@elastic/transport/lib/security.js:22:16)
    at /usr/src/app/node_modules/@elastic/transport/lib/security.js:30:44
    at Array.map (&lt;anonymous&gt;)
    at /usr/src/app/node_modules/@elastic/transport/lib/security.js:30:35
    at Array.forEach (&lt;anonymous&gt;)
    at doRedact (/usr/src/app/node_modules/@elastic/transport/lib/security.js:22:29)
    at /usr/src/app/node_modules/@elastic/transport/lib/security.js:36:33
    at Array.forEach (&lt;anonymous&gt;)
    at doRedact (/usr/src/app/node_modules/@elastic/transport/lib/security.js:22:29)</failure>
    </testcase>
    <testcase id="2024-04-03T14:36:46.621Z" name="add dimensions to some dims with dynamic_template over index" file="node_v20.12.0: /free/tsdb/60_add_dimensions.yml" time="0">
      <failure message="Cannot convert undefined or null to object">TypeError: Cannot convert undefined or null to object
    at Function.entries (&lt;anonymous&gt;)
    at doRedact (/usr/src/app/node_modules/@elastic/transport/lib/security.js:22:16)
    at /usr/src/app/node_modules/@elastic/transport/lib/security.js:30:44
    at Array.map (&lt;anonymous&gt;)
    at /usr/src/app/node_modules/@elastic/transport/lib/security.js:30:35
    at Array.forEach (&lt;anonymous&gt;)
    at doRedact (/usr/src/app/node_modules/@elastic/transport/lib/security.js:22:29)
    at /usr/src/app/node_modules/@elastic/transport/lib/security.js:36:33
    at Array.forEach (&lt;anonymous&gt;)
    at doRedact (/usr/src/app/node_modules/@elastic/transport/lib/security.js:22:29)</failure>
    </testcase>
    <testcase id="2024-04-03T14:36:46.650Z" name="add dimensions to some dims with dynamic_template over bulk" file="node_v20.12.0: /free/tsdb/60_add_dimensions.yml" time="0">
      <failure message="Cannot convert undefined or null to object">TypeError: Cannot convert undefined or null to object
    at Function.entries (&lt;anonymous&gt;)
    at doRedact (/usr/src/app/node_modules/@elastic/transport/lib/security.js:22:16)
    at /usr/src/app/node_modules/@elastic/transport/lib/security.js:30:44
    at Array.map (&lt;anonymous&gt;)
    at /usr/src/app/node_modules/@elastic/transport/lib/security.js:30:35
    at Array.forEach (&lt;anonymous&gt;)
    at doRedact (/usr/src/app/node_modules/@elastic/transport/lib/security.js:22:29)
    at /usr/src/app/node_modules/@elastic/transport/lib/security.js:36:33
    at Array.forEach (&lt;anonymous&gt;)
    at doRedact (/usr/src/app/node_modules/@elastic/transport/lib/security.js:22:29)</failure>
    </testcase>
  </testsuite>
  <testsuite id="2024-04-03T14:36:46.681Z" name="free/tsdb - /free/tsdb/70_dimension_types.yml" time="3" tests="8" failures="1" skipped="7">
    <testcase id="2024-04-03T14:36:46.681Z" name="keyword dimension" file="node_v20.12.0: /free/tsdb/70_dimension_types.yml" time="0">
      <skipped>{
  "features": [
    "close_to"
  ],
  "version": " - 8.12.99",
  "reason": "_tsid hashing introduced in 8.13"
}</skipped>
    </testcase>
    <testcase id="2024-04-03T14:36:47.054Z" name="flattened dimension" file="node_v20.12.0: /free/tsdb/70_dimension_types.yml" time="0">
      <skipped>{
  "features": [
    "close_to"
  ],
  "version": " - 8.12.99",
  "reason": "_tsid hashing introduced in 8.13"
}</skipped>
    </testcase>
    <testcase id="2024-04-03T14:36:47.414Z" name="flattened empty dimension" file="node_v20.12.0: /free/tsdb/70_dimension_types.yml" time="0">
      <skipped>{
  "features": [
    "close_to"
  ],
  "version": " - 8.12.99",
  "reason": "_tsid hashing introduced in 8.13"
}</skipped>
    </testcase>
    <testcase id="2024-04-03T14:36:47.783Z" name="flattened field missing routing path field" file="node_v20.12.0: /free/tsdb/70_dimension_types.yml" time="0">
      <skipped>{
  "features": [
    "close_to"
  ],
  "version": " - 8.12.99",
  "reason": "_tsid hashing introduced in 8.13"
}</skipped>
    </testcase>
    <testcase id="2024-04-03T14:36:48.141Z" name="flattened field misspelled routing path field" file="node_v20.12.0: /free/tsdb/70_dimension_types.yml" time="0">
      <skipped>{
  "features": [
    "close_to"
  ],
  "version": " - 8.12.99",
  "reason": "_tsid hashing introduced in 8.13"
}</skipped>
    </testcase>
    <testcase id="2024-04-03T14:36:48.507Z" name="long dimension" file="node_v20.12.0: /free/tsdb/70_dimension_types.yml" time="0">
      <skipped>{
  "features": [
    "close_to"
  ],
  "version": " - 8.12.99",
  "reason": "_tsid hashing introduced in 8.13"
}</skipped>
    </testcase>
    <testcase id="2024-04-03T14:36:48.896Z" name="ip dimension" file="node_v20.12.0: /free/tsdb/70_dimension_types.yml" time="0">
      <skipped>{
  "features": [
    "close_to"
  ],
  "version": " - 8.12.99",
  "reason": "_tsid hashing introduced in 8.13"
}</skipped>
    </testcase>
    <testcase id="2024-04-03T14:36:49.242Z" name="runtime time series dimension" file="node_v20.12.0: /free/tsdb/70_dimension_types.yml" time="0">
      <failure message="the error should match: /unknown parameter \[time_series_dimension\] on runtime field \[metricset\] of type \[keyword\]/, found undefined: expected false to be truthy">AssertionError: the error should match: /unknown parameter \[time_series_dimension\] on runtime field \[metricset\] of type \[keyword\]/, found undefined: expected false to be truthy
    at doAction (/usr/src/app/test/integration/test-runner.js:544:14)
    at process.processTicksAndRejections (node:internal/process/task_queues:95:5)
    at async exec (/usr/src/app/test/integration/test-runner.js:578:9)
    at async Object.run (/usr/src/app/test/integration/test-runner.js:316:5)
    at async start (/usr/src/app/test/integration/index.js:331:11)</failure>
    </testcase>
  </testsuite>
  <testsuite id="2024-04-03T14:36:49.289Z" name="free/tsdb - /free/tsdb/80_index_resize.yml" time="0" tests="3" failures="3" skipped="0">
    <testcase id="2024-04-03T14:36:49.289Z" name="split" file="node_v20.12.0: /free/tsdb/80_index_resize.yml" time="0">
      <failure message="the error should match: /index-split is not supported because the destination index \[test\] is in time series mode/, found undefined: expected false to be truthy">AssertionError: the error should match: /index-split is not supported because the destination index \[test\] is in time series mode/, found undefined: expected false to be truthy
    at doAction (/usr/src/app/test/integration/test-runner.js:544:14)
    at process.processTicksAndRejections (node:internal/process/task_queues:95:5)
    at async exec (/usr/src/app/test/integration/test-runner.js:578:9)
    at async Object.run (/usr/src/app/test/integration/test-runner.js:316:5)
    at async start (/usr/src/app/test/integration/index.js:331:11)</failure>
    </testcase>
    <testcase id="2024-04-03T14:36:49.426Z" name="shrink" file="node_v20.12.0: /free/tsdb/80_index_resize.yml" time="0">
      <failure message="Cannot convert undefined or null to object">TypeError: Cannot convert undefined or null to object
    at Function.entries (&lt;anonymous&gt;)
    at doRedact (/usr/src/app/node_modules/@elastic/transport/lib/security.js:22:16)
    at /usr/src/app/node_modules/@elastic/transport/lib/security.js:30:44
    at Array.map (&lt;anonymous&gt;)
    at /usr/src/app/node_modules/@elastic/transport/lib/security.js:30:35
    at Array.forEach (&lt;anonymous&gt;)
    at doRedact (/usr/src/app/node_modules/@elastic/transport/lib/security.js:22:29)
    at /usr/src/app/node_modules/@elastic/transport/lib/security.js:36:33
    at Array.forEach (&lt;anonymous&gt;)
    at doRedact (/usr/src/app/node_modules/@elastic/transport/lib/security.js:22:29)</failure>
    </testcase>
    <testcase id="2024-04-03T14:36:49.469Z" name="clone" file="node_v20.12.0: /free/tsdb/80_index_resize.yml" time="0">
      <failure message="Cannot convert undefined or null to object">TypeError: Cannot convert undefined or null to object
    at Function.entries (&lt;anonymous&gt;)
    at doRedact (/usr/src/app/node_modules/@elastic/transport/lib/security.js:22:16)
    at /usr/src/app/node_modules/@elastic/transport/lib/security.js:30:44
    at Array.map (&lt;anonymous&gt;)
    at /usr/src/app/node_modules/@elastic/transport/lib/security.js:30:35
    at Array.forEach (&lt;anonymous&gt;)
    at doRedact (/usr/src/app/node_modules/@elastic/transport/lib/security.js:22:29)
    at /usr/src/app/node_modules/@elastic/transport/lib/security.js:36:33
    at Array.forEach (&lt;anonymous&gt;)
    at doRedact (/usr/src/app/node_modules/@elastic/transport/lib/security.js:22:29)</failure>
    </testcase>
  </testsuite>
  <testsuite id="2024-04-03T14:36:49.502Z" name="free/tsdb - /free/tsdb/90_unsupported_operations.yml" time="0" tests="11" failures="10" skipped="1">
    <testcase id="2024-04-03T14:36:49.502Z" name="index with routing" file="node_v20.12.0: /free/tsdb/90_unsupported_operations.yml" time="0">
      <failure message="Cannot convert undefined or null to object">TypeError: Cannot convert undefined or null to object
    at Function.entries (&lt;anonymous&gt;)
    at doRedact (/usr/src/app/node_modules/@elastic/transport/lib/security.js:22:16)
    at /usr/src/app/node_modules/@elastic/transport/lib/security.js:30:44
    at Array.map (&lt;anonymous&gt;)
    at /usr/src/app/node_modules/@elastic/transport/lib/security.js:30:35
    at Array.forEach (&lt;anonymous&gt;)
    at doRedact (/usr/src/app/node_modules/@elastic/transport/lib/security.js:22:29)
    at /usr/src/app/node_modules/@elastic/transport/lib/security.js:36:33
    at Array.forEach (&lt;anonymous&gt;)
    at doRedact (/usr/src/app/node_modules/@elastic/transport/lib/security.js:22:29)</failure>
    </testcase>
    <testcase id="2024-04-03T14:36:49.533Z" name="index with routing over _bulk" file="node_v20.12.0: /free/tsdb/90_unsupported_operations.yml" time="0">
      <failure message="Cannot convert undefined or null to object">TypeError: Cannot convert undefined or null to object
    at Function.entries (&lt;anonymous&gt;)
    at doRedact (/usr/src/app/node_modules/@elastic/transport/lib/security.js:22:16)
    at /usr/src/app/node_modules/@elastic/transport/lib/security.js:30:44
    at Array.map (&lt;anonymous&gt;)
    at /usr/src/app/node_modules/@elastic/transport/lib/security.js:30:35
    at Array.forEach (&lt;anonymous&gt;)
    at doRedact (/usr/src/app/node_modules/@elastic/transport/lib/security.js:22:29)
    at /usr/src/app/node_modules/@elastic/transport/lib/security.js:36:33
    at Array.forEach (&lt;anonymous&gt;)
    at doRedact (/usr/src/app/node_modules/@elastic/transport/lib/security.js:22:29)</failure>
    </testcase>
    <testcase id="2024-04-03T14:36:49.567Z" name="noop update" file="node_v20.12.0: /free/tsdb/90_unsupported_operations.yml" time="0">
      <skipped>This test is in the skip list of the client</skipped>
    </testcase>
    <testcase id="2024-04-03T14:36:49.567Z" name="update" file="node_v20.12.0: /free/tsdb/90_unsupported_operations.yml" time="0">
      <failure message="Cannot convert undefined or null to object">TypeError: Cannot convert undefined or null to object
    at Function.entries (&lt;anonymous&gt;)
    at doRedact (/usr/src/app/node_modules/@elastic/transport/lib/security.js:22:16)
    at /usr/src/app/node_modules/@elastic/transport/lib/security.js:30:44
    at Array.map (&lt;anonymous&gt;)
    at /usr/src/app/node_modules/@elastic/transport/lib/security.js:30:35
    at Array.forEach (&lt;anonymous&gt;)
    at doRedact (/usr/src/app/node_modules/@elastic/transport/lib/security.js:22:29)
    at /usr/src/app/node_modules/@elastic/transport/lib/security.js:36:33
    at Array.forEach (&lt;anonymous&gt;)
    at doRedact (/usr/src/app/node_modules/@elastic/transport/lib/security.js:22:29)</failure>
    </testcase>
    <testcase id="2024-04-03T14:36:49.598Z" name="update over _bulk" file="node_v20.12.0: /free/tsdb/90_unsupported_operations.yml" time="0">
      <failure message="Cannot convert undefined or null to object">TypeError: Cannot convert undefined or null to object
    at Function.entries (&lt;anonymous&gt;)
    at doRedact (/usr/src/app/node_modules/@elastic/transport/lib/security.js:22:16)
    at /usr/src/app/node_modules/@elastic/transport/lib/security.js:30:44
    at Array.map (&lt;anonymous&gt;)
    at /usr/src/app/node_modules/@elastic/transport/lib/security.js:30:35
    at Array.forEach (&lt;anonymous&gt;)
    at doRedact (/usr/src/app/node_modules/@elastic/transport/lib/security.js:22:29)
    at /usr/src/app/node_modules/@elastic/transport/lib/security.js:36:33
    at Array.forEach (&lt;anonymous&gt;)
    at doRedact (/usr/src/app/node_modules/@elastic/transport/lib/security.js:22:29)</failure>
    </testcase>
    <testcase id="2024-04-03T14:36:49.636Z" name="search with routing" file="node_v20.12.0: /free/tsdb/90_unsupported_operations.yml" time="0">
      <failure message="Cannot convert undefined or null to object">TypeError: Cannot convert undefined or null to object
    at Function.entries (&lt;anonymous&gt;)
    at doRedact (/usr/src/app/node_modules/@elastic/transport/lib/security.js:22:16)
    at /usr/src/app/node_modules/@elastic/transport/lib/security.js:30:44
    at Array.map (&lt;anonymous&gt;)
    at /usr/src/app/node_modules/@elastic/transport/lib/security.js:30:35
    at Array.forEach (&lt;anonymous&gt;)
    at doRedact (/usr/src/app/node_modules/@elastic/transport/lib/security.js:22:29)
    at /usr/src/app/node_modules/@elastic/transport/lib/security.js:36:33
    at Array.forEach (&lt;anonymous&gt;)
    at doRedact (/usr/src/app/node_modules/@elastic/transport/lib/security.js:22:29)</failure>
    </testcase>
    <testcase id="2024-04-03T14:36:49.667Z" name="alias with routing" file="node_v20.12.0: /free/tsdb/90_unsupported_operations.yml" time="0">
      <failure message="Cannot convert undefined or null to object">TypeError: Cannot convert undefined or null to object
    at Function.entries (&lt;anonymous&gt;)
    at doRedact (/usr/src/app/node_modules/@elastic/transport/lib/security.js:22:16)
    at /usr/src/app/node_modules/@elastic/transport/lib/security.js:30:44
    at Array.map (&lt;anonymous&gt;)
    at /usr/src/app/node_modules/@elastic/transport/lib/security.js:30:35
    at Array.forEach (&lt;anonymous&gt;)
    at doRedact (/usr/src/app/node_modules/@elastic/transport/lib/security.js:22:29)
    at /usr/src/app/node_modules/@elastic/transport/lib/security.js:36:33
    at Array.forEach (&lt;anonymous&gt;)
    at doRedact (/usr/src/app/node_modules/@elastic/transport/lib/security.js:22:29)</failure>
    </testcase>
    <testcase id="2024-04-03T14:36:49.698Z" name="alias with search_routing" file="node_v20.12.0: /free/tsdb/90_unsupported_operations.yml" time="0">
      <failure message="Cannot convert undefined or null to object">TypeError: Cannot convert undefined or null to object
    at Function.entries (&lt;anonymous&gt;)
    at doRedact (/usr/src/app/node_modules/@elastic/transport/lib/security.js:22:16)
    at /usr/src/app/node_modules/@elastic/transport/lib/security.js:30:44
    at Array.map (&lt;anonymous&gt;)
    at /usr/src/app/node_modules/@elastic/transport/lib/security.js:30:35
    at Array.forEach (&lt;anonymous&gt;)
    at doRedact (/usr/src/app/node_modules/@elastic/transport/lib/security.js:22:29)
    at /usr/src/app/node_modules/@elastic/transport/lib/security.js:36:33
    at Array.forEach (&lt;anonymous&gt;)
    at doRedact (/usr/src/app/node_modules/@elastic/transport/lib/security.js:22:29)</failure>
    </testcase>
    <testcase id="2024-04-03T14:36:49.727Z" name="sort by _id" file="node_v20.12.0: /free/tsdb/90_unsupported_operations.yml" time="0">
      <failure message="Cannot convert undefined or null to object">TypeError: Cannot convert undefined or null to object
    at Function.entries (&lt;anonymous&gt;)
    at doRedact (/usr/src/app/node_modules/@elastic/transport/lib/security.js:22:16)
    at /usr/src/app/node_modules/@elastic/transport/lib/security.js:30:44
    at Array.map (&lt;anonymous&gt;)
    at /usr/src/app/node_modules/@elastic/transport/lib/security.js:30:35
    at Array.forEach (&lt;anonymous&gt;)
    at doRedact (/usr/src/app/node_modules/@elastic/transport/lib/security.js:22:29)
    at /usr/src/app/node_modules/@elastic/transport/lib/security.js:36:33
    at Array.forEach (&lt;anonymous&gt;)
    at doRedact (/usr/src/app/node_modules/@elastic/transport/lib/security.js:22:29)</failure>
    </testcase>
    <testcase id="2024-04-03T14:36:49.764Z" name="aggregate on _id" file="node_v20.12.0: /free/tsdb/90_unsupported_operations.yml" time="0">
      <failure message="Cannot convert undefined or null to object">TypeError: Cannot convert undefined or null to object
    at Function.entries (&lt;anonymous&gt;)
    at doRedact (/usr/src/app/node_modules/@elastic/transport/lib/security.js:22:16)
    at /usr/src/app/node_modules/@elastic/transport/lib/security.js:30:44
    at Array.map (&lt;anonymous&gt;)
    at /usr/src/app/node_modules/@elastic/transport/lib/security.js:30:35
    at Array.forEach (&lt;anonymous&gt;)
    at doRedact (/usr/src/app/node_modules/@elastic/transport/lib/security.js:22:29)
    at /usr/src/app/node_modules/@elastic/transport/lib/security.js:36:33
    at Array.forEach (&lt;anonymous&gt;)
    at doRedact (/usr/src/app/node_modules/@elastic/transport/lib/security.js:22:29)</failure>
    </testcase>
    <testcase id="2024-04-03T14:36:49.797Z" name="synthetic source text field" file="node_v20.12.0: /free/tsdb/90_unsupported_operations.yml" time="0">
      <failure message="Cannot convert undefined or null to object">TypeError: Cannot convert undefined or null to object
    at Function.entries (&lt;anonymous&gt;)
    at doRedact (/usr/src/app/node_modules/@elastic/transport/lib/security.js:22:16)
    at /usr/src/app/node_modules/@elastic/transport/lib/security.js:30:44
    at Array.map (&lt;anonymous&gt;)
    at /usr/src/app/node_modules/@elastic/transport/lib/security.js:30:35
    at Array.forEach (&lt;anonymous&gt;)
    at doRedact (/usr/src/app/node_modules/@elastic/transport/lib/security.js:22:29)
    at /usr/src/app/node_modules/@elastic/transport/lib/security.js:36:33
    at Array.forEach (&lt;anonymous&gt;)
    at doRedact (/usr/src/app/node_modules/@elastic/transport/lib/security.js:22:29)</failure>
    </testcase>
  </testsuite>
  <testsuite id="2024-04-03T14:36:49.836Z" name="free/update - /free/update/100_synthetic_source.yml" time="0" tests="2" failures="2" skipped="0">
    <testcase id="2024-04-03T14:36:49.836Z" name="keyword" file="node_v20.12.0: /free/update/100_synthetic_source.yml" time="0">
      <failure message="Cannot convert undefined or null to object">TypeError: Cannot convert undefined or null to object
    at Function.entries (&lt;anonymous&gt;)
    at doRedact (/usr/src/app/node_modules/@elastic/transport/lib/security.js:22:16)
    at /usr/src/app/node_modules/@elastic/transport/lib/security.js:30:44
    at Array.map (&lt;anonymous&gt;)
    at /usr/src/app/node_modules/@elastic/transport/lib/security.js:30:35
    at Array.forEach (&lt;anonymous&gt;)
    at doRedact (/usr/src/app/node_modules/@elastic/transport/lib/security.js:22:29)
    at /usr/src/app/node_modules/@elastic/transport/lib/security.js:36:33
    at Array.forEach (&lt;anonymous&gt;)
    at doRedact (/usr/src/app/node_modules/@elastic/transport/lib/security.js:22:29)</failure>
    </testcase>
    <testcase id="2024-04-03T14:36:49.866Z" name="stored text" file="node_v20.12.0: /free/update/100_synthetic_source.yml" time="0">
      <failure message="Cannot convert undefined or null to object">TypeError: Cannot convert undefined or null to object
    at Function.entries (&lt;anonymous&gt;)
    at doRedact (/usr/src/app/node_modules/@elastic/transport/lib/security.js:22:16)
    at /usr/src/app/node_modules/@elastic/transport/lib/security.js:30:44
    at Array.map (&lt;anonymous&gt;)
    at /usr/src/app/node_modules/@elastic/transport/lib/security.js:30:35
    at Array.forEach (&lt;anonymous&gt;)
    at doRedact (/usr/src/app/node_modules/@elastic/transport/lib/security.js:22:29)
    at /usr/src/app/node_modules/@elastic/transport/lib/security.js:36:33
    at Array.forEach (&lt;anonymous&gt;)
    at doRedact (/usr/src/app/node_modules/@elastic/transport/lib/security.js:22:29)</failure>
    </testcase>
  </testsuite>
  <testsuite id="2024-04-03T14:36:49.897Z" name="free/update - /free/update/10_doc.yml" time="0" tests="1" failures="0" skipped="0">
    <testcase id="2024-04-03T14:36:49.897Z" name="Partial document" file="node_v20.12.0: /free/update/10_doc.yml" time="0"/>
  </testsuite>
  <testsuite id="2024-04-03T14:36:50.337Z" name="free/update - /free/update/11_shard_header.yml" time="0" tests="1" failures="0" skipped="0">
    <testcase id="2024-04-03T14:36:50.337Z" name="Update check shard header" file="node_v20.12.0: /free/update/11_shard_header.yml" time="0"/>
  </testsuite>
  <testsuite id="2024-04-03T14:36:50.736Z" name="free/update - /free/update/12_result.yml" time="0" tests="1" failures="0" skipped="0">
    <testcase id="2024-04-03T14:36:50.736Z" name="Update result field" file="node_v20.12.0: /free/update/12_result.yml" time="0"/>
  </testsuite>
  <testsuite id="2024-04-03T14:36:51.118Z" name="free/update - /free/update/13_legacy_doc.yml" time="0" tests="1" failures="0" skipped="0">
    <testcase id="2024-04-03T14:36:51.118Z" name="Partial document" file="node_v20.12.0: /free/update/13_legacy_doc.yml" time="0"/>
  </testsuite>
  <testsuite id="2024-04-03T14:36:51.548Z" name="free/update - /free/update/16_noop.yml" time="0" tests="1" failures="0" skipped="0">
    <testcase id="2024-04-03T14:36:51.548Z" name="Noop" file="node_v20.12.0: /free/update/16_noop.yml" time="0"/>
  </testsuite>
  <testsuite id="2024-04-03T14:36:51.942Z" name="free/update - /free/update/20_doc_upsert.yml" time="0" tests="1" failures="0" skipped="0">
    <testcase id="2024-04-03T14:36:51.942Z" name="Doc upsert" file="node_v20.12.0: /free/update/20_doc_upsert.yml" time="0"/>
  </testsuite>
  <testsuite id="2024-04-03T14:36:52.334Z" name="free/update - /free/update/22_doc_as_upsert.yml" time="0" tests="1" failures="0" skipped="0">
    <testcase id="2024-04-03T14:36:52.334Z" name="Doc as upsert" file="node_v20.12.0: /free/update/22_doc_as_upsert.yml" time="0"/>
  </testsuite>
  <testsuite id="2024-04-03T14:36:52.792Z" name="free/update - /free/update/35_if_seq_no.yml" time="0" tests="1" failures="1" skipped="0">
    <testcase id="2024-04-03T14:36:52.792Z" name="Update with if_seq_no" file="node_v20.12.0: /free/update/35_if_seq_no.yml" time="0">
      <failure message="the error should match: missing, found undefined: expected false to be truthy">AssertionError: the error should match: missing, found undefined: expected false to be truthy
    at doAction (/usr/src/app/test/integration/test-runner.js:544:14)
    at process.processTicksAndRejections (node:internal/process/task_queues:95:5)
    at async exec (/usr/src/app/test/integration/test-runner.js:578:9)
    at async Object.run (/usr/src/app/test/integration/test-runner.js:316:5)
    at async start (/usr/src/app/test/integration/index.js:331:11)</failure>
    </testcase>
  </testsuite>
  <testsuite id="2024-04-03T14:36:52.909Z" name="free/update - /free/update/40_routing.yml" time="0" tests="1" failures="1" skipped="0">
    <testcase id="2024-04-03T14:36:52.909Z" name="Routing" file="node_v20.12.0: /free/update/40_routing.yml" time="0">
      <failure message="Cannot convert undefined or null to object">TypeError: Cannot convert undefined or null to object
    at Function.entries (&lt;anonymous&gt;)
    at doRedact (/usr/src/app/node_modules/@elastic/transport/lib/security.js:22:16)
    at /usr/src/app/node_modules/@elastic/transport/lib/security.js:30:44
    at Array.map (&lt;anonymous&gt;)
    at /usr/src/app/node_modules/@elastic/transport/lib/security.js:30:35
    at Array.forEach (&lt;anonymous&gt;)
    at doRedact (/usr/src/app/node_modules/@elastic/transport/lib/security.js:22:29)
    at /usr/src/app/node_modules/@elastic/transport/lib/security.js:36:33
    at Array.forEach (&lt;anonymous&gt;)
    at doRedact (/usr/src/app/node_modules/@elastic/transport/lib/security.js:22:29)</failure>
    </testcase>
  </testsuite>
  <testsuite id="2024-04-03T14:36:52.942Z" name="free/update - /free/update/60_refresh.yml" time="2" tests="3" failures="1" skipped="0">
    <testcase id="2024-04-03T14:36:52.942Z" name="Refresh" file="node_v20.12.0: /free/update/60_refresh.yml" time="0">
      <failure message="Cannot convert undefined or null to object">TypeError: Cannot convert undefined or null to object
    at Function.entries (&lt;anonymous&gt;)
    at doRedact (/usr/src/app/node_modules/@elastic/transport/lib/security.js:22:16)
    at /usr/src/app/node_modules/@elastic/transport/lib/security.js:30:44
    at Array.map (&lt;anonymous&gt;)
    at /usr/src/app/node_modules/@elastic/transport/lib/security.js:30:35
    at Array.forEach (&lt;anonymous&gt;)
    at doRedact (/usr/src/app/node_modules/@elastic/transport/lib/security.js:22:29)
    at /usr/src/app/node_modules/@elastic/transport/lib/security.js:36:33
    at Array.forEach (&lt;anonymous&gt;)
    at doRedact (/usr/src/app/node_modules/@elastic/transport/lib/security.js:22:29)</failure>
    </testcase>
    <testcase id="2024-04-03T14:36:52.973Z" name="When refresh url parameter is an empty string that means &quot;refresh immediately&quot;" file="node_v20.12.0: /free/update/60_refresh.yml" time="0"/>
    <testcase id="2024-04-03T14:36:53.381Z" name="refresh=wait_for waits until changes are visible in search" file="node_v20.12.0: /free/update/60_refresh.yml" time="1"/>
  </testsuite>
  <testsuite id="2024-04-03T14:36:54.729Z" name="free/update - /free/update/80_source_filtering.yml" time="0" tests="1" failures="0" skipped="0">
    <testcase id="2024-04-03T14:36:54.729Z" name="Source filtering" file="node_v20.12.0: /free/update/80_source_filtering.yml" time="0"/>
  </testsuite>
  <testsuite id="2024-04-03T14:36:55.100Z" name="free/update - /free/update/85_fields_meta.yml" time="0" tests="1" failures="0" skipped="1">
    <testcase id="2024-04-03T14:36:55.100Z" name="Metadata Fields" file="node_v20.12.0: /free/update/85_fields_meta.yml" time="0">
      <skipped>{
  "version": "all",
  "reason": "Update doesn't return metadata fields, waiting for #3259"
}</skipped>
    </testcase>
  </testsuite>
  <testsuite id="2024-04-03T14:36:55.451Z" name="free/update - /free/update/90_error.yml" time="0" tests="1" failures="1" skipped="0">
    <testcase id="2024-04-03T14:36:55.451Z" name="Misspelled fields get &quot;did you mean&quot;" file="node_v20.12.0: /free/update/90_error.yml" time="0">
      <failure message="the error should match: /\[UpdateRequest\] unknown field \[dac\] did you mean \[doc\]\?/, found undefined: expected false to be truthy">AssertionError: the error should match: /\[UpdateRequest\] unknown field \[dac\] did you mean \[doc\]\?/, found undefined: expected false to be truthy
    at doAction (/usr/src/app/test/integration/test-runner.js:544:14)
    at process.processTicksAndRejections (node:internal/process/task_queues:95:5)
    at async exec (/usr/src/app/test/integration/test-runner.js:578:9)
    at async Object.run (/usr/src/app/test/integration/test-runner.js:316:5)
    at async start (/usr/src/app/test/integration/index.js:331:11)</failure>
    </testcase>
  </testsuite>
  <testsuite id="2024-04-03T14:36:55.487Z" name="free/update - /free/update/95_require_alias.yml" time="0" tests="1" failures="1" skipped="0">
    <testcase id="2024-04-03T14:36:55.487Z" name="Set require_alias flag" file="node_v20.12.0: /free/update/95_require_alias.yml" time="0">
      <failure message="the error should match: missing, found undefined: expected false to be truthy">AssertionError: the error should match: missing, found undefined: expected false to be truthy
    at doAction (/usr/src/app/test/integration/test-runner.js:544:14)
    at process.processTicksAndRejections (node:internal/process/task_queues:95:5)
    at async exec (/usr/src/app/test/integration/test-runner.js:578:9)
    at async Object.run (/usr/src/app/test/integration/test-runner.js:316:5)
    at async start (/usr/src/app/test/integration/index.js:331:11)</failure>
    </testcase>
  </testsuite>
</testsuites>